GDS input file passed, running in LVS mode
No explicit top cell specified, using top cell 'bgr_ip'
LVS input schematic not specified (argument --schematic), using dummy schematic
Calling MAGIC
magic -dnull -noconsole -rcfile /foss/pdks/ihp-sg13g2/libs.tech/magic/ihp-sg13g2.magicrc output/bgr_ip__bgr_ip/magic_CC/bgr_ip_MAGIC_CC_Script.tcl, output file: output/bgr_ip__bgr_ip/magic_CC/bgr_ip_MAGIC_CC_Output.txt

Magic 8.3 revision 603 - Compiled on Sat Feb 14 01:20:09 AM CET 2026.
Starting magic under Tcl interpreter
Using the terminal as the console.
Using NULL graphics device.
Processing system .magicrc file
Switching to WIRING tool.
Switching to NETLIST tool.
Switching to PICK tool.
Switching to BOX tool.
Sourcing design .magicrc for technology ihp-sg13g2 ...
2 Magic internal units = 1 Lambda
Input style sg13g2(): scaleFactor=2, multiplier=2
The following types are not handled by extraction and will be treated as non-electrical types:
    pblock sealcont difffill nemitter hvnemitter hvisodiffres sealvia1 sealvia2 sealvia3 sealvia4 sealvia5 sealvia6 pillar solder seal glass thruvia inductor 
Scaled tech values by 2 / 1 to match internal grid scaling
Loading ihp-sg13g2 Device Generator Menu ...
Loading "output/bgr_ip__bgr_ip/magic_CC/bgr_ip_MAGIC_CC_Script.tcl" from command line.
Warning: Calma reading is not undoable!  I hope that's OK.
Library written using GDS-II Release 6.0
Library name: LIB
Reading "$$$CONTEXT_INFO$$$".
Error while reading cell "$$$CONTEXT_INFO$$$" (byte position 128): Unknown layer/datatype in boundary, layer=0 type=0
Reading "via_stack$63".
Reading "via_stack$66".
Reading "via_stack$64".
Reading "via_stack$65".
Reading "via_stack$32".
Reading "via_stack$33".
Reading "nmosHV".
Reading "via_stack$12".
Reading "via_stack$11".
Reading "via_stack$10".
Reading "via_stack$9".
Reading "via_stack$8".
Reading "ptap1".
Moving label "sub!" from space to ptapdiff in cell ptap1.
Reading "via_stack$7".
Reading "via_stack$6".
Reading "via_stack$5".
Reading "via_stack$4".
Reading "via_stack$3".
Reading "via_stack$2".
Reading "via_stack$1".
Reading "via_stack".
Reading "pmosHV".
Reading "ntap1".
Reading "via_stack$13".
Reading "via_stack$14".
Reading "via_stack$15".
Reading "via_stack$16".
Reading "via_stack$17".
Reading "via_stack$21".
Reading "rppd".
Reading "cmim".
Reading "via_stack$23".
Reading "via_stack$18".
Reading "via_stack$19".
Reading "via_stack$20".
Reading "via_stack$24".
Reading "via_stack$26".
Reading "via_stack$28".
Reading "via_stack$29".
Reading "via_stack$31".
Reading "via_stack$30".
Reading "pmosHV$3".
Reading "pmosHV$2".
Reading "nmosHV$1".
Reading "via_stack$35".
Reading "via_stack$34".
Reading "via_stack$36".
Reading "via_stack$37".
Reading "pmosHV$4".
Reading "via_stack$38".
Reading "ntap1$1".
Reading "via_stack$39".
Reading "via_stack$40".
Reading "via_stack$41".
Reading "rppd$1".
Reading "cmim$1".
Reading "via_stack$42".
Reading "via_stack$43".
Reading "via_stack$44".
Reading "via_stack$45".
Reading "pmosHV$5".
Reading "via_stack$46".
Reading "via_stack$47".
Reading "via_stack$48".
Reading "via_stack$49".
Reading "via_stack$50".
Reading "nmosHV$2".
Reading "ptap1$1".
Moving label "sub!" from space to ptapdiff in cell ptap1$1.
Reading "via_stack$51".
Reading "via_stack$52".
Reading "via_stack$53".
Reading "nmosHV$3".
Reading "guard_ring".
Reading "via_stack$54".
Reading "via_stack$55".
Reading "via_stack$57".
Reading "via_stack$58".
Reading "via_stack$59".
Reading "via_stack$56".
Reading "via_stack$60".
Reading "via_stack$61".
Reading "bgr_ip".
Error while reading cell "bgr_ip" (byte position 263984): Unknown layer/datatype in boundary, layer=100 type=0
Extracting bgr_ip into /foss/designs/bgr_ip/pex/output/bgr_ip__bgr_ip/magic_CC/bgr_ip.ext:
bgr_ip: 12 warnings
Total of 12 warnings.
exttospice finished.
MAGIC succeeded after 0.3612s
Report DB saved at: output/bgr_ip__bgr_ip/magic_CC/bgr_ip_MAGIC_report.rdb.gz
SPICE netlist saved at: output/bgr_ip__bgr_ip/magic_CC/bgr_ip.pex.spice
* NGSPICE file created from bgr_ip.ext - technology: ihp-sg13g2

.subckt bgr_ip vss vdd VBG iout
X0 vdd vss cap_cmim l=4u w=4u
X1 a_2571_11587# a_2885_8443# vss rppd l=14.5u w=0.75u
X2 a_n569_11587# a_n569_8443# vss rppd l=14.5u w=0.75u
X3 vss vss vss vss sg13_hv_nmos ad=1.36p pd=8.68u as=0.61822n ps=1.6308m w=4u l=0.45u
X4 a_n9031_6300# iout vdd vdd sg13_hv_pmos ad=1.14p pd=6.38u as=2.04p ps=12.68u w=6u l=3u
X5 a_4141_8443# a_3827_5457# vss rppd l=14.5u w=0.75u
X6 a_59_11587# a_59_8443# vss rppd l=14.5u w=0.75u
X7 a_7281_11587# a_7281_8443# vss rppd l=14.5u w=0.75u
X8 a_2571_11587# a_2571_8443# vss rppd l=14.5u w=0.75u
X9 vdd vss cap_cmim l=4u w=4u
X10 vdd vdd vdd vdd sg13_hv_pmos ad=0.34p pd=2.68u as=0.5397n ps=1.25778m w=1u l=4u
X11 a_n569_11587# a_n255_8443# vss rppd l=14.5u w=0.75u
X12 vdd vss cap_cmim l=4u w=4u
X13 vss a_n9137_8514# a_n9137_8514# vss sg13_hv_nmos ad=1.36p pd=8.68u as=1.36p ps=8.68u w=4u l=0.45u
X14 vdd vss cap_cmim l=4u w=4u
X15 vdd vss cap_cmim l=4u w=4u
X16 a_n9031_6300# iout vdd vdd sg13_hv_pmos ad=1.14p pd=6.38u as=1.14p ps=6.38u w=6u l=3u
X17 vdd iout a_n9031_6300# vdd sg13_hv_pmos ad=1.14p pd=6.38u as=1.14p ps=6.38u w=6u l=3u
X18 vdd vdd vdd vdd sg13_hv_pmos ad=0.34p pd=2.68u as=0 ps=0 w=1u l=4u
X19 a_5397_11587# a_5711_8443# vss rppd l=14.5u w=0.75u
X20 vdd vdd vdd vdd sg13_hv_pmos ad=0.34p pd=2.68u as=0 ps=0 w=1u l=4u
X21 vdd vss cap_cmim l=4u w=4u
X22 vdd vss cap_cmim l=4u w=4u
X23 a_5397_11587# a_5397_8443# vss rppd l=14.5u w=0.75u
X24 a_2257_8443# a_2257_5457# vss rppd l=14.5u w=0.75u
X25 a_n9031_6300# iout vdd vdd sg13_hv_pmos ad=1.14p pd=6.38u as=1.14p ps=6.38u w=6u l=3u
X26 vdd iout iout vdd sg13_hv_pmos ad=1.14p pd=6.38u as=1.14p ps=6.38u w=6u l=3u
X27 vss a_n10205_8514# a_n10205_8514# vss sg13_hv_nmos ad=1.36p pd=8.68u as=1.36p ps=8.68u w=4u l=0.45u
X28 vss vss vss vss sg13_hv_nmos ad=1.36p pd=8.68u as=0 ps=0 w=4u l=0.45u
X29 a_n10205_8514# a_n1511_8443# vss rppd l=14.5u w=0.75u
X30 a_4769_11587# a_5083_8443# vss rppd l=14.5u w=0.75u
X31 a_3513_11587# a_3827_8443# vss rppd l=14.5u w=0.75u
X32 vdd vdd vdd vdd sg13_hv_pmos ad=2.04p pd=12.68u as=0 ps=0 w=6u l=3u
X33 a_n9719_10072# a_n9719_10072# vss vss sg13_hv_nmos ad=0.34p pd=2.68u as=0.34p ps=2.68u w=1u l=7u
X34 vdd vss cap_cmim l=4u w=4u
X35 a_n1197_11587# a_n1197_8443# vss rppd l=14.5u w=0.75u
X36 a_n1197_11587# a_n883_8443# vss rppd l=14.5u w=0.75u
X37 vdd a_n9031_6300# VBG vdd sg13_hv_pmos ad=0.34p pd=2.68u as=0.34p ps=2.68u w=1u l=4u
X38 a_3513_11587# a_3513_8443# vss rppd l=14.5u w=0.75u
X39 vdd vdd a_n8547_1983# vdd sg13_hv_pmos ad=4.08p pd=24.68u as=4.08p ps=24.68u w=12u l=1u
X40 a_n9031_6300# iout vdd vdd sg13_hv_pmos ad=1.14p pd=6.38u as=1.14p ps=6.38u w=6u l=3u
X41 a_7595_8443# vss vss rppd l=14.5u w=0.75u
X42 a_n8747_1947# a_n9031_6300# vdd vdd sg13_hv_pmos ad=0.34p pd=2.68u as=0.34p ps=2.68u w=1u l=4u
X43 a_n10205_8514# a_n10205_8514# vss vss sg13_hv_nmos ad=1.36p pd=8.68u as=1.36p ps=8.68u w=4u l=0.45u
X44 vdd vss cap_cmim l=4u w=4u
X45 a_n9131_n1107# vdd vdd vdd sg13_hv_pmos ad=4.08p pd=24.68u as=4.08p ps=24.68u w=12u l=1u
X46 iout iout vdd vdd sg13_hv_pmos ad=1.14p pd=6.38u as=2.04p ps=12.68u w=6u l=3u
X47 vss a_3199_8443# vss rppd l=14.5u w=0.75u
X48 a_2885_8443# a_2885_5457# vss rppd l=14.5u w=0.75u
X49 vss a_n10205_8514# a_n10205_8514# vss sg13_hv_nmos ad=1.36p pd=8.68u as=1.36p ps=8.68u w=4u l=0.45u
X50 a_n8547_n1107# a_n9137_8514# a_n9131_n1107# vdd sg13_hv_pmos ad=4.08p pd=24.68u as=4.08p ps=24.68u w=12u l=1u
X51 a_n569_8443# a_n8747_1947# vss rppd l=14.5u w=0.75u
X52 a_n9131_n1107# vdd vdd vdd sg13_hv_pmos ad=4.08p pd=24.68u as=4.08p ps=24.68u w=12u l=1u
X53 a_7281_8443# a_6967_5457# vss rppd l=14.5u w=0.75u
X54 vss vss vss vss sg13_hv_nmos ad=1.02p pd=6.68u as=0 ps=0 w=3u l=1u
X55 vdd iout a_n9131_n1107# vdd sg13_hv_pmos ad=2.04p pd=12.68u as=2.04p ps=12.68u w=6u l=3u
X56 a_59_8443# a_n255_5457# vss rppd l=14.5u w=0.75u
X57 a_6025_11587# a_6339_8443# vss rppd l=14.5u w=0.75u
X58 vdd vss cap_cmim l=4u w=4u
X59 vdd vss cap_cmim l=4u w=4u
X60 a_2571_8443# a_2257_5457# vss rppd l=14.5u w=0.75u
X61 a_n1818_1486# a_n8547_1983# vss rppd l=15u w=1u
X62 vss a_n8547_1983# a_n9031_6300# vss sg13_hv_nmos ad=1.14p pd=6.38u as=1.14p ps=6.38u w=6u l=1u
X63 vdd iout a_n9031_6300# vdd sg13_hv_pmos ad=1.14p pd=6.38u as=1.14p ps=6.38u w=6u l=3u
X64 iout iout vdd vdd sg13_hv_pmos ad=1.14p pd=6.38u as=1.14p ps=6.38u w=6u l=3u
X65 vdd iout iout vdd sg13_hv_pmos ad=1.14p pd=6.38u as=1.14p ps=6.38u w=6u l=3u
X66 a_n9137_8514# a_n8075_10072# a_n9031_6300# vdd sg13_hv_pmos ad=1.7p pd=10.68u as=1.7p ps=10.68u w=5u l=1u
X67 a_1315_11587# a_1629_8443# vss rppd l=14.5u w=0.75u
X68 a_n255_8443# a_n255_5457# vss rppd l=14.5u w=0.75u
X69 vdd vdd vdd vdd sg13_hv_pmos ad=0.34p pd=2.68u as=0 ps=0 w=1u l=4u
X70 a_6025_11587# a_6025_8443# vss rppd l=14.5u w=0.75u
X71 a_5711_8443# a_5711_5457# vss rppd l=14.5u w=0.75u
X72 vdd vss cap_cmim l=4u w=4u
X73 a_1315_11587# a_1315_8443# vss rppd l=14.5u w=0.75u
X74 a_n8547_n1107# a_n9137_8514# a_n9131_n1107# vdd sg13_hv_pmos ad=4.08p pd=24.68u as=4.08p ps=24.68u w=12u l=1u
X75 a_5397_8443# a_5083_5457# vss rppd l=14.5u w=0.75u
X76 iout iout vdd vdd sg13_hv_pmos ad=1.14p pd=6.38u as=1.14p ps=6.38u w=6u l=3u
X77 vss a_n8547_1983# a_n9031_6300# vss sg13_hv_nmos ad=2.04p pd=12.68u as=1.14p ps=6.38u w=6u l=1u
X78 a_n9137_8514# a_n9137_8514# vss vss sg13_hv_nmos ad=1.36p pd=8.68u as=1.36p ps=8.68u w=4u l=0.45u
X79 a_n10205_8514# a_n10205_8514# vss vss sg13_hv_nmos ad=1.36p pd=8.68u as=1.36p ps=8.68u w=4u l=0.45u
X80 a_687_11587# a_1001_8443# vss rppd l=14.5u w=0.75u
X81 a_n9031_6300# a_n8547_1983# vss vss sg13_hv_nmos ad=1.14p pd=6.38u as=1.14p ps=6.38u w=6u l=1u
X82 a_5083_8443# a_5083_5457# vss rppd l=14.5u w=0.75u
X83 a_n1511_8443# a_n1511_5457# vss rppd l=14.5u w=0.75u
X84 vdd vdd a_n8547_1983# vdd sg13_hv_pmos ad=4.08p pd=24.68u as=4.08p ps=24.68u w=12u l=1u
X85 a_3827_8443# a_3827_5457# vss rppd l=14.5u w=0.75u
X86 a_6653_11587# a_6967_8443# vss rppd l=14.5u w=0.75u
X87 vss vss vss vss sg13_hv_nmos ad=1.02p pd=6.68u as=0 ps=0 w=3u l=1u
X88 a_n883_8443# a_n8747_1947# vss rppd l=14.5u w=0.75u
X89 vdd iout a_n9031_6300# vdd sg13_hv_pmos ad=2.04p pd=12.68u as=1.14p ps=6.38u w=6u l=3u
X90 a_n1197_8443# a_n1511_5457# vss rppd l=14.5u w=0.75u
X91 a_687_11587# a_687_8443# vss rppd l=14.5u w=0.75u
X92 vss a_n8547_n1107# a_n8547_n1107# vss sg13_hv_nmos ad=1.02p pd=6.68u as=1.02p ps=6.68u w=3u l=1u
X93 iout iout vdd vdd sg13_hv_pmos ad=1.14p pd=6.38u as=1.14p ps=6.38u w=6u l=3u
X94 a_6653_11587# a_6653_8443# vss rppd l=14.5u w=0.75u
X95 a_n1818_1486# a_n9031_6300# cap_cmim l=15u w=15u
X96 a_3513_8443# VBG vss rppd l=14.5u w=0.75u
X97 a_1943_11587# a_1943_8443# vss rppd l=14.5u w=0.75u
X98 a_n8547_1983# a_n8547_n1107# vss vss sg13_hv_nmos ad=1.02p pd=6.68u as=1.02p ps=6.68u w=3u l=1u
X99 vdd vss cap_cmim l=4u w=4u
X100 a_3199_8443# a_2885_5457# vss rppd l=14.5u w=0.75u
X101 a_n9137_8514# a_n9137_8514# vss vss sg13_hv_nmos ad=1.36p pd=8.68u as=1.36p ps=8.68u w=4u l=0.45u
X102 a_59_11587# a_373_8443# vss rppd l=14.5u w=0.75u
X103 a_n8547_1983# a_n8747_1947# a_n9131_n1107# vdd sg13_hv_pmos ad=4.08p pd=24.68u as=4.08p ps=24.68u w=12u l=1u
X104 vdd iout iout vdd sg13_hv_pmos ad=1.14p pd=6.38u as=1.14p ps=6.38u w=6u l=3u
X105 a_6339_8443# a_6339_5457# vss rppd l=14.5u w=0.75u
X106 a_n8075_10072# a_n8075_10072# a_n9719_10072# vss sg13_hv_nmos ad=0.34p pd=2.68u as=0.34p ps=2.68u w=1u l=7u
X107 a_1629_8443# a_1629_5457# vss rppd l=14.5u w=0.75u
X108 a_4769_11587# a_4769_8443# vss rppd l=14.5u w=0.75u
X109 a_n8547_1983# a_n8747_1947# a_n9131_n1107# vdd sg13_hv_pmos ad=4.08p pd=24.68u as=4.08p ps=24.68u w=12u l=1u
X110 vss vss vss vss sg13_hv_nmos ad=1.36p pd=8.68u as=0 ps=0 w=4u l=0.45u
X111 vdd vdd a_n8547_n1107# vdd sg13_hv_pmos ad=4.08p pd=24.68u as=4.08p ps=24.68u w=12u l=1u
X112 a_6025_8443# a_5711_5457# vss rppd l=14.5u w=0.75u
X113 a_n9031_6300# a_n8547_1983# vss vss sg13_hv_nmos ad=1.14p pd=6.38u as=2.04p ps=12.68u w=6u l=1u
X114 a_4141_11587# a_4455_8443# vss rppd l=14.5u w=0.75u
X115 a_1315_8443# a_1001_5457# vss rppd l=14.5u w=0.75u
X116 vdd vss cap_cmim l=4u w=4u
X117 a_n9031_6300# a_n8075_10072# a_n9137_8514# vdd sg13_hv_pmos ad=1.7p pd=10.68u as=1.7p ps=10.68u w=5u l=1u
X118 vdd vss cap_cmim l=4u w=4u
X119 a_4141_11587# a_4141_8443# vss rppd l=14.5u w=0.75u
X120 a_1001_8443# a_1001_5457# vss rppd l=14.5u w=0.75u
X121 a_n4239_8442# a_n9031_6300# vdd vdd sg13_hv_pmos ad=1.7p pd=10.68u as=1.7p ps=10.68u w=5u l=1u
X122 a_n9131_n1107# vdd vdd vdd sg13_hv_pmos ad=4.08p pd=24.68u as=4.08p ps=24.68u w=12u l=1u
X123 a_6967_8443# a_6967_5457# vss rppd l=14.5u w=0.75u
X124 a_n9131_n1107# vdd vdd vdd sg13_hv_pmos ad=4.08p pd=24.68u as=4.08p ps=24.68u w=12u l=1u
X125 vdd iout iout vdd sg13_hv_pmos ad=2.04p pd=12.68u as=1.14p ps=6.38u w=6u l=3u
X126 vss a_n10205_8514# a_n10205_8514# vss sg13_hv_nmos ad=1.36p pd=8.68u as=1.36p ps=8.68u w=4u l=0.45u
X127 a_687_8443# a_373_5457# vss rppd l=14.5u w=0.75u
X128 a_n10205_8514# a_n10205_8514# vss vss sg13_hv_nmos ad=1.36p pd=8.68u as=1.36p ps=8.68u w=4u l=0.45u
X129 a_6653_8443# a_6339_5457# vss rppd l=14.5u w=0.75u
X130 vss vss vss vss sg13_hv_nmos ad=1.36p pd=8.68u as=0 ps=0 w=4u l=0.45u
X131 vdd vss cap_cmim l=4u w=4u
X132 vdd vss cap_cmim l=4u w=4u
X133 a_1943_11587# a_2257_8443# vss rppd l=14.5u w=0.75u
X134 a_1943_8443# a_1629_5457# vss rppd l=14.5u w=0.75u
X135 a_373_8443# a_373_5457# vss rppd l=14.5u w=0.75u
X136 a_n8075_10072# a_n9031_6300# a_n4239_8442# vdd sg13_hv_pmos ad=1.7p pd=10.68u as=1.7p ps=10.68u w=5u l=1u
X137 vdd vss cap_cmim l=4u w=4u
X138 vdd iout a_n9031_6300# vdd sg13_hv_pmos ad=1.14p pd=6.38u as=1.14p ps=6.38u w=6u l=3u
X139 a_4769_8443# a_4455_5457# vss rppd l=14.5u w=0.75u
X140 a_n9131_n1107# iout vdd vdd sg13_hv_pmos ad=2.04p pd=12.68u as=2.04p ps=12.68u w=6u l=3u
X141 vdd vdd a_n8547_n1107# vdd sg13_hv_pmos ad=4.08p pd=24.68u as=4.08p ps=24.68u w=12u l=1u
X142 a_n10205_8514# a_n10205_8514# vss vss sg13_hv_nmos ad=1.36p pd=8.68u as=1.36p ps=8.68u w=4u l=0.45u
X143 vdd a_n9031_6300# a_n9137_8514# vdd sg13_hv_pmos ad=0.34p pd=2.68u as=0.34p ps=2.68u w=1u l=4u
X144 vss a_n9137_8514# a_n9137_8514# vss sg13_hv_nmos ad=1.36p pd=8.68u as=1.36p ps=8.68u w=4u l=0.45u
X145 vss a_n10205_8514# a_n10205_8514# vss sg13_hv_nmos ad=1.36p pd=8.68u as=1.36p ps=8.68u w=4u l=0.45u
X146 vdd vss cap_cmim l=4u w=4u
X147 a_7281_11587# a_7595_8443# vss rppd l=14.5u w=0.75u
X148 vdd vdd vdd vdd sg13_hv_pmos ad=2.04p pd=12.68u as=0 ps=0 w=6u l=3u
X149 a_4455_8443# a_4455_5457# vss rppd l=14.5u w=0.75u
C0 a_6339_5457# vdd 0.01729f
C1 a_n255_8687# vdd 0.01513f
C2 a_4455_5543# a_4141_5543# 0.21246f
C3 a_1629_5543# a_1315_5543# 0.21246f
C4 a_6339_5543# a_6653_5543# 0.21246f
C5 a_4141_11587# a_4769_11587# 0.01716f
C6 a_3513_8687# a_3827_8687# 0.21246f
C7 a_n9031_6300# VBG 0.26758f
C8 a_59_8687# a_373_8687# 0.21246f
C9 a_5083_5457# a_5397_5543# 0.0296f
C10 VBG a_2885_5543# 0.08985f
C11 a_1629_5543# a_1629_5457# 0.0296f
C12 a_n9137_8514# a_n8747_1947# 2.3271f
C13 a_n8547_n1107# a_n8747_1947# 0.50861f
C14 a_n8547_1983# a_n1818_1486# 0.01262f
C15 a_6967_8443# a_7281_8443# 0.04708f
C16 a_59_8443# a_59_5543# 0.02879f
C17 a_7281_8443# a_7595_8443# 0.04708f
C18 a_59_8687# a_n255_8687# 0.21246f
C19 a_n9131_n1107# iout 0.78831f
C20 a_1001_8687# a_1001_8443# 0.02879f
C21 a_n10205_8514# a_n1197_8687# 0.03039f
C22 a_5083_8687# a_5083_8443# 0.02879f
C23 a_1629_8687# a_1315_8687# 0.21246f
C24 a_3513_8443# a_3827_8443# 0.04708f
C25 VBG a_1943_5543# 0.07176f
C26 a_n1818_n1514# vdd 0.0111f
C27 vdd a_1315_8687# 0.01513f
C28 a_n10205_8514# a_n883_8687# 0.01967f
C29 a_5083_8687# a_4769_11587# 0.0296f
C30 a_6967_8687# vdd 0.04708f
C31 a_3513_5543# a_3827_5543# 0.21246f
C32 a_n8747_1947# vdd 5.10801f
C33 a_n883_5543# VBG 0.06865f
C34 a_687_8687# a_373_8687# 0.21246f
C35 a_n9031_6300# a_n8547_1983# 1.08995f
C36 a_5397_8443# a_5397_5543# 0.02879f
C37 a_4769_8443# a_4455_8443# 0.04708f
C38 a_1629_8687# a_1943_8687# 0.21246f
C39 a_59_11587# a_373_8687# 0.0296f
C40 a_n1511_8443# a_n1511_8687# 0.02879f
C41 a_1943_8687# vdd 0.01513f
C42 VBG a_5397_5543# 0.03542f
C43 a_6967_8443# a_6967_8687# 0.02879f
C44 a_687_11587# a_687_8687# 0.0296f
C45 a_n10205_8514# a_n1511_5543# 0.01538f
C46 a_1629_8443# a_1629_5543# 0.02879f
C47 a_n883_8687# a_n569_8687# 0.21246f
C48 a_n8747_1947# a_n9131_n1107# 1.77522f
C49 a_5711_8687# vdd 0.01513f
C50 a_n883_8443# a_n569_8443# 0.04708f
C51 a_687_11587# a_59_11587# 0.01716f
C52 a_n569_8443# a_n255_8443# 0.04708f
C53 a_5083_5457# a_5083_5543# 0.0296f
C54 a_59_5543# VBG 0.06865f
C55 vdd a_2885_5457# 0.01184f
C56 a_4455_5543# a_4769_5543# 0.21246f
C57 a_2571_5543# a_2885_5543# 0.21246f
C58 vdd a_n1818_1486# 2.17198f
C59 vdd a_5711_5457# 0.01097f
C60 a_n10205_8514# a_n8075_10072# 0.02458f
C61 a_n9137_8514# a_n9031_6300# 1.15688f
C62 a_1001_5457# a_1315_5543# 0.0296f
C63 a_1943_5543# a_1629_5457# 0.0296f
C64 a_5397_8443# a_5711_8443# 0.04708f
C65 a_4141_8687# a_4455_8687# 0.21246f
C66 a_7281_8687# vdd 0.05479f
C67 a_7595_8687# a_7281_8687# 0.21246f
C68 a_1001_5457# a_1629_5457# 0.01716f
C69 a_687_8443# a_373_8443# 0.04708f
C70 a_2257_8687# a_1943_8687# 0.21246f
C71 a_373_5457# a_687_5543# 0.0296f
C72 a_5711_8443# a_6025_8443# 0.04708f
C73 a_5397_8687# vdd 0.01513f
C74 a_n883_8687# a_n1197_8687# 0.21246f
C75 a_2257_8687# a_1943_11587# 0.0296f
C76 a_3827_5543# a_3827_5457# 0.0296f
C77 a_6339_5457# a_6653_5543# 0.0296f
C78 a_2571_11587# a_2885_8687# 0.0296f
C79 a_n255_5457# a_373_5457# 0.01716f
C80 VBG a_4141_5543# 0.06127f
C81 a_6967_5457# a_7281_5543# 0.0296f
C82 a_5397_5543# a_5083_5543# 0.21246f
C83 vdd a_3199_8687# 0.01513f
C84 VBG a_1315_5543# 0.06865f
C85 a_n9031_6300# vdd 13.1935f
C86 a_1943_8687# a_1943_8443# 0.02879f
C87 a_59_8443# a_373_8443# 0.04708f
C88 a_4141_8443# a_4455_8443# 0.04708f
C89 a_2885_5543# a_2885_8443# 0.02879f
C90 a_4455_5457# a_3827_5457# 0.01716f
C91 a_n569_11587# a_n1197_11587# 0.01716f
C92 VBG a_5083_5543# 0.03965f
C93 VBG a_7281_5543# 0.03542f
C94 a_2257_8443# a_2571_8443# 0.04708f
C95 a_2885_8687# a_3199_8687# 0.21246f
C96 a_5397_11587# a_4769_11587# 0.01716f
C97 a_4141_8687# vdd 0.01513f
C98 a_5083_5457# vdd 0.01097f
C99 a_n9031_6300# a_n9131_n1107# 0.38274f
C100 a_n255_8687# a_n569_8687# 0.21246f
C101 a_7281_11587# a_7281_8687# 0.0296f
C102 VBG a_2571_5543# 0.07759f
C103 a_59_8443# a_59_8687# 0.02879f
C104 a_2257_5457# a_2257_5543# 0.0296f
C105 a_6025_5543# a_5711_5543# 0.21246f
C106 a_6025_5543# a_6339_5543# 0.21246f
C107 a_1001_8687# vdd 0.01513f
C108 a_n9137_8514# VBG 0.09899f
C109 a_6339_5457# a_6339_5543# 0.0296f
C110 a_1001_5543# a_687_5543# 0.21246f
C111 a_1001_5457# vdd 0.01097f
C112 a_2571_5543# a_2571_8443# 0.02879f
C113 a_6025_8687# a_6339_8687# 0.21246f
C114 VBG a_7595_5543# 0.03704f
C115 a_687_8687# a_687_8443# 0.02879f
C116 a_3199_8443# a_2885_8443# 0.04708f
C117 a_2571_11587# a_2571_8687# 0.0296f
C118 a_687_11587# a_1315_11587# 0.01716f
C119 a_4769_8687# a_4455_8687# 0.21246f
C120 VBG vdd 1.75751f
C121 a_3513_8687# a_3513_8443# 0.02879f
C122 a_3513_8687# a_3199_8687# 0.21246f
C123 VBG a_4769_5543# 0.04203f
C124 a_6653_11587# a_6967_8687# 0.0296f
C125 a_6339_8443# a_6025_8443# 0.04708f
C126 a_n9137_8514# a_n8547_1983# 0.33516f
C127 a_n8547_n1107# a_n8547_1983# 1.91609f
C128 a_1001_5457# a_373_5457# 0.01716f
C129 vdd a_6653_8687# 0.01513f
C130 a_n1197_5543# a_n1511_5543# 0.21246f
C131 a_2571_8443# a_2885_8443# 0.04708f
C132 a_1943_5543# a_1943_8443# 0.02879f
C133 a_4455_5543# a_4455_5457# 0.0296f
C134 a_59_11587# a_n569_11587# 0.01716f
C135 a_1001_8687# a_687_8687# 0.21246f
C136 a_n569_5543# a_n8747_1947# 0.03091f
C137 a_1315_11587# a_1315_8687# 0.0296f
C138 a_7595_5543# a_7281_5543# 0.21246f
C139 a_4769_8687# vdd 0.01513f
C140 a_n9719_10072# vdd 0.02777f
C141 a_n10205_8514# a_n9031_6300# 0.46683f
C142 a_n9137_8514# a_n8547_n1107# 2.01854f
C143 a_n4239_8442# a_n8075_10072# 0.13671f
C144 a_n8547_1983# vdd 7.70953f
C145 a_6967_5457# a_6967_5543# 0.0296f
C146 a_5711_5543# a_5711_5457# 0.0296f
C147 vdd a_1629_5457# 0.01097f
C148 a_3513_11587# a_3513_8687# 0.0296f
C149 vdd a_7281_5543# 0.04481f
C150 a_1315_11587# a_1943_11587# 0.01716f
C151 a_4769_5543# a_5083_5543# 0.21246f
C152 a_n255_5543# a_n569_5543# 0.21246f
C153 a_4141_11587# a_4141_8687# 0.0296f
C154 a_n1511_8687# vdd 0.03437f
C155 a_1001_5457# a_1001_5543# 0.0296f
C156 a_3513_5543# a_3199_5543# 0.21246f
C157 VBG a_6967_5543# 0.03542f
C158 a_n8547_1983# a_n9131_n1107# 2.38161f
C159 a_n883_8443# a_n883_8687# 0.02879f
C160 a_5397_8687# a_5083_8687# 0.21246f
C161 a_6653_8443# a_6653_8687# 0.02879f
C162 a_4455_8687# vdd 0.01513f
C163 a_373_5543# a_687_5543# 0.21246f
C164 a_1001_5543# a_1001_8443# 0.02879f
C165 a_1315_8443# a_1315_8687# 0.02879f
C166 a_n8547_n1107# vdd 7.51413f
C167 a_n9137_8514# vdd 6.49919f
C168 a_n8747_1947# a_n1511_5543# 0.02194f
C169 a_5083_5457# a_4455_5457# 0.01716f
C170 a_4141_8687# a_4141_8443# 0.02879f
C171 a_2257_8443# a_2257_8687# 0.02879f
C172 a_7595_5543# vdd 0.05837f
C173 a_1001_5543# VBG 0.06865f
C174 a_3513_11587# a_4141_11587# 0.01716f
C175 a_2571_8443# a_2571_8687# 0.02879f
C176 a_n569_11587# a_n569_8687# 0.0296f
C177 a_n9137_8514# a_n9131_n1107# 1.92543f
C178 a_n8547_n1107# a_n9131_n1107# 3.13722f
C179 a_n1197_5543# a_n8747_1947# 0.02194f
C180 a_2257_8443# a_1943_8443# 0.04708f
C181 a_1629_8443# a_1629_8687# 0.02879f
C182 a_1629_8687# vdd 0.01513f
C183 a_n1197_8443# a_n1197_8687# 0.02879f
C184 VBG a_6653_5543# 0.03542f
C185 a_4769_8687# a_4769_8443# 0.02879f
C186 a_n10205_8514# VBG 1.33835f
C187 a_7595_8443# a_7595_5543# 0.02879f
C188 a_7595_8687# vdd 0.06909f
C189 VBG a_3827_5543# 0.13596f
C190 a_6967_5543# a_7281_5543# 0.21246f
C191 a_3513_5543# a_3513_8443# 0.02702f
C192 a_n8747_1947# iout 0.08652f
C193 a_2257_5457# a_2885_5457# 0.01716f
C194 a_5397_8443# a_5083_8443# 0.04708f
C195 a_2885_8687# vdd 0.01513f
C196 a_5711_8687# a_5397_11587# 0.0296f
C197 a_59_8687# vdd 0.01513f
C198 a_2885_8687# a_2885_8443# 0.02879f
C199 a_1001_5543# a_1315_5543# 0.21246f
C200 a_4455_5543# a_4455_8443# 0.02879f
C201 vdd a_n9131_n1107# 7.30223f
C202 a_5711_8687# a_6025_8687# 0.21246f
C203 a_7595_8687# a_7595_8443# 0.02879f
C204 a_n883_5543# a_n569_5543# 0.21246f
C205 a_n255_8687# a_n255_8443# 0.02879f
C206 a_n1511_8443# a_n1511_5543# 0.02879f
C207 a_2257_5543# a_1943_5543# 0.21246f
C208 a_5397_5543# a_5711_5543# 0.21246f
C209 a_4141_8687# a_3827_8687# 0.21246f
C210 a_3827_8443# a_3827_5543# 0.02879f
C211 a_4141_5543# a_3827_5543# 0.21246f
C212 a_373_5457# vdd 0.01727f
C213 a_6025_5543# a_5711_5457# 0.0296f
C214 iout a_n1818_1486# 0.06023f
C215 VBG a_5711_5543# 0.03542f
C216 VBG a_6339_5543# 0.03542f
C217 a_2257_8687# vdd 0.01513f
C218 a_6339_5457# a_5711_5457# 0.01716f
C219 a_6653_11587# a_6653_8687# 0.0296f
C220 a_5397_8687# a_5397_11587# 0.0296f
C221 a_7281_11587# vdd 0.01036f
C222 a_7281_11587# a_7595_8687# 0.0296f
C223 a_7281_8443# a_7281_8687# 0.02879f
C224 a_n9031_6300# a_n8075_10072# 1.46909f
C225 VBG a_n569_5543# 0.06865f
C226 a_1629_8443# a_1943_8443# 0.04708f
C227 a_n10205_8514# a_n1511_8687# 0.13916f
C228 a_687_8687# vdd 0.01513f
C229 a_n1197_5543# a_n1197_8443# 0.02879f
C230 a_4141_8443# a_3827_8443# 0.04708f
C231 vdd a_6967_5543# 0.03025f
C232 a_3513_11587# a_3827_8687# 0.0296f
C233 a_4141_8443# a_4141_5543# 0.02879f
C234 a_6339_8443# a_6653_8443# 0.04708f
C235 VBG a_2257_5543# 0.07357f
C236 a_4141_11587# a_4455_8687# 0.0296f
C237 a_5711_8443# a_5711_5543# 0.02879f
C238 a_3513_8687# vdd 0.01513f
C239 a_6339_8687# a_6653_8687# 0.21246f
C240 a_4769_8443# a_4769_5543# 0.02879f
C241 a_n10205_8514# a_n9137_8514# 0.87634f
C242 a_n4239_8442# a_n9031_6300# 0.38109f
C243 a_4769_8687# a_5083_8687# 0.21246f
C244 a_3513_5543# VBG 0.69304f
C245 a_n9031_6300# iout 2.78124f
C246 a_5083_5543# a_5083_8443# 0.02879f
C247 a_n255_5457# a_n8747_1947# 0.01909f
C248 a_n1818_n1514# a_n1818_1486# 0.3442f
C249 a_4769_8687# a_4769_11587# 0.0296f
C250 a_2571_8687# vdd 0.01513f
C251 VBG a_373_5543# 0.06865f
C252 a_6967_8443# a_6653_8443# 0.04708f
C253 a_59_5543# a_373_5543# 0.21246f
C254 a_6967_8443# a_6967_5543# 0.02879f
C255 a_1943_8687# a_1943_11587# 0.0296f
C256 a_59_11587# a_59_8687# 0.0296f
C257 a_6653_11587# a_6025_11587# 0.01716f
C258 a_2885_8687# a_2571_8687# 0.21246f
C259 a_n10205_8514# a_n1197_11587# 0.0253f
C260 a_n1511_5457# a_n1511_5543# 0.0296f
C261 a_1315_8443# a_1001_8443# 0.04708f
C262 a_6967_8687# a_7281_8687# 0.21246f
C263 a_3199_5543# a_2885_5457# 0.0296f
C264 a_n1197_5543# a_n883_5543# 0.21246f
C265 a_n569_11587# a_n255_8687# 0.0296f
C266 a_n255_5543# a_n255_8443# 0.02879f
C267 VBG a_n1511_5543# 0.07361f
C268 a_n255_5543# a_n255_5457# 0.0296f
C269 a_n10205_8514# vdd 2.00907f
C270 a_2257_8443# a_2257_5543# 0.02879f
C271 a_3827_8687# a_3827_8443# 0.02879f
C272 a_n9031_6300# a_n1818_n1514# 0.16214f
C273 a_6025_11587# a_6339_8687# 0.0296f
C274 a_1001_8687# a_687_11587# 0.0296f
C275 a_n1197_5543# a_n1511_5457# 0.0296f
C276 a_2571_11587# a_1943_11587# 0.01716f
C277 a_n1511_8687# a_n1197_8687# 0.21246f
C278 a_2257_8687# a_2571_8687# 0.21246f
C279 a_n9031_6300# a_n8747_1947# 3.17677f
C280 a_n1197_5543# VBG 0.06865f
C281 a_687_8443# a_687_5543# 0.02879f
C282 vdd a_4455_5457# 0.01118f
C283 a_6339_5457# a_6967_5457# 0.01716f
C284 a_6025_8687# a_6025_8443# 0.02879f
C285 a_4769_5543# a_4455_5457# 0.0296f
C286 a_2571_5543# a_2257_5543# 0.21246f
C287 vdd a_n569_8687# 0.01513f
C288 a_5711_8687# a_5397_8687# 0.21246f
C289 VBG a_3827_5457# 0.01849f
C290 a_n883_8443# a_n1197_8443# 0.04708f
C291 a_6025_5543# a_6025_8443# 0.02879f
C292 a_3199_5543# a_2885_5543# 0.21246f
C293 a_6025_5543# VBG 0.03542f
C294 a_5083_8687# vdd 0.01513f
C295 a_n569_8443# a_n569_8687# 0.02879f
C296 a_1001_8687# a_1315_8687# 0.21246f
C297 a_1315_8443# a_1315_5543# 0.02879f
C298 a_59_8443# a_n255_8443# 0.04708f
C299 a_n8075_10072# a_n9719_10072# 0.04478f
C300 a_n9031_6300# a_n1818_1486# 1.94518f
C301 a_6339_8443# a_6339_5543# 0.02879f
C302 a_2885_5543# a_2885_5457# 0.0296f
C303 a_n1197_11587# a_n1197_8687# 0.0296f
C304 a_2257_5457# a_1629_5457# 0.01716f
C305 a_n883_5543# a_n8747_1947# 0.04861f
C306 a_6653_8443# a_6653_5543# 0.02879f
C307 a_1629_8687# a_1315_11587# 0.0296f
C308 a_6653_5543# a_6967_5543# 0.21246f
C309 a_6339_8687# vdd 0.01513f
C310 vdd a_n1197_8687# 0.019f
C311 a_n569_8443# a_n569_5543# 0.02879f
C312 a_n883_8687# a_n1197_11587# 0.0296f
C313 a_4141_5543# a_3827_5457# 0.0296f
C314 a_5083_5457# a_5711_5457# 0.01716f
C315 a_6339_8443# a_6339_8687# 0.02879f
C316 a_1629_5543# a_1943_5543# 0.21246f
C317 a_5397_11587# a_6025_11587# 0.01716f
C318 a_3199_8443# a_3199_5543# 0.02879f
C319 a_n883_8443# a_n883_5543# 0.02879f
C320 a_2257_5457# a_2571_5543# 0.0296f
C321 a_373_5543# a_373_8443# 0.02879f
C322 a_n1511_5457# a_n8747_1947# 0.11104f
C323 a_6025_11587# a_6025_8687# 0.0296f
C324 a_n883_8687# vdd 0.01513f
C325 a_n1511_8443# a_n1197_8443# 0.04708f
C326 a_3827_8687# vdd 0.01513f
C327 a_7281_8443# a_7281_5543# 0.02879f
C328 a_n9137_8514# a_n8075_10072# 0.72589f
C329 a_6653_11587# a_7281_11587# 0.01716f
C330 a_6967_8687# a_6653_8687# 0.21246f
C331 a_4455_8687# a_4455_8443# 0.02879f
C332 a_4769_8443# a_5083_8443# 0.04708f
C333 VBG a_3199_5543# 0.16921f
C334 VBG a_687_5543# 0.06865f
C335 vdd a_n1511_5543# 0.01838f
C336 a_n255_5457# a_59_5543# 0.0296f
C337 VBG a_1629_5543# 0.06865f
C338 a_n4239_8442# a_n9137_8514# 0.04173f
C339 a_1629_8443# a_1315_8443# 0.04708f
C340 a_4455_5543# VBG 0.0471f
C341 a_n255_5543# VBG 0.06865f
C342 a_n255_5543# a_59_5543# 0.21246f
C343 VBG a_2885_5457# 0.01849f
C344 a_2257_5457# vdd 0.01121f
C345 a_n1818_n1514# a_n8547_1983# 0.06962f
C346 a_n8075_10072# vdd 2.27419f
C347 a_373_5543# a_373_5457# 0.0296f
C348 a_1001_8443# a_687_8443# 0.04708f
C349 a_3199_8443# a_3513_8443# 0.04708f
C350 a_n8747_1947# a_n8547_1983# 1.94151f
C351 a_3199_8443# a_3199_8687# 0.02879f
C352 a_5397_8443# a_5397_8687# 0.02879f
C353 a_373_8687# a_373_8443# 0.02879f
C354 a_6025_8687# vdd 0.01513f
C355 a_373_8687# vdd 0.01513f
C356 a_n10205_8514# a_n569_8687# 0.01397f
C357 a_5711_8687# a_5711_8443# 0.02879f
C358 vdd a_3827_5457# 0.01181f
C359 a_n4239_8442# vdd 0.36912f
C360 vdd iout 53.4574f
C361 iout vss 4.59843f
C362 VBG vss 4.57502f
C363 vdd vss 0.53474p
C364 a_n1818_n1514# vss 2.66076f
C365 a_n1818_1486# vss 0.3399p $ **FLOATING
C366 a_n8547_n1107# vss 3.56884f $ **FLOATING
C367 a_n8547_1983# vss 10.6792f $ **FLOATING
C368 a_n9131_n1107# vss 3.60516f $ **FLOATING
C369 a_7595_5543# vss 2.18351f
C370 a_7281_5543# vss 1.77581f
C371 a_6967_5457# vss 0.37157f $ **FLOATING
C372 a_6967_5543# vss 1.76115f
C373 a_6653_5543# vss 1.74789f
C374 a_6339_5457# vss 0.33681f $ **FLOATING
C375 a_6339_5543# vss 1.74568f
C376 a_6025_5543# vss 1.74191f
C377 a_5711_5457# vss 0.33368f $ **FLOATING
C378 a_5711_5543# vss 1.74191f
C379 a_5397_5543# vss 1.74191f
C380 a_5083_5457# vss 0.33368f $ **FLOATING
C381 a_5083_5543# vss 1.74191f
C382 a_4769_5543# vss 1.74191f
C383 a_4455_5457# vss 0.33384f $ **FLOATING
C384 a_4455_5543# vss 1.74191f
C385 a_4141_5543# vss 1.74191f
C386 a_3827_5457# vss 0.33433f $ **FLOATING
C387 a_3827_5543# vss 1.74191f
C388 a_3513_5543# vss 1.74217f
C389 a_3199_5543# vss 1.74191f
C390 a_2885_5457# vss 0.33435f $ **FLOATING
C391 a_2885_5543# vss 1.74191f
C392 a_2571_5543# vss 1.74191f
C393 a_2257_5457# vss 0.33386f $ **FLOATING
C394 a_2257_5543# vss 1.74191f
C395 a_1943_5543# vss 1.74191f
C396 a_1629_5457# vss 0.33368f $ **FLOATING
C397 a_1629_5543# vss 1.74191f
C398 a_1315_5543# vss 1.74191f
C399 a_1001_5457# vss 0.33368f $ **FLOATING
C400 a_1001_5543# vss 1.74191f
C401 a_687_5543# vss 1.74191f
C402 a_373_5457# vss 0.33672f $ **FLOATING
C403 a_373_5543# vss 1.74191f
C404 a_59_5543# vss 1.74191f
C405 a_n255_5457# vss 0.34963f $ **FLOATING
C406 a_n255_5543# vss 1.74444f
C407 a_n569_5543# vss 1.74739f
C408 a_n883_5543# vss 1.75159f
C409 a_n1197_5543# vss 1.76337f
C410 a_n1511_5457# vss 0.36256f $ **FLOATING
C411 a_n1511_5543# vss 2.07667f
C412 a_n8747_1947# vss 3.14796f $ **FLOATING
C413 a_7595_8443# vss 0.21865f $ **FLOATING
C414 a_7595_8687# vss 2.14605f
C415 a_7281_8443# vss 0.16841f $ **FLOATING
C416 a_7281_8687# vss 1.7675f
C417 a_7281_11587# vss 0.40051f $ **FLOATING
C418 a_6967_8443# vss 0.16815f $ **FLOATING
C419 a_6967_8687# vss 1.75284f
C420 a_6653_8443# vss 0.16806f $ **FLOATING
C421 a_6653_8687# vss 1.74794f
C422 a_6653_11587# vss 0.38105f $ **FLOATING
C423 a_6339_8443# vss 0.16802f $ **FLOATING
C424 a_6339_8687# vss 1.74573f
C425 a_6025_8443# vss 0.16796f $ **FLOATING
C426 a_6025_8687# vss 1.74196f
C427 a_6025_11587# vss 0.38094f $ **FLOATING
C428 a_5711_8443# vss 0.16796f $ **FLOATING
C429 a_5711_8687# vss 1.74196f
C430 a_5397_8443# vss 0.16796f $ **FLOATING
C431 a_5397_8687# vss 1.74196f
C432 a_5397_11587# vss 0.3809f $ **FLOATING
C433 a_5083_8443# vss 0.16796f $ **FLOATING
C434 a_5083_8687# vss 1.74196f
C435 a_4769_8443# vss 0.16796f $ **FLOATING
C436 a_4769_8687# vss 1.74196f
C437 a_4769_11587# vss 0.3809f $ **FLOATING
C438 a_4455_8443# vss 0.16796f $ **FLOATING
C439 a_4455_8687# vss 1.74196f
C440 a_4141_8443# vss 0.16796f $ **FLOATING
C441 a_4141_8687# vss 1.74196f
C442 a_4141_11587# vss 0.3809f $ **FLOATING
C443 a_3827_8443# vss 0.16796f $ **FLOATING
C444 a_3827_8687# vss 1.74196f
C445 a_3513_8443# vss 0.16479f $ **FLOATING
C446 a_3513_8687# vss 1.74196f
C447 a_3513_11587# vss 0.39806f $ **FLOATING
C448 a_3199_8443# vss 0.16796f $ **FLOATING
C449 a_3199_8687# vss 1.77106f
C450 a_2885_8443# vss 0.16796f $ **FLOATING
C451 a_2885_8687# vss 1.74196f
C452 a_2571_8443# vss 0.16796f $ **FLOATING
C453 a_2571_8687# vss 1.74196f
C454 a_2571_11587# vss 0.39806f $ **FLOATING
C455 a_2257_8443# vss 0.16796f $ **FLOATING
C456 a_2257_8687# vss 1.74196f
C457 a_1943_8443# vss 0.16796f $ **FLOATING
C458 a_1943_8687# vss 1.74196f
C459 a_1943_11587# vss 0.3809f $ **FLOATING
C460 a_1629_8443# vss 0.16796f $ **FLOATING
C461 a_1629_8687# vss 1.74196f
C462 a_1315_8443# vss 0.16796f $ **FLOATING
C463 a_1315_8687# vss 1.74196f
C464 a_1315_11587# vss 0.3809f $ **FLOATING
C465 a_1001_8443# vss 0.16796f $ **FLOATING
C466 a_1001_8687# vss 1.74196f
C467 a_687_8443# vss 0.16796f $ **FLOATING
C468 a_687_8687# vss 1.74196f
C469 a_687_11587# vss 0.3809f $ **FLOATING
C470 a_373_8443# vss 0.16796f $ **FLOATING
C471 a_373_8687# vss 1.74196f
C472 a_59_8443# vss 0.16796f $ **FLOATING
C473 a_59_8687# vss 1.74196f
C474 a_59_11587# vss 0.3809f $ **FLOATING
C475 a_n255_8443# vss 0.168f $ **FLOATING
C476 a_n255_8687# vss 1.7444f
C477 a_n569_8443# vss 0.16805f $ **FLOATING
C478 a_n569_8687# vss 1.74725f
C479 a_n569_11587# vss 0.3809f $ **FLOATING
C480 a_n883_8443# vss 0.16813f $ **FLOATING
C481 a_n883_8687# vss 1.7514f
C482 a_n1197_8443# vss 0.16834f $ **FLOATING
C483 a_n1197_8687# vss 1.76654f
C484 a_n1197_11587# vss 0.38163f $ **FLOATING
C485 a_n1511_8443# vss 0.2121f $ **FLOATING
C486 a_n1511_8687# vss 2.07936f
C487 a_n4239_8442# vss 0.12738f $ **FLOATING
C488 a_n10205_8514# vss 11.5875f $ **FLOATING
C489 a_n9137_8514# vss 5.2689f $ **FLOATING
C490 a_n9031_6300# vss 11.0667f $ **FLOATING
C491 a_n8075_10072# vss 3.79508f $ **FLOATING
C492 a_n9719_10072# vss 2.40409f $ **FLOATING
.ends

