# Logfile created on 2026-03-28 23:20:04 +0100 by logger.rb/v1.5.3
2026-03-28 23:20:04 +0100: Memory Usage (437304K) : Starting running IHP-SG13G2 KLayout DRC runset on /foss/designs/top/final_gds.gds
2026-03-28 23:20:04 +0100: Memory Usage (437304K) : Ruby Version for klayout: 3.2.3
2026-03-28 23:20:05 +0100: Memory Usage (461752K) : Loading database to memory is complete.
2026-03-28 23:20:05 +0100: Memory Usage (461752K) : IHP-SG13G2 KLayout DRC runset output at: /foss/designs/top/drc_run_2026_03_28_22_19_58/final_gds_top_thickgateox.lyrdb
2026-03-28 23:20:05 +0100: Memory Usage (461880K) : Evaluate switches.
2026-03-28 23:20:05 +0100: Memory Usage (461880K) : tables selected: thickgateox
2026-03-28 23:20:05 +0100: Memory Usage (461880K) : KLayout will use 32 thread(s) in tiling mode.
2026-03-28 23:20:05 +0100: Memory Usage (461880K) : deep mode is enabled.
2026-03-28 23:20:05 +0100: Memory Usage (461880K) : FEOL enabled: false
2026-03-28 23:20:05 +0100: Memory Usage (461880K) : BEOL enabled: false
2026-03-28 23:20:05 +0100: Memory Usage (461880K) : OFFGRID enabled: false
2026-03-28 23:20:05 +0100: Memory Usage (461880K) : PIN enabled: false
2026-03-28 23:20:05 +0100: Memory Usage (461880K) : FORBIDDEN enabled: false
2026-03-28 23:20:05 +0100: Memory Usage (461880K) : RECOMMENDED enabled: false
2026-03-28 23:20:05 +0100: Memory Usage (461880K) : PreCheck DRC enabled: true
2026-03-28 23:20:05 +0100: Memory Usage (461880K) : CONNECTIVITY_RULES enabled: false.
2026-03-28 23:20:05 +0100: Memory Usage (461880K) : Read in polygons from layers.
2026-03-28 23:20:05 +0100: Memory Usage (464184K) : activ_drw has 25251 polygons
2026-03-28 23:20:05 +0100: Memory Usage (464184K) : activ_pin has 0 polygons
2026-03-28 23:20:05 +0100: Memory Usage (464184K) : activ_mask has 0 polygons
2026-03-28 23:20:05 +0100: Memory Usage (464184K) : activ_filler has 22189 polygons
2026-03-28 23:20:05 +0100: Memory Usage (464184K) : activ_nofill has 0 polygons
2026-03-28 23:20:05 +0100: Memory Usage (464184K) : activ_opc has 0 polygons
2026-03-28 23:20:05 +0100: Memory Usage (464184K) : activ_iopc has 0 polygons
2026-03-28 23:20:05 +0100: Memory Usage (464184K) : activ_noqrc has 0 polygons
2026-03-28 23:20:05 +0100: Memory Usage (464184K) : biwind_drw has 0 polygons
2026-03-28 23:20:05 +0100: Memory Usage (464184K) : biwind_opc has 0 polygons
2026-03-28 23:20:05 +0100: Memory Usage (464184K) : pemwind_drw has 0 polygons
2026-03-28 23:20:05 +0100: Memory Usage (464312K) : gatpoly_drw has 23080 polygons
2026-03-28 23:20:05 +0100: Memory Usage (464312K) : gatpoly_pin has 98 polygons
2026-03-28 23:20:05 +0100: Memory Usage (464312K) : gatpoly_filler has 22189 polygons
2026-03-28 23:20:05 +0100: Memory Usage (464312K) : gatpoly_nofill has 0 polygons
2026-03-28 23:20:05 +0100: Memory Usage (464312K) : gatpoly_opc has 0 polygons
2026-03-28 23:20:05 +0100: Memory Usage (464312K) : gatpoly_iopc has 0 polygons
2026-03-28 23:20:05 +0100: Memory Usage (464440K) : gatpoly_noqrc has 0 polygons
2026-03-28 23:20:06 +0100: Memory Usage (476728K) : cont_drw has 2239726 polygons
2026-03-28 23:20:07 +0100: Memory Usage (476728K) : cont_opc has 0 polygons
2026-03-28 23:20:07 +0100: Memory Usage (476728K) : nsd_drw has 84 polygons
2026-03-28 23:20:07 +0100: Memory Usage (476728K) : nsd_block has 0 polygons
2026-03-28 23:20:07 +0100: Memory Usage (476728K) : metal1_drw has 44630 polygons
2026-03-28 23:20:07 +0100: Memory Usage (476728K) : metal1_pin has 17607 polygons
2026-03-28 23:20:07 +0100: Memory Usage (476728K) : metal1_mask has 0 polygons
2026-03-28 23:20:07 +0100: Memory Usage (476728K) : metal1_filler has 27328 polygons
2026-03-28 23:20:07 +0100: Memory Usage (476728K) : metal1_nofill has 0 polygons
2026-03-28 23:20:07 +0100: Memory Usage (476728K) : metal1_slit has 0 polygons
2026-03-28 23:20:07 +0100: Memory Usage (476984K) : metal1_text has 16171 polygons
2026-03-28 23:20:07 +0100: Memory Usage (476984K) : metal1_opc has 0 polygons
2026-03-28 23:20:07 +0100: Memory Usage (476984K) : metal1_noqrc has 0 polygons
2026-03-28 23:20:07 +0100: Memory Usage (476984K) : metal1_res has 0 polygons
2026-03-28 23:20:07 +0100: Memory Usage (476984K) : metal1_iprobe has 0 polygons
2026-03-28 23:20:07 +0100: Memory Usage (476984K) : metal1_diffprb has 0 polygons
2026-03-28 23:20:07 +0100: Memory Usage (476984K) : passiv_drw has 32 polygons
2026-03-28 23:20:07 +0100: Memory Usage (476984K) : passiv_pin has 0 polygons
2026-03-28 23:20:07 +0100: Memory Usage (476984K) : passiv_sbump has 0 polygons
2026-03-28 23:20:07 +0100: Memory Usage (476984K) : passiv_pillar has 0 polygons
2026-03-28 23:20:07 +0100: Memory Usage (476984K) : passiv_pdl has 0 polygons
2026-03-28 23:20:07 +0100: Memory Usage (476984K) : metal2_drw has 20078 polygons
2026-03-28 23:20:07 +0100: Memory Usage (476984K) : metal2_pin has 341 polygons
2026-03-28 23:20:07 +0100: Memory Usage (476984K) : metal2_mask has 0 polygons
2026-03-28 23:20:07 +0100: Memory Usage (476984K) : metal2_filler has 39163 polygons
2026-03-28 23:20:07 +0100: Memory Usage (476984K) : metal2_nofill has 0 polygons
2026-03-28 23:20:07 +0100: Memory Usage (476984K) : metal2_slit has 0 polygons
2026-03-28 23:20:07 +0100: Memory Usage (476984K) : metal2_text has 338 polygons
2026-03-28 23:20:07 +0100: Memory Usage (476984K) : metal2_opc has 0 polygons
2026-03-28 23:20:07 +0100: Memory Usage (476984K) : metal2_noqrc has 0 polygons
2026-03-28 23:20:07 +0100: Memory Usage (476984K) : metal2_res has 0 polygons
2026-03-28 23:20:07 +0100: Memory Usage (476984K) : metal2_iprobe has 0 polygons
2026-03-28 23:20:07 +0100: Memory Usage (476984K) : metal2_diffprb has 0 polygons
2026-03-28 23:20:07 +0100: Memory Usage (476984K) : baspoly_drw has 0 polygons
2026-03-28 23:20:07 +0100: Memory Usage (476984K) : baspoly_pin has 0 polygons
2026-03-28 23:20:07 +0100: Memory Usage (476984K) : psd_drw has 12036 polygons
2026-03-28 23:20:07 +0100: Memory Usage (476984K) : nldb_drw has 0 polygons
2026-03-28 23:20:07 +0100: Memory Usage (476984K) : digibnd_drw has 0 polygons
2026-03-28 23:20:07 +0100: Memory Usage (476984K) : via1_drw has 57652 polygons
2026-03-28 23:20:07 +0100: Memory Usage (476984K) : backmetal1_drw has 0 polygons
2026-03-28 23:20:07 +0100: Memory Usage (476984K) : backmetal1_pin has 0 polygons
2026-03-28 23:20:07 +0100: Memory Usage (476984K) : backmetal1_mask has 0 polygons
2026-03-28 23:20:07 +0100: Memory Usage (476984K) : backmetal1_filler has 0 polygons
2026-03-28 23:20:07 +0100: Memory Usage (476984K) : backmetal1_nofill has 0 polygons
2026-03-28 23:20:07 +0100: Memory Usage (476984K) : backmetal1_slit has 0 polygons
2026-03-28 23:20:07 +0100: Memory Usage (476984K) : backmetal1_text has 0 polygons
2026-03-28 23:20:07 +0100: Memory Usage (476984K) : backmetal1_opc has 0 polygons
2026-03-28 23:20:07 +0100: Memory Usage (476984K) : backmetal1_noqrc has 0 polygons
2026-03-28 23:20:07 +0100: Memory Usage (476984K) : backmetal1_res has 0 polygons
2026-03-28 23:20:07 +0100: Memory Usage (476984K) : backmetal1_iprobe has 0 polygons
2026-03-28 23:20:07 +0100: Memory Usage (476984K) : backmetal1_diffprb has 0 polygons
2026-03-28 23:20:07 +0100: Memory Usage (476984K) : backpassiv_drw has 0 polygons
2026-03-28 23:20:07 +0100: Memory Usage (476984K) : res_drw has 0 polygons
2026-03-28 23:20:07 +0100: Memory Usage (476984K) : sram_drw has 0 polygons
2026-03-28 23:20:07 +0100: Memory Usage (476984K) : trans_drw has 0 polygons
2026-03-28 23:20:07 +0100: Memory Usage (476984K) : ind_drw has 0 polygons
2026-03-28 23:20:07 +0100: Memory Usage (476984K) : ind_pin has 0 polygons
2026-03-28 23:20:07 +0100: Memory Usage (476984K) : ind_text has 0 polygons
2026-03-28 23:20:07 +0100: Memory Usage (476984K) : salblock_drw has 138 polygons
2026-03-28 23:20:07 +0100: Memory Usage (476984K) : via2_drw has 80966 polygons
2026-03-28 23:20:07 +0100: Memory Usage (476984K) : metal3_drw has 8644 polygons
2026-03-28 23:20:07 +0100: Memory Usage (476984K) : metal3_pin has 438 polygons
2026-03-28 23:20:07 +0100: Memory Usage (476984K) : metal3_mask has 0 polygons
2026-03-28 23:20:07 +0100: Memory Usage (476984K) : metal3_filler has 18314 polygons
2026-03-28 23:20:07 +0100: Memory Usage (476984K) : metal3_nofill has 0 polygons
2026-03-28 23:20:07 +0100: Memory Usage (476984K) : metal3_slit has 0 polygons
2026-03-28 23:20:07 +0100: Memory Usage (476984K) : metal3_text has 438 polygons
2026-03-28 23:20:07 +0100: Memory Usage (476984K) : metal3_opc has 0 polygons
2026-03-28 23:20:07 +0100: Memory Usage (476984K) : metal3_noqrc has 0 polygons
2026-03-28 23:20:07 +0100: Memory Usage (477240K) : metal3_res has 0 polygons
2026-03-28 23:20:07 +0100: Memory Usage (477240K) : metal3_iprobe has 0 polygons
2026-03-28 23:20:07 +0100: Memory Usage (477240K) : metal3_diffprb has 0 polygons
2026-03-28 23:20:07 +0100: Memory Usage (477240K) : nwell_drw has 6562 polygons
2026-03-28 23:20:07 +0100: Memory Usage (477240K) : nwell_pin has 330 polygons
2026-03-28 23:20:07 +0100: Memory Usage (477240K) : nbulay_drw has 362 polygons
2026-03-28 23:20:07 +0100: Memory Usage (477368K) : nbulay_pin has 0 polygons
2026-03-28 23:20:07 +0100: Memory Usage (477368K) : nbulay_block has 0 polygons
2026-03-28 23:20:07 +0100: Memory Usage (477496K) : emwind_drw has 0 polygons
2026-03-28 23:20:07 +0100: Memory Usage (477496K) : emwind_opc has 0 polygons
2026-03-28 23:20:07 +0100: Memory Usage (477496K) : deepco_drw has 0 polygons
2026-03-28 23:20:07 +0100: Memory Usage (477624K) : deepco_drw has 0 polygons
2026-03-28 23:20:07 +0100: Memory Usage (477624K) : mim_drw has 37 polygons
2026-03-28 23:20:07 +0100: Memory Usage (477752K) : edgeseal_drw has 24 polygons
2026-03-28 23:20:07 +0100: Memory Usage (477752K) : edgeseal_bound has 1 polygons
2026-03-28 23:20:07 +0100: Memory Usage (477752K) : substrate_drw has 793 polygons
2026-03-28 23:20:07 +0100: Memory Usage (477752K) : substrate_text has 0 polygons
2026-03-28 23:20:07 +0100: Memory Usage (477752K) : dfpad_drw has 20 polygons
2026-03-28 23:20:07 +0100: Memory Usage (477752K) : dfpad_pillar has 0 polygons
2026-03-28 23:20:07 +0100: Memory Usage (477752K) : dfpad_sbump has 0 polygons
2026-03-28 23:20:07 +0100: Memory Usage (477752K) : thickgateox_drw has 136 polygons
2026-03-28 23:20:07 +0100: Memory Usage (477752K) : pldb_drw has 0 polygons
2026-03-28 23:20:07 +0100: Memory Usage (477752K) : pwell_drw has 0 polygons
2026-03-28 23:20:07 +0100: Memory Usage (477752K) : pwell_pin has 0 polygons
2026-03-28 23:20:07 +0100: Memory Usage (477752K) : pwell_block has 0 polygons
2026-03-28 23:20:07 +0100: Memory Usage (477752K) : ic_drw has 0 polygons
2026-03-28 23:20:07 +0100: Memory Usage (477752K) : via3_drw has 57654 polygons
2026-03-28 23:20:07 +0100: Memory Usage (477752K) : metal4_drw has 1391 polygons
2026-03-28 23:20:07 +0100: Memory Usage (477752K) : metal4_pin has 388 polygons
2026-03-28 23:20:07 +0100: Memory Usage (477752K) : metal4_mask has 0 polygons
2026-03-28 23:20:07 +0100: Memory Usage (477752K) : metal4_filler has 19813 polygons
2026-03-28 23:20:07 +0100: Memory Usage (477752K) : metal4_nofill has 0 polygons
2026-03-28 23:20:07 +0100: Memory Usage (477752K) : metal4_slit has 0 polygons
2026-03-28 23:20:07 +0100: Memory Usage (477752K) : metal4_text has 388 polygons
2026-03-28 23:20:07 +0100: Memory Usage (477752K) : metal4_opc has 0 polygons
2026-03-28 23:20:07 +0100: Memory Usage (477752K) : metal4_noqrc has 0 polygons
2026-03-28 23:20:07 +0100: Memory Usage (477752K) : metal4_res has 0 polygons
2026-03-28 23:20:07 +0100: Memory Usage (477752K) : metal4_iprobe has 0 polygons
2026-03-28 23:20:07 +0100: Memory Usage (477752K) : metal4_diffprb has 0 polygons
2026-03-28 23:20:07 +0100: Memory Usage (477752K) : heattrans_drw has 164 polygons
2026-03-28 23:20:07 +0100: Memory Usage (477752K) : heatres_drw has 138 polygons
2026-03-28 23:20:07 +0100: Memory Usage (477752K) : pempoly_drw has 0 polygons
2026-03-28 23:20:07 +0100: Memory Usage (477752K) : fbe_drw has 0 polygons
2026-03-28 23:20:07 +0100: Memory Usage (477752K) : empoly_drw has 0 polygons
2026-03-28 23:20:07 +0100: Memory Usage (477752K) : ldmos_drw has 0 polygons
2026-03-28 23:20:07 +0100: Memory Usage (477752K) : pbiwind_drw has 0 polygons
2026-03-28 23:20:07 +0100: Memory Usage (477752K) : digisub_drw has 0 polygons
2026-03-28 23:20:07 +0100: Memory Usage (477752K) : nodrc_drw has 0 polygons
2026-03-28 23:20:07 +0100: Memory Usage (477752K) : text_drw has 1223 polygons
2026-03-28 23:20:07 +0100: Memory Usage (477752K) : via4_drw has 62950 polygons
2026-03-28 23:20:08 +0100: Memory Usage (477752K) : metal5_drw has 2215 polygons
2026-03-28 23:20:08 +0100: Memory Usage (477752K) : metal5_pin has 384 polygons
2026-03-28 23:20:08 +0100: Memory Usage (477752K) : metal5_mask has 0 polygons
2026-03-28 23:20:08 +0100: Memory Usage (477752K) : metal5_filler has 19661 polygons
2026-03-28 23:20:08 +0100: Memory Usage (477752K) : metal5_nofill has 0 polygons
2026-03-28 23:20:08 +0100: Memory Usage (477752K) : metal5_slit has 0 polygons
2026-03-28 23:20:08 +0100: Memory Usage (477752K) : metal5_text has 384 polygons
2026-03-28 23:20:08 +0100: Memory Usage (477752K) : metal5_opc has 0 polygons
2026-03-28 23:20:08 +0100: Memory Usage (477752K) : metal5_noqrc has 0 polygons
2026-03-28 23:20:08 +0100: Memory Usage (477752K) : metal5_res has 0 polygons
2026-03-28 23:20:08 +0100: Memory Usage (477752K) : metal5_iprobe has 0 polygons
2026-03-28 23:20:08 +0100: Memory Usage (477752K) : metal5_diffprb has 0 polygons
2026-03-28 23:20:08 +0100: Memory Usage (477752K) : radhard_drw has 0 polygons
2026-03-28 23:20:08 +0100: Memory Usage (477752K) : memcap_drw has 0 polygons
2026-03-28 23:20:08 +0100: Memory Usage (477752K) : varicap_drw has 0 polygons
2026-03-28 23:20:08 +0100: Memory Usage (477752K) : flash_drw has 0 polygons
2026-03-28 23:20:08 +0100: Memory Usage (477752K) : intbondvia_drw has 0 polygons
2026-03-28 23:20:08 +0100: Memory Usage (477752K) : intbondmet_drw has 0 polygons
2026-03-28 23:20:08 +0100: Memory Usage (477752K) : devbondvia_drw has 0 polygons
2026-03-28 23:20:08 +0100: Memory Usage (477752K) : devbondmet_drw has 0 polygons
2026-03-28 23:20:08 +0100: Memory Usage (477752K) : devtrench_drw has 0 polygons
2026-03-28 23:20:08 +0100: Memory Usage (477752K) : redist_drw has 0 polygons
2026-03-28 23:20:08 +0100: Memory Usage (477880K) : graphbot_drw has 0 polygons
2026-03-28 23:20:08 +0100: Memory Usage (477880K) : graphtop_drw has 0 polygons
2026-03-28 23:20:08 +0100: Memory Usage (477880K) : antvia1_drw has 0 polygons
2026-03-28 23:20:08 +0100: Memory Usage (478008K) : antmetal2_drw has 0 polygons
2026-03-28 23:20:08 +0100: Memory Usage (478008K) : graphcont_drw has 0 polygons
2026-03-28 23:20:08 +0100: Memory Usage (478008K) : siwg_drw has 0 polygons
2026-03-28 23:20:08 +0100: Memory Usage (478136K) : siwg_filler has 0 polygons
2026-03-28 23:20:08 +0100: Memory Usage (478136K) : siwg_nofill has 0 polygons
2026-03-28 23:20:08 +0100: Memory Usage (478136K) : sigrating_drw has 0 polygons
2026-03-28 23:20:08 +0100: Memory Usage (478136K) : singrating_drw has 0 polygons
2026-03-28 23:20:08 +0100: Memory Usage (478264K) : graphpas_drw has 0 polygons
2026-03-28 23:20:08 +0100: Memory Usage (478264K) : emwind3_drw has 0 polygons
2026-03-28 23:20:08 +0100: Memory Usage (478392K) : emwihv3_drw has 0 polygons
2026-03-28 23:20:08 +0100: Memory Usage (478392K) : redbulay_drw has 0 polygons
2026-03-28 23:20:08 +0100: Memory Usage (478392K) : smos_drw has 0 polygons
2026-03-28 23:20:08 +0100: Memory Usage (478392K) : graphpad_drw has 0 polygons
2026-03-28 23:20:08 +0100: Memory Usage (478392K) : polimide_drw has 0 polygons
2026-03-28 23:20:08 +0100: Memory Usage (478392K) : polimide_pin has 0 polygons
2026-03-28 23:20:08 +0100: Memory Usage (478392K) : recog_drw has 0 polygons
2026-03-28 23:20:08 +0100: Memory Usage (478392K) : recog_pin has 0 polygons
2026-03-28 23:20:08 +0100: Memory Usage (478392K) : recog_esd has 0 polygons
2026-03-28 23:20:08 +0100: Memory Usage (478392K) : recog_diode has 110 polygons
2026-03-28 23:20:08 +0100: Memory Usage (478392K) : recog_tsv has 0 polygons
2026-03-28 23:20:08 +0100: Memory Usage (478392K) : recog_iprobe has 0 polygons
2026-03-28 23:20:08 +0100: Memory Usage (478392K) : recog_diffprb has 0 polygons
2026-03-28 23:20:08 +0100: Memory Usage (478392K) : recog_pillar has 0 polygons
2026-03-28 23:20:08 +0100: Memory Usage (478392K) : recog_sbump has 0 polygons
2026-03-28 23:20:08 +0100: Memory Usage (478392K) : recog_otp has 0 polygons
2026-03-28 23:20:08 +0100: Memory Usage (478392K) : recog_pdiode has 0 polygons
2026-03-28 23:20:08 +0100: Memory Usage (478392K) : recog_mom has 0 polygons
2026-03-28 23:20:08 +0100: Memory Usage (478392K) : recog_pcm has 0 polygons
2026-03-28 23:20:08 +0100: Memory Usage (478392K) : colopen_drw has 0 polygons
2026-03-28 23:20:08 +0100: Memory Usage (478392K) : graphmetal1_drw has 0 polygons
2026-03-28 23:20:08 +0100: Memory Usage (478392K) : graphmetal1_filler has 0 polygons
2026-03-28 23:20:08 +0100: Memory Usage (478392K) : graphmetal1_nofill has 0 polygons
2026-03-28 23:20:08 +0100: Memory Usage (478392K) : graphmetal1_slit has 0 polygons
2026-03-28 23:20:08 +0100: Memory Usage (478392K) : graphmetal1_opc has 0 polygons
2026-03-28 23:20:08 +0100: Memory Usage (478392K) : graphmet1l_drw has 0 polygons
2026-03-28 23:20:08 +0100: Memory Usage (478392K) : graphmet1l_filler has 0 polygons
2026-03-28 23:20:08 +0100: Memory Usage (478392K) : graphmet1l_nofill has 0 polygons
2026-03-28 23:20:08 +0100: Memory Usage (478392K) : graphmet1l_slit has 0 polygons
2026-03-28 23:20:08 +0100: Memory Usage (478392K) : graphmet1l_opc has 0 polygons
2026-03-28 23:20:08 +0100: Memory Usage (478392K) : extblock_drw has 390 polygons
2026-03-28 23:20:08 +0100: Memory Usage (478392K) : nldd_drw has 0 polygons
2026-03-28 23:20:08 +0100: Memory Usage (478392K) : pldd_drw has 0 polygons
2026-03-28 23:20:08 +0100: Memory Usage (478392K) : next_drw has 0 polygons
2026-03-28 23:20:08 +0100: Memory Usage (478392K) : pext_drw has 0 polygons
2026-03-28 23:20:08 +0100: Memory Usage (478392K) : nexthv_drw has 0 polygons
2026-03-28 23:20:08 +0100: Memory Usage (478392K) : pexthv_drw has 0 polygons
2026-03-28 23:20:08 +0100: Memory Usage (478392K) : graphgate_drw has 0 polygons
2026-03-28 23:20:08 +0100: Memory Usage (478392K) : sinwg_drw has 0 polygons
2026-03-28 23:20:08 +0100: Memory Usage (478392K) : sinwg_filler has 0 polygons
2026-03-28 23:20:08 +0100: Memory Usage (478392K) : sinwg_nofill has 0 polygons
2026-03-28 23:20:08 +0100: Memory Usage (478392K) : mempad_drw has 0 polygons
2026-03-28 23:20:08 +0100: Memory Usage (478392K) : topvia1_drw has 54193 polygons
2026-03-28 23:20:08 +0100: Memory Usage (478392K) : topmetal1_drw has 1821 polygons
2026-03-28 23:20:08 +0100: Memory Usage (478392K) : topmetal1_pin has 406 polygons
2026-03-28 23:20:08 +0100: Memory Usage (478392K) : topmetal1_mask has 0 polygons
2026-03-28 23:20:08 +0100: Memory Usage (478392K) : topmetal1_filler has 0 polygons
2026-03-28 23:20:08 +0100: Memory Usage (478392K) : topmetal1_nofill has 2 polygons
2026-03-28 23:20:08 +0100: Memory Usage (478392K) : topmetal1_slit has 0 polygons
2026-03-28 23:20:08 +0100: Memory Usage (478392K) : topmetal1_text has 387 polygons
2026-03-28 23:20:08 +0100: Memory Usage (478392K) : topmetal1_noqrc has 0 polygons
2026-03-28 23:20:08 +0100: Memory Usage (478392K) : topmetal1_res has 0 polygons
2026-03-28 23:20:08 +0100: Memory Usage (478392K) : topmetal1_iprobe has 0 polygons
2026-03-28 23:20:08 +0100: Memory Usage (478392K) : topmetal1_diffprb has 0 polygons
2026-03-28 23:20:08 +0100: Memory Usage (478392K) : inldpwl_drw has 0 polygons
2026-03-28 23:20:08 +0100: Memory Usage (478392K) : polyres_drw has 188 polygons
2026-03-28 23:20:08 +0100: Memory Usage (478392K) : polyres_pin has 0 polygons
2026-03-28 23:20:08 +0100: Memory Usage (478392K) : vmim_drw has 11225 polygons
2026-03-28 23:20:08 +0100: Memory Usage (478392K) : nbulaycut_drw has 0 polygons
2026-03-28 23:20:08 +0100: Memory Usage (478392K) : antmetal1_drw has 0 polygons
2026-03-28 23:20:08 +0100: Memory Usage (478776K) : topvia2_drw has 32999 polygons
2026-03-28 23:20:08 +0100: Memory Usage (478776K) : topmetal2_drw has 658 polygons
2026-03-28 23:20:08 +0100: Memory Usage (478776K) : topmetal2_pin has 296 polygons
2026-03-28 23:20:08 +0100: Memory Usage (478776K) : topmetal2_mask has 0 polygons
2026-03-28 23:20:08 +0100: Memory Usage (478776K) : topmetal2_filler has 0 polygons
2026-03-28 23:20:08 +0100: Memory Usage (478904K) : topmetal2_nofill has 2 polygons
2026-03-28 23:20:08 +0100: Memory Usage (478904K) : topmetal2_slit has 0 polygons
2026-03-28 23:20:08 +0100: Memory Usage (479032K) : topmetal2_text has 289 polygons
2026-03-28 23:20:08 +0100: Memory Usage (479032K) : topmetal2_noqrc has 0 polygons
2026-03-28 23:20:08 +0100: Memory Usage (479160K) : topmetal2_res has 0 polygons
2026-03-28 23:20:08 +0100: Memory Usage (479160K) : topmetal2_iprobe has 0 polygons
2026-03-28 23:20:08 +0100: Memory Usage (479160K) : topmetal2_diffprb has 0 polygons
2026-03-28 23:20:08 +0100: Memory Usage (479288K) : snsring_drw has 0 polygons
2026-03-28 23:20:08 +0100: Memory Usage (479288K) : sensor_drw has 0 polygons
2026-03-28 23:20:08 +0100: Memory Usage (479416K) : snsarms_drw has 0 polygons
2026-03-28 23:20:08 +0100: Memory Usage (479416K) : snscmosvia_drw has 0 polygons
2026-03-28 23:20:08 +0100: Memory Usage (479544K) : colwind_drw has 0 polygons
2026-03-28 23:20:08 +0100: Memory Usage (479544K) : flm_drw has 0 polygons
2026-03-28 23:20:08 +0100: Memory Usage (479544K) : hafniumox_drw has 0 polygons
2026-03-28 23:20:08 +0100: Memory Usage (479672K) : memvia_drw has 0 polygons
2026-03-28 23:20:08 +0100: Memory Usage (479672K) : thinfilmres_drw has 0 polygons
2026-03-28 23:20:08 +0100: Memory Usage (479800K) : rfmem_drw has 0 polygons
2026-03-28 23:20:08 +0100: Memory Usage (479800K) : norcx_drw has 0 polygons
2026-03-28 23:20:08 +0100: Memory Usage (479928K) : norcx_m2m3 has 0 polygons
2026-03-28 23:20:08 +0100: Memory Usage (479928K) : norcx_m2m4 has 0 polygons
2026-03-28 23:20:08 +0100: Memory Usage (479928K) : norcx_m2m5 has 0 polygons
2026-03-28 23:20:08 +0100: Memory Usage (480056K) : norcx_m2tm1 has 0 polygons
2026-03-28 23:20:08 +0100: Memory Usage (480056K) : norcx_m2tm2 has 0 polygons
2026-03-28 23:20:08 +0100: Memory Usage (480184K) : norcx_m3m4 has 0 polygons
2026-03-28 23:20:08 +0100: Memory Usage (480184K) : norcx_m3m5 has 0 polygons
2026-03-28 23:20:08 +0100: Memory Usage (480312K) : norcx_m3tm1 has 0 polygons
2026-03-28 23:20:08 +0100: Memory Usage (480312K) : norcx_m3tm2 has 0 polygons
2026-03-28 23:20:08 +0100: Memory Usage (480440K) : norcx_m4m5 has 0 polygons
2026-03-28 23:20:08 +0100: Memory Usage (480440K) : norcx_m4tm1 has 0 polygons
2026-03-28 23:20:08 +0100: Memory Usage (480440K) : norcx_m4tm2 has 0 polygons
2026-03-28 23:20:08 +0100: Memory Usage (480568K) : norcx_m5tm1 has 0 polygons
2026-03-28 23:20:08 +0100: Memory Usage (480568K) : norcx_m5tm2 has 0 polygons
2026-03-28 23:20:08 +0100: Memory Usage (480696K) : norcx_tm1tm2 has 0 polygons
2026-03-28 23:20:08 +0100: Memory Usage (480696K) : norcx_m1sub has 0 polygons
2026-03-28 23:20:08 +0100: Memory Usage (480696K) : norcx_m2sub has 0 polygons
2026-03-28 23:20:08 +0100: Memory Usage (480824K) : norcx_m3sub has 0 polygons
2026-03-28 23:20:08 +0100: Memory Usage (480824K) : norcx_m4sub has 0 polygons
2026-03-28 23:20:08 +0100: Memory Usage (480952K) : norcx_m5sub has 0 polygons
2026-03-28 23:20:08 +0100: Memory Usage (480952K) : norcx_tm1sub has 0 polygons
2026-03-28 23:20:08 +0100: Memory Usage (481080K) : norcx_tm2sub has 0 polygons
2026-03-28 23:20:08 +0100: Memory Usage (481080K) : snsbotvia_drw has 0 polygons
2026-03-28 23:20:08 +0100: Memory Usage (481208K) : snstopvia_drw has 0 polygons
2026-03-28 23:20:08 +0100: Memory Usage (481208K) : deepvia_drw has 0 polygons
2026-03-28 23:20:08 +0100: Memory Usage (481208K) : fgetch_drw has 0 polygons
2026-03-28 23:20:08 +0100: Memory Usage (481336K) : ctrgat_drw has 0 polygons
2026-03-28 23:20:08 +0100: Memory Usage (481336K) : fgimp_drw has 0 polygons
2026-03-28 23:20:08 +0100: Memory Usage (481464K) : emwihv_drw has 0 polygons
2026-03-28 23:20:08 +0100: Memory Usage (481464K) : lbe_drw has 0 polygons
2026-03-28 23:20:08 +0100: Memory Usage (481464K) : alcustop_drw has 0 polygons
2026-03-28 23:20:08 +0100: Memory Usage (481592K) : nometfiller_drw has 1 polygons
2026-03-28 23:20:08 +0100: Memory Usage (481592K) : prboundary_drw has 0 polygons
2026-03-28 23:20:08 +0100: Memory Usage (481720K) : exchange0_drw has 0 polygons
2026-03-28 23:20:08 +0100: Memory Usage (481720K) : exchange0_pin has 0 polygons
2026-03-28 23:20:08 +0100: Memory Usage (481848K) : exchange0_text has 0 polygons
2026-03-28 23:20:08 +0100: Memory Usage (481848K) : exchange1_drw has 0 polygons
2026-03-28 23:20:08 +0100: Memory Usage (481848K) : exchange1_pin has 0 polygons
2026-03-28 23:20:08 +0100: Memory Usage (481976K) : exchange1_text has 0 polygons
2026-03-28 23:20:08 +0100: Memory Usage (481976K) : exchange2_drw has 0 polygons
2026-03-28 23:20:08 +0100: Memory Usage (482104K) : exchange2_pin has 0 polygons
2026-03-28 23:20:08 +0100: Memory Usage (482104K) : exchange2_text has 0 polygons
2026-03-28 23:20:08 +0100: Memory Usage (482232K) : exchange3_drw has 0 polygons
2026-03-28 23:20:08 +0100: Memory Usage (482232K) : exchange3_pin has 0 polygons
2026-03-28 23:20:08 +0100: Memory Usage (482232K) : exchange3_text has 0 polygons
2026-03-28 23:20:08 +0100: Memory Usage (482360K) : exchange4_drw has 0 polygons
2026-03-28 23:20:08 +0100: Memory Usage (482360K) : exchange4_pin has 0 polygons
2026-03-28 23:20:08 +0100: Memory Usage (482488K) : exchange4_text has 0 polygons
2026-03-28 23:20:08 +0100: Memory Usage (482488K) : isonwell_drw has 0 polygons
2026-03-28 23:20:08 +0100: Memory Usage (482488K) : Total no. of polygons in the design is 2954916
2026-03-28 23:20:08 +0100: Memory Usage (482488K) : Loaded TECH DRC rules values from /foss/pdks/ihp-sg13g2/libs.tech/klayout/python/sg13g2_pycell_lib/sg13g2_tech_mod.json
2026-03-28 23:20:08 +0100: Memory Usage (482488K) : Loaded default DRC rules values from /foss/pdks/ihp-sg13g2/libs.tech/klayout/tech/drc/rule_decks/sg13g2_tech_default.json
2026-03-28 23:20:08 +0100: Memory Usage (482488K) : The following rules values were missing in tech json and default values were used:
2026-03-28 23:20:08 +0100: Memory Usage (482488K) :   - Cnt_c_digibnd
2026-03-28 23:20:08 +0100: Memory Usage (484792K) : Total area of the design is 1210000.0 um^2.
2026-03-28 23:20:08 +0100: Memory Usage (484792K) : The design dimensions are 1100.0 µm * 1100.0 µm.
2026-03-28 23:20:08 +0100: Memory Usage (484792K) : Starting general IHP-SG13G2 derivations.
2026-03-28 23:20:08 +0100: Memory Usage (484792K) : Starting Pwell derivations
2026-03-28 23:20:08 +0100: Memory Usage (491060K) : Starting IHP-SG13G2 DRC rules.
2026-03-28 23:20:08 +0100: Memory Usage (491060K) : Starting 5.7. ThickGateOx table
2026-03-28 23:20:08 +0100: Memory Usage (491060K) : Executing rule TGO.f
2026-03-28 23:20:08 +0100: Memory Usage (491188K) : KLayout DRC run for tables 'thickgateox' completed in 4.17 seconds
