# Logfile created on 2026-03-28 23:20:03 +0100 by logger.rb/v1.5.3
2026-03-28 23:20:03 +0100: Memory Usage (438048K) : Starting running IHP-SG13G2 KLayout DRC runset on /foss/designs/top/final_gds.gds
2026-03-28 23:20:03 +0100: Memory Usage (438048K) : Ruby Version for klayout: 3.2.3
2026-03-28 23:20:04 +0100: Memory Usage (462624K) : Loading database to memory is complete.
2026-03-28 23:20:04 +0100: Memory Usage (462624K) : IHP-SG13G2 KLayout DRC runset output at: /foss/designs/top/drc_run_2026_03_28_22_19_58/final_gds_top_gatpolyfiller.lyrdb
2026-03-28 23:20:04 +0100: Memory Usage (462624K) : Evaluate switches.
2026-03-28 23:20:04 +0100: Memory Usage (462624K) : tables selected: gatpolyfiller
2026-03-28 23:20:04 +0100: Memory Usage (462624K) : KLayout will use 32 thread(s) in tiling mode.
2026-03-28 23:20:04 +0100: Memory Usage (462624K) : deep mode is enabled.
2026-03-28 23:20:04 +0100: Memory Usage (462624K) : FEOL enabled: false
2026-03-28 23:20:04 +0100: Memory Usage (462624K) : BEOL enabled: false
2026-03-28 23:20:04 +0100: Memory Usage (462624K) : OFFGRID enabled: false
2026-03-28 23:20:04 +0100: Memory Usage (462624K) : PIN enabled: false
2026-03-28 23:20:04 +0100: Memory Usage (462624K) : FORBIDDEN enabled: false
2026-03-28 23:20:04 +0100: Memory Usage (462624K) : RECOMMENDED enabled: false
2026-03-28 23:20:04 +0100: Memory Usage (462624K) : PreCheck DRC enabled: true
2026-03-28 23:20:04 +0100: Memory Usage (462624K) : CONNECTIVITY_RULES enabled: false.
2026-03-28 23:20:04 +0100: Memory Usage (462624K) : Read in polygons from layers.
2026-03-28 23:20:04 +0100: Memory Usage (465440K) : activ_drw has 25251 polygons
2026-03-28 23:20:04 +0100: Memory Usage (465440K) : activ_pin has 0 polygons
2026-03-28 23:20:04 +0100: Memory Usage (465440K) : activ_mask has 0 polygons
2026-03-28 23:20:04 +0100: Memory Usage (465440K) : activ_filler has 22189 polygons
2026-03-28 23:20:04 +0100: Memory Usage (465440K) : activ_nofill has 0 polygons
2026-03-28 23:20:04 +0100: Memory Usage (465440K) : activ_opc has 0 polygons
2026-03-28 23:20:04 +0100: Memory Usage (465440K) : activ_iopc has 0 polygons
2026-03-28 23:20:04 +0100: Memory Usage (465440K) : activ_noqrc has 0 polygons
2026-03-28 23:20:04 +0100: Memory Usage (465440K) : biwind_drw has 0 polygons
2026-03-28 23:20:04 +0100: Memory Usage (465440K) : biwind_opc has 0 polygons
2026-03-28 23:20:04 +0100: Memory Usage (465440K) : pemwind_drw has 0 polygons
2026-03-28 23:20:04 +0100: Memory Usage (465440K) : gatpoly_drw has 23080 polygons
2026-03-28 23:20:04 +0100: Memory Usage (465440K) : gatpoly_pin has 98 polygons
2026-03-28 23:20:04 +0100: Memory Usage (465440K) : gatpoly_filler has 22189 polygons
2026-03-28 23:20:04 +0100: Memory Usage (465440K) : gatpoly_nofill has 0 polygons
2026-03-28 23:20:04 +0100: Memory Usage (465440K) : gatpoly_opc has 0 polygons
2026-03-28 23:20:04 +0100: Memory Usage (465568K) : gatpoly_iopc has 0 polygons
2026-03-28 23:20:04 +0100: Memory Usage (465568K) : gatpoly_noqrc has 0 polygons
2026-03-28 23:20:05 +0100: Memory Usage (478112K) : cont_drw has 2239726 polygons
2026-03-28 23:20:05 +0100: Memory Usage (478112K) : cont_opc has 0 polygons
2026-03-28 23:20:05 +0100: Memory Usage (478112K) : nsd_drw has 84 polygons
2026-03-28 23:20:05 +0100: Memory Usage (478112K) : nsd_block has 0 polygons
2026-03-28 23:20:05 +0100: Memory Usage (478240K) : metal1_drw has 44630 polygons
2026-03-28 23:20:05 +0100: Memory Usage (478240K) : metal1_pin has 17607 polygons
2026-03-28 23:20:05 +0100: Memory Usage (478240K) : metal1_mask has 0 polygons
2026-03-28 23:20:05 +0100: Memory Usage (478240K) : metal1_filler has 27328 polygons
2026-03-28 23:20:05 +0100: Memory Usage (478240K) : metal1_nofill has 0 polygons
2026-03-28 23:20:05 +0100: Memory Usage (478240K) : metal1_slit has 0 polygons
2026-03-28 23:20:05 +0100: Memory Usage (478496K) : metal1_text has 16171 polygons
2026-03-28 23:20:05 +0100: Memory Usage (478496K) : metal1_opc has 0 polygons
2026-03-28 23:20:05 +0100: Memory Usage (478496K) : metal1_noqrc has 0 polygons
2026-03-28 23:20:05 +0100: Memory Usage (478496K) : metal1_res has 0 polygons
2026-03-28 23:20:05 +0100: Memory Usage (478496K) : metal1_iprobe has 0 polygons
2026-03-28 23:20:05 +0100: Memory Usage (478496K) : metal1_diffprb has 0 polygons
2026-03-28 23:20:05 +0100: Memory Usage (478496K) : passiv_drw has 32 polygons
2026-03-28 23:20:05 +0100: Memory Usage (478496K) : passiv_pin has 0 polygons
2026-03-28 23:20:05 +0100: Memory Usage (478496K) : passiv_sbump has 0 polygons
2026-03-28 23:20:05 +0100: Memory Usage (478496K) : passiv_pillar has 0 polygons
2026-03-28 23:20:05 +0100: Memory Usage (478496K) : passiv_pdl has 0 polygons
2026-03-28 23:20:05 +0100: Memory Usage (478496K) : metal2_drw has 20078 polygons
2026-03-28 23:20:05 +0100: Memory Usage (478496K) : metal2_pin has 341 polygons
2026-03-28 23:20:05 +0100: Memory Usage (478496K) : metal2_mask has 0 polygons
2026-03-28 23:20:05 +0100: Memory Usage (478496K) : metal2_filler has 39163 polygons
2026-03-28 23:20:05 +0100: Memory Usage (478496K) : metal2_nofill has 0 polygons
2026-03-28 23:20:05 +0100: Memory Usage (478496K) : metal2_slit has 0 polygons
2026-03-28 23:20:05 +0100: Memory Usage (478496K) : metal2_text has 338 polygons
2026-03-28 23:20:06 +0100: Memory Usage (478496K) : metal2_opc has 0 polygons
2026-03-28 23:20:06 +0100: Memory Usage (478496K) : metal2_noqrc has 0 polygons
2026-03-28 23:20:06 +0100: Memory Usage (478496K) : metal2_res has 0 polygons
2026-03-28 23:20:06 +0100: Memory Usage (478496K) : metal2_iprobe has 0 polygons
2026-03-28 23:20:06 +0100: Memory Usage (478496K) : metal2_diffprb has 0 polygons
2026-03-28 23:20:06 +0100: Memory Usage (478496K) : baspoly_drw has 0 polygons
2026-03-28 23:20:06 +0100: Memory Usage (478496K) : baspoly_pin has 0 polygons
2026-03-28 23:20:06 +0100: Memory Usage (478496K) : psd_drw has 12036 polygons
2026-03-28 23:20:06 +0100: Memory Usage (478496K) : nldb_drw has 0 polygons
2026-03-28 23:20:06 +0100: Memory Usage (478496K) : digibnd_drw has 0 polygons
2026-03-28 23:20:06 +0100: Memory Usage (478496K) : via1_drw has 57652 polygons
2026-03-28 23:20:06 +0100: Memory Usage (478496K) : backmetal1_drw has 0 polygons
2026-03-28 23:20:06 +0100: Memory Usage (478496K) : backmetal1_pin has 0 polygons
2026-03-28 23:20:06 +0100: Memory Usage (478496K) : backmetal1_mask has 0 polygons
2026-03-28 23:20:06 +0100: Memory Usage (478496K) : backmetal1_filler has 0 polygons
2026-03-28 23:20:06 +0100: Memory Usage (478496K) : backmetal1_nofill has 0 polygons
2026-03-28 23:20:06 +0100: Memory Usage (478496K) : backmetal1_slit has 0 polygons
2026-03-28 23:20:06 +0100: Memory Usage (478496K) : backmetal1_text has 0 polygons
2026-03-28 23:20:06 +0100: Memory Usage (478496K) : backmetal1_opc has 0 polygons
2026-03-28 23:20:06 +0100: Memory Usage (478496K) : backmetal1_noqrc has 0 polygons
2026-03-28 23:20:06 +0100: Memory Usage (478496K) : backmetal1_res has 0 polygons
2026-03-28 23:20:06 +0100: Memory Usage (478496K) : backmetal1_iprobe has 0 polygons
2026-03-28 23:20:06 +0100: Memory Usage (478496K) : backmetal1_diffprb has 0 polygons
2026-03-28 23:20:06 +0100: Memory Usage (478496K) : backpassiv_drw has 0 polygons
2026-03-28 23:20:06 +0100: Memory Usage (478496K) : res_drw has 0 polygons
2026-03-28 23:20:06 +0100: Memory Usage (478496K) : sram_drw has 0 polygons
2026-03-28 23:20:06 +0100: Memory Usage (478496K) : trans_drw has 0 polygons
2026-03-28 23:20:06 +0100: Memory Usage (478496K) : ind_drw has 0 polygons
2026-03-28 23:20:06 +0100: Memory Usage (478496K) : ind_pin has 0 polygons
2026-03-28 23:20:06 +0100: Memory Usage (478496K) : ind_text has 0 polygons
2026-03-28 23:20:06 +0100: Memory Usage (478496K) : salblock_drw has 138 polygons
2026-03-28 23:20:06 +0100: Memory Usage (478496K) : via2_drw has 80966 polygons
2026-03-28 23:20:06 +0100: Memory Usage (478496K) : metal3_drw has 8644 polygons
2026-03-28 23:20:06 +0100: Memory Usage (478496K) : metal3_pin has 438 polygons
2026-03-28 23:20:06 +0100: Memory Usage (478496K) : metal3_mask has 0 polygons
2026-03-28 23:20:06 +0100: Memory Usage (478496K) : metal3_filler has 18314 polygons
2026-03-28 23:20:06 +0100: Memory Usage (478496K) : metal3_nofill has 0 polygons
2026-03-28 23:20:06 +0100: Memory Usage (478496K) : metal3_slit has 0 polygons
2026-03-28 23:20:06 +0100: Memory Usage (478496K) : metal3_text has 438 polygons
2026-03-28 23:20:06 +0100: Memory Usage (478496K) : metal3_opc has 0 polygons
2026-03-28 23:20:06 +0100: Memory Usage (478496K) : metal3_noqrc has 0 polygons
2026-03-28 23:20:06 +0100: Memory Usage (478496K) : metal3_res has 0 polygons
2026-03-28 23:20:06 +0100: Memory Usage (478496K) : metal3_iprobe has 0 polygons
2026-03-28 23:20:06 +0100: Memory Usage (478496K) : metal3_diffprb has 0 polygons
2026-03-28 23:20:06 +0100: Memory Usage (478496K) : nwell_drw has 6562 polygons
2026-03-28 23:20:06 +0100: Memory Usage (478496K) : nwell_pin has 330 polygons
2026-03-28 23:20:06 +0100: Memory Usage (478496K) : nbulay_drw has 362 polygons
2026-03-28 23:20:06 +0100: Memory Usage (478496K) : nbulay_pin has 0 polygons
2026-03-28 23:20:06 +0100: Memory Usage (478496K) : nbulay_block has 0 polygons
2026-03-28 23:20:06 +0100: Memory Usage (478496K) : emwind_drw has 0 polygons
2026-03-28 23:20:06 +0100: Memory Usage (478496K) : emwind_opc has 0 polygons
2026-03-28 23:20:06 +0100: Memory Usage (478496K) : deepco_drw has 0 polygons
2026-03-28 23:20:06 +0100: Memory Usage (478496K) : deepco_drw has 0 polygons
2026-03-28 23:20:07 +0100: Memory Usage (478496K) : mim_drw has 37 polygons
2026-03-28 23:20:07 +0100: Memory Usage (478496K) : edgeseal_drw has 24 polygons
2026-03-28 23:20:07 +0100: Memory Usage (478496K) : edgeseal_bound has 1 polygons
2026-03-28 23:20:07 +0100: Memory Usage (478496K) : substrate_drw has 793 polygons
2026-03-28 23:20:07 +0100: Memory Usage (478496K) : substrate_text has 0 polygons
2026-03-28 23:20:07 +0100: Memory Usage (478496K) : dfpad_drw has 20 polygons
2026-03-28 23:20:07 +0100: Memory Usage (478496K) : dfpad_pillar has 0 polygons
2026-03-28 23:20:07 +0100: Memory Usage (478496K) : dfpad_sbump has 0 polygons
2026-03-28 23:20:07 +0100: Memory Usage (478496K) : thickgateox_drw has 136 polygons
2026-03-28 23:20:07 +0100: Memory Usage (478496K) : pldb_drw has 0 polygons
2026-03-28 23:20:07 +0100: Memory Usage (478496K) : pwell_drw has 0 polygons
2026-03-28 23:20:07 +0100: Memory Usage (478496K) : pwell_pin has 0 polygons
2026-03-28 23:20:07 +0100: Memory Usage (478496K) : pwell_block has 0 polygons
2026-03-28 23:20:07 +0100: Memory Usage (478496K) : ic_drw has 0 polygons
2026-03-28 23:20:07 +0100: Memory Usage (478496K) : via3_drw has 57654 polygons
2026-03-28 23:20:07 +0100: Memory Usage (478496K) : metal4_drw has 1391 polygons
2026-03-28 23:20:07 +0100: Memory Usage (478496K) : metal4_pin has 388 polygons
2026-03-28 23:20:07 +0100: Memory Usage (478496K) : metal4_mask has 0 polygons
2026-03-28 23:20:07 +0100: Memory Usage (478496K) : metal4_filler has 19813 polygons
2026-03-28 23:20:07 +0100: Memory Usage (478496K) : metal4_nofill has 0 polygons
2026-03-28 23:20:07 +0100: Memory Usage (478496K) : metal4_slit has 0 polygons
2026-03-28 23:20:07 +0100: Memory Usage (478496K) : metal4_text has 388 polygons
2026-03-28 23:20:07 +0100: Memory Usage (478496K) : metal4_opc has 0 polygons
2026-03-28 23:20:07 +0100: Memory Usage (478496K) : metal4_noqrc has 0 polygons
2026-03-28 23:20:07 +0100: Memory Usage (478496K) : metal4_res has 0 polygons
2026-03-28 23:20:07 +0100: Memory Usage (478496K) : metal4_iprobe has 0 polygons
2026-03-28 23:20:07 +0100: Memory Usage (478496K) : metal4_diffprb has 0 polygons
2026-03-28 23:20:07 +0100: Memory Usage (478496K) : heattrans_drw has 164 polygons
2026-03-28 23:20:07 +0100: Memory Usage (478496K) : heatres_drw has 138 polygons
2026-03-28 23:20:07 +0100: Memory Usage (478496K) : pempoly_drw has 0 polygons
2026-03-28 23:20:07 +0100: Memory Usage (478496K) : fbe_drw has 0 polygons
2026-03-28 23:20:07 +0100: Memory Usage (478496K) : empoly_drw has 0 polygons
2026-03-28 23:20:07 +0100: Memory Usage (478496K) : ldmos_drw has 0 polygons
2026-03-28 23:20:07 +0100: Memory Usage (478496K) : pbiwind_drw has 0 polygons
2026-03-28 23:20:07 +0100: Memory Usage (478496K) : digisub_drw has 0 polygons
2026-03-28 23:20:07 +0100: Memory Usage (478496K) : nodrc_drw has 0 polygons
2026-03-28 23:20:07 +0100: Memory Usage (478496K) : text_drw has 1223 polygons
2026-03-28 23:20:07 +0100: Memory Usage (478496K) : via4_drw has 62950 polygons
2026-03-28 23:20:07 +0100: Memory Usage (478496K) : metal5_drw has 2215 polygons
2026-03-28 23:20:07 +0100: Memory Usage (478496K) : metal5_pin has 384 polygons
2026-03-28 23:20:07 +0100: Memory Usage (478496K) : metal5_mask has 0 polygons
2026-03-28 23:20:07 +0100: Memory Usage (478496K) : metal5_filler has 19661 polygons
2026-03-28 23:20:07 +0100: Memory Usage (478496K) : metal5_nofill has 0 polygons
2026-03-28 23:20:08 +0100: Memory Usage (478496K) : metal5_slit has 0 polygons
2026-03-28 23:20:08 +0100: Memory Usage (478496K) : metal5_text has 384 polygons
2026-03-28 23:20:08 +0100: Memory Usage (478496K) : metal5_opc has 0 polygons
2026-03-28 23:20:08 +0100: Memory Usage (478496K) : metal5_noqrc has 0 polygons
2026-03-28 23:20:08 +0100: Memory Usage (478496K) : metal5_res has 0 polygons
2026-03-28 23:20:08 +0100: Memory Usage (478496K) : metal5_iprobe has 0 polygons
2026-03-28 23:20:08 +0100: Memory Usage (478496K) : metal5_diffprb has 0 polygons
2026-03-28 23:20:08 +0100: Memory Usage (478496K) : radhard_drw has 0 polygons
2026-03-28 23:20:08 +0100: Memory Usage (478496K) : memcap_drw has 0 polygons
2026-03-28 23:20:08 +0100: Memory Usage (478496K) : varicap_drw has 0 polygons
2026-03-28 23:20:08 +0100: Memory Usage (478496K) : flash_drw has 0 polygons
2026-03-28 23:20:08 +0100: Memory Usage (478496K) : intbondvia_drw has 0 polygons
2026-03-28 23:20:08 +0100: Memory Usage (478496K) : intbondmet_drw has 0 polygons
2026-03-28 23:20:08 +0100: Memory Usage (478496K) : devbondvia_drw has 0 polygons
2026-03-28 23:20:08 +0100: Memory Usage (478496K) : devbondmet_drw has 0 polygons
2026-03-28 23:20:08 +0100: Memory Usage (478496K) : devtrench_drw has 0 polygons
2026-03-28 23:20:08 +0100: Memory Usage (478496K) : redist_drw has 0 polygons
2026-03-28 23:20:08 +0100: Memory Usage (478496K) : graphbot_drw has 0 polygons
2026-03-28 23:20:08 +0100: Memory Usage (478496K) : graphtop_drw has 0 polygons
2026-03-28 23:20:08 +0100: Memory Usage (478496K) : antvia1_drw has 0 polygons
2026-03-28 23:20:08 +0100: Memory Usage (478496K) : antmetal2_drw has 0 polygons
2026-03-28 23:20:08 +0100: Memory Usage (478496K) : graphcont_drw has 0 polygons
2026-03-28 23:20:08 +0100: Memory Usage (478496K) : siwg_drw has 0 polygons
2026-03-28 23:20:08 +0100: Memory Usage (478496K) : siwg_filler has 0 polygons
2026-03-28 23:20:08 +0100: Memory Usage (478496K) : siwg_nofill has 0 polygons
2026-03-28 23:20:08 +0100: Memory Usage (478496K) : sigrating_drw has 0 polygons
2026-03-28 23:20:08 +0100: Memory Usage (478496K) : singrating_drw has 0 polygons
2026-03-28 23:20:08 +0100: Memory Usage (478496K) : graphpas_drw has 0 polygons
2026-03-28 23:20:08 +0100: Memory Usage (478496K) : emwind3_drw has 0 polygons
2026-03-28 23:20:08 +0100: Memory Usage (478496K) : emwihv3_drw has 0 polygons
2026-03-28 23:20:08 +0100: Memory Usage (478496K) : redbulay_drw has 0 polygons
2026-03-28 23:20:08 +0100: Memory Usage (478496K) : smos_drw has 0 polygons
2026-03-28 23:20:08 +0100: Memory Usage (478496K) : graphpad_drw has 0 polygons
2026-03-28 23:20:08 +0100: Memory Usage (478496K) : polimide_drw has 0 polygons
2026-03-28 23:20:08 +0100: Memory Usage (478496K) : polimide_pin has 0 polygons
2026-03-28 23:20:08 +0100: Memory Usage (478496K) : recog_drw has 0 polygons
2026-03-28 23:20:08 +0100: Memory Usage (478496K) : recog_pin has 0 polygons
2026-03-28 23:20:08 +0100: Memory Usage (478496K) : recog_esd has 0 polygons
2026-03-28 23:20:08 +0100: Memory Usage (478496K) : recog_diode has 110 polygons
2026-03-28 23:20:08 +0100: Memory Usage (478496K) : recog_tsv has 0 polygons
2026-03-28 23:20:08 +0100: Memory Usage (478496K) : recog_iprobe has 0 polygons
2026-03-28 23:20:08 +0100: Memory Usage (478496K) : recog_diffprb has 0 polygons
2026-03-28 23:20:08 +0100: Memory Usage (478496K) : recog_pillar has 0 polygons
2026-03-28 23:20:08 +0100: Memory Usage (478496K) : recog_sbump has 0 polygons
2026-03-28 23:20:08 +0100: Memory Usage (478496K) : recog_otp has 0 polygons
2026-03-28 23:20:08 +0100: Memory Usage (478496K) : recog_pdiode has 0 polygons
2026-03-28 23:20:08 +0100: Memory Usage (478752K) : recog_mom has 0 polygons
2026-03-28 23:20:08 +0100: Memory Usage (478752K) : recog_pcm has 0 polygons
2026-03-28 23:20:08 +0100: Memory Usage (478752K) : colopen_drw has 0 polygons
2026-03-28 23:20:08 +0100: Memory Usage (478752K) : graphmetal1_drw has 0 polygons
2026-03-28 23:20:08 +0100: Memory Usage (478752K) : graphmetal1_filler has 0 polygons
2026-03-28 23:20:08 +0100: Memory Usage (478752K) : graphmetal1_nofill has 0 polygons
2026-03-28 23:20:08 +0100: Memory Usage (478752K) : graphmetal1_slit has 0 polygons
2026-03-28 23:20:08 +0100: Memory Usage (478752K) : graphmetal1_opc has 0 polygons
2026-03-28 23:20:08 +0100: Memory Usage (478880K) : graphmet1l_drw has 0 polygons
2026-03-28 23:20:08 +0100: Memory Usage (478880K) : graphmet1l_filler has 0 polygons
2026-03-28 23:20:08 +0100: Memory Usage (479008K) : graphmet1l_nofill has 0 polygons
2026-03-28 23:20:08 +0100: Memory Usage (479008K) : graphmet1l_slit has 0 polygons
2026-03-28 23:20:08 +0100: Memory Usage (479008K) : graphmet1l_opc has 0 polygons
2026-03-28 23:20:08 +0100: Memory Usage (479136K) : extblock_drw has 390 polygons
2026-03-28 23:20:08 +0100: Memory Usage (479136K) : nldd_drw has 0 polygons
2026-03-28 23:20:08 +0100: Memory Usage (479264K) : pldd_drw has 0 polygons
2026-03-28 23:20:08 +0100: Memory Usage (479264K) : next_drw has 0 polygons
2026-03-28 23:20:08 +0100: Memory Usage (479264K) : pext_drw has 0 polygons
2026-03-28 23:20:08 +0100: Memory Usage (479392K) : nexthv_drw has 0 polygons
2026-03-28 23:20:08 +0100: Memory Usage (479392K) : pexthv_drw has 0 polygons
2026-03-28 23:20:08 +0100: Memory Usage (479520K) : graphgate_drw has 0 polygons
2026-03-28 23:20:08 +0100: Memory Usage (479520K) : sinwg_drw has 0 polygons
2026-03-28 23:20:08 +0100: Memory Usage (479520K) : sinwg_filler has 0 polygons
2026-03-28 23:20:08 +0100: Memory Usage (479648K) : sinwg_nofill has 0 polygons
2026-03-28 23:20:08 +0100: Memory Usage (479648K) : mempad_drw has 0 polygons
2026-03-28 23:20:08 +0100: Memory Usage (480160K) : topvia1_drw has 54193 polygons
2026-03-28 23:20:08 +0100: Memory Usage (480160K) : topmetal1_drw has 1821 polygons
2026-03-28 23:20:08 +0100: Memory Usage (480160K) : topmetal1_pin has 406 polygons
2026-03-28 23:20:08 +0100: Memory Usage (480160K) : topmetal1_mask has 0 polygons
2026-03-28 23:20:08 +0100: Memory Usage (480160K) : topmetal1_filler has 0 polygons
2026-03-28 23:20:08 +0100: Memory Usage (480160K) : topmetal1_nofill has 2 polygons
2026-03-28 23:20:08 +0100: Memory Usage (480160K) : topmetal1_slit has 0 polygons
2026-03-28 23:20:08 +0100: Memory Usage (480160K) : topmetal1_text has 387 polygons
2026-03-28 23:20:08 +0100: Memory Usage (480160K) : topmetal1_noqrc has 0 polygons
2026-03-28 23:20:08 +0100: Memory Usage (480160K) : topmetal1_res has 0 polygons
2026-03-28 23:20:08 +0100: Memory Usage (480160K) : topmetal1_iprobe has 0 polygons
2026-03-28 23:20:08 +0100: Memory Usage (480160K) : topmetal1_diffprb has 0 polygons
2026-03-28 23:20:08 +0100: Memory Usage (480160K) : inldpwl_drw has 0 polygons
2026-03-28 23:20:08 +0100: Memory Usage (480160K) : polyres_drw has 188 polygons
2026-03-28 23:20:08 +0100: Memory Usage (480160K) : polyres_pin has 0 polygons
2026-03-28 23:20:08 +0100: Memory Usage (480160K) : vmim_drw has 11225 polygons
2026-03-28 23:20:08 +0100: Memory Usage (480160K) : nbulaycut_drw has 0 polygons
2026-03-28 23:20:08 +0100: Memory Usage (480160K) : antmetal1_drw has 0 polygons
2026-03-28 23:20:08 +0100: Memory Usage (480160K) : topvia2_drw has 32999 polygons
2026-03-28 23:20:08 +0100: Memory Usage (480160K) : topmetal2_drw has 658 polygons
2026-03-28 23:20:08 +0100: Memory Usage (480160K) : topmetal2_pin has 296 polygons
2026-03-28 23:20:08 +0100: Memory Usage (480160K) : topmetal2_mask has 0 polygons
2026-03-28 23:20:08 +0100: Memory Usage (480160K) : topmetal2_filler has 0 polygons
2026-03-28 23:20:08 +0100: Memory Usage (480160K) : topmetal2_nofill has 2 polygons
2026-03-28 23:20:08 +0100: Memory Usage (480160K) : topmetal2_slit has 0 polygons
2026-03-28 23:20:09 +0100: Memory Usage (480160K) : topmetal2_text has 289 polygons
2026-03-28 23:20:09 +0100: Memory Usage (480160K) : topmetal2_noqrc has 0 polygons
2026-03-28 23:20:09 +0100: Memory Usage (480160K) : topmetal2_res has 0 polygons
2026-03-28 23:20:09 +0100: Memory Usage (480160K) : topmetal2_iprobe has 0 polygons
2026-03-28 23:20:09 +0100: Memory Usage (480160K) : topmetal2_diffprb has 0 polygons
2026-03-28 23:20:09 +0100: Memory Usage (480160K) : snsring_drw has 0 polygons
2026-03-28 23:20:09 +0100: Memory Usage (480160K) : sensor_drw has 0 polygons
2026-03-28 23:20:09 +0100: Memory Usage (480160K) : snsarms_drw has 0 polygons
2026-03-28 23:20:09 +0100: Memory Usage (480160K) : snscmosvia_drw has 0 polygons
2026-03-28 23:20:09 +0100: Memory Usage (480160K) : colwind_drw has 0 polygons
2026-03-28 23:20:09 +0100: Memory Usage (480160K) : flm_drw has 0 polygons
2026-03-28 23:20:09 +0100: Memory Usage (480160K) : hafniumox_drw has 0 polygons
2026-03-28 23:20:09 +0100: Memory Usage (480160K) : memvia_drw has 0 polygons
2026-03-28 23:20:09 +0100: Memory Usage (480160K) : thinfilmres_drw has 0 polygons
2026-03-28 23:20:09 +0100: Memory Usage (480160K) : rfmem_drw has 0 polygons
2026-03-28 23:20:09 +0100: Memory Usage (480160K) : norcx_drw has 0 polygons
2026-03-28 23:20:09 +0100: Memory Usage (480160K) : norcx_m2m3 has 0 polygons
2026-03-28 23:20:09 +0100: Memory Usage (480160K) : norcx_m2m4 has 0 polygons
2026-03-28 23:20:09 +0100: Memory Usage (480160K) : norcx_m2m5 has 0 polygons
2026-03-28 23:20:09 +0100: Memory Usage (480160K) : norcx_m2tm1 has 0 polygons
2026-03-28 23:20:09 +0100: Memory Usage (480160K) : norcx_m2tm2 has 0 polygons
2026-03-28 23:20:09 +0100: Memory Usage (480160K) : norcx_m3m4 has 0 polygons
2026-03-28 23:20:09 +0100: Memory Usage (480160K) : norcx_m3m5 has 0 polygons
2026-03-28 23:20:09 +0100: Memory Usage (480160K) : norcx_m3tm1 has 0 polygons
2026-03-28 23:20:09 +0100: Memory Usage (480160K) : norcx_m3tm2 has 0 polygons
2026-03-28 23:20:09 +0100: Memory Usage (480160K) : norcx_m4m5 has 0 polygons
2026-03-28 23:20:09 +0100: Memory Usage (480160K) : norcx_m4tm1 has 0 polygons
2026-03-28 23:20:09 +0100: Memory Usage (480160K) : norcx_m4tm2 has 0 polygons
2026-03-28 23:20:09 +0100: Memory Usage (480160K) : norcx_m5tm1 has 0 polygons
2026-03-28 23:20:09 +0100: Memory Usage (480160K) : norcx_m5tm2 has 0 polygons
2026-03-28 23:20:09 +0100: Memory Usage (480160K) : norcx_tm1tm2 has 0 polygons
2026-03-28 23:20:09 +0100: Memory Usage (480160K) : norcx_m1sub has 0 polygons
2026-03-28 23:20:09 +0100: Memory Usage (480160K) : norcx_m2sub has 0 polygons
2026-03-28 23:20:09 +0100: Memory Usage (480160K) : norcx_m3sub has 0 polygons
2026-03-28 23:20:09 +0100: Memory Usage (480160K) : norcx_m4sub has 0 polygons
2026-03-28 23:20:09 +0100: Memory Usage (480160K) : norcx_m5sub has 0 polygons
2026-03-28 23:20:09 +0100: Memory Usage (480160K) : norcx_tm1sub has 0 polygons
2026-03-28 23:20:09 +0100: Memory Usage (480160K) : norcx_tm2sub has 0 polygons
2026-03-28 23:20:09 +0100: Memory Usage (480160K) : snsbotvia_drw has 0 polygons
2026-03-28 23:20:09 +0100: Memory Usage (480160K) : snstopvia_drw has 0 polygons
2026-03-28 23:20:09 +0100: Memory Usage (480160K) : deepvia_drw has 0 polygons
2026-03-28 23:20:09 +0100: Memory Usage (480160K) : fgetch_drw has 0 polygons
2026-03-28 23:20:09 +0100: Memory Usage (480160K) : ctrgat_drw has 0 polygons
2026-03-28 23:20:09 +0100: Memory Usage (480160K) : fgimp_drw has 0 polygons
2026-03-28 23:20:09 +0100: Memory Usage (480160K) : emwihv_drw has 0 polygons
2026-03-28 23:20:09 +0100: Memory Usage (480160K) : lbe_drw has 0 polygons
2026-03-28 23:20:09 +0100: Memory Usage (480160K) : alcustop_drw has 0 polygons
2026-03-28 23:20:09 +0100: Memory Usage (480160K) : nometfiller_drw has 1 polygons
2026-03-28 23:20:09 +0100: Memory Usage (480160K) : prboundary_drw has 0 polygons
2026-03-28 23:20:09 +0100: Memory Usage (480160K) : exchange0_drw has 0 polygons
2026-03-28 23:20:09 +0100: Memory Usage (480160K) : exchange0_pin has 0 polygons
2026-03-28 23:20:09 +0100: Memory Usage (480160K) : exchange0_text has 0 polygons
2026-03-28 23:20:09 +0100: Memory Usage (480160K) : exchange1_drw has 0 polygons
2026-03-28 23:20:09 +0100: Memory Usage (480160K) : exchange1_pin has 0 polygons
2026-03-28 23:20:09 +0100: Memory Usage (480160K) : exchange1_text has 0 polygons
2026-03-28 23:20:09 +0100: Memory Usage (480160K) : exchange2_drw has 0 polygons
2026-03-28 23:20:09 +0100: Memory Usage (480160K) : exchange2_pin has 0 polygons
2026-03-28 23:20:09 +0100: Memory Usage (480160K) : exchange2_text has 0 polygons
2026-03-28 23:20:09 +0100: Memory Usage (480160K) : exchange3_drw has 0 polygons
2026-03-28 23:20:09 +0100: Memory Usage (480160K) : exchange3_pin has 0 polygons
2026-03-28 23:20:09 +0100: Memory Usage (480160K) : exchange3_text has 0 polygons
2026-03-28 23:20:09 +0100: Memory Usage (480160K) : exchange4_drw has 0 polygons
2026-03-28 23:20:09 +0100: Memory Usage (480160K) : exchange4_pin has 0 polygons
2026-03-28 23:20:09 +0100: Memory Usage (480160K) : exchange4_text has 0 polygons
2026-03-28 23:20:09 +0100: Memory Usage (480160K) : isonwell_drw has 0 polygons
2026-03-28 23:20:09 +0100: Memory Usage (480160K) : Total no. of polygons in the design is 2954916
2026-03-28 23:20:09 +0100: Memory Usage (480160K) : Loaded TECH DRC rules values from /foss/pdks/ihp-sg13g2/libs.tech/klayout/python/sg13g2_pycell_lib/sg13g2_tech_mod.json
2026-03-28 23:20:09 +0100: Memory Usage (480160K) : Loaded default DRC rules values from /foss/pdks/ihp-sg13g2/libs.tech/klayout/tech/drc/rule_decks/sg13g2_tech_default.json
2026-03-28 23:20:09 +0100: Memory Usage (480160K) : The following rules values were missing in tech json and default values were used:
2026-03-28 23:20:09 +0100: Memory Usage (480160K) :   - Cnt_c_digibnd
2026-03-28 23:20:09 +0100: Memory Usage (481696K) : Total area of the design is 1210000.0 um^2.
2026-03-28 23:20:09 +0100: Memory Usage (481696K) : The design dimensions are 1100.0 µm * 1100.0 µm.
2026-03-28 23:20:09 +0100: Memory Usage (481696K) : Starting general IHP-SG13G2 derivations.
2026-03-28 23:20:09 +0100: Memory Usage (481696K) : Starting Pwell derivations
2026-03-28 23:20:09 +0100: Memory Usage (487708K) : Starting IHP-SG13G2 DRC rules.
2026-03-28 23:20:09 +0100: Memory Usage (487708K) : Starting 5.9 GatPoly:filler
2026-03-28 23:20:10 +0100: Memory Usage (525852K) : Tiling mode is enabled for GatPoly:filler table.
2026-03-28 23:20:10 +0100: Memory Usage (525852K) : Executing rule GFil.d
2026-03-28 23:20:14 +0100: Memory Usage (578760K) : deep mode is enabled after GatPoly:filler table.
2026-03-28 23:20:14 +0100: Memory Usage (578760K) : KLayout DRC run for tables 'gatpolyfiller' completed in 11.24 seconds
