# Logfile created on 2026-03-29 22:05:04 +0200 by logger.rb/v1.5.3
2026-03-29 22:05:04 +0200: Memory Usage (434892K) : Starting running IHP-SG13G2 Klayout DRC Density runset on /foss/designs/top/IHP_3421.gds
2026-03-29 22:05:04 +0200: Memory Usage (434892K) : Ruby Version for klayout: 3.2.3
2026-03-29 22:05:05 +0200: Memory Usage (460748K) : Loading database to memory is complete.
2026-03-29 22:05:05 +0200: Memory Usage (460748K) : IHP-SG13G2 Klayout DRC Density runset output at: /foss/designs/top/drc_run_2026_03_29_20_04_57/IHP_3421_SoC3421_density.lyrdb
2026-03-29 22:05:05 +0200: Memory Usage (460748K) : Evaluate switches.
2026-03-29 22:05:05 +0200: Memory Usage (460748K) : KLayout will use 32 thread(s) in tiling mode.
2026-03-29 22:05:05 +0200: Memory Usage (460748K) : Deep mode enabled: reading layers and preparing general derivations.
2026-03-29 22:05:05 +0200: Memory Usage (460748K) : PreCheck DRC enabled: true
2026-03-29 22:05:05 +0200: Memory Usage (460748K) : Read in polygons from layers.
2026-03-29 22:05:05 +0200: Memory Usage (462796K) : activ_drw has 25251 polygons
2026-03-29 22:05:05 +0200: Memory Usage (462796K) : activ_mask has 0 polygons
2026-03-29 22:05:05 +0200: Memory Usage (462796K) : activ_filler has 22189 polygons
2026-03-29 22:05:05 +0200: Memory Usage (462796K) : gatpoly_drw has 23080 polygons
2026-03-29 22:05:05 +0200: Memory Usage (462796K) : gatpoly_filler has 22189 polygons
2026-03-29 22:05:05 +0200: Memory Usage (462924K) : metal1_drw has 44630 polygons
2026-03-29 22:05:05 +0200: Memory Usage (462924K) : metal1_filler has 27328 polygons
2026-03-29 22:05:05 +0200: Memory Usage (462924K) : metal1_slit has 0 polygons
2026-03-29 22:05:05 +0200: Memory Usage (463308K) : metal2_drw has 20078 polygons
2026-03-29 22:05:05 +0200: Memory Usage (463308K) : metal2_filler has 39163 polygons
2026-03-29 22:05:05 +0200: Memory Usage (463308K) : metal2_slit has 0 polygons
2026-03-29 22:05:05 +0200: Memory Usage (463308K) : metal3_drw has 8644 polygons
2026-03-29 22:05:05 +0200: Memory Usage (463308K) : metal3_filler has 18314 polygons
2026-03-29 22:05:05 +0200: Memory Usage (463308K) : metal3_slit has 0 polygons
2026-03-29 22:05:05 +0200: Memory Usage (463436K) : metal4_drw has 1391 polygons
2026-03-29 22:05:05 +0200: Memory Usage (463436K) : metal4_filler has 19813 polygons
2026-03-29 22:05:05 +0200: Memory Usage (463436K) : metal4_slit has 0 polygons
2026-03-29 22:05:05 +0200: Memory Usage (463564K) : metal5_drw has 2215 polygons
2026-03-29 22:05:05 +0200: Memory Usage (463564K) : metal5_filler has 19661 polygons
2026-03-29 22:05:05 +0200: Memory Usage (463564K) : metal5_slit has 0 polygons
2026-03-29 22:05:05 +0200: Memory Usage (463564K) : topmetal1_drw has 1821 polygons
2026-03-29 22:05:05 +0200: Memory Usage (463564K) : topmetal1_filler has 0 polygons
2026-03-29 22:05:05 +0200: Memory Usage (463564K) : topmetal1_slit has 0 polygons
2026-03-29 22:05:05 +0200: Memory Usage (463564K) : topmetal2_drw has 751 polygons
2026-03-29 22:05:05 +0200: Memory Usage (463564K) : topmetal2_filler has 0 polygons
2026-03-29 22:05:05 +0200: Memory Usage (463564K) : topmetal2_slit has 0 polygons
2026-03-29 22:05:05 +0200: Memory Usage (463564K) : lbe_drw has 0 polygons
2026-03-29 22:05:05 +0200: Memory Usage (463564K) : Loaded TECH DRC rules values from /foss/pdks/ihp-sg13g2/libs.tech/klayout/python/sg13g2_pycell_lib/sg13g2_tech_mod.json
2026-03-29 22:05:05 +0200: Memory Usage (463564K) : Loaded default DRC rules values from /foss/pdks/ihp-sg13g2/libs.tech/klayout/tech/drc/rule_decks/sg13g2_tech_default.json
2026-03-29 22:05:05 +0200: Memory Usage (463564K) : The following rules values were missing in tech json and default values were used:
2026-03-29 22:05:05 +0200: Memory Usage (463564K) :   - Cnt_c_digibnd
2026-03-29 22:05:05 +0200: Memory Usage (465228K) : Total area of the design is 1210000.0 um^2.
2026-03-29 22:05:05 +0200: Memory Usage (465228K) : Starting density IHP-SG13G2 derivations.
2026-03-29 22:05:06 +0200: Memory Usage (465228K) : Starting IHP-SG13G2 DENSITY DRC rules.
2026-03-29 22:05:06 +0200: Memory Usage (465228K) : Tiling mode enabled: executing rules with chip tiling applied.
2026-03-29 22:05:06 +0200: Memory Usage (465228K) : Computing activ area and density...
2026-03-29 22:05:06 +0200: Memory Usage (482252K) : Executing rule AFil.g
2026-03-29 22:05:06 +0200: Memory Usage (482252K) : Executing rule AFil.g1
2026-03-29 22:05:06 +0200: Memory Usage (482252K) : Executing rule AFil.g2
2026-03-29 22:05:07 +0200: Memory Usage (528076K) : Executing rule AFil.g3
2026-03-29 22:05:08 +0200: Memory Usage (542924K) : Computing poly area and density...
2026-03-29 22:05:09 +0200: Memory Usage (552392K) : Executing rule GFil.g
2026-03-29 22:05:09 +0200: Memory Usage (552392K) : Computing metal1 area and density...
2026-03-29 22:05:11 +0200: Memory Usage (569100K) : Executing rule M1.j
2026-03-29 22:05:11 +0200: Memory Usage (569100K) : Executing rule M1.k
2026-03-29 22:05:11 +0200: Memory Usage (569100K) : Computing metal2 area and density...
2026-03-29 22:05:12 +0200: Memory Usage (579852K) : Computing metal3 area and density...
2026-03-29 22:05:13 +0200: Memory Usage (583172K) : Computing metal4 area and density...
2026-03-29 22:05:13 +0200: Memory Usage (583680K) : Computing metal5 area and density...
2026-03-29 22:05:13 +0200: Memory Usage (585728K) : Executing rule M2.j
2026-03-29 22:05:13 +0200: Memory Usage (585728K) : Executing rule M2.k
2026-03-29 22:05:13 +0200: Memory Usage (585728K) : Executing rule M3.j
2026-03-29 22:05:13 +0200: Memory Usage (585728K) : Executing rule M3.k
2026-03-29 22:05:13 +0200: Memory Usage (585728K) : Executing rule M4.j
2026-03-29 22:05:13 +0200: Memory Usage (585728K) : Executing rule M4.k
2026-03-29 22:05:13 +0200: Memory Usage (585728K) : Executing rule M5.j
2026-03-29 22:05:13 +0200: Memory Usage (585728K) : Executing rule M5.k
2026-03-29 22:05:13 +0200: Memory Usage (585728K) : Executing rule M1Fil.h
2026-03-29 22:05:15 +0200: Memory Usage (612396K) : Executing rule M1Fil.k
2026-03-29 22:05:16 +0200: Memory Usage (585956K) : Executing rule M2Fil.h
2026-03-29 22:05:16 +0200: Memory Usage (611044K) : Executing rule M2Fil.k
2026-03-29 22:05:17 +0200: Memory Usage (644964K) : Executing rule M3Fil.h
2026-03-29 22:05:17 +0200: Memory Usage (657120K) : Executing rule M3Fil.k
2026-03-29 22:05:17 +0200: Memory Usage (660696K) : Executing rule M4Fil.h
2026-03-29 22:05:17 +0200: Memory Usage (666580K) : Executing rule M4Fil.k
2026-03-29 22:05:17 +0200: Memory Usage (669140K) : Executing rule M5Fil.h
2026-03-29 22:05:18 +0200: Memory Usage (674260K) : Executing rule M5Fil.k
2026-03-29 22:05:18 +0200: Memory Usage (676564K) : Computing TopMetal1 area and density...
2026-03-29 22:05:18 +0200: Memory Usage (676692K) : Executing rule TM1.c
2026-03-29 22:05:18 +0200: Memory Usage (676692K) : Executing rule TM1.d
2026-03-29 22:05:18 +0200: Memory Usage (676692K) : Computing TopMetal2 area and density...
2026-03-29 22:05:18 +0200: Memory Usage (676944K) : Executing rule TM2.c
2026-03-29 22:05:18 +0200: Memory Usage (676944K) : Executing rule TM2.d
2026-03-29 22:05:18 +0200: Memory Usage (676944K) : Computing LBE area and density...
2026-03-29 22:05:18 +0200: Memory Usage (676812K) : Executing rule LBE.i
2026-03-29 22:05:18 +0200: Memory Usage (676812K) : ##################################################
2026-03-29 22:05:18 +0200: Memory Usage (676812K) :                  Density Report                 #
2026-03-29 22:05:18 +0200: Memory Usage (676812K) : ##################################################
2026-03-29 22:05:18 +0200: Memory Usage (676812K) : 
2026-03-29 22:05:18 +0200: Memory Usage (676812K) : Layer areas and percentages (units: um^2)
2026-03-29 22:05:18 +0200: Memory Usage (676812K) : --------------------------------------------------
2026-03-29 22:05:18 +0200: Memory Usage (676812K) : 
2026-03-29 22:05:18 +0200: Memory Usage (676812K) : Total Area     = 1210000.00 um^2
2026-03-29 22:05:18 +0200: Memory Usage (676812K) : 
2026-03-29 22:05:18 +0200: Memory Usage (676812K) : Activ      Area      = 591039.12 µm²
2026-03-29 22:05:18 +0200: Memory Usage (676812K) : Activ      Density % = 48.85%  [Min = 35.00%,  Max = 55.00%]
2026-03-29 22:05:18 +0200: Memory Usage (676812K) : 
2026-03-29 22:05:18 +0200: Memory Usage (676812K) : GatPoly    Area      = 181646.17 µm²
2026-03-29 22:05:18 +0200: Memory Usage (676812K) : GatPoly    Density % = 15.01%  [Min = 15.00%]
2026-03-29 22:05:18 +0200: Memory Usage (676812K) : 
2026-03-29 22:05:18 +0200: Memory Usage (676812K) : Metal1     Area      = 597911.70 µm²
2026-03-29 22:05:18 +0200: Memory Usage (676812K) : Metal1     Density % = 49.41%  [Min = 35.00%,  Max = 60.00%]
2026-03-29 22:05:18 +0200: Memory Usage (676812K) : 
2026-03-29 22:05:18 +0200: Memory Usage (676812K) : Metal2     Area      = 468990.02 µm²
2026-03-29 22:05:18 +0200: Memory Usage (676812K) : Metal2     Density % = 38.76%  [Min = 35.00%,  Max = 60.00%]
2026-03-29 22:05:18 +0200: Memory Usage (676812K) : 
2026-03-29 22:05:18 +0200: Memory Usage (676812K) : Metal3     Area      = 603344.94 µm²
2026-03-29 22:05:18 +0200: Memory Usage (676812K) : Metal3     Density % = 49.86%  [Min = 35.00%,  Max = 60.00%]
2026-03-29 22:05:18 +0200: Memory Usage (676812K) : 
2026-03-29 22:05:18 +0200: Memory Usage (676812K) : Metal4     Area      = 617673.49 µm²
2026-03-29 22:05:18 +0200: Memory Usage (676812K) : Metal4     Density % = 51.05%  [Min = 35.00%,  Max = 60.00%]
2026-03-29 22:05:18 +0200: Memory Usage (676812K) : 
2026-03-29 22:05:18 +0200: Memory Usage (676812K) : Metal5     Area      = 642142.29 µm²
2026-03-29 22:05:18 +0200: Memory Usage (676812K) : Metal5     Density % = 53.07%  [Min = 35.00%,  Max = 60.00%]
2026-03-29 22:05:18 +0200: Memory Usage (676812K) : 
2026-03-29 22:05:18 +0200: Memory Usage (676812K) : TopMetal1  Area      = 453254.50 µm²
2026-03-29 22:05:18 +0200: Memory Usage (676812K) : TopMetal1  Density % = 37.46%  [Min = 25.00%,  Max = 70.00%]
2026-03-29 22:05:18 +0200: Memory Usage (676812K) : 
2026-03-29 22:05:18 +0200: Memory Usage (676812K) : TopMetal2  Area      = 418596.85 µm²
2026-03-29 22:05:18 +0200: Memory Usage (676812K) : TopMetal2  Density % = 34.59%  [Min = 25.00%,  Max = 70.00%]
2026-03-29 22:05:18 +0200: Memory Usage (676812K) : 
2026-03-29 22:05:18 +0200: Memory Usage (676812K) : LBE        Area      =  0.00 µm²
2026-03-29 22:05:18 +0200: Memory Usage (676812K) : LBE        Density % =  0.00%  [Max = 70.00%]
2026-03-29 22:05:18 +0200: Memory Usage (676812K) : 
2026-03-29 22:05:18 +0200: Memory Usage (676812K) : KLayout DRC run for density table completed in 13.83 seconds
