# Logfile created on 2026-03-29 22:05:04 +0200 by logger.rb/v1.5.3
2026-03-29 22:05:04 +0200: Memory Usage (437692K) : Starting running IHP-SG13G2 KLayout DRC runset on /foss/designs/top/IHP_3421.gds
2026-03-29 22:05:04 +0200: Memory Usage (437692K) : Ruby Version for klayout: 3.2.3
2026-03-29 22:05:04 +0200: Memory Usage (462140K) : Loading database to memory is complete.
2026-03-29 22:05:04 +0200: Memory Usage (462140K) : IHP-SG13G2 KLayout DRC runset output at: /foss/designs/top/drc_run_2026_03_29_20_04_57/IHP_3421_SoC3421_nbulay.lyrdb
2026-03-29 22:05:04 +0200: Memory Usage (462268K) : Evaluate switches.
2026-03-29 22:05:04 +0200: Memory Usage (462268K) : tables selected: nbulay
2026-03-29 22:05:04 +0200: Memory Usage (462268K) : KLayout will use 32 thread(s) in tiling mode.
2026-03-29 22:05:04 +0200: Memory Usage (462268K) : deep mode is enabled.
2026-03-29 22:05:04 +0200: Memory Usage (462268K) : FEOL enabled: false
2026-03-29 22:05:04 +0200: Memory Usage (462268K) : BEOL enabled: false
2026-03-29 22:05:04 +0200: Memory Usage (462268K) : OFFGRID enabled: false
2026-03-29 22:05:04 +0200: Memory Usage (462268K) : PIN enabled: false
2026-03-29 22:05:04 +0200: Memory Usage (462268K) : FORBIDDEN enabled: false
2026-03-29 22:05:04 +0200: Memory Usage (462268K) : RECOMMENDED enabled: false
2026-03-29 22:05:04 +0200: Memory Usage (462268K) : PreCheck DRC enabled: true
2026-03-29 22:05:04 +0200: Memory Usage (462268K) : CONNECTIVITY_RULES enabled: true.
2026-03-29 22:05:04 +0200: Memory Usage (462268K) : Read in polygons from layers.
2026-03-29 22:05:04 +0200: Memory Usage (464316K) : activ_drw has 25251 polygons
2026-03-29 22:05:04 +0200: Memory Usage (464316K) : activ_pin has 0 polygons
2026-03-29 22:05:04 +0200: Memory Usage (464316K) : activ_mask has 0 polygons
2026-03-29 22:05:04 +0200: Memory Usage (464316K) : activ_filler has 22189 polygons
2026-03-29 22:05:04 +0200: Memory Usage (464316K) : activ_nofill has 0 polygons
2026-03-29 22:05:04 +0200: Memory Usage (464316K) : activ_opc has 0 polygons
2026-03-29 22:05:04 +0200: Memory Usage (464316K) : activ_iopc has 0 polygons
2026-03-29 22:05:04 +0200: Memory Usage (464316K) : activ_noqrc has 0 polygons
2026-03-29 22:05:04 +0200: Memory Usage (464316K) : biwind_drw has 0 polygons
2026-03-29 22:05:04 +0200: Memory Usage (464316K) : biwind_opc has 0 polygons
2026-03-29 22:05:04 +0200: Memory Usage (464316K) : pemwind_drw has 0 polygons
2026-03-29 22:05:04 +0200: Memory Usage (464444K) : gatpoly_drw has 23080 polygons
2026-03-29 22:05:04 +0200: Memory Usage (464444K) : gatpoly_pin has 98 polygons
2026-03-29 22:05:04 +0200: Memory Usage (464444K) : gatpoly_filler has 22189 polygons
2026-03-29 22:05:04 +0200: Memory Usage (464444K) : gatpoly_nofill has 0 polygons
2026-03-29 22:05:04 +0200: Memory Usage (464572K) : gatpoly_opc has 0 polygons
2026-03-29 22:05:04 +0200: Memory Usage (464572K) : gatpoly_iopc has 0 polygons
2026-03-29 22:05:04 +0200: Memory Usage (464572K) : gatpoly_noqrc has 0 polygons
2026-03-29 22:05:05 +0200: Memory Usage (477244K) : cont_drw has 2239726 polygons
2026-03-29 22:05:06 +0200: Memory Usage (477244K) : cont_opc has 0 polygons
2026-03-29 22:05:06 +0200: Memory Usage (477244K) : nsd_drw has 84 polygons
2026-03-29 22:05:06 +0200: Memory Usage (477244K) : nsd_block has 0 polygons
2026-03-29 22:05:06 +0200: Memory Usage (477372K) : metal1_drw has 44630 polygons
2026-03-29 22:05:06 +0200: Memory Usage (477372K) : metal1_pin has 17607 polygons
2026-03-29 22:05:06 +0200: Memory Usage (477372K) : metal1_mask has 0 polygons
2026-03-29 22:05:06 +0200: Memory Usage (477372K) : metal1_filler has 27328 polygons
2026-03-29 22:05:06 +0200: Memory Usage (477372K) : metal1_nofill has 0 polygons
2026-03-29 22:05:06 +0200: Memory Usage (477372K) : metal1_slit has 0 polygons
2026-03-29 22:05:06 +0200: Memory Usage (477628K) : metal1_text has 16171 polygons
2026-03-29 22:05:06 +0200: Memory Usage (477628K) : metal1_opc has 0 polygons
2026-03-29 22:05:06 +0200: Memory Usage (477628K) : metal1_noqrc has 0 polygons
2026-03-29 22:05:06 +0200: Memory Usage (477628K) : metal1_res has 0 polygons
2026-03-29 22:05:06 +0200: Memory Usage (477628K) : metal1_iprobe has 0 polygons
2026-03-29 22:05:06 +0200: Memory Usage (477628K) : metal1_diffprb has 0 polygons
2026-03-29 22:05:06 +0200: Memory Usage (477628K) : passiv_drw has 32 polygons
2026-03-29 22:05:06 +0200: Memory Usage (477628K) : passiv_pin has 0 polygons
2026-03-29 22:05:06 +0200: Memory Usage (477628K) : passiv_sbump has 0 polygons
2026-03-29 22:05:06 +0200: Memory Usage (477628K) : passiv_pillar has 0 polygons
2026-03-29 22:05:06 +0200: Memory Usage (477628K) : passiv_pdl has 0 polygons
2026-03-29 22:05:06 +0200: Memory Usage (477628K) : metal2_drw has 20078 polygons
2026-03-29 22:05:06 +0200: Memory Usage (477628K) : metal2_pin has 341 polygons
2026-03-29 22:05:06 +0200: Memory Usage (477628K) : metal2_mask has 0 polygons
2026-03-29 22:05:06 +0200: Memory Usage (477628K) : metal2_filler has 39163 polygons
2026-03-29 22:05:06 +0200: Memory Usage (477628K) : metal2_nofill has 0 polygons
2026-03-29 22:05:06 +0200: Memory Usage (477628K) : metal2_slit has 0 polygons
2026-03-29 22:05:06 +0200: Memory Usage (477628K) : metal2_text has 338 polygons
2026-03-29 22:05:06 +0200: Memory Usage (477628K) : metal2_opc has 0 polygons
2026-03-29 22:05:06 +0200: Memory Usage (477628K) : metal2_noqrc has 0 polygons
2026-03-29 22:05:06 +0200: Memory Usage (477628K) : metal2_res has 0 polygons
2026-03-29 22:05:06 +0200: Memory Usage (477628K) : metal2_iprobe has 0 polygons
2026-03-29 22:05:06 +0200: Memory Usage (477628K) : metal2_diffprb has 0 polygons
2026-03-29 22:05:06 +0200: Memory Usage (477628K) : baspoly_drw has 0 polygons
2026-03-29 22:05:06 +0200: Memory Usage (477628K) : baspoly_pin has 0 polygons
2026-03-29 22:05:06 +0200: Memory Usage (477628K) : psd_drw has 12036 polygons
2026-03-29 22:05:06 +0200: Memory Usage (477628K) : nldb_drw has 0 polygons
2026-03-29 22:05:06 +0200: Memory Usage (477628K) : digibnd_drw has 0 polygons
2026-03-29 22:05:06 +0200: Memory Usage (477628K) : via1_drw has 57652 polygons
2026-03-29 22:05:06 +0200: Memory Usage (477628K) : backmetal1_drw has 0 polygons
2026-03-29 22:05:06 +0200: Memory Usage (477628K) : backmetal1_pin has 0 polygons
2026-03-29 22:05:06 +0200: Memory Usage (477628K) : backmetal1_mask has 0 polygons
2026-03-29 22:05:06 +0200: Memory Usage (477628K) : backmetal1_filler has 0 polygons
2026-03-29 22:05:06 +0200: Memory Usage (477628K) : backmetal1_nofill has 0 polygons
2026-03-29 22:05:06 +0200: Memory Usage (477628K) : backmetal1_slit has 0 polygons
2026-03-29 22:05:06 +0200: Memory Usage (477628K) : backmetal1_text has 0 polygons
2026-03-29 22:05:06 +0200: Memory Usage (477628K) : backmetal1_opc has 0 polygons
2026-03-29 22:05:07 +0200: Memory Usage (477628K) : backmetal1_noqrc has 0 polygons
2026-03-29 22:05:07 +0200: Memory Usage (477628K) : backmetal1_res has 0 polygons
2026-03-29 22:05:07 +0200: Memory Usage (477628K) : backmetal1_iprobe has 0 polygons
2026-03-29 22:05:07 +0200: Memory Usage (477628K) : backmetal1_diffprb has 0 polygons
2026-03-29 22:05:07 +0200: Memory Usage (477628K) : backpassiv_drw has 0 polygons
2026-03-29 22:05:07 +0200: Memory Usage (477628K) : res_drw has 0 polygons
2026-03-29 22:05:07 +0200: Memory Usage (477628K) : sram_drw has 0 polygons
2026-03-29 22:05:07 +0200: Memory Usage (477628K) : trans_drw has 0 polygons
2026-03-29 22:05:07 +0200: Memory Usage (477628K) : ind_drw has 0 polygons
2026-03-29 22:05:07 +0200: Memory Usage (477628K) : ind_pin has 0 polygons
2026-03-29 22:05:07 +0200: Memory Usage (477628K) : ind_text has 0 polygons
2026-03-29 22:05:07 +0200: Memory Usage (477628K) : salblock_drw has 138 polygons
2026-03-29 22:05:07 +0200: Memory Usage (477628K) : via2_drw has 80966 polygons
2026-03-29 22:05:07 +0200: Memory Usage (477628K) : metal3_drw has 8644 polygons
2026-03-29 22:05:07 +0200: Memory Usage (477628K) : metal3_pin has 438 polygons
2026-03-29 22:05:07 +0200: Memory Usage (477628K) : metal3_mask has 0 polygons
2026-03-29 22:05:07 +0200: Memory Usage (477628K) : metal3_filler has 18314 polygons
2026-03-29 22:05:07 +0200: Memory Usage (477628K) : metal3_nofill has 0 polygons
2026-03-29 22:05:07 +0200: Memory Usage (477628K) : metal3_slit has 0 polygons
2026-03-29 22:05:07 +0200: Memory Usage (477628K) : metal3_text has 438 polygons
2026-03-29 22:05:07 +0200: Memory Usage (477628K) : metal3_opc has 0 polygons
2026-03-29 22:05:07 +0200: Memory Usage (477628K) : metal3_noqrc has 0 polygons
2026-03-29 22:05:07 +0200: Memory Usage (477628K) : metal3_res has 0 polygons
2026-03-29 22:05:07 +0200: Memory Usage (477628K) : metal3_iprobe has 0 polygons
2026-03-29 22:05:07 +0200: Memory Usage (477628K) : metal3_diffprb has 0 polygons
2026-03-29 22:05:07 +0200: Memory Usage (477628K) : nwell_drw has 6562 polygons
2026-03-29 22:05:07 +0200: Memory Usage (477628K) : nwell_pin has 330 polygons
2026-03-29 22:05:07 +0200: Memory Usage (477628K) : nbulay_drw has 362 polygons
2026-03-29 22:05:07 +0200: Memory Usage (477628K) : nbulay_pin has 0 polygons
2026-03-29 22:05:07 +0200: Memory Usage (477628K) : nbulay_block has 0 polygons
2026-03-29 22:05:07 +0200: Memory Usage (477628K) : emwind_drw has 0 polygons
2026-03-29 22:05:07 +0200: Memory Usage (477628K) : emwind_opc has 0 polygons
2026-03-29 22:05:07 +0200: Memory Usage (477628K) : deepco_drw has 0 polygons
2026-03-29 22:05:07 +0200: Memory Usage (477628K) : deepco_drw has 0 polygons
2026-03-29 22:05:07 +0200: Memory Usage (477628K) : mim_drw has 37 polygons
2026-03-29 22:05:07 +0200: Memory Usage (477628K) : edgeseal_drw has 24 polygons
2026-03-29 22:05:08 +0200: Memory Usage (477628K) : edgeseal_bound has 1 polygons
2026-03-29 22:05:08 +0200: Memory Usage (477628K) : substrate_drw has 793 polygons
2026-03-29 22:05:08 +0200: Memory Usage (477628K) : substrate_text has 0 polygons
2026-03-29 22:05:08 +0200: Memory Usage (477628K) : dfpad_drw has 20 polygons
2026-03-29 22:05:08 +0200: Memory Usage (477628K) : dfpad_pillar has 0 polygons
2026-03-29 22:05:08 +0200: Memory Usage (477628K) : dfpad_sbump has 0 polygons
2026-03-29 22:05:08 +0200: Memory Usage (477628K) : thickgateox_drw has 136 polygons
2026-03-29 22:05:08 +0200: Memory Usage (477628K) : pldb_drw has 0 polygons
2026-03-29 22:05:08 +0200: Memory Usage (477628K) : pwell_drw has 0 polygons
2026-03-29 22:05:08 +0200: Memory Usage (477628K) : pwell_pin has 0 polygons
2026-03-29 22:05:08 +0200: Memory Usage (477628K) : pwell_block has 0 polygons
2026-03-29 22:05:08 +0200: Memory Usage (477628K) : ic_drw has 0 polygons
2026-03-29 22:05:08 +0200: Memory Usage (477628K) : via3_drw has 57654 polygons
2026-03-29 22:05:08 +0200: Memory Usage (477628K) : metal4_drw has 1391 polygons
2026-03-29 22:05:08 +0200: Memory Usage (477628K) : metal4_pin has 388 polygons
2026-03-29 22:05:08 +0200: Memory Usage (477628K) : metal4_mask has 0 polygons
2026-03-29 22:05:08 +0200: Memory Usage (477628K) : metal4_filler has 19813 polygons
2026-03-29 22:05:08 +0200: Memory Usage (477628K) : metal4_nofill has 0 polygons
2026-03-29 22:05:08 +0200: Memory Usage (477628K) : metal4_slit has 0 polygons
2026-03-29 22:05:08 +0200: Memory Usage (477628K) : metal4_text has 388 polygons
2026-03-29 22:05:08 +0200: Memory Usage (477628K) : metal4_opc has 0 polygons
2026-03-29 22:05:08 +0200: Memory Usage (477628K) : metal4_noqrc has 0 polygons
2026-03-29 22:05:08 +0200: Memory Usage (477628K) : metal4_res has 0 polygons
2026-03-29 22:05:08 +0200: Memory Usage (477628K) : metal4_iprobe has 0 polygons
2026-03-29 22:05:08 +0200: Memory Usage (477628K) : metal4_diffprb has 0 polygons
2026-03-29 22:05:08 +0200: Memory Usage (477628K) : heattrans_drw has 164 polygons
2026-03-29 22:05:08 +0200: Memory Usage (477628K) : heatres_drw has 138 polygons
2026-03-29 22:05:08 +0200: Memory Usage (477628K) : pempoly_drw has 0 polygons
2026-03-29 22:05:08 +0200: Memory Usage (477628K) : fbe_drw has 0 polygons
2026-03-29 22:05:08 +0200: Memory Usage (477628K) : empoly_drw has 0 polygons
2026-03-29 22:05:08 +0200: Memory Usage (477628K) : ldmos_drw has 0 polygons
2026-03-29 22:05:08 +0200: Memory Usage (477628K) : pbiwind_drw has 0 polygons
2026-03-29 22:05:08 +0200: Memory Usage (477628K) : digisub_drw has 0 polygons
2026-03-29 22:05:08 +0200: Memory Usage (477628K) : nodrc_drw has 0 polygons
2026-03-29 22:05:08 +0200: Memory Usage (477628K) : text_drw has 1223 polygons
2026-03-29 22:05:08 +0200: Memory Usage (477628K) : via4_drw has 62950 polygons
2026-03-29 22:05:08 +0200: Memory Usage (477628K) : metal5_drw has 2215 polygons
2026-03-29 22:05:08 +0200: Memory Usage (477628K) : metal5_pin has 384 polygons
2026-03-29 22:05:08 +0200: Memory Usage (477628K) : metal5_mask has 0 polygons
2026-03-29 22:05:08 +0200: Memory Usage (477628K) : metal5_filler has 19661 polygons
2026-03-29 22:05:08 +0200: Memory Usage (477628K) : metal5_nofill has 0 polygons
2026-03-29 22:05:08 +0200: Memory Usage (477628K) : metal5_slit has 0 polygons
2026-03-29 22:05:08 +0200: Memory Usage (477628K) : metal5_text has 384 polygons
2026-03-29 22:05:08 +0200: Memory Usage (477628K) : metal5_opc has 0 polygons
2026-03-29 22:05:08 +0200: Memory Usage (477628K) : metal5_noqrc has 0 polygons
2026-03-29 22:05:08 +0200: Memory Usage (477628K) : metal5_res has 0 polygons
2026-03-29 22:05:08 +0200: Memory Usage (477628K) : metal5_iprobe has 0 polygons
2026-03-29 22:05:08 +0200: Memory Usage (477628K) : metal5_diffprb has 0 polygons
2026-03-29 22:05:08 +0200: Memory Usage (477628K) : radhard_drw has 0 polygons
2026-03-29 22:05:08 +0200: Memory Usage (477628K) : memcap_drw has 0 polygons
2026-03-29 22:05:08 +0200: Memory Usage (477628K) : varicap_drw has 0 polygons
2026-03-29 22:05:08 +0200: Memory Usage (477628K) : flash_drw has 0 polygons
2026-03-29 22:05:08 +0200: Memory Usage (477628K) : intbondvia_drw has 0 polygons
2026-03-29 22:05:08 +0200: Memory Usage (477628K) : intbondmet_drw has 0 polygons
2026-03-29 22:05:08 +0200: Memory Usage (477628K) : devbondvia_drw has 0 polygons
2026-03-29 22:05:08 +0200: Memory Usage (477628K) : devbondmet_drw has 0 polygons
2026-03-29 22:05:08 +0200: Memory Usage (477628K) : devtrench_drw has 0 polygons
2026-03-29 22:05:08 +0200: Memory Usage (477628K) : redist_drw has 0 polygons
2026-03-29 22:05:08 +0200: Memory Usage (477628K) : graphbot_drw has 0 polygons
2026-03-29 22:05:08 +0200: Memory Usage (477628K) : graphtop_drw has 0 polygons
2026-03-29 22:05:08 +0200: Memory Usage (477628K) : antvia1_drw has 0 polygons
2026-03-29 22:05:08 +0200: Memory Usage (477628K) : antmetal2_drw has 0 polygons
2026-03-29 22:05:08 +0200: Memory Usage (477628K) : graphcont_drw has 0 polygons
2026-03-29 22:05:08 +0200: Memory Usage (477628K) : siwg_drw has 0 polygons
2026-03-29 22:05:08 +0200: Memory Usage (477628K) : siwg_filler has 0 polygons
2026-03-29 22:05:08 +0200: Memory Usage (477628K) : siwg_nofill has 0 polygons
2026-03-29 22:05:08 +0200: Memory Usage (477628K) : sigrating_drw has 0 polygons
2026-03-29 22:05:08 +0200: Memory Usage (477628K) : singrating_drw has 0 polygons
2026-03-29 22:05:08 +0200: Memory Usage (477628K) : graphpas_drw has 0 polygons
2026-03-29 22:05:08 +0200: Memory Usage (477628K) : emwind3_drw has 0 polygons
2026-03-29 22:05:08 +0200: Memory Usage (477628K) : emwihv3_drw has 0 polygons
2026-03-29 22:05:08 +0200: Memory Usage (477628K) : redbulay_drw has 0 polygons
2026-03-29 22:05:08 +0200: Memory Usage (477628K) : smos_drw has 0 polygons
2026-03-29 22:05:08 +0200: Memory Usage (477628K) : graphpad_drw has 0 polygons
2026-03-29 22:05:08 +0200: Memory Usage (477628K) : polimide_drw has 0 polygons
2026-03-29 22:05:08 +0200: Memory Usage (477628K) : polimide_pin has 0 polygons
2026-03-29 22:05:08 +0200: Memory Usage (477628K) : recog_drw has 0 polygons
2026-03-29 22:05:08 +0200: Memory Usage (477628K) : recog_pin has 0 polygons
2026-03-29 22:05:08 +0200: Memory Usage (477628K) : recog_esd has 0 polygons
2026-03-29 22:05:08 +0200: Memory Usage (477628K) : recog_diode has 110 polygons
2026-03-29 22:05:09 +0200: Memory Usage (477628K) : recog_tsv has 0 polygons
2026-03-29 22:05:09 +0200: Memory Usage (477628K) : recog_iprobe has 0 polygons
2026-03-29 22:05:09 +0200: Memory Usage (477628K) : recog_diffprb has 0 polygons
2026-03-29 22:05:09 +0200: Memory Usage (477756K) : recog_pillar has 0 polygons
2026-03-29 22:05:09 +0200: Memory Usage (477756K) : recog_sbump has 0 polygons
2026-03-29 22:05:09 +0200: Memory Usage (477756K) : recog_otp has 0 polygons
2026-03-29 22:05:09 +0200: Memory Usage (477756K) : recog_pdiode has 0 polygons
2026-03-29 22:05:09 +0200: Memory Usage (477884K) : recog_mom has 0 polygons
2026-03-29 22:05:09 +0200: Memory Usage (477884K) : recog_pcm has 0 polygons
2026-03-29 22:05:09 +0200: Memory Usage (477884K) : colopen_drw has 0 polygons
2026-03-29 22:05:09 +0200: Memory Usage (477884K) : graphmetal1_drw has 0 polygons
2026-03-29 22:05:09 +0200: Memory Usage (478012K) : graphmetal1_filler has 0 polygons
2026-03-29 22:05:09 +0200: Memory Usage (478012K) : graphmetal1_nofill has 0 polygons
2026-03-29 22:05:09 +0200: Memory Usage (478012K) : graphmetal1_slit has 0 polygons
2026-03-29 22:05:09 +0200: Memory Usage (478012K) : graphmetal1_opc has 0 polygons
2026-03-29 22:05:09 +0200: Memory Usage (478012K) : graphmet1l_drw has 0 polygons
2026-03-29 22:05:09 +0200: Memory Usage (478012K) : graphmet1l_filler has 0 polygons
2026-03-29 22:05:09 +0200: Memory Usage (478012K) : graphmet1l_nofill has 0 polygons
2026-03-29 22:05:09 +0200: Memory Usage (478012K) : graphmet1l_slit has 0 polygons
2026-03-29 22:05:09 +0200: Memory Usage (478012K) : graphmet1l_opc has 0 polygons
2026-03-29 22:05:09 +0200: Memory Usage (478012K) : extblock_drw has 390 polygons
2026-03-29 22:05:09 +0200: Memory Usage (478012K) : nldd_drw has 0 polygons
2026-03-29 22:05:09 +0200: Memory Usage (478012K) : pldd_drw has 0 polygons
2026-03-29 22:05:09 +0200: Memory Usage (478012K) : next_drw has 0 polygons
2026-03-29 22:05:09 +0200: Memory Usage (478012K) : pext_drw has 0 polygons
2026-03-29 22:05:09 +0200: Memory Usage (478012K) : nexthv_drw has 0 polygons
2026-03-29 22:05:09 +0200: Memory Usage (478012K) : pexthv_drw has 0 polygons
2026-03-29 22:05:09 +0200: Memory Usage (478012K) : graphgate_drw has 0 polygons
2026-03-29 22:05:09 +0200: Memory Usage (478012K) : sinwg_drw has 0 polygons
2026-03-29 22:05:09 +0200: Memory Usage (478012K) : sinwg_filler has 0 polygons
2026-03-29 22:05:09 +0200: Memory Usage (478012K) : sinwg_nofill has 0 polygons
2026-03-29 22:05:09 +0200: Memory Usage (478012K) : mempad_drw has 0 polygons
2026-03-29 22:05:09 +0200: Memory Usage (478012K) : topvia1_drw has 54193 polygons
2026-03-29 22:05:09 +0200: Memory Usage (478012K) : topmetal1_drw has 1821 polygons
2026-03-29 22:05:09 +0200: Memory Usage (478012K) : topmetal1_pin has 406 polygons
2026-03-29 22:05:09 +0200: Memory Usage (478012K) : topmetal1_mask has 0 polygons
2026-03-29 22:05:09 +0200: Memory Usage (478012K) : topmetal1_filler has 0 polygons
2026-03-29 22:05:09 +0200: Memory Usage (478012K) : topmetal1_nofill has 2 polygons
2026-03-29 22:05:09 +0200: Memory Usage (478012K) : topmetal1_slit has 0 polygons
2026-03-29 22:05:09 +0200: Memory Usage (478012K) : topmetal1_text has 387 polygons
2026-03-29 22:05:09 +0200: Memory Usage (478012K) : topmetal1_noqrc has 0 polygons
2026-03-29 22:05:09 +0200: Memory Usage (478012K) : topmetal1_res has 0 polygons
2026-03-29 22:05:09 +0200: Memory Usage (478012K) : topmetal1_iprobe has 0 polygons
2026-03-29 22:05:09 +0200: Memory Usage (478012K) : topmetal1_diffprb has 0 polygons
2026-03-29 22:05:09 +0200: Memory Usage (478012K) : inldpwl_drw has 0 polygons
2026-03-29 22:05:09 +0200: Memory Usage (478012K) : polyres_drw has 188 polygons
2026-03-29 22:05:09 +0200: Memory Usage (478012K) : polyres_pin has 0 polygons
2026-03-29 22:05:09 +0200: Memory Usage (478012K) : vmim_drw has 11225 polygons
2026-03-29 22:05:09 +0200: Memory Usage (478012K) : nbulaycut_drw has 0 polygons
2026-03-29 22:05:09 +0200: Memory Usage (478012K) : antmetal1_drw has 0 polygons
2026-03-29 22:05:09 +0200: Memory Usage (478012K) : topvia2_drw has 32999 polygons
2026-03-29 22:05:09 +0200: Memory Usage (478012K) : topmetal2_drw has 751 polygons
2026-03-29 22:05:09 +0200: Memory Usage (478012K) : topmetal2_pin has 296 polygons
2026-03-29 22:05:09 +0200: Memory Usage (478012K) : topmetal2_mask has 0 polygons
2026-03-29 22:05:09 +0200: Memory Usage (478012K) : topmetal2_filler has 0 polygons
2026-03-29 22:05:09 +0200: Memory Usage (478012K) : topmetal2_nofill has 2 polygons
2026-03-29 22:05:09 +0200: Memory Usage (478012K) : topmetal2_slit has 0 polygons
2026-03-29 22:05:09 +0200: Memory Usage (478012K) : topmetal2_text has 289 polygons
2026-03-29 22:05:09 +0200: Memory Usage (478012K) : topmetal2_noqrc has 0 polygons
2026-03-29 22:05:09 +0200: Memory Usage (478012K) : topmetal2_res has 0 polygons
2026-03-29 22:05:09 +0200: Memory Usage (478012K) : topmetal2_iprobe has 0 polygons
2026-03-29 22:05:09 +0200: Memory Usage (478012K) : topmetal2_diffprb has 0 polygons
2026-03-29 22:05:09 +0200: Memory Usage (478012K) : snsring_drw has 0 polygons
2026-03-29 22:05:09 +0200: Memory Usage (478012K) : sensor_drw has 0 polygons
2026-03-29 22:05:09 +0200: Memory Usage (478012K) : snsarms_drw has 0 polygons
2026-03-29 22:05:09 +0200: Memory Usage (478012K) : snscmosvia_drw has 0 polygons
2026-03-29 22:05:09 +0200: Memory Usage (478012K) : colwind_drw has 0 polygons
2026-03-29 22:05:09 +0200: Memory Usage (478012K) : flm_drw has 0 polygons
2026-03-29 22:05:09 +0200: Memory Usage (478012K) : hafniumox_drw has 0 polygons
2026-03-29 22:05:09 +0200: Memory Usage (478012K) : memvia_drw has 0 polygons
2026-03-29 22:05:09 +0200: Memory Usage (478140K) : thinfilmres_drw has 0 polygons
2026-03-29 22:05:09 +0200: Memory Usage (478140K) : rfmem_drw has 0 polygons
2026-03-29 22:05:09 +0200: Memory Usage (478140K) : norcx_drw has 0 polygons
2026-03-29 22:05:09 +0200: Memory Usage (478140K) : norcx_m2m3 has 0 polygons
2026-03-29 22:05:09 +0200: Memory Usage (478140K) : norcx_m2m4 has 0 polygons
2026-03-29 22:05:09 +0200: Memory Usage (478140K) : norcx_m2m5 has 0 polygons
2026-03-29 22:05:09 +0200: Memory Usage (478140K) : norcx_m2tm1 has 0 polygons
2026-03-29 22:05:09 +0200: Memory Usage (478140K) : norcx_m2tm2 has 0 polygons
2026-03-29 22:05:09 +0200: Memory Usage (478268K) : norcx_m3m4 has 0 polygons
2026-03-29 22:05:09 +0200: Memory Usage (478268K) : norcx_m3m5 has 0 polygons
2026-03-29 22:05:09 +0200: Memory Usage (478268K) : norcx_m3tm1 has 0 polygons
2026-03-29 22:05:09 +0200: Memory Usage (478268K) : norcx_m3tm2 has 0 polygons
2026-03-29 22:05:09 +0200: Memory Usage (478396K) : norcx_m4m5 has 0 polygons
2026-03-29 22:05:09 +0200: Memory Usage (478396K) : norcx_m4tm1 has 0 polygons
2026-03-29 22:05:09 +0200: Memory Usage (478396K) : norcx_m4tm2 has 0 polygons
2026-03-29 22:05:09 +0200: Memory Usage (478524K) : norcx_m5tm1 has 0 polygons
2026-03-29 22:05:10 +0200: Memory Usage (478524K) : norcx_m5tm2 has 0 polygons
2026-03-29 22:05:10 +0200: Memory Usage (478652K) : norcx_tm1tm2 has 0 polygons
2026-03-29 22:05:10 +0200: Memory Usage (478652K) : norcx_m1sub has 0 polygons
2026-03-29 22:05:10 +0200: Memory Usage (478780K) : norcx_m2sub has 0 polygons
2026-03-29 22:05:10 +0200: Memory Usage (478780K) : norcx_m3sub has 0 polygons
2026-03-29 22:05:10 +0200: Memory Usage (478780K) : norcx_m4sub has 0 polygons
2026-03-29 22:05:10 +0200: Memory Usage (478908K) : norcx_m5sub has 0 polygons
2026-03-29 22:05:10 +0200: Memory Usage (478908K) : norcx_tm1sub has 0 polygons
2026-03-29 22:05:10 +0200: Memory Usage (479036K) : norcx_tm2sub has 0 polygons
2026-03-29 22:05:10 +0200: Memory Usage (479036K) : snsbotvia_drw has 0 polygons
2026-03-29 22:05:10 +0200: Memory Usage (479164K) : snstopvia_drw has 0 polygons
2026-03-29 22:05:10 +0200: Memory Usage (479164K) : deepvia_drw has 0 polygons
2026-03-29 22:05:10 +0200: Memory Usage (479164K) : fgetch_drw has 0 polygons
2026-03-29 22:05:10 +0200: Memory Usage (479292K) : ctrgat_drw has 0 polygons
2026-03-29 22:05:10 +0200: Memory Usage (479292K) : fgimp_drw has 0 polygons
2026-03-29 22:05:10 +0200: Memory Usage (479420K) : emwihv_drw has 0 polygons
2026-03-29 22:05:10 +0200: Memory Usage (479420K) : lbe_drw has 0 polygons
2026-03-29 22:05:10 +0200: Memory Usage (479548K) : alcustop_drw has 0 polygons
2026-03-29 22:05:10 +0200: Memory Usage (479548K) : nometfiller_drw has 1 polygons
2026-03-29 22:05:10 +0200: Memory Usage (479548K) : prboundary_drw has 0 polygons
2026-03-29 22:05:10 +0200: Memory Usage (479676K) : exchange0_drw has 0 polygons
2026-03-29 22:05:10 +0200: Memory Usage (479676K) : exchange0_pin has 0 polygons
2026-03-29 22:05:10 +0200: Memory Usage (479804K) : exchange0_text has 0 polygons
2026-03-29 22:05:10 +0200: Memory Usage (479804K) : exchange1_drw has 0 polygons
2026-03-29 22:05:10 +0200: Memory Usage (479932K) : exchange1_pin has 0 polygons
2026-03-29 22:05:10 +0200: Memory Usage (479932K) : exchange1_text has 0 polygons
2026-03-29 22:05:10 +0200: Memory Usage (480060K) : exchange2_drw has 0 polygons
2026-03-29 22:05:10 +0200: Memory Usage (480060K) : exchange2_pin has 0 polygons
2026-03-29 22:05:10 +0200: Memory Usage (480060K) : exchange2_text has 0 polygons
2026-03-29 22:05:10 +0200: Memory Usage (480188K) : exchange3_drw has 0 polygons
2026-03-29 22:05:10 +0200: Memory Usage (480188K) : exchange3_pin has 0 polygons
2026-03-29 22:05:10 +0200: Memory Usage (480316K) : exchange3_text has 0 polygons
2026-03-29 22:05:10 +0200: Memory Usage (480316K) : exchange4_drw has 0 polygons
2026-03-29 22:05:10 +0200: Memory Usage (480316K) : exchange4_pin has 0 polygons
2026-03-29 22:05:10 +0200: Memory Usage (480444K) : exchange4_text has 0 polygons
2026-03-29 22:05:10 +0200: Memory Usage (480444K) : isonwell_drw has 0 polygons
2026-03-29 22:05:10 +0200: Memory Usage (480444K) : Total no. of polygons in the design is 2955009
2026-03-29 22:05:10 +0200: Memory Usage (480444K) : Loaded TECH DRC rules values from /foss/pdks/ihp-sg13g2/libs.tech/klayout/python/sg13g2_pycell_lib/sg13g2_tech_mod.json
2026-03-29 22:05:10 +0200: Memory Usage (480444K) : Loaded default DRC rules values from /foss/pdks/ihp-sg13g2/libs.tech/klayout/tech/drc/rule_decks/sg13g2_tech_default.json
2026-03-29 22:05:10 +0200: Memory Usage (480444K) : The following rules values were missing in tech json and default values were used:
2026-03-29 22:05:10 +0200: Memory Usage (480444K) :   - Cnt_c_digibnd
2026-03-29 22:05:10 +0200: Memory Usage (482876K) : Total area of the design is 1210000.0 um^2.
2026-03-29 22:05:10 +0200: Memory Usage (482876K) : The design dimensions are 1100.0 µm * 1100.0 µm.
2026-03-29 22:05:10 +0200: Memory Usage (482876K) : Starting general IHP-SG13G2 derivations.
2026-03-29 22:05:10 +0200: Memory Usage (482876K) : Starting Pwell derivations
2026-03-29 22:05:11 +0200: Memory Usage (489016K) : Starting n-Activ derivations
2026-03-29 22:05:12 +0200: Memory Usage (494772K) : Starting p-Activ derivations
2026-03-29 22:05:13 +0200: Memory Usage (500020K) : Starting ptap derivations
2026-03-29 22:05:13 +0200: Memory Usage (504496K) : Starting ntap derivations
2026-03-29 22:05:14 +0200: Memory Usage (509608K) : Starting pact FET derivations
2026-03-29 22:05:14 +0200: Memory Usage (512168K) : Starting nact FET derivations
2026-03-29 22:05:14 +0200: Memory Usage (512792K) : Starting Gate derivations
2026-03-29 22:05:15 +0200: Memory Usage (514200K) : Starting IHP-SG13G2 DRC connectivity related derivations.
2026-03-29 22:05:16 +0200: Memory Usage (522252K) : Starting IHP-SG13G2 DRC connectivity setup
2026-03-29 22:05:37 +0200: Memory Usage (558600K) : Starting IHP-SG13G2 DRC rules.
2026-03-29 22:05:37 +0200: Memory Usage (558600K) : Starting 5.3 nBuLay table
2026-03-29 22:05:37 +0200: Memory Usage (558600K) : KLayout DRC run for tables 'nbulay' completed in 32.99 seconds
