# Logfile created on 2026-03-29 22:05:03 +0200 by logger.rb/v1.5.3
2026-03-29 22:05:03 +0200: Memory Usage (437592K) : Starting running IHP-SG13G2 KLayout DRC runset on /foss/designs/top/IHP_3421.gds
2026-03-29 22:05:03 +0200: Memory Usage (437592K) : Ruby Version for klayout: 3.2.3
2026-03-29 22:05:03 +0200: Memory Usage (462296K) : Loading database to memory is complete.
2026-03-29 22:05:03 +0200: Memory Usage (462296K) : IHP-SG13G2 KLayout DRC runset output at: /foss/designs/top/drc_run_2026_03_29_20_04_57/IHP_3421_SoC3421_metalnfiller.lyrdb
2026-03-29 22:05:03 +0200: Memory Usage (462296K) : Evaluate switches.
2026-03-29 22:05:03 +0200: Memory Usage (462296K) : tables selected: metalnfiller
2026-03-29 22:05:03 +0200: Memory Usage (462296K) : KLayout will use 32 thread(s) in tiling mode.
2026-03-29 22:05:03 +0200: Memory Usage (462296K) : deep mode is enabled.
2026-03-29 22:05:03 +0200: Memory Usage (462296K) : FEOL enabled: false
2026-03-29 22:05:03 +0200: Memory Usage (462296K) : BEOL enabled: false
2026-03-29 22:05:03 +0200: Memory Usage (462296K) : OFFGRID enabled: false
2026-03-29 22:05:03 +0200: Memory Usage (462296K) : PIN enabled: false
2026-03-29 22:05:03 +0200: Memory Usage (462296K) : FORBIDDEN enabled: false
2026-03-29 22:05:03 +0200: Memory Usage (462296K) : RECOMMENDED enabled: false
2026-03-29 22:05:03 +0200: Memory Usage (462296K) : PreCheck DRC enabled: true
2026-03-29 22:05:03 +0200: Memory Usage (462296K) : CONNECTIVITY_RULES enabled: false.
2026-03-29 22:05:03 +0200: Memory Usage (462296K) : Read in polygons from layers.
2026-03-29 22:05:03 +0200: Memory Usage (464216K) : activ_drw has 25251 polygons
2026-03-29 22:05:03 +0200: Memory Usage (464216K) : activ_pin has 0 polygons
2026-03-29 22:05:03 +0200: Memory Usage (464216K) : activ_mask has 0 polygons
2026-03-29 22:05:03 +0200: Memory Usage (464216K) : activ_filler has 22189 polygons
2026-03-29 22:05:03 +0200: Memory Usage (464216K) : activ_nofill has 0 polygons
2026-03-29 22:05:03 +0200: Memory Usage (464216K) : activ_opc has 0 polygons
2026-03-29 22:05:03 +0200: Memory Usage (464216K) : activ_iopc has 0 polygons
2026-03-29 22:05:03 +0200: Memory Usage (464216K) : activ_noqrc has 0 polygons
2026-03-29 22:05:03 +0200: Memory Usage (464216K) : biwind_drw has 0 polygons
2026-03-29 22:05:04 +0200: Memory Usage (464216K) : biwind_opc has 0 polygons
2026-03-29 22:05:04 +0200: Memory Usage (464216K) : pemwind_drw has 0 polygons
2026-03-29 22:05:04 +0200: Memory Usage (464344K) : gatpoly_drw has 23080 polygons
2026-03-29 22:05:04 +0200: Memory Usage (464344K) : gatpoly_pin has 98 polygons
2026-03-29 22:05:04 +0200: Memory Usage (464344K) : gatpoly_filler has 22189 polygons
2026-03-29 22:05:04 +0200: Memory Usage (464344K) : gatpoly_nofill has 0 polygons
2026-03-29 22:05:04 +0200: Memory Usage (464472K) : gatpoly_opc has 0 polygons
2026-03-29 22:05:04 +0200: Memory Usage (464472K) : gatpoly_iopc has 0 polygons
2026-03-29 22:05:04 +0200: Memory Usage (464472K) : gatpoly_noqrc has 0 polygons
2026-03-29 22:05:05 +0200: Memory Usage (477144K) : cont_drw has 2239726 polygons
2026-03-29 22:05:05 +0200: Memory Usage (477144K) : cont_opc has 0 polygons
2026-03-29 22:05:05 +0200: Memory Usage (477144K) : nsd_drw has 84 polygons
2026-03-29 22:05:05 +0200: Memory Usage (477144K) : nsd_block has 0 polygons
2026-03-29 22:05:05 +0200: Memory Usage (477400K) : metal1_drw has 44630 polygons
2026-03-29 22:05:05 +0200: Memory Usage (477400K) : metal1_pin has 17607 polygons
2026-03-29 22:05:05 +0200: Memory Usage (477400K) : metal1_mask has 0 polygons
2026-03-29 22:05:05 +0200: Memory Usage (477400K) : metal1_filler has 27328 polygons
2026-03-29 22:05:05 +0200: Memory Usage (477400K) : metal1_nofill has 0 polygons
2026-03-29 22:05:05 +0200: Memory Usage (477400K) : metal1_slit has 0 polygons
2026-03-29 22:05:05 +0200: Memory Usage (477656K) : metal1_text has 16171 polygons
2026-03-29 22:05:05 +0200: Memory Usage (477656K) : metal1_opc has 0 polygons
2026-03-29 22:05:05 +0200: Memory Usage (477656K) : metal1_noqrc has 0 polygons
2026-03-29 22:05:05 +0200: Memory Usage (477656K) : metal1_res has 0 polygons
2026-03-29 22:05:05 +0200: Memory Usage (477656K) : metal1_iprobe has 0 polygons
2026-03-29 22:05:05 +0200: Memory Usage (477656K) : metal1_diffprb has 0 polygons
2026-03-29 22:05:05 +0200: Memory Usage (477656K) : passiv_drw has 32 polygons
2026-03-29 22:05:05 +0200: Memory Usage (477656K) : passiv_pin has 0 polygons
2026-03-29 22:05:05 +0200: Memory Usage (477656K) : passiv_sbump has 0 polygons
2026-03-29 22:05:05 +0200: Memory Usage (477656K) : passiv_pillar has 0 polygons
2026-03-29 22:05:05 +0200: Memory Usage (477656K) : passiv_pdl has 0 polygons
2026-03-29 22:05:05 +0200: Memory Usage (477656K) : metal2_drw has 20078 polygons
2026-03-29 22:05:05 +0200: Memory Usage (477656K) : metal2_pin has 341 polygons
2026-03-29 22:05:05 +0200: Memory Usage (477656K) : metal2_mask has 0 polygons
2026-03-29 22:05:05 +0200: Memory Usage (477656K) : metal2_filler has 39163 polygons
2026-03-29 22:05:05 +0200: Memory Usage (477656K) : metal2_nofill has 0 polygons
2026-03-29 22:05:05 +0200: Memory Usage (477656K) : metal2_slit has 0 polygons
2026-03-29 22:05:05 +0200: Memory Usage (477656K) : metal2_text has 338 polygons
2026-03-29 22:05:05 +0200: Memory Usage (477656K) : metal2_opc has 0 polygons
2026-03-29 22:05:05 +0200: Memory Usage (477656K) : metal2_noqrc has 0 polygons
2026-03-29 22:05:05 +0200: Memory Usage (477656K) : metal2_res has 0 polygons
2026-03-29 22:05:05 +0200: Memory Usage (477656K) : metal2_iprobe has 0 polygons
2026-03-29 22:05:05 +0200: Memory Usage (477656K) : metal2_diffprb has 0 polygons
2026-03-29 22:05:05 +0200: Memory Usage (477656K) : baspoly_drw has 0 polygons
2026-03-29 22:05:05 +0200: Memory Usage (477656K) : baspoly_pin has 0 polygons
2026-03-29 22:05:05 +0200: Memory Usage (477656K) : psd_drw has 12036 polygons
2026-03-29 22:05:05 +0200: Memory Usage (477656K) : nldb_drw has 0 polygons
2026-03-29 22:05:05 +0200: Memory Usage (477656K) : digibnd_drw has 0 polygons
2026-03-29 22:05:06 +0200: Memory Usage (477656K) : via1_drw has 57652 polygons
2026-03-29 22:05:06 +0200: Memory Usage (477656K) : backmetal1_drw has 0 polygons
2026-03-29 22:05:06 +0200: Memory Usage (477656K) : backmetal1_pin has 0 polygons
2026-03-29 22:05:06 +0200: Memory Usage (477656K) : backmetal1_mask has 0 polygons
2026-03-29 22:05:06 +0200: Memory Usage (477656K) : backmetal1_filler has 0 polygons
2026-03-29 22:05:06 +0200: Memory Usage (477656K) : backmetal1_nofill has 0 polygons
2026-03-29 22:05:06 +0200: Memory Usage (477656K) : backmetal1_slit has 0 polygons
2026-03-29 22:05:06 +0200: Memory Usage (477656K) : backmetal1_text has 0 polygons
2026-03-29 22:05:06 +0200: Memory Usage (477656K) : backmetal1_opc has 0 polygons
2026-03-29 22:05:06 +0200: Memory Usage (477656K) : backmetal1_noqrc has 0 polygons
2026-03-29 22:05:06 +0200: Memory Usage (477656K) : backmetal1_res has 0 polygons
2026-03-29 22:05:06 +0200: Memory Usage (477656K) : backmetal1_iprobe has 0 polygons
2026-03-29 22:05:06 +0200: Memory Usage (477656K) : backmetal1_diffprb has 0 polygons
2026-03-29 22:05:06 +0200: Memory Usage (477656K) : backpassiv_drw has 0 polygons
2026-03-29 22:05:06 +0200: Memory Usage (477656K) : res_drw has 0 polygons
2026-03-29 22:05:06 +0200: Memory Usage (477656K) : sram_drw has 0 polygons
2026-03-29 22:05:06 +0200: Memory Usage (477656K) : trans_drw has 0 polygons
2026-03-29 22:05:06 +0200: Memory Usage (477656K) : ind_drw has 0 polygons
2026-03-29 22:05:06 +0200: Memory Usage (477656K) : ind_pin has 0 polygons
2026-03-29 22:05:06 +0200: Memory Usage (477656K) : ind_text has 0 polygons
2026-03-29 22:05:06 +0200: Memory Usage (477656K) : salblock_drw has 138 polygons
2026-03-29 22:05:06 +0200: Memory Usage (477656K) : via2_drw has 80966 polygons
2026-03-29 22:05:06 +0200: Memory Usage (477656K) : metal3_drw has 8644 polygons
2026-03-29 22:05:06 +0200: Memory Usage (477656K) : metal3_pin has 438 polygons
2026-03-29 22:05:06 +0200: Memory Usage (477656K) : metal3_mask has 0 polygons
2026-03-29 22:05:06 +0200: Memory Usage (477656K) : metal3_filler has 18314 polygons
2026-03-29 22:05:06 +0200: Memory Usage (477656K) : metal3_nofill has 0 polygons
2026-03-29 22:05:06 +0200: Memory Usage (477656K) : metal3_slit has 0 polygons
2026-03-29 22:05:06 +0200: Memory Usage (477656K) : metal3_text has 438 polygons
2026-03-29 22:05:06 +0200: Memory Usage (477656K) : metal3_opc has 0 polygons
2026-03-29 22:05:06 +0200: Memory Usage (477656K) : metal3_noqrc has 0 polygons
2026-03-29 22:05:06 +0200: Memory Usage (477656K) : metal3_res has 0 polygons
2026-03-29 22:05:06 +0200: Memory Usage (477656K) : metal3_iprobe has 0 polygons
2026-03-29 22:05:06 +0200: Memory Usage (477656K) : metal3_diffprb has 0 polygons
2026-03-29 22:05:06 +0200: Memory Usage (477656K) : nwell_drw has 6562 polygons
2026-03-29 22:05:06 +0200: Memory Usage (477656K) : nwell_pin has 330 polygons
2026-03-29 22:05:06 +0200: Memory Usage (477656K) : nbulay_drw has 362 polygons
2026-03-29 22:05:06 +0200: Memory Usage (477656K) : nbulay_pin has 0 polygons
2026-03-29 22:05:06 +0200: Memory Usage (477656K) : nbulay_block has 0 polygons
2026-03-29 22:05:06 +0200: Memory Usage (477656K) : emwind_drw has 0 polygons
2026-03-29 22:05:06 +0200: Memory Usage (477656K) : emwind_opc has 0 polygons
2026-03-29 22:05:06 +0200: Memory Usage (477656K) : deepco_drw has 0 polygons
2026-03-29 22:05:06 +0200: Memory Usage (477656K) : deepco_drw has 0 polygons
2026-03-29 22:05:06 +0200: Memory Usage (477656K) : mim_drw has 37 polygons
2026-03-29 22:05:06 +0200: Memory Usage (477656K) : edgeseal_drw has 24 polygons
2026-03-29 22:05:06 +0200: Memory Usage (477656K) : edgeseal_bound has 1 polygons
2026-03-29 22:05:06 +0200: Memory Usage (477656K) : substrate_drw has 793 polygons
2026-03-29 22:05:06 +0200: Memory Usage (477656K) : substrate_text has 0 polygons
2026-03-29 22:05:06 +0200: Memory Usage (477656K) : dfpad_drw has 20 polygons
2026-03-29 22:05:06 +0200: Memory Usage (477656K) : dfpad_pillar has 0 polygons
2026-03-29 22:05:06 +0200: Memory Usage (477656K) : dfpad_sbump has 0 polygons
2026-03-29 22:05:06 +0200: Memory Usage (477656K) : thickgateox_drw has 136 polygons
2026-03-29 22:05:06 +0200: Memory Usage (477656K) : pldb_drw has 0 polygons
2026-03-29 22:05:06 +0200: Memory Usage (477656K) : pwell_drw has 0 polygons
2026-03-29 22:05:06 +0200: Memory Usage (477656K) : pwell_pin has 0 polygons
2026-03-29 22:05:06 +0200: Memory Usage (477656K) : pwell_block has 0 polygons
2026-03-29 22:05:06 +0200: Memory Usage (477656K) : ic_drw has 0 polygons
2026-03-29 22:05:06 +0200: Memory Usage (477656K) : via3_drw has 57654 polygons
2026-03-29 22:05:07 +0200: Memory Usage (477656K) : metal4_drw has 1391 polygons
2026-03-29 22:05:07 +0200: Memory Usage (477656K) : metal4_pin has 388 polygons
2026-03-29 22:05:07 +0200: Memory Usage (477656K) : metal4_mask has 0 polygons
2026-03-29 22:05:07 +0200: Memory Usage (477656K) : metal4_filler has 19813 polygons
2026-03-29 22:05:07 +0200: Memory Usage (477656K) : metal4_nofill has 0 polygons
2026-03-29 22:05:07 +0200: Memory Usage (477656K) : metal4_slit has 0 polygons
2026-03-29 22:05:07 +0200: Memory Usage (477656K) : metal4_text has 388 polygons
2026-03-29 22:05:07 +0200: Memory Usage (477656K) : metal4_opc has 0 polygons
2026-03-29 22:05:07 +0200: Memory Usage (477656K) : metal4_noqrc has 0 polygons
2026-03-29 22:05:07 +0200: Memory Usage (477656K) : metal4_res has 0 polygons
2026-03-29 22:05:07 +0200: Memory Usage (477656K) : metal4_iprobe has 0 polygons
2026-03-29 22:05:07 +0200: Memory Usage (477656K) : metal4_diffprb has 0 polygons
2026-03-29 22:05:07 +0200: Memory Usage (477656K) : heattrans_drw has 164 polygons
2026-03-29 22:05:07 +0200: Memory Usage (477656K) : heatres_drw has 138 polygons
2026-03-29 22:05:07 +0200: Memory Usage (477656K) : pempoly_drw has 0 polygons
2026-03-29 22:05:07 +0200: Memory Usage (477656K) : fbe_drw has 0 polygons
2026-03-29 22:05:07 +0200: Memory Usage (477656K) : empoly_drw has 0 polygons
2026-03-29 22:05:07 +0200: Memory Usage (477656K) : ldmos_drw has 0 polygons
2026-03-29 22:05:07 +0200: Memory Usage (477656K) : pbiwind_drw has 0 polygons
2026-03-29 22:05:07 +0200: Memory Usage (477656K) : digisub_drw has 0 polygons
2026-03-29 22:05:07 +0200: Memory Usage (477656K) : nodrc_drw has 0 polygons
2026-03-29 22:05:07 +0200: Memory Usage (477656K) : text_drw has 1223 polygons
2026-03-29 22:05:07 +0200: Memory Usage (477656K) : via4_drw has 62950 polygons
2026-03-29 22:05:07 +0200: Memory Usage (477656K) : metal5_drw has 2215 polygons
2026-03-29 22:05:07 +0200: Memory Usage (477656K) : metal5_pin has 384 polygons
2026-03-29 22:05:07 +0200: Memory Usage (477656K) : metal5_mask has 0 polygons
2026-03-29 22:05:07 +0200: Memory Usage (477656K) : metal5_filler has 19661 polygons
2026-03-29 22:05:07 +0200: Memory Usage (477656K) : metal5_nofill has 0 polygons
2026-03-29 22:05:07 +0200: Memory Usage (477656K) : metal5_slit has 0 polygons
2026-03-29 22:05:07 +0200: Memory Usage (477656K) : metal5_text has 384 polygons
2026-03-29 22:05:07 +0200: Memory Usage (477656K) : metal5_opc has 0 polygons
2026-03-29 22:05:07 +0200: Memory Usage (477656K) : metal5_noqrc has 0 polygons
2026-03-29 22:05:07 +0200: Memory Usage (477656K) : metal5_res has 0 polygons
2026-03-29 22:05:07 +0200: Memory Usage (477656K) : metal5_iprobe has 0 polygons
2026-03-29 22:05:07 +0200: Memory Usage (477656K) : metal5_diffprb has 0 polygons
2026-03-29 22:05:07 +0200: Memory Usage (477656K) : radhard_drw has 0 polygons
2026-03-29 22:05:07 +0200: Memory Usage (477656K) : memcap_drw has 0 polygons
2026-03-29 22:05:07 +0200: Memory Usage (477656K) : varicap_drw has 0 polygons
2026-03-29 22:05:07 +0200: Memory Usage (477656K) : flash_drw has 0 polygons
2026-03-29 22:05:07 +0200: Memory Usage (477656K) : intbondvia_drw has 0 polygons
2026-03-29 22:05:07 +0200: Memory Usage (477656K) : intbondmet_drw has 0 polygons
2026-03-29 22:05:07 +0200: Memory Usage (477656K) : devbondvia_drw has 0 polygons
2026-03-29 22:05:07 +0200: Memory Usage (477656K) : devbondmet_drw has 0 polygons
2026-03-29 22:05:07 +0200: Memory Usage (477656K) : devtrench_drw has 0 polygons
2026-03-29 22:05:07 +0200: Memory Usage (477656K) : redist_drw has 0 polygons
2026-03-29 22:05:07 +0200: Memory Usage (477656K) : graphbot_drw has 0 polygons
2026-03-29 22:05:07 +0200: Memory Usage (477656K) : graphtop_drw has 0 polygons
2026-03-29 22:05:07 +0200: Memory Usage (477656K) : antvia1_drw has 0 polygons
2026-03-29 22:05:07 +0200: Memory Usage (477656K) : antmetal2_drw has 0 polygons
2026-03-29 22:05:07 +0200: Memory Usage (477656K) : graphcont_drw has 0 polygons
2026-03-29 22:05:07 +0200: Memory Usage (477656K) : siwg_drw has 0 polygons
2026-03-29 22:05:07 +0200: Memory Usage (477656K) : siwg_filler has 0 polygons
2026-03-29 22:05:07 +0200: Memory Usage (477656K) : siwg_nofill has 0 polygons
2026-03-29 22:05:07 +0200: Memory Usage (477656K) : sigrating_drw has 0 polygons
2026-03-29 22:05:07 +0200: Memory Usage (477656K) : singrating_drw has 0 polygons
2026-03-29 22:05:07 +0200: Memory Usage (477656K) : graphpas_drw has 0 polygons
2026-03-29 22:05:07 +0200: Memory Usage (477656K) : emwind3_drw has 0 polygons
2026-03-29 22:05:07 +0200: Memory Usage (477656K) : emwihv3_drw has 0 polygons
2026-03-29 22:05:07 +0200: Memory Usage (477656K) : redbulay_drw has 0 polygons
2026-03-29 22:05:07 +0200: Memory Usage (477656K) : smos_drw has 0 polygons
2026-03-29 22:05:07 +0200: Memory Usage (477656K) : graphpad_drw has 0 polygons
2026-03-29 22:05:07 +0200: Memory Usage (477656K) : polimide_drw has 0 polygons
2026-03-29 22:05:07 +0200: Memory Usage (477656K) : polimide_pin has 0 polygons
2026-03-29 22:05:07 +0200: Memory Usage (477656K) : recog_drw has 0 polygons
2026-03-29 22:05:07 +0200: Memory Usage (477656K) : recog_pin has 0 polygons
2026-03-29 22:05:07 +0200: Memory Usage (477656K) : recog_esd has 0 polygons
2026-03-29 22:05:07 +0200: Memory Usage (477656K) : recog_diode has 110 polygons
2026-03-29 22:05:07 +0200: Memory Usage (477656K) : recog_tsv has 0 polygons
2026-03-29 22:05:07 +0200: Memory Usage (477656K) : recog_iprobe has 0 polygons
2026-03-29 22:05:07 +0200: Memory Usage (477656K) : recog_diffprb has 0 polygons
2026-03-29 22:05:07 +0200: Memory Usage (477656K) : recog_pillar has 0 polygons
2026-03-29 22:05:07 +0200: Memory Usage (477656K) : recog_sbump has 0 polygons
2026-03-29 22:05:07 +0200: Memory Usage (477656K) : recog_otp has 0 polygons
2026-03-29 22:05:07 +0200: Memory Usage (477656K) : recog_pdiode has 0 polygons
2026-03-29 22:05:07 +0200: Memory Usage (477656K) : recog_mom has 0 polygons
2026-03-29 22:05:07 +0200: Memory Usage (477784K) : recog_pcm has 0 polygons
2026-03-29 22:05:08 +0200: Memory Usage (477784K) : colopen_drw has 0 polygons
2026-03-29 22:05:08 +0200: Memory Usage (477784K) : graphmetal1_drw has 0 polygons
2026-03-29 22:05:08 +0200: Memory Usage (477784K) : graphmetal1_filler has 0 polygons
2026-03-29 22:05:08 +0200: Memory Usage (477784K) : graphmetal1_nofill has 0 polygons
2026-03-29 22:05:08 +0200: Memory Usage (477912K) : graphmetal1_slit has 0 polygons
2026-03-29 22:05:08 +0200: Memory Usage (477912K) : graphmetal1_opc has 0 polygons
2026-03-29 22:05:08 +0200: Memory Usage (477912K) : graphmet1l_drw has 0 polygons
2026-03-29 22:05:08 +0200: Memory Usage (478040K) : graphmet1l_filler has 0 polygons
2026-03-29 22:05:08 +0200: Memory Usage (478040K) : graphmet1l_nofill has 0 polygons
2026-03-29 22:05:08 +0200: Memory Usage (478168K) : graphmet1l_slit has 0 polygons
2026-03-29 22:05:08 +0200: Memory Usage (478168K) : graphmet1l_opc has 0 polygons
2026-03-29 22:05:08 +0200: Memory Usage (478296K) : extblock_drw has 390 polygons
2026-03-29 22:05:08 +0200: Memory Usage (478296K) : nldd_drw has 0 polygons
2026-03-29 22:05:08 +0200: Memory Usage (478296K) : pldd_drw has 0 polygons
2026-03-29 22:05:08 +0200: Memory Usage (478296K) : next_drw has 0 polygons
2026-03-29 22:05:08 +0200: Memory Usage (478296K) : pext_drw has 0 polygons
2026-03-29 22:05:08 +0200: Memory Usage (478296K) : nexthv_drw has 0 polygons
2026-03-29 22:05:08 +0200: Memory Usage (478296K) : pexthv_drw has 0 polygons
2026-03-29 22:05:08 +0200: Memory Usage (478296K) : graphgate_drw has 0 polygons
2026-03-29 22:05:08 +0200: Memory Usage (478296K) : sinwg_drw has 0 polygons
2026-03-29 22:05:08 +0200: Memory Usage (478296K) : sinwg_filler has 0 polygons
2026-03-29 22:05:08 +0200: Memory Usage (478296K) : sinwg_nofill has 0 polygons
2026-03-29 22:05:08 +0200: Memory Usage (478296K) : mempad_drw has 0 polygons
2026-03-29 22:05:08 +0200: Memory Usage (478424K) : topvia1_drw has 54193 polygons
2026-03-29 22:05:08 +0200: Memory Usage (478424K) : topmetal1_drw has 1821 polygons
2026-03-29 22:05:08 +0200: Memory Usage (478424K) : topmetal1_pin has 406 polygons
2026-03-29 22:05:08 +0200: Memory Usage (478424K) : topmetal1_mask has 0 polygons
2026-03-29 22:05:08 +0200: Memory Usage (478424K) : topmetal1_filler has 0 polygons
2026-03-29 22:05:08 +0200: Memory Usage (478424K) : topmetal1_nofill has 2 polygons
2026-03-29 22:05:08 +0200: Memory Usage (478424K) : topmetal1_slit has 0 polygons
2026-03-29 22:05:08 +0200: Memory Usage (478424K) : topmetal1_text has 387 polygons
2026-03-29 22:05:08 +0200: Memory Usage (478424K) : topmetal1_noqrc has 0 polygons
2026-03-29 22:05:08 +0200: Memory Usage (478424K) : topmetal1_res has 0 polygons
2026-03-29 22:05:08 +0200: Memory Usage (478424K) : topmetal1_iprobe has 0 polygons
2026-03-29 22:05:08 +0200: Memory Usage (478424K) : topmetal1_diffprb has 0 polygons
2026-03-29 22:05:08 +0200: Memory Usage (478424K) : inldpwl_drw has 0 polygons
2026-03-29 22:05:08 +0200: Memory Usage (478424K) : polyres_drw has 188 polygons
2026-03-29 22:05:08 +0200: Memory Usage (478424K) : polyres_pin has 0 polygons
2026-03-29 22:05:08 +0200: Memory Usage (478424K) : vmim_drw has 11225 polygons
2026-03-29 22:05:08 +0200: Memory Usage (478424K) : nbulaycut_drw has 0 polygons
2026-03-29 22:05:08 +0200: Memory Usage (478424K) : antmetal1_drw has 0 polygons
2026-03-29 22:05:08 +0200: Memory Usage (478424K) : topvia2_drw has 32999 polygons
2026-03-29 22:05:08 +0200: Memory Usage (478424K) : topmetal2_drw has 751 polygons
2026-03-29 22:05:09 +0200: Memory Usage (478424K) : topmetal2_pin has 296 polygons
2026-03-29 22:05:09 +0200: Memory Usage (478424K) : topmetal2_mask has 0 polygons
2026-03-29 22:05:09 +0200: Memory Usage (478424K) : topmetal2_filler has 0 polygons
2026-03-29 22:05:09 +0200: Memory Usage (478424K) : topmetal2_nofill has 2 polygons
2026-03-29 22:05:09 +0200: Memory Usage (478424K) : topmetal2_slit has 0 polygons
2026-03-29 22:05:09 +0200: Memory Usage (478424K) : topmetal2_text has 289 polygons
2026-03-29 22:05:09 +0200: Memory Usage (478424K) : topmetal2_noqrc has 0 polygons
2026-03-29 22:05:09 +0200: Memory Usage (478424K) : topmetal2_res has 0 polygons
2026-03-29 22:05:09 +0200: Memory Usage (478424K) : topmetal2_iprobe has 0 polygons
2026-03-29 22:05:09 +0200: Memory Usage (478424K) : topmetal2_diffprb has 0 polygons
2026-03-29 22:05:09 +0200: Memory Usage (478424K) : snsring_drw has 0 polygons
2026-03-29 22:05:09 +0200: Memory Usage (478424K) : sensor_drw has 0 polygons
2026-03-29 22:05:09 +0200: Memory Usage (478424K) : snsarms_drw has 0 polygons
2026-03-29 22:05:09 +0200: Memory Usage (478424K) : snscmosvia_drw has 0 polygons
2026-03-29 22:05:09 +0200: Memory Usage (478424K) : colwind_drw has 0 polygons
2026-03-29 22:05:09 +0200: Memory Usage (478424K) : flm_drw has 0 polygons
2026-03-29 22:05:09 +0200: Memory Usage (478424K) : hafniumox_drw has 0 polygons
2026-03-29 22:05:09 +0200: Memory Usage (478424K) : memvia_drw has 0 polygons
2026-03-29 22:05:09 +0200: Memory Usage (478424K) : thinfilmres_drw has 0 polygons
2026-03-29 22:05:09 +0200: Memory Usage (478424K) : rfmem_drw has 0 polygons
2026-03-29 22:05:09 +0200: Memory Usage (478424K) : norcx_drw has 0 polygons
2026-03-29 22:05:09 +0200: Memory Usage (478424K) : norcx_m2m3 has 0 polygons
2026-03-29 22:05:09 +0200: Memory Usage (478424K) : norcx_m2m4 has 0 polygons
2026-03-29 22:05:09 +0200: Memory Usage (478424K) : norcx_m2m5 has 0 polygons
2026-03-29 22:05:09 +0200: Memory Usage (478424K) : norcx_m2tm1 has 0 polygons
2026-03-29 22:05:09 +0200: Memory Usage (478424K) : norcx_m2tm2 has 0 polygons
2026-03-29 22:05:09 +0200: Memory Usage (478424K) : norcx_m3m4 has 0 polygons
2026-03-29 22:05:09 +0200: Memory Usage (478424K) : norcx_m3m5 has 0 polygons
2026-03-29 22:05:09 +0200: Memory Usage (478424K) : norcx_m3tm1 has 0 polygons
2026-03-29 22:05:09 +0200: Memory Usage (478424K) : norcx_m3tm2 has 0 polygons
2026-03-29 22:05:09 +0200: Memory Usage (478424K) : norcx_m4m5 has 0 polygons
2026-03-29 22:05:09 +0200: Memory Usage (478424K) : norcx_m4tm1 has 0 polygons
2026-03-29 22:05:09 +0200: Memory Usage (478424K) : norcx_m4tm2 has 0 polygons
2026-03-29 22:05:09 +0200: Memory Usage (478424K) : norcx_m5tm1 has 0 polygons
2026-03-29 22:05:09 +0200: Memory Usage (478424K) : norcx_m5tm2 has 0 polygons
2026-03-29 22:05:09 +0200: Memory Usage (478424K) : norcx_tm1tm2 has 0 polygons
2026-03-29 22:05:09 +0200: Memory Usage (478424K) : norcx_m1sub has 0 polygons
2026-03-29 22:05:09 +0200: Memory Usage (478424K) : norcx_m2sub has 0 polygons
2026-03-29 22:05:09 +0200: Memory Usage (478424K) : norcx_m3sub has 0 polygons
2026-03-29 22:05:09 +0200: Memory Usage (478424K) : norcx_m4sub has 0 polygons
2026-03-29 22:05:09 +0200: Memory Usage (478424K) : norcx_m5sub has 0 polygons
2026-03-29 22:05:09 +0200: Memory Usage (478424K) : norcx_tm1sub has 0 polygons
2026-03-29 22:05:09 +0200: Memory Usage (478424K) : norcx_tm2sub has 0 polygons
2026-03-29 22:05:09 +0200: Memory Usage (478424K) : snsbotvia_drw has 0 polygons
2026-03-29 22:05:09 +0200: Memory Usage (478424K) : snstopvia_drw has 0 polygons
2026-03-29 22:05:09 +0200: Memory Usage (478424K) : deepvia_drw has 0 polygons
2026-03-29 22:05:09 +0200: Memory Usage (478424K) : fgetch_drw has 0 polygons
2026-03-29 22:05:09 +0200: Memory Usage (478424K) : ctrgat_drw has 0 polygons
2026-03-29 22:05:09 +0200: Memory Usage (478424K) : fgimp_drw has 0 polygons
2026-03-29 22:05:09 +0200: Memory Usage (478424K) : emwihv_drw has 0 polygons
2026-03-29 22:05:09 +0200: Memory Usage (478424K) : lbe_drw has 0 polygons
2026-03-29 22:05:09 +0200: Memory Usage (478424K) : alcustop_drw has 0 polygons
2026-03-29 22:05:09 +0200: Memory Usage (478424K) : nometfiller_drw has 1 polygons
2026-03-29 22:05:09 +0200: Memory Usage (478424K) : prboundary_drw has 0 polygons
2026-03-29 22:05:09 +0200: Memory Usage (478424K) : exchange0_drw has 0 polygons
2026-03-29 22:05:09 +0200: Memory Usage (478424K) : exchange0_pin has 0 polygons
2026-03-29 22:05:09 +0200: Memory Usage (478424K) : exchange0_text has 0 polygons
2026-03-29 22:05:09 +0200: Memory Usage (478424K) : exchange1_drw has 0 polygons
2026-03-29 22:05:09 +0200: Memory Usage (478424K) : exchange1_pin has 0 polygons
2026-03-29 22:05:09 +0200: Memory Usage (478424K) : exchange1_text has 0 polygons
2026-03-29 22:05:09 +0200: Memory Usage (478424K) : exchange2_drw has 0 polygons
2026-03-29 22:05:09 +0200: Memory Usage (478424K) : exchange2_pin has 0 polygons
2026-03-29 22:05:09 +0200: Memory Usage (478424K) : exchange2_text has 0 polygons
2026-03-29 22:05:09 +0200: Memory Usage (478424K) : exchange3_drw has 0 polygons
2026-03-29 22:05:09 +0200: Memory Usage (478424K) : exchange3_pin has 0 polygons
2026-03-29 22:05:09 +0200: Memory Usage (478424K) : exchange3_text has 0 polygons
2026-03-29 22:05:09 +0200: Memory Usage (478424K) : exchange4_drw has 0 polygons
2026-03-29 22:05:09 +0200: Memory Usage (478424K) : exchange4_pin has 0 polygons
2026-03-29 22:05:09 +0200: Memory Usage (478424K) : exchange4_text has 0 polygons
2026-03-29 22:05:09 +0200: Memory Usage (478424K) : isonwell_drw has 0 polygons
2026-03-29 22:05:09 +0200: Memory Usage (478424K) : Total no. of polygons in the design is 2955009
2026-03-29 22:05:09 +0200: Memory Usage (478424K) : Loaded TECH DRC rules values from /foss/pdks/ihp-sg13g2/libs.tech/klayout/python/sg13g2_pycell_lib/sg13g2_tech_mod.json
2026-03-29 22:05:09 +0200: Memory Usage (478424K) : Loaded default DRC rules values from /foss/pdks/ihp-sg13g2/libs.tech/klayout/tech/drc/rule_decks/sg13g2_tech_default.json
2026-03-29 22:05:09 +0200: Memory Usage (478424K) : The following rules values were missing in tech json and default values were used:
2026-03-29 22:05:09 +0200: Memory Usage (478424K) :   - Cnt_c_digibnd
2026-03-29 22:05:10 +0200: Memory Usage (480088K) : Total area of the design is 1210000.0 um^2.
2026-03-29 22:05:10 +0200: Memory Usage (480088K) : The design dimensions are 1100.0 µm * 1100.0 µm.
2026-03-29 22:05:10 +0200: Memory Usage (480088K) : Starting general IHP-SG13G2 derivations.
2026-03-29 22:05:10 +0200: Memory Usage (480088K) : Starting Pwell derivations
2026-03-29 22:05:10 +0200: Memory Usage (486104K) : Starting IHP-SG13G2 DRC rules.
2026-03-29 22:05:10 +0200: Memory Usage (486104K) : Starting 5.18 Metaln:filler table
2026-03-29 22:05:10 +0200: Memory Usage (486104K) : Tiling mode is enabled for Metaln:filler table.
2026-03-29 22:05:10 +0200: Memory Usage (486104K) : Executing rule M1Fil.c
2026-03-29 22:05:12 +0200: Memory Usage (503324K) : Executing rule M2Fil.c
2026-03-29 22:05:13 +0200: Memory Usage (523932K) : Executing rule M3Fil.c
2026-03-29 22:05:13 +0200: Memory Usage (527644K) : Executing rule M4Fil.c
2026-03-29 22:05:14 +0200: Memory Usage (541596K) : Executing rule M5Fil.c
2026-03-29 22:05:14 +0200: Memory Usage (549276K) : deep mode is enabled after Metaln:filler table.
2026-03-29 22:05:14 +0200: Memory Usage (549276K) : KLayout DRC run for tables 'metalnfiller' completed in 11.12 seconds
