# Logfile created on 2026-03-28 23:09:44 +0100 by logger.rb/v1.5.3
2026-03-28 23:09:44 +0100: Memory Usage (435640K) : Starting running IHP-SG13G2 Klayout DRC antenna runset on /foss/designs/top/final_gds.gds
2026-03-28 23:09:44 +0100: Memory Usage (435640K) : Ruby Version for klayout: 3.2.3
2026-03-28 23:09:44 +0100: Memory Usage (461624K) : Loading database to memory is complete.
2026-03-28 23:09:44 +0100: Memory Usage (461624K) : IHP-SG13G2 Klayout DRC antenna runset output at: /foss/designs/top/drc_run_digital_block_top/final_gds_digital_block_top_antenna.lyrdb
2026-03-28 23:09:44 +0100: Memory Usage (461624K) : Evaluate switches.
2026-03-28 23:09:44 +0100: Memory Usage (461624K) : KLayout will use 1 thread(s) in tiling mode.
2026-03-28 23:09:44 +0100: Memory Usage (461624K) : deep mode is enabled for antenna table.
2026-03-28 23:09:44 +0100: Memory Usage (461624K) : Read in polygons from layers.
2026-03-28 23:09:44 +0100: Memory Usage (463672K) : activ_drw has 23026 polygons
2026-03-28 23:09:44 +0100: Memory Usage (463672K) : gatpoly_drw has 21539 polygons
2026-03-28 23:09:44 +0100: Memory Usage (463672K) : cont_drw has 167163 polygons
2026-03-28 23:09:44 +0100: Memory Usage (463672K) : nsd_block has 0 polygons
2026-03-28 23:09:44 +0100: Memory Usage (463928K) : metal1_drw has 38148 polygons
2026-03-28 23:09:44 +0100: Memory Usage (464568K) : metal2_drw has 18327 polygons
2026-03-28 23:09:44 +0100: Memory Usage (464568K) : psd_drw has 10733 polygons
2026-03-28 23:09:44 +0100: Memory Usage (464568K) : digisub_drw has 0 polygons
2026-03-28 23:09:44 +0100: Memory Usage (464568K) : via1_drw has 7269 polygons
2026-03-28 23:09:44 +0100: Memory Usage (464568K) : via2_drw has 6405 polygons
2026-03-28 23:09:44 +0100: Memory Usage (464824K) : metal3_drw has 7644 polygons
2026-03-28 23:09:44 +0100: Memory Usage (464824K) : nwell_drw has 5353 polygons
2026-03-28 23:09:44 +0100: Memory Usage (464824K) : pwell_block has 0 polygons
2026-03-28 23:09:44 +0100: Memory Usage (464952K) : via3_drw has 2403 polygons
2026-03-28 23:09:44 +0100: Memory Usage (464952K) : metal4_drw has 794 polygons
2026-03-28 23:09:44 +0100: Memory Usage (465080K) : via4_drw has 2337 polygons
2026-03-28 23:09:44 +0100: Memory Usage (465080K) : metal5_drw has 993 polygons
2026-03-28 23:09:44 +0100: Memory Usage (465080K) : recog_diode has 0 polygons
2026-03-28 23:09:44 +0100: Memory Usage (465080K) : recog_esd has 0 polygons
2026-03-28 23:09:44 +0100: Memory Usage (465208K) : topvia1_drw has 950 polygons
2026-03-28 23:09:44 +0100: Memory Usage (465208K) : topmetal1_drw has 410 polygons
2026-03-28 23:09:44 +0100: Memory Usage (465336K) : topvia2_drw has 111 polygons
2026-03-28 23:09:44 +0100: Memory Usage (465336K) : topmetal2_drw has 77 polygons
2026-03-28 23:09:44 +0100: Memory Usage (465336K) : Total no. of polygons in the design is 313682
2026-03-28 23:09:44 +0100: Memory Usage (465336K) : Loaded TECH DRC rules values from /foss/pdks/ihp-sg13g2/libs.tech/klayout/python/sg13g2_pycell_lib/sg13g2_tech_mod.json
2026-03-28 23:09:44 +0100: Memory Usage (465336K) : Loaded default DRC rules values from /foss/pdks/ihp-sg13g2/libs.tech/klayout/tech/drc/rule_decks/sg13g2_tech_default.json
2026-03-28 23:09:44 +0100: Memory Usage (465336K) : The following rules values were missing in tech json and default values were used:
2026-03-28 23:09:44 +0100: Memory Usage (465336K) :   - Cnt_c_digibnd
2026-03-28 23:09:44 +0100: Memory Usage (467640K) : Total area of the design is 87400.0 um^2.
2026-03-28 23:09:44 +0100: Memory Usage (467640K) : The design dimensions are 380.0 µm * 230.0 µm.
2026-03-28 23:09:44 +0100: Memory Usage (467640K) : Starting general IHP-SG13G2 derivations.
2026-03-28 23:09:45 +0100: Memory Usage (474680K) : Starting IHP-SG13G2 DRC rules.
2026-03-28 23:09:45 +0100: Memory Usage (474680K) : Starting 7.1 Antenna Rules table
2026-03-28 23:09:45 +0100: Memory Usage (474808K) : Executing rule Ant.a
2026-03-28 23:09:45 +0100: Memory Usage (476216K) : Executing rule Ant.c
2026-03-28 23:09:45 +0100: Memory Usage (476216K) : Starting cumulative antenna ratio calculations
2026-03-28 23:09:45 +0100: Memory Usage (476216K) : Evaluating metal1_drw ratio
2026-03-28 23:09:45 +0100: Memory Usage (483640K) : Evaluating via1_drw ratio
2026-03-28 23:09:46 +0100: Memory Usage (484536K) : Evaluating metal2_drw ratio
2026-03-28 23:09:46 +0100: Memory Usage (488888K) : Evaluating via2_drw ratio
2026-03-28 23:09:46 +0100: Memory Usage (490680K) : Evaluating metal3_drw ratio
2026-03-28 23:09:47 +0100: Memory Usage (491960K) : Evaluating via3_drw ratio
2026-03-28 23:09:47 +0100: Memory Usage (492216K) : Evaluating metal4_drw ratio
2026-03-28 23:09:48 +0100: Memory Usage (493112K) : Evaluating via4_drw ratio
2026-03-28 23:09:48 +0100: Memory Usage (494008K) : Evaluating metal5_drw ratio
2026-03-28 23:09:49 +0100: Memory Usage (495032K) : Evaluating topvia1_drw ratio
2026-03-28 23:09:49 +0100: Memory Usage (495288K) : Evaluating topmetal1_drw ratio
2026-03-28 23:09:50 +0100: Memory Usage (496056K) : Evaluating topvia2_drw ratio
2026-03-28 23:09:50 +0100: Memory Usage (496568K) : Evaluating topmetal2_drw ratio
2026-03-28 23:09:51 +0100: Memory Usage (496952K) : Evaluating diode presence
2026-03-28 23:09:51 +0100: Memory Usage (500152K) : Creating base layer with all individual ratios and diode flag
2026-03-28 23:09:52 +0100: Memory Usage (593124K) : Executing rules Ant.b and Ant.e
2026-03-28 23:09:52 +0100: Memory Usage (593124K) : Executing Ant.b_Metal1
2026-03-28 23:09:52 +0100: Memory Usage (593124K) : Executing Ant.e_Metal1
2026-03-28 23:09:52 +0100: Memory Usage (593124K) : Evaluating cumulative ratio after Metal2
2026-03-28 23:09:52 +0100: Memory Usage (593124K) : Executing Ant.b_Metal2
2026-03-28 23:09:52 +0100: Memory Usage (593124K) : Executing Ant.e_Metal2
2026-03-28 23:09:52 +0100: Memory Usage (593124K) : Evaluating cumulative ratio after Metal3
2026-03-28 23:09:52 +0100: Memory Usage (593124K) : Executing Ant.b_Metal3
2026-03-28 23:09:52 +0100: Memory Usage (593124K) : Executing Ant.e_Metal3
2026-03-28 23:09:52 +0100: Memory Usage (593124K) : Evaluating cumulative ratio after Metal4
2026-03-28 23:09:52 +0100: Memory Usage (593124K) : Executing Ant.b_Metal4
2026-03-28 23:09:52 +0100: Memory Usage (593124K) : Executing Ant.e_Metal4
2026-03-28 23:09:52 +0100: Memory Usage (593124K) : Evaluating cumulative ratio after Metal5
2026-03-28 23:09:52 +0100: Memory Usage (593124K) : Executing Ant.b_Metal5
2026-03-28 23:09:52 +0100: Memory Usage (593124K) : Executing Ant.e_Metal5
2026-03-28 23:09:52 +0100: Memory Usage (593124K) : Evaluating cumulative ratio after TopMetal1
2026-03-28 23:09:52 +0100: Memory Usage (594020K) : Executing Ant.b_TopMetal1
2026-03-28 23:09:52 +0100: Memory Usage (594276K) : Executing Ant.e_TopMetal1
2026-03-28 23:09:52 +0100: Memory Usage (594276K) : Evaluating cumulative ratio after TopMetal2
2026-03-28 23:09:53 +0100: Memory Usage (595556K) : Executing Ant.b_TopMetal2
2026-03-28 23:09:53 +0100: Memory Usage (595556K) : Executing Ant.e_TopMetal2
2026-03-28 23:09:53 +0100: Memory Usage (595556K) : Executing rules Ant.d and Ant.f
2026-03-28 23:09:53 +0100: Memory Usage (595556K) : Evaluating cumulative ratio after Via1
2026-03-28 23:09:53 +0100: Memory Usage (595556K) : Executing Ant.d_Via1
2026-03-28 23:09:53 +0100: Memory Usage (595556K) : Executing Ant.f_Via1
2026-03-28 23:09:53 +0100: Memory Usage (595556K) : Evaluating cumulative ratio after Via2
2026-03-28 23:09:53 +0100: Memory Usage (595556K) : Executing Ant.d_Via2
2026-03-28 23:09:53 +0100: Memory Usage (595556K) : Executing Ant.f_Via2
2026-03-28 23:09:53 +0100: Memory Usage (595556K) : Evaluating cumulative ratio after Via3
2026-03-28 23:09:53 +0100: Memory Usage (595556K) : Executing Ant.d_Via3
2026-03-28 23:09:53 +0100: Memory Usage (595556K) : Executing Ant.f_Via3
2026-03-28 23:09:53 +0100: Memory Usage (595556K) : Evaluating cumulative ratio after Via4
2026-03-28 23:09:53 +0100: Memory Usage (595556K) : Executing Ant.d_Via4
2026-03-28 23:09:53 +0100: Memory Usage (595556K) : Executing Ant.f_Via4
2026-03-28 23:09:53 +0100: Memory Usage (595556K) : Evaluating cumulative ratio after TopVia1
2026-03-28 23:09:53 +0100: Memory Usage (595556K) : Executing Ant.d_TopVia1
2026-03-28 23:09:53 +0100: Memory Usage (595556K) : Executing Ant.f_TopVia1
2026-03-28 23:09:53 +0100: Memory Usage (595556K) : Evaluating cumulative ratio after TopVia2
2026-03-28 23:09:53 +0100: Memory Usage (605924K) : Executing Ant.d_TopVia2
2026-03-28 23:09:53 +0100: Memory Usage (605924K) : Executing Ant.f_TopVia2
2026-03-28 23:09:53 +0100: Memory Usage (605924K) : Executing rule Ant.g
2026-03-28 23:09:53 +0100: Memory Usage (606052K) : Executing rule Ant.h
2026-03-28 23:09:53 +0100: Memory Usage (606052K) : Executing rule Ant.i
