# Logfile created on 2026-03-28 23:09:17 +0100 by logger.rb/v1.5.3
2026-03-28 23:09:17 +0100: Memory Usage (437680K) : Starting running IHP-SG13G2 KLayout DRC runset on /foss/designs/top/final_gds.gds
2026-03-28 23:09:17 +0100: Memory Usage (437680K) : Ruby Version for klayout: 3.2.3
2026-03-28 23:09:17 +0100: Memory Usage (462000K) : Loading database to memory is complete.
2026-03-28 23:09:17 +0100: Memory Usage (462000K) : IHP-SG13G2 KLayout DRC runset output at: /foss/designs/top/drc_run_digital_block_top/final_gds_digital_block_top_main.lyrdb
2026-03-28 23:09:17 +0100: Memory Usage (462000K) : Evaluate switches.
2026-03-28 23:09:17 +0100: Memory Usage (462000K) : tables selected: main
2026-03-28 23:09:17 +0100: Memory Usage (462000K) : KLayout will use 1 thread(s) in tiling mode.
2026-03-28 23:09:17 +0100: Memory Usage (462000K) : deep mode is enabled.
2026-03-28 23:09:17 +0100: Memory Usage (462000K) : FEOL enabled: true
2026-03-28 23:09:17 +0100: Memory Usage (462000K) : BEOL enabled: true
2026-03-28 23:09:17 +0100: Memory Usage (462000K) : OFFGRID enabled: true
2026-03-28 23:09:17 +0100: Memory Usage (462000K) : PIN enabled: true
2026-03-28 23:09:17 +0100: Memory Usage (462000K) : FORBIDDEN enabled: true
2026-03-28 23:09:17 +0100: Memory Usage (462000K) : RECOMMENDED enabled: true
2026-03-28 23:09:17 +0100: Memory Usage (462000K) : PreCheck DRC enabled: false
2026-03-28 23:09:17 +0100: Memory Usage (462000K) : CONNECTIVITY_RULES enabled: true.
2026-03-28 23:09:17 +0100: Memory Usage (462000K) : Read in polygons from layers.
2026-03-28 23:09:17 +0100: Memory Usage (464176K) : activ_drw has 23026 polygons
2026-03-28 23:09:17 +0100: Memory Usage (464176K) : activ_pin has 0 polygons
2026-03-28 23:09:17 +0100: Memory Usage (464176K) : activ_mask has 0 polygons
2026-03-28 23:09:17 +0100: Memory Usage (464176K) : activ_filler has 0 polygons
2026-03-28 23:09:17 +0100: Memory Usage (464176K) : activ_nofill has 0 polygons
2026-03-28 23:09:17 +0100: Memory Usage (464176K) : activ_opc has 0 polygons
2026-03-28 23:09:17 +0100: Memory Usage (464304K) : activ_iopc has 0 polygons
2026-03-28 23:09:17 +0100: Memory Usage (464304K) : activ_noqrc has 0 polygons
2026-03-28 23:09:17 +0100: Memory Usage (464432K) : biwind_drw has 0 polygons
2026-03-28 23:09:17 +0100: Memory Usage (464432K) : biwind_opc has 0 polygons
2026-03-28 23:09:17 +0100: Memory Usage (464560K) : pemwind_drw has 0 polygons
2026-03-28 23:09:17 +0100: Memory Usage (464688K) : gatpoly_drw has 21539 polygons
2026-03-28 23:09:17 +0100: Memory Usage (464688K) : gatpoly_pin has 0 polygons
2026-03-28 23:09:17 +0100: Memory Usage (464688K) : gatpoly_filler has 0 polygons
2026-03-28 23:09:17 +0100: Memory Usage (464816K) : gatpoly_nofill has 0 polygons
2026-03-28 23:09:17 +0100: Memory Usage (464816K) : gatpoly_opc has 0 polygons
2026-03-28 23:09:17 +0100: Memory Usage (464944K) : gatpoly_iopc has 0 polygons
2026-03-28 23:09:17 +0100: Memory Usage (464944K) : gatpoly_noqrc has 0 polygons
2026-03-28 23:09:17 +0100: Memory Usage (465200K) : cont_drw has 167163 polygons
2026-03-28 23:09:17 +0100: Memory Usage (465200K) : cont_opc has 0 polygons
2026-03-28 23:09:17 +0100: Memory Usage (465200K) : nsd_drw has 0 polygons
2026-03-28 23:09:17 +0100: Memory Usage (465200K) : nsd_block has 0 polygons
2026-03-28 23:09:17 +0100: Memory Usage (465584K) : metal1_drw has 38148 polygons
2026-03-28 23:09:17 +0100: Memory Usage (465840K) : metal1_pin has 15734 polygons
2026-03-28 23:09:17 +0100: Memory Usage (465840K) : metal1_mask has 0 polygons
2026-03-28 23:09:17 +0100: Memory Usage (465840K) : metal1_filler has 0 polygons
2026-03-28 23:09:17 +0100: Memory Usage (465840K) : metal1_nofill has 0 polygons
2026-03-28 23:09:17 +0100: Memory Usage (465840K) : metal1_slit has 0 polygons
2026-03-28 23:09:17 +0100: Memory Usage (466224K) : metal1_text has 15632 polygons
2026-03-28 23:09:17 +0100: Memory Usage (466224K) : metal1_opc has 0 polygons
2026-03-28 23:09:17 +0100: Memory Usage (466224K) : metal1_noqrc has 0 polygons
2026-03-28 23:09:17 +0100: Memory Usage (466352K) : metal1_res has 0 polygons
2026-03-28 23:09:17 +0100: Memory Usage (466352K) : metal1_iprobe has 0 polygons
2026-03-28 23:09:17 +0100: Memory Usage (466480K) : metal1_diffprb has 0 polygons
2026-03-28 23:09:17 +0100: Memory Usage (466480K) : passiv_drw has 0 polygons
2026-03-28 23:09:17 +0100: Memory Usage (466608K) : passiv_pin has 0 polygons
2026-03-28 23:09:17 +0100: Memory Usage (466608K) : passiv_sbump has 0 polygons
2026-03-28 23:09:17 +0100: Memory Usage (466736K) : passiv_pillar has 0 polygons
2026-03-28 23:09:17 +0100: Memory Usage (466736K) : passiv_pdl has 0 polygons
2026-03-28 23:09:17 +0100: Memory Usage (467248K) : metal2_drw has 18327 polygons
2026-03-28 23:09:17 +0100: Memory Usage (467248K) : metal2_pin has 5 polygons
2026-03-28 23:09:17 +0100: Memory Usage (467248K) : metal2_mask has 0 polygons
2026-03-28 23:09:17 +0100: Memory Usage (467248K) : metal2_filler has 0 polygons
2026-03-28 23:09:17 +0100: Memory Usage (467248K) : metal2_nofill has 0 polygons
2026-03-28 23:09:17 +0100: Memory Usage (467376K) : metal2_slit has 0 polygons
2026-03-28 23:09:17 +0100: Memory Usage (467376K) : metal2_text has 5 polygons
2026-03-28 23:09:17 +0100: Memory Usage (467376K) : metal2_opc has 0 polygons
2026-03-28 23:09:17 +0100: Memory Usage (467504K) : metal2_noqrc has 0 polygons
2026-03-28 23:09:17 +0100: Memory Usage (467632K) : metal2_res has 0 polygons
2026-03-28 23:09:17 +0100: Memory Usage (467632K) : metal2_iprobe has 0 polygons
2026-03-28 23:09:17 +0100: Memory Usage (467760K) : metal2_diffprb has 0 polygons
2026-03-28 23:09:17 +0100: Memory Usage (467760K) : baspoly_drw has 0 polygons
2026-03-28 23:09:17 +0100: Memory Usage (467888K) : baspoly_pin has 0 polygons
2026-03-28 23:09:17 +0100: Memory Usage (468016K) : psd_drw has 10733 polygons
2026-03-28 23:09:17 +0100: Memory Usage (468016K) : nldb_drw has 0 polygons
2026-03-28 23:09:17 +0100: Memory Usage (468016K) : digibnd_drw has 0 polygons
2026-03-28 23:09:17 +0100: Memory Usage (468144K) : via1_drw has 7269 polygons
2026-03-28 23:09:17 +0100: Memory Usage (468144K) : backmetal1_drw has 0 polygons
2026-03-28 23:09:17 +0100: Memory Usage (468144K) : backmetal1_pin has 0 polygons
2026-03-28 23:09:17 +0100: Memory Usage (468272K) : backmetal1_mask has 0 polygons
2026-03-28 23:09:17 +0100: Memory Usage (468272K) : backmetal1_filler has 0 polygons
2026-03-28 23:09:17 +0100: Memory Usage (468400K) : backmetal1_nofill has 0 polygons
2026-03-28 23:09:17 +0100: Memory Usage (468400K) : backmetal1_slit has 0 polygons
2026-03-28 23:09:17 +0100: Memory Usage (468400K) : backmetal1_text has 0 polygons
2026-03-28 23:09:17 +0100: Memory Usage (468528K) : backmetal1_opc has 0 polygons
2026-03-28 23:09:17 +0100: Memory Usage (468528K) : backmetal1_noqrc has 0 polygons
2026-03-28 23:09:17 +0100: Memory Usage (468656K) : backmetal1_res has 0 polygons
2026-03-28 23:09:17 +0100: Memory Usage (468656K) : backmetal1_iprobe has 0 polygons
2026-03-28 23:09:17 +0100: Memory Usage (468784K) : backmetal1_diffprb has 0 polygons
2026-03-28 23:09:17 +0100: Memory Usage (468784K) : backpassiv_drw has 0 polygons
2026-03-28 23:09:17 +0100: Memory Usage (468784K) : res_drw has 0 polygons
2026-03-28 23:09:17 +0100: Memory Usage (468912K) : sram_drw has 0 polygons
2026-03-28 23:09:17 +0100: Memory Usage (468912K) : trans_drw has 0 polygons
2026-03-28 23:09:17 +0100: Memory Usage (469040K) : ind_drw has 0 polygons
2026-03-28 23:09:17 +0100: Memory Usage (469168K) : ind_pin has 0 polygons
2026-03-28 23:09:17 +0100: Memory Usage (469168K) : ind_text has 0 polygons
2026-03-28 23:09:17 +0100: Memory Usage (469296K) : salblock_drw has 0 polygons
2026-03-28 23:09:17 +0100: Memory Usage (469424K) : via2_drw has 6405 polygons
2026-03-28 23:09:17 +0100: Memory Usage (469680K) : metal3_drw has 7644 polygons
2026-03-28 23:09:17 +0100: Memory Usage (469680K) : metal3_pin has 7 polygons
2026-03-28 23:09:17 +0100: Memory Usage (469680K) : metal3_mask has 0 polygons
2026-03-28 23:09:17 +0100: Memory Usage (469680K) : metal3_filler has 0 polygons
2026-03-28 23:09:17 +0100: Memory Usage (469808K) : metal3_nofill has 0 polygons
2026-03-28 23:09:17 +0100: Memory Usage (469808K) : metal3_slit has 0 polygons
2026-03-28 23:09:17 +0100: Memory Usage (469808K) : metal3_text has 7 polygons
2026-03-28 23:09:17 +0100: Memory Usage (469936K) : metal3_opc has 0 polygons
2026-03-28 23:09:17 +0100: Memory Usage (469936K) : metal3_noqrc has 0 polygons
2026-03-28 23:09:17 +0100: Memory Usage (470064K) : metal3_res has 0 polygons
2026-03-28 23:09:17 +0100: Memory Usage (470192K) : metal3_iprobe has 0 polygons
2026-03-28 23:09:17 +0100: Memory Usage (470192K) : metal3_diffprb has 0 polygons
2026-03-28 23:09:17 +0100: Memory Usage (470320K) : nwell_drw has 5353 polygons
2026-03-28 23:09:17 +0100: Memory Usage (470320K) : nwell_pin has 0 polygons
2026-03-28 23:09:17 +0100: Memory Usage (470448K) : nbulay_drw has 0 polygons
2026-03-28 23:09:17 +0100: Memory Usage (470448K) : nbulay_pin has 0 polygons
2026-03-28 23:09:17 +0100: Memory Usage (470448K) : nbulay_block has 0 polygons
2026-03-28 23:09:17 +0100: Memory Usage (470576K) : emwind_drw has 0 polygons
2026-03-28 23:09:17 +0100: Memory Usage (470704K) : emwind_opc has 0 polygons
2026-03-28 23:09:17 +0100: Memory Usage (470704K) : deepco_drw has 0 polygons
2026-03-28 23:09:17 +0100: Memory Usage (470832K) : deepco_drw has 0 polygons
2026-03-28 23:09:17 +0100: Memory Usage (470960K) : mim_drw has 0 polygons
2026-03-28 23:09:17 +0100: Memory Usage (470960K) : edgeseal_drw has 0 polygons
2026-03-28 23:09:17 +0100: Memory Usage (470960K) : edgeseal_bound has 0 polygons
2026-03-28 23:09:17 +0100: Memory Usage (471088K) : substrate_drw has 0 polygons
2026-03-28 23:09:17 +0100: Memory Usage (471088K) : substrate_text has 0 polygons
2026-03-28 23:09:17 +0100: Memory Usage (471216K) : dfpad_drw has 0 polygons
2026-03-28 23:09:17 +0100: Memory Usage (471216K) : dfpad_pillar has 0 polygons
2026-03-28 23:09:17 +0100: Memory Usage (471216K) : dfpad_sbump has 0 polygons
2026-03-28 23:09:17 +0100: Memory Usage (471344K) : thickgateox_drw has 0 polygons
2026-03-28 23:09:17 +0100: Memory Usage (471344K) : pldb_drw has 0 polygons
2026-03-28 23:09:17 +0100: Memory Usage (471472K) : pwell_drw has 0 polygons
2026-03-28 23:09:17 +0100: Memory Usage (471472K) : pwell_pin has 0 polygons
2026-03-28 23:09:17 +0100: Memory Usage (471600K) : pwell_block has 0 polygons
2026-03-28 23:09:17 +0100: Memory Usage (471600K) : ic_drw has 0 polygons
2026-03-28 23:09:17 +0100: Memory Usage (471728K) : via3_drw has 2403 polygons
2026-03-28 23:09:17 +0100: Memory Usage (471856K) : metal4_drw has 794 polygons
2026-03-28 23:09:17 +0100: Memory Usage (471856K) : metal4_pin has 0 polygons
2026-03-28 23:09:17 +0100: Memory Usage (471856K) : metal4_mask has 0 polygons
2026-03-28 23:09:17 +0100: Memory Usage (471984K) : metal4_filler has 0 polygons
2026-03-28 23:09:17 +0100: Memory Usage (471984K) : metal4_nofill has 0 polygons
2026-03-28 23:09:17 +0100: Memory Usage (472112K) : metal4_slit has 0 polygons
2026-03-28 23:09:17 +0100: Memory Usage (472112K) : metal4_text has 0 polygons
2026-03-28 23:09:17 +0100: Memory Usage (472112K) : metal4_opc has 0 polygons
2026-03-28 23:09:17 +0100: Memory Usage (472240K) : metal4_noqrc has 0 polygons
2026-03-28 23:09:17 +0100: Memory Usage (472240K) : metal4_res has 0 polygons
2026-03-28 23:09:17 +0100: Memory Usage (472368K) : metal4_iprobe has 0 polygons
2026-03-28 23:09:17 +0100: Memory Usage (472496K) : metal4_diffprb has 0 polygons
2026-03-28 23:09:17 +0100: Memory Usage (472496K) : heattrans_drw has 0 polygons
2026-03-28 23:09:17 +0100: Memory Usage (472624K) : heatres_drw has 0 polygons
2026-03-28 23:09:17 +0100: Memory Usage (472624K) : pempoly_drw has 0 polygons
2026-03-28 23:09:17 +0100: Memory Usage (472624K) : fbe_drw has 0 polygons
2026-03-28 23:09:17 +0100: Memory Usage (472752K) : empoly_drw has 0 polygons
2026-03-28 23:09:17 +0100: Memory Usage (472752K) : ldmos_drw has 0 polygons
2026-03-28 23:09:17 +0100: Memory Usage (472880K) : pbiwind_drw has 0 polygons
2026-03-28 23:09:17 +0100: Memory Usage (473008K) : digisub_drw has 0 polygons
2026-03-28 23:09:17 +0100: Memory Usage (473008K) : nodrc_drw has 0 polygons
2026-03-28 23:09:17 +0100: Memory Usage (473136K) : text_drw has 0 polygons
2026-03-28 23:09:17 +0100: Memory Usage (473264K) : via4_drw has 2337 polygons
2026-03-28 23:09:17 +0100: Memory Usage (473264K) : metal5_drw has 993 polygons
2026-03-28 23:09:17 +0100: Memory Usage (473264K) : metal5_pin has 0 polygons
2026-03-28 23:09:17 +0100: Memory Usage (473264K) : metal5_mask has 0 polygons
2026-03-28 23:09:17 +0100: Memory Usage (473392K) : metal5_filler has 0 polygons
2026-03-28 23:09:17 +0100: Memory Usage (473392K) : metal5_nofill has 0 polygons
2026-03-28 23:09:17 +0100: Memory Usage (473520K) : metal5_slit has 0 polygons
2026-03-28 23:09:17 +0100: Memory Usage (473520K) : metal5_text has 0 polygons
2026-03-28 23:09:17 +0100: Memory Usage (473520K) : metal5_opc has 0 polygons
2026-03-28 23:09:17 +0100: Memory Usage (473648K) : metal5_noqrc has 0 polygons
2026-03-28 23:09:17 +0100: Memory Usage (473648K) : metal5_res has 0 polygons
2026-03-28 23:09:17 +0100: Memory Usage (473776K) : metal5_iprobe has 0 polygons
2026-03-28 23:09:17 +0100: Memory Usage (473776K) : metal5_diffprb has 0 polygons
2026-03-28 23:09:17 +0100: Memory Usage (473904K) : radhard_drw has 0 polygons
2026-03-28 23:09:17 +0100: Memory Usage (473904K) : memcap_drw has 0 polygons
2026-03-28 23:09:17 +0100: Memory Usage (474032K) : varicap_drw has 0 polygons
2026-03-28 23:09:17 +0100: Memory Usage (474160K) : flash_drw has 0 polygons
2026-03-28 23:09:17 +0100: Memory Usage (474160K) : intbondvia_drw has 0 polygons
2026-03-28 23:09:17 +0100: Memory Usage (474288K) : intbondmet_drw has 0 polygons
2026-03-28 23:09:17 +0100: Memory Usage (474288K) : devbondvia_drw has 0 polygons
2026-03-28 23:09:17 +0100: Memory Usage (474416K) : devbondmet_drw has 0 polygons
2026-03-28 23:09:17 +0100: Memory Usage (474416K) : devtrench_drw has 0 polygons
2026-03-28 23:09:17 +0100: Memory Usage (474416K) : redist_drw has 0 polygons
2026-03-28 23:09:17 +0100: Memory Usage (474544K) : graphbot_drw has 0 polygons
2026-03-28 23:09:17 +0100: Memory Usage (474544K) : graphtop_drw has 0 polygons
2026-03-28 23:09:17 +0100: Memory Usage (474672K) : antvia1_drw has 0 polygons
2026-03-28 23:09:17 +0100: Memory Usage (474672K) : antmetal2_drw has 0 polygons
2026-03-28 23:09:17 +0100: Memory Usage (474800K) : graphcont_drw has 0 polygons
2026-03-28 23:09:17 +0100: Memory Usage (474800K) : siwg_drw has 0 polygons
2026-03-28 23:09:17 +0100: Memory Usage (474800K) : siwg_filler has 0 polygons
2026-03-28 23:09:17 +0100: Memory Usage (474928K) : siwg_nofill has 0 polygons
2026-03-28 23:09:17 +0100: Memory Usage (475056K) : sigrating_drw has 0 polygons
2026-03-28 23:09:17 +0100: Memory Usage (475056K) : singrating_drw has 0 polygons
2026-03-28 23:09:17 +0100: Memory Usage (475184K) : graphpas_drw has 0 polygons
2026-03-28 23:09:17 +0100: Memory Usage (475184K) : emwind3_drw has 0 polygons
2026-03-28 23:09:17 +0100: Memory Usage (475184K) : emwihv3_drw has 0 polygons
2026-03-28 23:09:17 +0100: Memory Usage (475312K) : redbulay_drw has 0 polygons
2026-03-28 23:09:17 +0100: Memory Usage (475312K) : smos_drw has 0 polygons
2026-03-28 23:09:17 +0100: Memory Usage (475440K) : graphpad_drw has 0 polygons
2026-03-28 23:09:17 +0100: Memory Usage (475440K) : polimide_drw has 0 polygons
2026-03-28 23:09:17 +0100: Memory Usage (475568K) : polimide_pin has 0 polygons
2026-03-28 23:09:17 +0100: Memory Usage (475696K) : recog_drw has 0 polygons
2026-03-28 23:09:17 +0100: Memory Usage (475696K) : recog_pin has 0 polygons
2026-03-28 23:09:17 +0100: Memory Usage (475696K) : recog_esd has 0 polygons
2026-03-28 23:09:17 +0100: Memory Usage (475824K) : recog_diode has 0 polygons
2026-03-28 23:09:17 +0100: Memory Usage (475824K) : recog_tsv has 0 polygons
2026-03-28 23:09:17 +0100: Memory Usage (475952K) : recog_iprobe has 0 polygons
2026-03-28 23:09:17 +0100: Memory Usage (475952K) : recog_diffprb has 0 polygons
2026-03-28 23:09:17 +0100: Memory Usage (475952K) : recog_pillar has 0 polygons
2026-03-28 23:09:17 +0100: Memory Usage (475952K) : recog_sbump has 0 polygons
2026-03-28 23:09:17 +0100: Memory Usage (476080K) : recog_otp has 0 polygons
2026-03-28 23:09:17 +0100: Memory Usage (476080K) : recog_pdiode has 0 polygons
2026-03-28 23:09:17 +0100: Memory Usage (476080K) : recog_mom has 0 polygons
2026-03-28 23:09:17 +0100: Memory Usage (476208K) : recog_pcm has 0 polygons
2026-03-28 23:09:17 +0100: Memory Usage (476208K) : colopen_drw has 0 polygons
2026-03-28 23:09:17 +0100: Memory Usage (476208K) : graphmetal1_drw has 0 polygons
2026-03-28 23:09:17 +0100: Memory Usage (476336K) : graphmetal1_filler has 0 polygons
2026-03-28 23:09:17 +0100: Memory Usage (476336K) : graphmetal1_nofill has 0 polygons
2026-03-28 23:09:17 +0100: Memory Usage (476336K) : graphmetal1_slit has 0 polygons
2026-03-28 23:09:17 +0100: Memory Usage (476336K) : graphmetal1_opc has 0 polygons
2026-03-28 23:09:17 +0100: Memory Usage (476464K) : graphmet1l_drw has 0 polygons
2026-03-28 23:09:17 +0100: Memory Usage (476464K) : graphmet1l_filler has 0 polygons
2026-03-28 23:09:17 +0100: Memory Usage (476464K) : graphmet1l_nofill has 0 polygons
2026-03-28 23:09:17 +0100: Memory Usage (476592K) : graphmet1l_slit has 0 polygons
2026-03-28 23:09:17 +0100: Memory Usage (476592K) : graphmet1l_opc has 0 polygons
2026-03-28 23:09:17 +0100: Memory Usage (476592K) : extblock_drw has 0 polygons
2026-03-28 23:09:17 +0100: Memory Usage (476720K) : nldd_drw has 0 polygons
2026-03-28 23:09:17 +0100: Memory Usage (476720K) : pldd_drw has 0 polygons
2026-03-28 23:09:17 +0100: Memory Usage (476848K) : next_drw has 0 polygons
2026-03-28 23:09:17 +0100: Memory Usage (476848K) : pext_drw has 0 polygons
2026-03-28 23:09:17 +0100: Memory Usage (476848K) : nexthv_drw has 0 polygons
2026-03-28 23:09:17 +0100: Memory Usage (476976K) : pexthv_drw has 0 polygons
2026-03-28 23:09:17 +0100: Memory Usage (476976K) : graphgate_drw has 0 polygons
2026-03-28 23:09:17 +0100: Memory Usage (477104K) : sinwg_drw has 0 polygons
2026-03-28 23:09:17 +0100: Memory Usage (477104K) : sinwg_filler has 0 polygons
2026-03-28 23:09:17 +0100: Memory Usage (477232K) : sinwg_nofill has 0 polygons
2026-03-28 23:09:17 +0100: Memory Usage (477232K) : mempad_drw has 0 polygons
2026-03-28 23:09:17 +0100: Memory Usage (477232K) : topvia1_drw has 950 polygons
2026-03-28 23:09:17 +0100: Memory Usage (477232K) : topmetal1_drw has 410 polygons
2026-03-28 23:09:17 +0100: Memory Usage (477232K) : topmetal1_pin has 13 polygons
2026-03-28 23:09:17 +0100: Memory Usage (477232K) : topmetal1_mask has 0 polygons
2026-03-28 23:09:17 +0100: Memory Usage (477232K) : topmetal1_filler has 0 polygons
2026-03-28 23:09:17 +0100: Memory Usage (477232K) : topmetal1_nofill has 0 polygons
2026-03-28 23:09:17 +0100: Memory Usage (477232K) : topmetal1_slit has 0 polygons
2026-03-28 23:09:17 +0100: Memory Usage (477232K) : topmetal1_text has 2 polygons
2026-03-28 23:09:17 +0100: Memory Usage (477232K) : topmetal1_noqrc has 0 polygons
2026-03-28 23:09:17 +0100: Memory Usage (477232K) : topmetal1_res has 0 polygons
2026-03-28 23:09:17 +0100: Memory Usage (477232K) : topmetal1_iprobe has 0 polygons
2026-03-28 23:09:17 +0100: Memory Usage (477232K) : topmetal1_diffprb has 0 polygons
2026-03-28 23:09:17 +0100: Memory Usage (477232K) : inldpwl_drw has 0 polygons
2026-03-28 23:09:17 +0100: Memory Usage (477232K) : polyres_drw has 0 polygons
2026-03-28 23:09:17 +0100: Memory Usage (477232K) : polyres_pin has 0 polygons
2026-03-28 23:09:17 +0100: Memory Usage (477232K) : vmim_drw has 0 polygons
2026-03-28 23:09:17 +0100: Memory Usage (477232K) : nbulaycut_drw has 0 polygons
2026-03-28 23:09:17 +0100: Memory Usage (477232K) : antmetal1_drw has 0 polygons
2026-03-28 23:09:17 +0100: Memory Usage (477232K) : topvia2_drw has 111 polygons
2026-03-28 23:09:17 +0100: Memory Usage (477232K) : topmetal2_drw has 77 polygons
2026-03-28 23:09:17 +0100: Memory Usage (477232K) : topmetal2_pin has 9 polygons
2026-03-28 23:09:17 +0100: Memory Usage (477232K) : topmetal2_mask has 0 polygons
2026-03-28 23:09:17 +0100: Memory Usage (477232K) : topmetal2_filler has 0 polygons
2026-03-28 23:09:17 +0100: Memory Usage (477232K) : topmetal2_nofill has 0 polygons
2026-03-28 23:09:17 +0100: Memory Usage (477232K) : topmetal2_slit has 0 polygons
2026-03-28 23:09:17 +0100: Memory Usage (477232K) : topmetal2_text has 2 polygons
2026-03-28 23:09:17 +0100: Memory Usage (477232K) : topmetal2_noqrc has 0 polygons
2026-03-28 23:09:17 +0100: Memory Usage (477232K) : topmetal2_res has 0 polygons
2026-03-28 23:09:17 +0100: Memory Usage (477232K) : topmetal2_iprobe has 0 polygons
2026-03-28 23:09:17 +0100: Memory Usage (477232K) : topmetal2_diffprb has 0 polygons
2026-03-28 23:09:17 +0100: Memory Usage (477232K) : snsring_drw has 0 polygons
2026-03-28 23:09:17 +0100: Memory Usage (477232K) : sensor_drw has 0 polygons
2026-03-28 23:09:17 +0100: Memory Usage (477232K) : snsarms_drw has 0 polygons
2026-03-28 23:09:17 +0100: Memory Usage (477232K) : snscmosvia_drw has 0 polygons
2026-03-28 23:09:17 +0100: Memory Usage (477232K) : colwind_drw has 0 polygons
2026-03-28 23:09:17 +0100: Memory Usage (477232K) : flm_drw has 0 polygons
2026-03-28 23:09:17 +0100: Memory Usage (477232K) : hafniumox_drw has 0 polygons
2026-03-28 23:09:17 +0100: Memory Usage (477232K) : memvia_drw has 0 polygons
2026-03-28 23:09:17 +0100: Memory Usage (477232K) : thinfilmres_drw has 0 polygons
2026-03-28 23:09:17 +0100: Memory Usage (477232K) : rfmem_drw has 0 polygons
2026-03-28 23:09:17 +0100: Memory Usage (477232K) : norcx_drw has 0 polygons
2026-03-28 23:09:17 +0100: Memory Usage (477232K) : norcx_m2m3 has 0 polygons
2026-03-28 23:09:17 +0100: Memory Usage (477232K) : norcx_m2m4 has 0 polygons
2026-03-28 23:09:17 +0100: Memory Usage (477232K) : norcx_m2m5 has 0 polygons
2026-03-28 23:09:17 +0100: Memory Usage (477232K) : norcx_m2tm1 has 0 polygons
2026-03-28 23:09:17 +0100: Memory Usage (477232K) : norcx_m2tm2 has 0 polygons
2026-03-28 23:09:17 +0100: Memory Usage (477232K) : norcx_m3m4 has 0 polygons
2026-03-28 23:09:17 +0100: Memory Usage (477232K) : norcx_m3m5 has 0 polygons
2026-03-28 23:09:17 +0100: Memory Usage (477232K) : norcx_m3tm1 has 0 polygons
2026-03-28 23:09:17 +0100: Memory Usage (477232K) : norcx_m3tm2 has 0 polygons
2026-03-28 23:09:17 +0100: Memory Usage (477232K) : norcx_m4m5 has 0 polygons
2026-03-28 23:09:17 +0100: Memory Usage (477232K) : norcx_m4tm1 has 0 polygons
2026-03-28 23:09:17 +0100: Memory Usage (477232K) : norcx_m4tm2 has 0 polygons
2026-03-28 23:09:17 +0100: Memory Usage (477232K) : norcx_m5tm1 has 0 polygons
2026-03-28 23:09:17 +0100: Memory Usage (477232K) : norcx_m5tm2 has 0 polygons
2026-03-28 23:09:17 +0100: Memory Usage (477232K) : norcx_tm1tm2 has 0 polygons
2026-03-28 23:09:17 +0100: Memory Usage (477232K) : norcx_m1sub has 0 polygons
2026-03-28 23:09:17 +0100: Memory Usage (477232K) : norcx_m2sub has 0 polygons
2026-03-28 23:09:17 +0100: Memory Usage (477232K) : norcx_m3sub has 0 polygons
2026-03-28 23:09:17 +0100: Memory Usage (477232K) : norcx_m4sub has 0 polygons
2026-03-28 23:09:17 +0100: Memory Usage (477232K) : norcx_m5sub has 0 polygons
2026-03-28 23:09:17 +0100: Memory Usage (477232K) : norcx_tm1sub has 0 polygons
2026-03-28 23:09:17 +0100: Memory Usage (477232K) : norcx_tm2sub has 0 polygons
2026-03-28 23:09:17 +0100: Memory Usage (477232K) : snsbotvia_drw has 0 polygons
2026-03-28 23:09:17 +0100: Memory Usage (477232K) : snstopvia_drw has 0 polygons
2026-03-28 23:09:17 +0100: Memory Usage (477232K) : deepvia_drw has 0 polygons
2026-03-28 23:09:17 +0100: Memory Usage (477232K) : fgetch_drw has 0 polygons
2026-03-28 23:09:17 +0100: Memory Usage (477232K) : ctrgat_drw has 0 polygons
2026-03-28 23:09:17 +0100: Memory Usage (477232K) : fgimp_drw has 0 polygons
2026-03-28 23:09:17 +0100: Memory Usage (477232K) : emwihv_drw has 0 polygons
2026-03-28 23:09:17 +0100: Memory Usage (477232K) : lbe_drw has 0 polygons
2026-03-28 23:09:17 +0100: Memory Usage (477232K) : alcustop_drw has 0 polygons
2026-03-28 23:09:17 +0100: Memory Usage (477232K) : nometfiller_drw has 0 polygons
2026-03-28 23:09:17 +0100: Memory Usage (477232K) : prboundary_drw has 0 polygons
2026-03-28 23:09:17 +0100: Memory Usage (477232K) : exchange0_drw has 0 polygons
2026-03-28 23:09:17 +0100: Memory Usage (477232K) : exchange0_pin has 0 polygons
2026-03-28 23:09:17 +0100: Memory Usage (477232K) : exchange0_text has 0 polygons
2026-03-28 23:09:17 +0100: Memory Usage (477232K) : exchange1_drw has 0 polygons
2026-03-28 23:09:17 +0100: Memory Usage (477232K) : exchange1_pin has 0 polygons
2026-03-28 23:09:17 +0100: Memory Usage (477232K) : exchange1_text has 0 polygons
2026-03-28 23:09:17 +0100: Memory Usage (477232K) : exchange2_drw has 0 polygons
2026-03-28 23:09:17 +0100: Memory Usage (477232K) : exchange2_pin has 0 polygons
2026-03-28 23:09:17 +0100: Memory Usage (477232K) : exchange2_text has 0 polygons
2026-03-28 23:09:17 +0100: Memory Usage (477232K) : exchange3_drw has 0 polygons
2026-03-28 23:09:17 +0100: Memory Usage (477232K) : exchange3_pin has 0 polygons
2026-03-28 23:09:17 +0100: Memory Usage (477232K) : exchange3_text has 0 polygons
2026-03-28 23:09:17 +0100: Memory Usage (477232K) : exchange4_drw has 0 polygons
2026-03-28 23:09:17 +0100: Memory Usage (477232K) : exchange4_pin has 0 polygons
2026-03-28 23:09:17 +0100: Memory Usage (477232K) : exchange4_text has 0 polygons
2026-03-28 23:09:17 +0100: Memory Usage (477232K) : isonwell_drw has 0 polygons
2026-03-28 23:09:17 +0100: Memory Usage (477232K) : Total no. of polygons in the design is 345098
2026-03-28 23:09:17 +0100: Memory Usage (477360K) : Loaded TECH DRC rules values from /foss/pdks/ihp-sg13g2/libs.tech/klayout/python/sg13g2_pycell_lib/sg13g2_tech_mod.json
2026-03-28 23:09:17 +0100: Memory Usage (477360K) : Loaded default DRC rules values from /foss/pdks/ihp-sg13g2/libs.tech/klayout/tech/drc/rule_decks/sg13g2_tech_default.json
2026-03-28 23:09:17 +0100: Memory Usage (477360K) : The following rules values were missing in tech json and default values were used:
2026-03-28 23:09:17 +0100: Memory Usage (477360K) :   - Cnt_c_digibnd
2026-03-28 23:09:17 +0100: Memory Usage (478256K) : Total area of the design is 87400.0 um^2.
2026-03-28 23:09:17 +0100: Memory Usage (478256K) : The design dimensions are 380.0 µm * 230.0 µm.
2026-03-28 23:09:17 +0100: Memory Usage (478256K) : Starting general IHP-SG13G2 derivations.
2026-03-28 23:09:17 +0100: Memory Usage (478256K) : Starting Pwell derivations
2026-03-28 23:09:17 +0100: Memory Usage (483504K) : Starting n-Activ derivations
2026-03-28 23:09:17 +0100: Memory Usage (488368K) : Starting p-Activ derivations
2026-03-28 23:09:17 +0100: Memory Usage (488368K) : Starting ptap derivations
2026-03-28 23:09:18 +0100: Memory Usage (488368K) : Starting ntap derivations
2026-03-28 23:09:18 +0100: Memory Usage (488368K) : Starting pact FET derivations
2026-03-28 23:09:18 +0100: Memory Usage (488368K) : Starting nact FET derivations
2026-03-28 23:09:18 +0100: Memory Usage (488368K) : Starting Gate derivations
2026-03-28 23:09:18 +0100: Memory Usage (488368K) : Starting cont/contbar general derivations
2026-03-28 23:09:18 +0100: Memory Usage (496944K) : Starting pad general derivations
2026-03-28 23:09:18 +0100: Memory Usage (496944K) : Starting IHP-SG13G2 DRC connectivity related derivations.
2026-03-28 23:09:18 +0100: Memory Usage (496944K) : Starting IHP-SG13G2 DRC connectivity setup
2026-03-28 23:09:30 +0100: Memory Usage (497200K) : Starting IHP-SG13G2 DRC rules.
2026-03-28 23:09:30 +0100: Memory Usage (497200K) : Running all FEOL rules
2026-03-28 23:09:30 +0100: Memory Usage (497200K) : Running all BEOL rules
2026-03-28 23:09:30 +0100: Memory Usage (497200K) : Running all PIN rules
2026-03-28 23:09:30 +0100: Memory Usage (497200K) : Running all FORBIDDEN rules
2026-03-28 23:09:30 +0100: Memory Usage (497200K) : Starting 5.1 NWell table
2026-03-28 23:09:30 +0100: Memory Usage (497200K) : Executing rule NW.b
2026-03-28 23:09:31 +0100: Memory Usage (497840K) : Executing rule NW.b1
2026-03-28 23:09:31 +0100: Memory Usage (497840K) : Starting 5.2 PWell:block
2026-03-28 23:09:31 +0100: Memory Usage (497840K) : Executing rule PWB.e
2026-03-28 23:09:31 +0100: Memory Usage (497840K) : Executing rule PWB.e1
2026-03-28 23:09:31 +0100: Memory Usage (497840K) : Executing rule PWB.f
2026-03-28 23:09:31 +0100: Memory Usage (497840K) : Executing rule PWB.f1
2026-03-28 23:09:31 +0100: Memory Usage (497840K) : Starting 5.3 nBuLay table
2026-03-28 23:09:31 +0100: Memory Usage (499376K) : Executing rule NBL.b
2026-03-28 23:09:31 +0100: Memory Usage (499376K) : Executing rule NBL.c
2026-03-28 23:09:31 +0100: Memory Usage (499376K) : Executing rule NBL.d
2026-03-28 23:09:31 +0100: Memory Usage (499376K) : Executing rule NBL.e
2026-03-28 23:09:31 +0100: Memory Usage (499376K) : Executing rule NBL.f
2026-03-28 23:09:31 +0100: Memory Usage (499376K) : Starting 5.5. Activ table
2026-03-28 23:09:31 +0100: Memory Usage (499376K) : Executing rule Act.a
2026-03-28 23:09:31 +0100: Memory Usage (500144K) : Executing rule Act.b
2026-03-28 23:09:31 +0100: Memory Usage (502064K) : Starting 5.6 Activ:filler table
2026-03-28 23:09:31 +0100: Memory Usage (502192K) : Executing rule AFil.c1
2026-03-28 23:09:31 +0100: Memory Usage (502192K) : Executing rule AFil.c
2026-03-28 23:09:31 +0100: Memory Usage (502192K) : Executing rule AFil.d
2026-03-28 23:09:31 +0100: Memory Usage (502192K) : Executing rule AFil.e
2026-03-28 23:09:31 +0100: Memory Usage (502192K) : Executing rule AFil.j
2026-03-28 23:09:31 +0100: Memory Usage (502192K) : Starting 5.7. ThickGateOx table
2026-03-28 23:09:31 +0100: Memory Usage (502192K) : Executing rule TGO.f
2026-03-28 23:09:31 +0100: Memory Usage (502192K) : Starting 5.8. GatPoly table
2026-03-28 23:09:31 +0100: Memory Usage (502192K) : Executing rule Gat.a
2026-03-28 23:09:31 +0100: Memory Usage (502192K) : Executing rule Gat.b
2026-03-28 23:09:31 +0100: Memory Usage (502192K) : Executing rule Gat.d
2026-03-28 23:09:31 +0100: Memory Usage (502192K) : Executing rule Gat.a1
2026-03-28 23:09:31 +0100: Memory Usage (502576K) : Executing rule Gat.a2
2026-03-28 23:09:31 +0100: Memory Usage (502576K) : Executing rule Gat.g
2026-03-28 23:09:31 +0100: Memory Usage (502576K) : Starting 5.9 GatPoly:filler
2026-03-28 23:09:31 +0100: Memory Usage (502576K) : Executing rule GFil.d
2026-03-28 23:09:31 +0100: Memory Usage (502576K) : Executing rule GFil.e
2026-03-28 23:09:32 +0100: Memory Usage (502576K) : Executing rule GFil.i
2026-03-28 23:09:32 +0100: Memory Usage (502576K) : Starting 5.10 pSD table
2026-03-28 23:09:32 +0100: Memory Usage (502576K) : Executing rule pSD.c1
2026-03-28 23:09:32 +0100: Memory Usage (504880K) : Starting 5.14. Cont table
2026-03-28 23:09:32 +0100: Memory Usage (504880K) : Executing rule Cnt.a
2026-03-28 23:09:32 +0100: Memory Usage (526000K) : Executing rule Cnt.b
2026-03-28 23:09:32 +0100: Memory Usage (526000K) : Executing rule Cnt.c
2026-03-28 23:09:33 +0100: Memory Usage (527792K) : Executing rule Cnt.c
2026-03-28 23:09:33 +0100: Memory Usage (527792K) : Executing rule Cnt.d
2026-03-28 23:09:33 +0100: Memory Usage (527792K) : Executing rule Cnt.e
2026-03-28 23:09:33 +0100: Memory Usage (527792K) : Executing rule Cnt.g1
2026-03-28 23:09:33 +0100: Memory Usage (527792K) : Executing rule Cnt.g2
2026-03-28 23:09:34 +0100: Memory Usage (527792K) : Starting 5.15. ContBar table
2026-03-28 23:09:34 +0100: Memory Usage (527792K) : Executing rule CntB.b1
2026-03-28 23:09:34 +0100: Memory Usage (527792K) : Executing rule CntB.h1
2026-03-28 23:09:34 +0100: Memory Usage (527792K) : Starting 6.1.3 NPN Substrate-Tie table
2026-03-28 23:09:34 +0100: Memory Usage (527792K) : Executing rule npn13G2.bR 
2026-03-28 23:09:34 +0100: Memory Usage (527792K) : Executing rule npn13G2L.cR 
2026-03-28 23:09:34 +0100: Memory Usage (527792K) : Executing rule npn13G2V.cR 
2026-03-28 23:09:34 +0100: Memory Usage (527792K) : Starting 6.7 Schottky diode table
2026-03-28 23:09:34 +0100: Memory Usage (527792K) : Executing rule Sdiod.d
2026-03-28 23:09:34 +0100: Memory Usage (527792K) : Executing rule Sdiod.e
2026-03-28 23:09:34 +0100: Memory Usage (527792K) : Starting 7.2 Latch-up table
2026-03-28 23:09:34 +0100: Memory Usage (527792K) : Executing rule LU.b
2026-03-28 23:09:34 +0100: Memory Usage (527792K) : Starting 5.16. Metal1 table
2026-03-28 23:09:34 +0100: Memory Usage (527792K) : Executing rule M1.a
2026-03-28 23:09:34 +0100: Memory Usage (527792K) : Executing rule M1.b
2026-03-28 23:09:36 +0100: Memory Usage (533552K) : Executing rule M1.e
2026-03-28 23:09:41 +0100: Memory Usage (533552K) : Executing rule M1.f
2026-03-28 23:09:41 +0100: Memory Usage (533680K) : Executing rule M1.g
2026-03-28 23:09:41 +0100: Memory Usage (541872K) : Executing rule M1.i
2026-03-28 23:09:41 +0100: Memory Usage (553136K) : Starting 5.17 Metaln table
2026-03-28 23:09:41 +0100: Memory Usage (553136K) : Executing rule M2.a
2026-03-28 23:09:41 +0100: Memory Usage (553136K) : Executing rule M2.b
2026-03-28 23:09:42 +0100: Memory Usage (553136K) : Executing rule M2.e
2026-03-28 23:09:42 +0100: Memory Usage (553136K) : Executing rule M2.f
2026-03-28 23:09:42 +0100: Memory Usage (553136K) : Executing rule M2.g
2026-03-28 23:09:42 +0100: Memory Usage (553136K) : Executing rule M2.i
2026-03-28 23:09:42 +0100: Memory Usage (553136K) : Executing rule M3.a
2026-03-28 23:09:42 +0100: Memory Usage (553136K) : Executing rule M3.b
2026-03-28 23:09:42 +0100: Memory Usage (553136K) : Executing rule M3.e
2026-03-28 23:09:42 +0100: Memory Usage (553136K) : Executing rule M3.f
2026-03-28 23:09:42 +0100: Memory Usage (553136K) : Executing rule M3.g
2026-03-28 23:09:42 +0100: Memory Usage (553136K) : Executing rule M3.i
2026-03-28 23:09:42 +0100: Memory Usage (553136K) : Executing rule M4.a
2026-03-28 23:09:42 +0100: Memory Usage (553136K) : Executing rule M4.b
2026-03-28 23:09:42 +0100: Memory Usage (553136K) : Executing rule M4.e
2026-03-28 23:09:42 +0100: Memory Usage (553136K) : Executing rule M4.f
2026-03-28 23:09:42 +0100: Memory Usage (553136K) : Executing rule M4.g
2026-03-28 23:09:42 +0100: Memory Usage (553136K) : Executing rule M4.i
2026-03-28 23:09:42 +0100: Memory Usage (553136K) : Executing rule M5.a
2026-03-28 23:09:42 +0100: Memory Usage (553136K) : Executing rule M5.b
2026-03-28 23:09:42 +0100: Memory Usage (553136K) : Executing rule M5.e
2026-03-28 23:09:42 +0100: Memory Usage (553136K) : Executing rule M5.f
2026-03-28 23:09:42 +0100: Memory Usage (553136K) : Executing rule M5.g
2026-03-28 23:09:42 +0100: Memory Usage (553136K) : Executing rule M5.i
2026-03-28 23:09:42 +0100: Memory Usage (553136K) : Starting 5.18 Metaln:filler table
2026-03-28 23:09:42 +0100: Memory Usage (553136K) : Executing rule M1Fil.c
2026-03-28 23:09:42 +0100: Memory Usage (553136K) : Executing rule M1Fil.a2
2026-03-28 23:09:42 +0100: Memory Usage (553136K) : Executing rule M2Fil.c
2026-03-28 23:09:42 +0100: Memory Usage (553136K) : Executing rule M2Fil.a2
2026-03-28 23:09:42 +0100: Memory Usage (553136K) : Executing rule M3Fil.c
2026-03-28 23:09:42 +0100: Memory Usage (553136K) : Executing rule M3Fil.a2
2026-03-28 23:09:42 +0100: Memory Usage (553136K) : Executing rule M4Fil.c
2026-03-28 23:09:42 +0100: Memory Usage (553136K) : Executing rule M4Fil.a2
2026-03-28 23:09:42 +0100: Memory Usage (553136K) : Executing rule M5Fil.c
2026-03-28 23:09:42 +0100: Memory Usage (553136K) : Executing rule M5Fil.a2
2026-03-28 23:09:42 +0100: Memory Usage (553136K) : Starting 5.19. Via1 table
2026-03-28 23:09:42 +0100: Memory Usage (553136K) : Starting 5.19. Via1 table derivations
2026-03-28 23:09:42 +0100: Memory Usage (553136K) : Executing rule V1.a
2026-03-28 23:09:42 +0100: Memory Usage (553136K) : Executing rule V1.b
2026-03-28 23:09:42 +0100: Memory Usage (553136K) : Executing rule V1.c
2026-03-28 23:09:42 +0100: Memory Usage (553136K) : Starting 5.20. Vian table
2026-03-28 23:09:42 +0100: Memory Usage (553136K) : Executing rule V2.a
2026-03-28 23:09:42 +0100: Memory Usage (553136K) : Executing rule V2.b
2026-03-28 23:09:42 +0100: Memory Usage (553136K) : Executing rule V2.c
2026-03-28 23:09:42 +0100: Memory Usage (553136K) : Executing rule V3.a
2026-03-28 23:09:42 +0100: Memory Usage (553136K) : Executing rule V3.b
2026-03-28 23:09:42 +0100: Memory Usage (553136K) : Executing rule V3.c
2026-03-28 23:09:42 +0100: Memory Usage (553136K) : Executing rule V4.a
2026-03-28 23:09:42 +0100: Memory Usage (553136K) : Executing rule V4.b
2026-03-28 23:09:42 +0100: Memory Usage (553136K) : Executing rule V4.c
2026-03-28 23:09:42 +0100: Memory Usage (553136K) : Starting 5.21. TopVia1 table
2026-03-28 23:09:42 +0100: Memory Usage (553136K) : Executing rule TV1.a
2026-03-28 23:09:42 +0100: Memory Usage (553136K) : Executing rule TV1.b
2026-03-28 23:09:42 +0100: Memory Usage (553136K) : Executing rule TV1.c
2026-03-28 23:09:42 +0100: Memory Usage (553136K) : Executing rule TV1.d
2026-03-28 23:09:42 +0100: Memory Usage (553136K) : Starting 5.22. TopMetal1 table
2026-03-28 23:09:42 +0100: Memory Usage (553136K) : Executing rule TM1.a
2026-03-28 23:09:42 +0100: Memory Usage (553136K) : Executing rule TM1.b
2026-03-28 23:09:42 +0100: Memory Usage (553136K) : Starting 5.23 TopMetal1:filler table
2026-03-28 23:09:42 +0100: Memory Usage (553136K) : Executing rule TM1Fil.c
2026-03-28 23:09:42 +0100: Memory Usage (553136K) : Executing rule TM1Fil.a1
2026-03-28 23:09:42 +0100: Memory Usage (553136K) : Starting 5.24. TopVia2 table
2026-03-28 23:09:42 +0100: Memory Usage (553136K) : Executing rule TV2.a
2026-03-28 23:09:42 +0100: Memory Usage (553136K) : Executing rule TV2.b
2026-03-28 23:09:42 +0100: Memory Usage (553136K) : Executing rule TV2.c
2026-03-28 23:09:42 +0100: Memory Usage (553136K) : Executing rule TV2.d
2026-03-28 23:09:42 +0100: Memory Usage (553136K) : Starting 5.25. TopMetal2 table
2026-03-28 23:09:42 +0100: Memory Usage (553136K) : Executing rule TM2.a
2026-03-28 23:09:42 +0100: Memory Usage (553136K) : Executing rule TM2.b
2026-03-28 23:09:42 +0100: Memory Usage (553136K) : Executing rule TM2.bR
2026-03-28 23:09:42 +0100: Memory Usage (553136K) : Starting 5.26 TopMetal2:filler table
2026-03-28 23:09:42 +0100: Memory Usage (553136K) : Executing rule TM2Fil.c
2026-03-28 23:09:42 +0100: Memory Usage (553136K) : Executing rule TM2Fil.a1
2026-03-28 23:09:42 +0100: Memory Usage (553136K) : Starting 5.27. Passiv table
2026-03-28 23:09:42 +0100: Memory Usage (553136K) : Executing rule Pas.a
2026-03-28 23:09:42 +0100: Memory Usage (553136K) : Executing rule Pas.b
2026-03-28 23:09:42 +0100: Memory Usage (553136K) : Executing rule Pas.c
2026-03-28 23:09:42 +0100: Memory Usage (553136K) : Starting 6.9.2 Copper Pillar table
2026-03-28 23:09:42 +0100: Memory Usage (553136K) : Executing rule Padc.a
2026-03-28 23:09:42 +0100: Memory Usage (553136K) : Executing rule Padc.b
2026-03-28 23:09:42 +0100: Memory Usage (553136K) : Executing rule Padc.c
2026-03-28 23:09:42 +0100: Memory Usage (553136K) : Executing rule Padb.f
2026-03-28 23:09:42 +0100: Memory Usage (553136K) : Starting 6.9 Pad table
2026-03-28 23:09:42 +0100: Memory Usage (553136K) : Executing rule Pad.m
2026-03-28 23:09:43 +0100: Memory Usage (553136K) : Executing rule Pad.fR_M1
2026-03-28 23:09:43 +0100: Memory Usage (553136K) : Executing rule Pad.fR_M2
2026-03-28 23:09:43 +0100: Memory Usage (553136K) : Executing rule Pad.fR_M3
2026-03-28 23:09:43 +0100: Memory Usage (553136K) : Executing rule Pad.fR_M4
2026-03-28 23:09:43 +0100: Memory Usage (553136K) : Executing rule Pad.fR_M5
2026-03-28 23:09:43 +0100: Memory Usage (553136K) : Executing rule Pad.fR_TM1
2026-03-28 23:09:43 +0100: Memory Usage (553136K) : Executing rule Pad.fR_TM2
2026-03-28 23:09:43 +0100: Memory Usage (553136K) : Executing rule Pad.i
2026-03-28 23:09:43 +0100: Memory Usage (553136K) : Starting 6.9.1 Solder Bump
2026-03-28 23:09:43 +0100: Memory Usage (553136K) : Executing rule Padb.a
2026-03-28 23:09:43 +0100: Memory Usage (553136K) : Executing rule Padb.b
2026-03-28 23:09:43 +0100: Memory Usage (553136K) : Executing rule Padb.c
2026-03-28 23:09:43 +0100: Memory Usage (553136K) : Executing rule Padb.f
2026-03-28 23:09:43 +0100: Memory Usage (553136K) : Executing rule Padb.d
2026-03-28 23:09:43 +0100: Memory Usage (553136K) : Starting 6.10 Sealring table
2026-03-28 23:09:43 +0100: Memory Usage (553136K) : Executing rule Seal.l
2026-03-28 23:09:43 +0100: Memory Usage (553136K) : Executing rule Seal.n
2026-03-28 23:09:43 +0100: Memory Usage (553136K) : Executing rule seal.b_metal1
2026-03-28 23:09:43 +0100: Memory Usage (553136K) : Executing rule seal.b_metal2
2026-03-28 23:09:43 +0100: Memory Usage (553136K) : Executing rule seal.b_metal3
2026-03-28 23:09:43 +0100: Memory Usage (553136K) : Executing rule seal.b_metal4
2026-03-28 23:09:43 +0100: Memory Usage (553136K) : Executing rule seal.b_metal5
2026-03-28 23:09:43 +0100: Memory Usage (553136K) : Executing rule seal.b_topmetal1
2026-03-28 23:09:43 +0100: Memory Usage (553136K) : Executing rule seal.b_topmetal2
2026-03-28 23:09:43 +0100: Memory Usage (553136K) : Executing rule seal.b_activ
2026-03-28 23:09:43 +0100: Memory Usage (553136K) : Executing rule seal.b_psd
2026-03-28 23:09:43 +0100: Memory Usage (553136K) : Executing rule Seal.k
2026-03-28 23:09:43 +0100: Memory Usage (553136K) : Executing rule Seal.m
2026-03-28 23:09:43 +0100: Memory Usage (553136K) : Starting 6.11 MIM table
2026-03-28 23:09:43 +0100: Memory Usage (553136K) : Executing rule MIM.c
2026-03-28 23:09:43 +0100: Memory Usage (553136K) : Executing rule MIM.d
2026-03-28 23:09:43 +0100: Memory Usage (553136K) : Executing rule MIM.gR
2026-03-28 23:09:43 +0100: Memory Usage (553136K) : Starting 7.3 Metal Slits table
2026-03-28 23:09:43 +0100: Memory Usage (553136K) : Executing rule Slt.e1_M1
2026-03-28 23:09:43 +0100: Memory Usage (553136K) : Executing rule Slt.e1_M2
2026-03-28 23:09:43 +0100: Memory Usage (553136K) : Executing rule Slt.e1_M3
2026-03-28 23:09:43 +0100: Memory Usage (553136K) : Executing rule Slt.e1_M4
2026-03-28 23:09:43 +0100: Memory Usage (553136K) : Executing rule Slt.e1_M5
2026-03-28 23:09:43 +0100: Memory Usage (553136K) : Executing rule Slt.e1_TM1
2026-03-28 23:09:43 +0100: Memory Usage (553136K) : Executing rule Slt.e1_TM2
2026-03-28 23:09:43 +0100: Memory Usage (553136K) : Starting 9.1. LBE table
2026-03-28 23:09:43 +0100: Memory Usage (553136K) : Executing rule LBE.a
2026-03-28 23:09:43 +0100: Memory Usage (553136K) : Executing rule LBE.b
2026-03-28 23:09:43 +0100: Memory Usage (553136K) : Executing rule LBE.b1
2026-03-28 23:09:43 +0100: Memory Usage (553136K) : Executing rule LBE.c
2026-03-28 23:09:43 +0100: Memory Usage (553136K) : Executing rule LBE.d
2026-03-28 23:09:43 +0100: Memory Usage (553136K) : Executing rule LBE.h
2026-03-28 23:09:43 +0100: Memory Usage (553136K) : Starting 7.4. PIN table
2026-03-28 23:09:43 +0100: Memory Usage (553136K) : Executing rule Pin.a
2026-03-28 23:09:43 +0100: Memory Usage (553136K) : Executing rule Pin.b
2026-03-28 23:09:43 +0100: Memory Usage (553136K) : Executing rule Pin.e
2026-03-28 23:09:43 +0100: Memory Usage (553136K) : Executing rule Pin.f_M2
2026-03-28 23:09:43 +0100: Memory Usage (553136K) : Executing rule Pin.f_M3
2026-03-28 23:09:43 +0100: Memory Usage (553136K) : Executing rule Pin.f_M4
2026-03-28 23:09:43 +0100: Memory Usage (553136K) : Executing rule Pin.f_M5
2026-03-28 23:09:43 +0100: Memory Usage (553136K) : Executing rule Pin.g
2026-03-28 23:09:43 +0100: Memory Usage (553136K) : Executing rule Pin.h
2026-03-28 23:09:43 +0100: Memory Usage (553136K) : Starting 3.2. FORBIDDEN table
2026-03-28 23:09:43 +0100: Memory Usage (553136K) : Executing rule forbidden.biwind
2026-03-28 23:09:43 +0100: Memory Usage (553136K) : Executing rule forbidden.pemwind
2026-03-28 23:09:43 +0100: Memory Usage (553136K) : Executing rule forbidden.baspoly
2026-03-28 23:09:43 +0100: Memory Usage (553136K) : Executing rule forbidden.deepco
2026-03-28 23:09:43 +0100: Memory Usage (553136K) : Executing rule forbidden.pempoly
2026-03-28 23:09:43 +0100: Memory Usage (553136K) : Executing rule forbidden.empoly
2026-03-28 23:09:43 +0100: Memory Usage (553136K) : Executing rule forbidden.ldmos
2026-03-28 23:09:43 +0100: Memory Usage (553136K) : Executing rule forbidden.pbiwind
2026-03-28 23:09:43 +0100: Memory Usage (553136K) : Executing rule forbidden.nodrc
2026-03-28 23:09:43 +0100: Memory Usage (553136K) : Executing rule forbidden.flash
2026-03-28 23:09:43 +0100: Memory Usage (553136K) : Executing rule forbidden.colwind
2026-03-28 23:09:43 +0100: Memory Usage (553136K) : KLayout DRC run for tables 'main' completed in 26.47 seconds
