# Logfile created on 2026-03-28 23:13:39 +0100 by logger.rb/v1.5.3
2026-03-28 23:13:39 +0100: Memory Usage (435052K) : Starting running IHP-SG13G2 Klayout DRC Density runset on /foss/designs/top/final_gds.gds
2026-03-28 23:13:39 +0100: Memory Usage (435052K) : Ruby Version for klayout: 3.2.3
2026-03-28 23:13:39 +0100: Memory Usage (460908K) : Loading database to memory is complete.
2026-03-28 23:13:39 +0100: Memory Usage (460908K) : IHP-SG13G2 Klayout DRC Density runset output at: /foss/designs/top/drc_run_top/final_gds_top_density.lyrdb
2026-03-28 23:13:39 +0100: Memory Usage (460908K) : Evaluate switches.
2026-03-28 23:13:39 +0100: Memory Usage (460908K) : KLayout will use 1 thread(s) in tiling mode.
2026-03-28 23:13:39 +0100: Memory Usage (460908K) : Deep mode enabled: reading layers and preparing general derivations.
2026-03-28 23:13:39 +0100: Memory Usage (460908K) : PreCheck DRC enabled: false
2026-03-28 23:13:39 +0100: Memory Usage (460908K) : Read in polygons from layers.
2026-03-28 23:13:39 +0100: Memory Usage (463980K) : activ_drw has 25251 polygons
2026-03-28 23:13:39 +0100: Memory Usage (463980K) : activ_mask has 0 polygons
2026-03-28 23:13:39 +0100: Memory Usage (463980K) : activ_filler has 22189 polygons
2026-03-28 23:13:39 +0100: Memory Usage (464108K) : gatpoly_drw has 23080 polygons
2026-03-28 23:13:39 +0100: Memory Usage (464108K) : gatpoly_filler has 22189 polygons
2026-03-28 23:13:39 +0100: Memory Usage (464620K) : metal1_drw has 44630 polygons
2026-03-28 23:13:39 +0100: Memory Usage (464620K) : metal1_filler has 27328 polygons
2026-03-28 23:13:39 +0100: Memory Usage (464620K) : metal1_slit has 0 polygons
2026-03-28 23:13:39 +0100: Memory Usage (465132K) : metal2_drw has 20078 polygons
2026-03-28 23:13:39 +0100: Memory Usage (465132K) : metal2_filler has 39163 polygons
2026-03-28 23:13:39 +0100: Memory Usage (465132K) : metal2_slit has 0 polygons
2026-03-28 23:13:39 +0100: Memory Usage (465388K) : metal3_drw has 8644 polygons
2026-03-28 23:13:39 +0100: Memory Usage (465388K) : metal3_filler has 18314 polygons
2026-03-28 23:13:39 +0100: Memory Usage (465388K) : metal3_slit has 0 polygons
2026-03-28 23:13:39 +0100: Memory Usage (465516K) : metal4_drw has 1391 polygons
2026-03-28 23:13:39 +0100: Memory Usage (465516K) : metal4_filler has 19813 polygons
2026-03-28 23:13:39 +0100: Memory Usage (465516K) : metal4_slit has 0 polygons
2026-03-28 23:13:39 +0100: Memory Usage (465644K) : metal5_drw has 2215 polygons
2026-03-28 23:13:39 +0100: Memory Usage (465644K) : metal5_filler has 19661 polygons
2026-03-28 23:13:39 +0100: Memory Usage (465644K) : metal5_slit has 0 polygons
2026-03-28 23:13:39 +0100: Memory Usage (465772K) : topmetal1_drw has 1821 polygons
2026-03-28 23:13:39 +0100: Memory Usage (465772K) : topmetal1_filler has 0 polygons
2026-03-28 23:13:39 +0100: Memory Usage (465772K) : topmetal1_slit has 0 polygons
2026-03-28 23:13:39 +0100: Memory Usage (465900K) : topmetal2_drw has 658 polygons
2026-03-28 23:13:39 +0100: Memory Usage (465900K) : topmetal2_filler has 0 polygons
2026-03-28 23:13:39 +0100: Memory Usage (465900K) : topmetal2_slit has 0 polygons
2026-03-28 23:13:39 +0100: Memory Usage (465900K) : lbe_drw has 0 polygons
2026-03-28 23:13:39 +0100: Memory Usage (465900K) : Loaded TECH DRC rules values from /foss/pdks/ihp-sg13g2/libs.tech/klayout/python/sg13g2_pycell_lib/sg13g2_tech_mod.json
2026-03-28 23:13:39 +0100: Memory Usage (465900K) : Loaded default DRC rules values from /foss/pdks/ihp-sg13g2/libs.tech/klayout/tech/drc/rule_decks/sg13g2_tech_default.json
2026-03-28 23:13:39 +0100: Memory Usage (465900K) : The following rules values were missing in tech json and default values were used:
2026-03-28 23:13:39 +0100: Memory Usage (465900K) :   - Cnt_c_digibnd
2026-03-28 23:13:39 +0100: Memory Usage (468460K) : Total area of the design is 1210000.0 um^2.
2026-03-28 23:13:39 +0100: Memory Usage (468460K) : Starting density IHP-SG13G2 derivations.
2026-03-28 23:13:39 +0100: Memory Usage (469740K) : Starting IHP-SG13G2 DENSITY DRC rules.
2026-03-28 23:13:39 +0100: Memory Usage (469740K) : Tiling mode enabled: executing rules with chip tiling applied.
2026-03-28 23:13:39 +0100: Memory Usage (469740K) : Computing activ area and density...
2026-03-28 23:13:40 +0100: Memory Usage (481132K) : Executing rule AFil.g
2026-03-28 23:13:40 +0100: Memory Usage (481132K) : Executing rule AFil.g1
2026-03-28 23:13:40 +0100: Memory Usage (481132K) : Executing rule AFil.g2
2026-03-28 23:13:40 +0100: Memory Usage (484204K) : Executing rule AFil.g3
2026-03-28 23:13:40 +0100: Memory Usage (484332K) : Computing poly area and density...
2026-03-28 23:13:41 +0100: Memory Usage (484332K) : Executing rule GFil.g
2026-03-28 23:13:41 +0100: Memory Usage (484332K) : Computing metal1 area and density...
2026-03-28 23:13:41 +0100: Memory Usage (492388K) : Executing rule M1.j
2026-03-28 23:13:41 +0100: Memory Usage (490340K) : Executing rule M1.k
2026-03-28 23:13:41 +0100: Memory Usage (490340K) : Computing metal2 area and density...
2026-03-28 23:13:41 +0100: Memory Usage (479008K) : Computing metal3 area and density...
2026-03-28 23:13:41 +0100: Memory Usage (479008K) : Computing metal4 area and density...
2026-03-28 23:13:41 +0100: Memory Usage (479008K) : Computing metal5 area and density...
2026-03-28 23:13:41 +0100: Memory Usage (479008K) : Executing rule M2.j
2026-03-28 23:13:41 +0100: Memory Usage (479008K) : Executing rule M2.k
2026-03-28 23:13:41 +0100: Memory Usage (479008K) : Executing rule M3.j
2026-03-28 23:13:41 +0100: Memory Usage (479008K) : Executing rule M3.k
2026-03-28 23:13:41 +0100: Memory Usage (479008K) : Executing rule M4.j
2026-03-28 23:13:41 +0100: Memory Usage (479008K) : Executing rule M4.k
2026-03-28 23:13:41 +0100: Memory Usage (479008K) : Executing rule M5.j
2026-03-28 23:13:41 +0100: Memory Usage (479008K) : Executing rule M5.k
2026-03-28 23:13:41 +0100: Memory Usage (479008K) : Executing rule M1Fil.h
2026-03-28 23:13:43 +0100: Memory Usage (476052K) : Executing rule M1Fil.k
2026-03-28 23:13:44 +0100: Memory Usage (471500K) : Executing rule M2Fil.h
2026-03-28 23:13:44 +0100: Memory Usage (484556K) : Executing rule M2Fil.k
2026-03-28 23:13:45 +0100: Memory Usage (484556K) : Executing rule M3Fil.h
2026-03-28 23:13:45 +0100: Memory Usage (484556K) : Executing rule M3Fil.k
2026-03-28 23:13:45 +0100: Memory Usage (484556K) : Executing rule M4Fil.h
2026-03-28 23:13:46 +0100: Memory Usage (484556K) : Executing rule M4Fil.k
2026-03-28 23:13:46 +0100: Memory Usage (484556K) : Executing rule M5Fil.h
2026-03-28 23:13:46 +0100: Memory Usage (484556K) : Executing rule M5Fil.k
2026-03-28 23:13:46 +0100: Memory Usage (484556K) : Computing TopMetal1 area and density...
2026-03-28 23:13:46 +0100: Memory Usage (484556K) : Executing rule TM1.c
2026-03-28 23:13:46 +0100: Memory Usage (484556K) : Executing rule TM1.d
2026-03-28 23:13:46 +0100: Memory Usage (484556K) : Computing TopMetal2 area and density...
2026-03-28 23:13:46 +0100: Memory Usage (484556K) : Executing rule TM2.c
2026-03-28 23:13:46 +0100: Memory Usage (484556K) : Executing rule TM2.d
2026-03-28 23:13:46 +0100: Memory Usage (484556K) : Computing LBE area and density...
2026-03-28 23:13:46 +0100: Memory Usage (484556K) : Executing rule LBE.i
2026-03-28 23:13:46 +0100: Memory Usage (484556K) : Executing rule Slt.i_M1
2026-03-28 23:13:47 +0100: Memory Usage (472076K) : Executing rule Slt.i_M2
2026-03-28 23:13:47 +0100: Memory Usage (479884K) : Executing rule Slt.i_M3
2026-03-28 23:13:47 +0100: Memory Usage (479884K) : Executing rule Slt.i_M4
2026-03-28 23:13:47 +0100: Memory Usage (479884K) : Executing rule Slt.i_M5
2026-03-28 23:13:47 +0100: Memory Usage (479884K) : Executing rule Slt.i_TM1
2026-03-28 23:13:47 +0100: Memory Usage (479884K) : Executing rule Slt.i_TM2
2026-03-28 23:13:47 +0100: Memory Usage (480012K) : ##################################################
2026-03-28 23:13:47 +0100: Memory Usage (480012K) :                  Density Report                 #
2026-03-28 23:13:47 +0100: Memory Usage (480012K) : ##################################################
2026-03-28 23:13:47 +0100: Memory Usage (480012K) : 
2026-03-28 23:13:47 +0100: Memory Usage (480012K) : Layer areas and percentages (units: um^2)
2026-03-28 23:13:47 +0100: Memory Usage (480012K) : --------------------------------------------------
2026-03-28 23:13:47 +0100: Memory Usage (480012K) : 
2026-03-28 23:13:47 +0100: Memory Usage (480012K) : Total Area     = 1210000.00 um^2
2026-03-28 23:13:47 +0100: Memory Usage (480012K) : 
2026-03-28 23:13:47 +0100: Memory Usage (480012K) : Activ      Area      = 591039.12 µm²
2026-03-28 23:13:47 +0100: Memory Usage (480012K) : Activ      Density % = 48.85%  [Min = 35.00%,  Max = 55.00%]
2026-03-28 23:13:47 +0100: Memory Usage (480012K) : 
2026-03-28 23:13:47 +0100: Memory Usage (480012K) : GatPoly    Area      = 181646.17 µm²
2026-03-28 23:13:47 +0100: Memory Usage (480012K) : GatPoly    Density % = 15.01%  [Min = 15.00%]
2026-03-28 23:13:47 +0100: Memory Usage (480012K) : 
2026-03-28 23:13:47 +0100: Memory Usage (480012K) : Metal1     Area      = 597911.70 µm²
2026-03-28 23:13:47 +0100: Memory Usage (480012K) : Metal1     Density % = 49.41%  [Min = 35.00%,  Max = 60.00%]
2026-03-28 23:13:47 +0100: Memory Usage (480012K) : 
2026-03-28 23:13:47 +0100: Memory Usage (480012K) : Metal2     Area      = 468990.02 µm²
2026-03-28 23:13:47 +0100: Memory Usage (480012K) : Metal2     Density % = 38.76%  [Min = 35.00%,  Max = 60.00%]
2026-03-28 23:13:47 +0100: Memory Usage (480012K) : 
2026-03-28 23:13:47 +0100: Memory Usage (480012K) : Metal3     Area      = 603344.94 µm²
2026-03-28 23:13:47 +0100: Memory Usage (480012K) : Metal3     Density % = 49.86%  [Min = 35.00%,  Max = 60.00%]
2026-03-28 23:13:47 +0100: Memory Usage (480012K) : 
2026-03-28 23:13:47 +0100: Memory Usage (480012K) : Metal4     Area      = 617673.49 µm²
2026-03-28 23:13:47 +0100: Memory Usage (480012K) : Metal4     Density % = 51.05%  [Min = 35.00%,  Max = 60.00%]
2026-03-28 23:13:47 +0100: Memory Usage (480012K) : 
2026-03-28 23:13:47 +0100: Memory Usage (480012K) : Metal5     Area      = 642142.29 µm²
2026-03-28 23:13:47 +0100: Memory Usage (480012K) : Metal5     Density % = 53.07%  [Min = 35.00%,  Max = 60.00%]
2026-03-28 23:13:47 +0100: Memory Usage (480012K) : 
2026-03-28 23:13:47 +0100: Memory Usage (480012K) : TopMetal1  Area      = 453254.50 µm²
2026-03-28 23:13:47 +0100: Memory Usage (480012K) : TopMetal1  Density % = 37.46%  [Min = 25.00%,  Max = 70.00%]
2026-03-28 23:13:47 +0100: Memory Usage (480012K) : 
2026-03-28 23:13:47 +0100: Memory Usage (480012K) : TopMetal2  Area      = 416152.85 µm²
2026-03-28 23:13:47 +0100: Memory Usage (480012K) : TopMetal2  Density % = 34.39%  [Min = 25.00%,  Max = 70.00%]
2026-03-28 23:13:47 +0100: Memory Usage (480012K) : 
2026-03-28 23:13:47 +0100: Memory Usage (480012K) : LBE        Area      =  0.00 µm²
2026-03-28 23:13:47 +0100: Memory Usage (480012K) : LBE        Density % =  0.00%  [Max = 70.00%]
2026-03-28 23:13:47 +0100: Memory Usage (480012K) : 
2026-03-28 23:13:47 +0100: Memory Usage (480012K) : KLayout DRC run for density table completed in 8.23 seconds
