# Logfile created on 2026-03-28 23:11:28 +0100 by logger.rb/v1.5.3
2026-03-28 23:11:28 +0100: Memory Usage (437800K) : Starting running IHP-SG13G2 KLayout DRC runset on /foss/designs/top/final_gds.gds
2026-03-28 23:11:28 +0100: Memory Usage (437800K) : Ruby Version for klayout: 3.2.3
2026-03-28 23:11:28 +0100: Memory Usage (462120K) : Loading database to memory is complete.
2026-03-28 23:11:28 +0100: Memory Usage (462120K) : IHP-SG13G2 KLayout DRC runset output at: /foss/designs/top/drc_run_top/final_gds_top_main.lyrdb
2026-03-28 23:11:28 +0100: Memory Usage (462248K) : Evaluate switches.
2026-03-28 23:11:28 +0100: Memory Usage (462248K) : tables selected: main
2026-03-28 23:11:28 +0100: Memory Usage (462248K) : KLayout will use 1 thread(s) in tiling mode.
2026-03-28 23:11:28 +0100: Memory Usage (462248K) : deep mode is enabled.
2026-03-28 23:11:28 +0100: Memory Usage (462248K) : FEOL enabled: true
2026-03-28 23:11:28 +0100: Memory Usage (462376K) : BEOL enabled: true
2026-03-28 23:11:28 +0100: Memory Usage (462376K) : OFFGRID enabled: true
2026-03-28 23:11:28 +0100: Memory Usage (462376K) : PIN enabled: true
2026-03-28 23:11:28 +0100: Memory Usage (462376K) : FORBIDDEN enabled: true
2026-03-28 23:11:28 +0100: Memory Usage (462376K) : RECOMMENDED enabled: true
2026-03-28 23:11:28 +0100: Memory Usage (462376K) : PreCheck DRC enabled: false
2026-03-28 23:11:28 +0100: Memory Usage (462376K) : CONNECTIVITY_RULES enabled: true.
2026-03-28 23:11:28 +0100: Memory Usage (462376K) : Read in polygons from layers.
2026-03-28 23:11:28 +0100: Memory Usage (464936K) : activ_drw has 25251 polygons
2026-03-28 23:11:28 +0100: Memory Usage (464936K) : activ_pin has 0 polygons
2026-03-28 23:11:28 +0100: Memory Usage (464936K) : activ_mask has 0 polygons
2026-03-28 23:11:28 +0100: Memory Usage (464936K) : activ_filler has 22189 polygons
2026-03-28 23:11:28 +0100: Memory Usage (465064K) : activ_nofill has 0 polygons
2026-03-28 23:11:28 +0100: Memory Usage (465064K) : activ_opc has 0 polygons
2026-03-28 23:11:28 +0100: Memory Usage (465064K) : activ_iopc has 0 polygons
2026-03-28 23:11:28 +0100: Memory Usage (465192K) : activ_noqrc has 0 polygons
2026-03-28 23:11:28 +0100: Memory Usage (465192K) : biwind_drw has 0 polygons
2026-03-28 23:11:28 +0100: Memory Usage (465320K) : biwind_opc has 0 polygons
2026-03-28 23:11:28 +0100: Memory Usage (465320K) : pemwind_drw has 0 polygons
2026-03-28 23:11:28 +0100: Memory Usage (465576K) : gatpoly_drw has 23080 polygons
2026-03-28 23:11:28 +0100: Memory Usage (465576K) : gatpoly_pin has 98 polygons
2026-03-28 23:11:28 +0100: Memory Usage (465576K) : gatpoly_filler has 22189 polygons
2026-03-28 23:11:28 +0100: Memory Usage (465704K) : gatpoly_nofill has 0 polygons
2026-03-28 23:11:28 +0100: Memory Usage (465704K) : gatpoly_opc has 0 polygons
2026-03-28 23:11:28 +0100: Memory Usage (465704K) : gatpoly_iopc has 0 polygons
2026-03-28 23:11:28 +0100: Memory Usage (465832K) : gatpoly_noqrc has 0 polygons
2026-03-28 23:11:28 +0100: Memory Usage (478632K) : cont_drw has 2239726 polygons
2026-03-28 23:11:28 +0100: Memory Usage (478632K) : cont_opc has 0 polygons
2026-03-28 23:11:28 +0100: Memory Usage (478632K) : nsd_drw has 84 polygons
2026-03-28 23:11:28 +0100: Memory Usage (478632K) : nsd_block has 0 polygons
2026-03-28 23:11:28 +0100: Memory Usage (478760K) : metal1_drw has 44630 polygons
2026-03-28 23:11:28 +0100: Memory Usage (478760K) : metal1_pin has 17607 polygons
2026-03-28 23:11:28 +0100: Memory Usage (478760K) : metal1_mask has 0 polygons
2026-03-28 23:11:28 +0100: Memory Usage (478760K) : metal1_filler has 27328 polygons
2026-03-28 23:11:28 +0100: Memory Usage (478760K) : metal1_nofill has 0 polygons
2026-03-28 23:11:28 +0100: Memory Usage (478760K) : metal1_slit has 0 polygons
2026-03-28 23:11:28 +0100: Memory Usage (478888K) : metal1_text has 16171 polygons
2026-03-28 23:11:28 +0100: Memory Usage (478888K) : metal1_opc has 0 polygons
2026-03-28 23:11:28 +0100: Memory Usage (478888K) : metal1_noqrc has 0 polygons
2026-03-28 23:11:28 +0100: Memory Usage (478888K) : metal1_res has 0 polygons
2026-03-28 23:11:28 +0100: Memory Usage (478888K) : metal1_iprobe has 0 polygons
2026-03-28 23:11:28 +0100: Memory Usage (478888K) : metal1_diffprb has 0 polygons
2026-03-28 23:11:28 +0100: Memory Usage (478888K) : passiv_drw has 32 polygons
2026-03-28 23:11:28 +0100: Memory Usage (478888K) : passiv_pin has 0 polygons
2026-03-28 23:11:28 +0100: Memory Usage (478888K) : passiv_sbump has 0 polygons
2026-03-28 23:11:28 +0100: Memory Usage (478888K) : passiv_pillar has 0 polygons
2026-03-28 23:11:28 +0100: Memory Usage (478888K) : passiv_pdl has 0 polygons
2026-03-28 23:11:28 +0100: Memory Usage (478888K) : metal2_drw has 20078 polygons
2026-03-28 23:11:28 +0100: Memory Usage (478888K) : metal2_pin has 341 polygons
2026-03-28 23:11:28 +0100: Memory Usage (478888K) : metal2_mask has 0 polygons
2026-03-28 23:11:28 +0100: Memory Usage (478888K) : metal2_filler has 39163 polygons
2026-03-28 23:11:28 +0100: Memory Usage (478888K) : metal2_nofill has 0 polygons
2026-03-28 23:11:28 +0100: Memory Usage (478888K) : metal2_slit has 0 polygons
2026-03-28 23:11:28 +0100: Memory Usage (478888K) : metal2_text has 338 polygons
2026-03-28 23:11:28 +0100: Memory Usage (478888K) : metal2_opc has 0 polygons
2026-03-28 23:11:28 +0100: Memory Usage (478888K) : metal2_noqrc has 0 polygons
2026-03-28 23:11:28 +0100: Memory Usage (479016K) : metal2_res has 0 polygons
2026-03-28 23:11:28 +0100: Memory Usage (479016K) : metal2_iprobe has 0 polygons
2026-03-28 23:11:28 +0100: Memory Usage (479016K) : metal2_diffprb has 0 polygons
2026-03-28 23:11:28 +0100: Memory Usage (479016K) : baspoly_drw has 0 polygons
2026-03-28 23:11:28 +0100: Memory Usage (479016K) : baspoly_pin has 0 polygons
2026-03-28 23:11:28 +0100: Memory Usage (479016K) : psd_drw has 12036 polygons
2026-03-28 23:11:28 +0100: Memory Usage (479016K) : nldb_drw has 0 polygons
2026-03-28 23:11:28 +0100: Memory Usage (479016K) : digibnd_drw has 0 polygons
2026-03-28 23:11:28 +0100: Memory Usage (479272K) : via1_drw has 57652 polygons
2026-03-28 23:11:28 +0100: Memory Usage (479272K) : backmetal1_drw has 0 polygons
2026-03-28 23:11:28 +0100: Memory Usage (479272K) : backmetal1_pin has 0 polygons
2026-03-28 23:11:28 +0100: Memory Usage (479272K) : backmetal1_mask has 0 polygons
2026-03-28 23:11:28 +0100: Memory Usage (479272K) : backmetal1_filler has 0 polygons
2026-03-28 23:11:28 +0100: Memory Usage (479272K) : backmetal1_nofill has 0 polygons
2026-03-28 23:11:28 +0100: Memory Usage (479272K) : backmetal1_slit has 0 polygons
2026-03-28 23:11:28 +0100: Memory Usage (479272K) : backmetal1_text has 0 polygons
2026-03-28 23:11:28 +0100: Memory Usage (479400K) : backmetal1_opc has 0 polygons
2026-03-28 23:11:28 +0100: Memory Usage (479400K) : backmetal1_noqrc has 0 polygons
2026-03-28 23:11:28 +0100: Memory Usage (479400K) : backmetal1_res has 0 polygons
2026-03-28 23:11:28 +0100: Memory Usage (479528K) : backmetal1_iprobe has 0 polygons
2026-03-28 23:11:28 +0100: Memory Usage (479528K) : backmetal1_diffprb has 0 polygons
2026-03-28 23:11:28 +0100: Memory Usage (479656K) : backpassiv_drw has 0 polygons
2026-03-28 23:11:28 +0100: Memory Usage (479656K) : res_drw has 0 polygons
2026-03-28 23:11:28 +0100: Memory Usage (479784K) : sram_drw has 0 polygons
2026-03-28 23:11:28 +0100: Memory Usage (479784K) : trans_drw has 0 polygons
2026-03-28 23:11:28 +0100: Memory Usage (479784K) : ind_drw has 0 polygons
2026-03-28 23:11:28 +0100: Memory Usage (479912K) : ind_pin has 0 polygons
2026-03-28 23:11:28 +0100: Memory Usage (480040K) : ind_text has 0 polygons
2026-03-28 23:11:28 +0100: Memory Usage (480040K) : salblock_drw has 138 polygons
2026-03-28 23:11:28 +0100: Memory Usage (481064K) : via2_drw has 80966 polygons
2026-03-28 23:11:28 +0100: Memory Usage (481192K) : metal3_drw has 8644 polygons
2026-03-28 23:11:28 +0100: Memory Usage (481192K) : metal3_pin has 438 polygons
2026-03-28 23:11:28 +0100: Memory Usage (481192K) : metal3_mask has 0 polygons
2026-03-28 23:11:28 +0100: Memory Usage (481320K) : metal3_filler has 18314 polygons
2026-03-28 23:11:28 +0100: Memory Usage (481320K) : metal3_nofill has 0 polygons
2026-03-28 23:11:28 +0100: Memory Usage (481320K) : metal3_slit has 0 polygons
2026-03-28 23:11:28 +0100: Memory Usage (481448K) : metal3_text has 438 polygons
2026-03-28 23:11:28 +0100: Memory Usage (481448K) : metal3_opc has 0 polygons
2026-03-28 23:11:28 +0100: Memory Usage (481576K) : metal3_noqrc has 0 polygons
2026-03-28 23:11:28 +0100: Memory Usage (481576K) : metal3_res has 0 polygons
2026-03-28 23:11:28 +0100: Memory Usage (481704K) : metal3_iprobe has 0 polygons
2026-03-28 23:11:28 +0100: Memory Usage (481704K) : metal3_diffprb has 0 polygons
2026-03-28 23:11:28 +0100: Memory Usage (481832K) : nwell_drw has 6562 polygons
2026-03-28 23:11:28 +0100: Memory Usage (481832K) : nwell_pin has 330 polygons
2026-03-28 23:11:28 +0100: Memory Usage (481832K) : nbulay_drw has 362 polygons
2026-03-28 23:11:28 +0100: Memory Usage (481832K) : nbulay_pin has 0 polygons
2026-03-28 23:11:28 +0100: Memory Usage (481832K) : nbulay_block has 0 polygons
2026-03-28 23:11:28 +0100: Memory Usage (481832K) : emwind_drw has 0 polygons
2026-03-28 23:11:28 +0100: Memory Usage (481832K) : emwind_opc has 0 polygons
2026-03-28 23:11:28 +0100: Memory Usage (481832K) : deepco_drw has 0 polygons
2026-03-28 23:11:28 +0100: Memory Usage (481832K) : deepco_drw has 0 polygons
2026-03-28 23:11:28 +0100: Memory Usage (481832K) : mim_drw has 37 polygons
2026-03-28 23:11:28 +0100: Memory Usage (481832K) : edgeseal_drw has 24 polygons
2026-03-28 23:11:28 +0100: Memory Usage (481832K) : edgeseal_bound has 1 polygons
2026-03-28 23:11:28 +0100: Memory Usage (481832K) : substrate_drw has 793 polygons
2026-03-28 23:11:28 +0100: Memory Usage (481832K) : substrate_text has 0 polygons
2026-03-28 23:11:28 +0100: Memory Usage (481832K) : dfpad_drw has 20 polygons
2026-03-28 23:11:28 +0100: Memory Usage (481832K) : dfpad_pillar has 0 polygons
2026-03-28 23:11:28 +0100: Memory Usage (481832K) : dfpad_sbump has 0 polygons
2026-03-28 23:11:28 +0100: Memory Usage (481832K) : thickgateox_drw has 136 polygons
2026-03-28 23:11:28 +0100: Memory Usage (481832K) : pldb_drw has 0 polygons
2026-03-28 23:11:28 +0100: Memory Usage (481832K) : pwell_drw has 0 polygons
2026-03-28 23:11:28 +0100: Memory Usage (481832K) : pwell_pin has 0 polygons
2026-03-28 23:11:28 +0100: Memory Usage (481832K) : pwell_block has 0 polygons
2026-03-28 23:11:28 +0100: Memory Usage (481832K) : ic_drw has 0 polygons
2026-03-28 23:11:28 +0100: Memory Usage (481832K) : via3_drw has 57654 polygons
2026-03-28 23:11:28 +0100: Memory Usage (481832K) : metal4_drw has 1391 polygons
2026-03-28 23:11:28 +0100: Memory Usage (481832K) : metal4_pin has 388 polygons
2026-03-28 23:11:28 +0100: Memory Usage (481832K) : metal4_mask has 0 polygons
2026-03-28 23:11:28 +0100: Memory Usage (481832K) : metal4_filler has 19813 polygons
2026-03-28 23:11:28 +0100: Memory Usage (481832K) : metal4_nofill has 0 polygons
2026-03-28 23:11:28 +0100: Memory Usage (481832K) : metal4_slit has 0 polygons
2026-03-28 23:11:28 +0100: Memory Usage (481832K) : metal4_text has 388 polygons
2026-03-28 23:11:28 +0100: Memory Usage (481832K) : metal4_opc has 0 polygons
2026-03-28 23:11:28 +0100: Memory Usage (481832K) : metal4_noqrc has 0 polygons
2026-03-28 23:11:28 +0100: Memory Usage (481832K) : metal4_res has 0 polygons
2026-03-28 23:11:28 +0100: Memory Usage (481832K) : metal4_iprobe has 0 polygons
2026-03-28 23:11:28 +0100: Memory Usage (481832K) : metal4_diffprb has 0 polygons
2026-03-28 23:11:28 +0100: Memory Usage (481832K) : heattrans_drw has 164 polygons
2026-03-28 23:11:28 +0100: Memory Usage (481832K) : heatres_drw has 138 polygons
2026-03-28 23:11:28 +0100: Memory Usage (481832K) : pempoly_drw has 0 polygons
2026-03-28 23:11:28 +0100: Memory Usage (481832K) : fbe_drw has 0 polygons
2026-03-28 23:11:28 +0100: Memory Usage (481832K) : empoly_drw has 0 polygons
2026-03-28 23:11:28 +0100: Memory Usage (481832K) : ldmos_drw has 0 polygons
2026-03-28 23:11:28 +0100: Memory Usage (481832K) : pbiwind_drw has 0 polygons
2026-03-28 23:11:28 +0100: Memory Usage (481832K) : digisub_drw has 0 polygons
2026-03-28 23:11:28 +0100: Memory Usage (481832K) : nodrc_drw has 0 polygons
2026-03-28 23:11:28 +0100: Memory Usage (481832K) : text_drw has 1223 polygons
2026-03-28 23:11:28 +0100: Memory Usage (481960K) : via4_drw has 62950 polygons
2026-03-28 23:11:28 +0100: Memory Usage (481960K) : metal5_drw has 2215 polygons
2026-03-28 23:11:28 +0100: Memory Usage (481960K) : metal5_pin has 384 polygons
2026-03-28 23:11:28 +0100: Memory Usage (481960K) : metal5_mask has 0 polygons
2026-03-28 23:11:28 +0100: Memory Usage (481960K) : metal5_filler has 19661 polygons
2026-03-28 23:11:28 +0100: Memory Usage (481960K) : metal5_nofill has 0 polygons
2026-03-28 23:11:28 +0100: Memory Usage (481960K) : metal5_slit has 0 polygons
2026-03-28 23:11:28 +0100: Memory Usage (481960K) : metal5_text has 384 polygons
2026-03-28 23:11:28 +0100: Memory Usage (481960K) : metal5_opc has 0 polygons
2026-03-28 23:11:28 +0100: Memory Usage (481960K) : metal5_noqrc has 0 polygons
2026-03-28 23:11:28 +0100: Memory Usage (481960K) : metal5_res has 0 polygons
2026-03-28 23:11:28 +0100: Memory Usage (481960K) : metal5_iprobe has 0 polygons
2026-03-28 23:11:28 +0100: Memory Usage (481960K) : metal5_diffprb has 0 polygons
2026-03-28 23:11:28 +0100: Memory Usage (481960K) : radhard_drw has 0 polygons
2026-03-28 23:11:28 +0100: Memory Usage (481960K) : memcap_drw has 0 polygons
2026-03-28 23:11:28 +0100: Memory Usage (481960K) : varicap_drw has 0 polygons
2026-03-28 23:11:28 +0100: Memory Usage (481960K) : flash_drw has 0 polygons
2026-03-28 23:11:28 +0100: Memory Usage (481960K) : intbondvia_drw has 0 polygons
2026-03-28 23:11:28 +0100: Memory Usage (481960K) : intbondmet_drw has 0 polygons
2026-03-28 23:11:28 +0100: Memory Usage (481960K) : devbondvia_drw has 0 polygons
2026-03-28 23:11:28 +0100: Memory Usage (481960K) : devbondmet_drw has 0 polygons
2026-03-28 23:11:28 +0100: Memory Usage (481960K) : devtrench_drw has 0 polygons
2026-03-28 23:11:28 +0100: Memory Usage (481960K) : redist_drw has 0 polygons
2026-03-28 23:11:28 +0100: Memory Usage (481960K) : graphbot_drw has 0 polygons
2026-03-28 23:11:28 +0100: Memory Usage (481960K) : graphtop_drw has 0 polygons
2026-03-28 23:11:28 +0100: Memory Usage (481960K) : antvia1_drw has 0 polygons
2026-03-28 23:11:28 +0100: Memory Usage (481960K) : antmetal2_drw has 0 polygons
2026-03-28 23:11:28 +0100: Memory Usage (481960K) : graphcont_drw has 0 polygons
2026-03-28 23:11:28 +0100: Memory Usage (481960K) : siwg_drw has 0 polygons
2026-03-28 23:11:28 +0100: Memory Usage (481960K) : siwg_filler has 0 polygons
2026-03-28 23:11:28 +0100: Memory Usage (481960K) : siwg_nofill has 0 polygons
2026-03-28 23:11:28 +0100: Memory Usage (481960K) : sigrating_drw has 0 polygons
2026-03-28 23:11:28 +0100: Memory Usage (481960K) : singrating_drw has 0 polygons
2026-03-28 23:11:28 +0100: Memory Usage (481960K) : graphpas_drw has 0 polygons
2026-03-28 23:11:28 +0100: Memory Usage (481960K) : emwind3_drw has 0 polygons
2026-03-28 23:11:28 +0100: Memory Usage (481960K) : emwihv3_drw has 0 polygons
2026-03-28 23:11:28 +0100: Memory Usage (481960K) : redbulay_drw has 0 polygons
2026-03-28 23:11:28 +0100: Memory Usage (481960K) : smos_drw has 0 polygons
2026-03-28 23:11:28 +0100: Memory Usage (481960K) : graphpad_drw has 0 polygons
2026-03-28 23:11:28 +0100: Memory Usage (481960K) : polimide_drw has 0 polygons
2026-03-28 23:11:28 +0100: Memory Usage (481960K) : polimide_pin has 0 polygons
2026-03-28 23:11:28 +0100: Memory Usage (481960K) : recog_drw has 0 polygons
2026-03-28 23:11:28 +0100: Memory Usage (481960K) : recog_pin has 0 polygons
2026-03-28 23:11:28 +0100: Memory Usage (482088K) : recog_esd has 0 polygons
2026-03-28 23:11:28 +0100: Memory Usage (482088K) : recog_diode has 110 polygons
2026-03-28 23:11:28 +0100: Memory Usage (482088K) : recog_tsv has 0 polygons
2026-03-28 23:11:28 +0100: Memory Usage (482088K) : recog_iprobe has 0 polygons
2026-03-28 23:11:28 +0100: Memory Usage (482216K) : recog_diffprb has 0 polygons
2026-03-28 23:11:28 +0100: Memory Usage (482216K) : recog_pillar has 0 polygons
2026-03-28 23:11:28 +0100: Memory Usage (482216K) : recog_sbump has 0 polygons
2026-03-28 23:11:28 +0100: Memory Usage (482344K) : recog_otp has 0 polygons
2026-03-28 23:11:28 +0100: Memory Usage (482344K) : recog_pdiode has 0 polygons
2026-03-28 23:11:28 +0100: Memory Usage (482344K) : recog_mom has 0 polygons
2026-03-28 23:11:28 +0100: Memory Usage (482472K) : recog_pcm has 0 polygons
2026-03-28 23:11:28 +0100: Memory Usage (482472K) : colopen_drw has 0 polygons
2026-03-28 23:11:28 +0100: Memory Usage (482472K) : graphmetal1_drw has 0 polygons
2026-03-28 23:11:28 +0100: Memory Usage (482472K) : graphmetal1_filler has 0 polygons
2026-03-28 23:11:28 +0100: Memory Usage (482600K) : graphmetal1_nofill has 0 polygons
2026-03-28 23:11:28 +0100: Memory Usage (482600K) : graphmetal1_slit has 0 polygons
2026-03-28 23:11:28 +0100: Memory Usage (482600K) : graphmetal1_opc has 0 polygons
2026-03-28 23:11:28 +0100: Memory Usage (482728K) : graphmet1l_drw has 0 polygons
2026-03-28 23:11:28 +0100: Memory Usage (482728K) : graphmet1l_filler has 0 polygons
2026-03-28 23:11:28 +0100: Memory Usage (482728K) : graphmet1l_nofill has 0 polygons
2026-03-28 23:11:28 +0100: Memory Usage (482728K) : graphmet1l_slit has 0 polygons
2026-03-28 23:11:28 +0100: Memory Usage (482856K) : graphmet1l_opc has 0 polygons
2026-03-28 23:11:28 +0100: Memory Usage (482856K) : extblock_drw has 390 polygons
2026-03-28 23:11:28 +0100: Memory Usage (482856K) : nldd_drw has 0 polygons
2026-03-28 23:11:28 +0100: Memory Usage (482984K) : pldd_drw has 0 polygons
2026-03-28 23:11:28 +0100: Memory Usage (482984K) : next_drw has 0 polygons
2026-03-28 23:11:28 +0100: Memory Usage (482984K) : pext_drw has 0 polygons
2026-03-28 23:11:28 +0100: Memory Usage (483112K) : nexthv_drw has 0 polygons
2026-03-28 23:11:28 +0100: Memory Usage (483112K) : pexthv_drw has 0 polygons
2026-03-28 23:11:28 +0100: Memory Usage (483112K) : graphgate_drw has 0 polygons
2026-03-28 23:11:28 +0100: Memory Usage (483112K) : sinwg_drw has 0 polygons
2026-03-28 23:11:28 +0100: Memory Usage (483112K) : sinwg_filler has 0 polygons
2026-03-28 23:11:28 +0100: Memory Usage (483240K) : sinwg_nofill has 0 polygons
2026-03-28 23:11:28 +0100: Memory Usage (483240K) : mempad_drw has 0 polygons
2026-03-28 23:11:28 +0100: Memory Usage (483752K) : topvia1_drw has 54193 polygons
2026-03-28 23:11:28 +0100: Memory Usage (483880K) : topmetal1_drw has 1821 polygons
2026-03-28 23:11:28 +0100: Memory Usage (483880K) : topmetal1_pin has 406 polygons
2026-03-28 23:11:28 +0100: Memory Usage (483880K) : topmetal1_mask has 0 polygons
2026-03-28 23:11:28 +0100: Memory Usage (483880K) : topmetal1_filler has 0 polygons
2026-03-28 23:11:28 +0100: Memory Usage (483880K) : topmetal1_nofill has 2 polygons
2026-03-28 23:11:28 +0100: Memory Usage (483880K) : topmetal1_slit has 0 polygons
2026-03-28 23:11:28 +0100: Memory Usage (484008K) : topmetal1_text has 387 polygons
2026-03-28 23:11:28 +0100: Memory Usage (484008K) : topmetal1_noqrc has 0 polygons
2026-03-28 23:11:28 +0100: Memory Usage (484136K) : topmetal1_res has 0 polygons
2026-03-28 23:11:28 +0100: Memory Usage (484136K) : topmetal1_iprobe has 0 polygons
2026-03-28 23:11:28 +0100: Memory Usage (484136K) : topmetal1_diffprb has 0 polygons
2026-03-28 23:11:28 +0100: Memory Usage (484264K) : inldpwl_drw has 0 polygons
2026-03-28 23:11:28 +0100: Memory Usage (484264K) : polyres_drw has 188 polygons
2026-03-28 23:11:28 +0100: Memory Usage (484392K) : polyres_pin has 0 polygons
2026-03-28 23:11:28 +0100: Memory Usage (484392K) : vmim_drw has 11225 polygons
2026-03-28 23:11:28 +0100: Memory Usage (484520K) : nbulaycut_drw has 0 polygons
2026-03-28 23:11:28 +0100: Memory Usage (484520K) : antmetal1_drw has 0 polygons
2026-03-28 23:11:28 +0100: Memory Usage (484904K) : topvia2_drw has 32999 polygons
2026-03-28 23:11:28 +0100: Memory Usage (484904K) : topmetal2_drw has 658 polygons
2026-03-28 23:11:28 +0100: Memory Usage (484904K) : topmetal2_pin has 296 polygons
2026-03-28 23:11:28 +0100: Memory Usage (485032K) : topmetal2_mask has 0 polygons
2026-03-28 23:11:28 +0100: Memory Usage (485032K) : topmetal2_filler has 0 polygons
2026-03-28 23:11:28 +0100: Memory Usage (485032K) : topmetal2_nofill has 2 polygons
2026-03-28 23:11:28 +0100: Memory Usage (485160K) : topmetal2_slit has 0 polygons
2026-03-28 23:11:28 +0100: Memory Usage (485160K) : topmetal2_text has 289 polygons
2026-03-28 23:11:28 +0100: Memory Usage (485160K) : topmetal2_noqrc has 0 polygons
2026-03-28 23:11:28 +0100: Memory Usage (485288K) : topmetal2_res has 0 polygons
2026-03-28 23:11:28 +0100: Memory Usage (485288K) : topmetal2_iprobe has 0 polygons
2026-03-28 23:11:28 +0100: Memory Usage (485416K) : topmetal2_diffprb has 0 polygons
2026-03-28 23:11:28 +0100: Memory Usage (485416K) : snsring_drw has 0 polygons
2026-03-28 23:11:28 +0100: Memory Usage (485416K) : sensor_drw has 0 polygons
2026-03-28 23:11:28 +0100: Memory Usage (485544K) : snsarms_drw has 0 polygons
2026-03-28 23:11:28 +0100: Memory Usage (485544K) : snscmosvia_drw has 0 polygons
2026-03-28 23:11:28 +0100: Memory Usage (485672K) : colwind_drw has 0 polygons
2026-03-28 23:11:28 +0100: Memory Usage (485672K) : flm_drw has 0 polygons
2026-03-28 23:11:28 +0100: Memory Usage (485672K) : hafniumox_drw has 0 polygons
2026-03-28 23:11:28 +0100: Memory Usage (485800K) : memvia_drw has 0 polygons
2026-03-28 23:11:28 +0100: Memory Usage (485800K) : thinfilmres_drw has 0 polygons
2026-03-28 23:11:28 +0100: Memory Usage (485800K) : rfmem_drw has 0 polygons
2026-03-28 23:11:28 +0100: Memory Usage (485928K) : norcx_drw has 0 polygons
2026-03-28 23:11:28 +0100: Memory Usage (485928K) : norcx_m2m3 has 0 polygons
2026-03-28 23:11:28 +0100: Memory Usage (486056K) : norcx_m2m4 has 0 polygons
2026-03-28 23:11:28 +0100: Memory Usage (486056K) : norcx_m2m5 has 0 polygons
2026-03-28 23:11:28 +0100: Memory Usage (486184K) : norcx_m2tm1 has 0 polygons
2026-03-28 23:11:28 +0100: Memory Usage (486184K) : norcx_m2tm2 has 0 polygons
2026-03-28 23:11:28 +0100: Memory Usage (486184K) : norcx_m3m4 has 0 polygons
2026-03-28 23:11:28 +0100: Memory Usage (486312K) : norcx_m3m5 has 0 polygons
2026-03-28 23:11:29 +0100: Memory Usage (486312K) : norcx_m3tm1 has 0 polygons
2026-03-28 23:11:29 +0100: Memory Usage (486440K) : norcx_m3tm2 has 0 polygons
2026-03-28 23:11:29 +0100: Memory Usage (486440K) : norcx_m4m5 has 0 polygons
2026-03-28 23:11:29 +0100: Memory Usage (486440K) : norcx_m4tm1 has 0 polygons
2026-03-28 23:11:29 +0100: Memory Usage (486568K) : norcx_m4tm2 has 0 polygons
2026-03-28 23:11:29 +0100: Memory Usage (486568K) : norcx_m5tm1 has 0 polygons
2026-03-28 23:11:29 +0100: Memory Usage (486696K) : norcx_m5tm2 has 0 polygons
2026-03-28 23:11:29 +0100: Memory Usage (486696K) : norcx_tm1tm2 has 0 polygons
2026-03-28 23:11:29 +0100: Memory Usage (486696K) : norcx_m1sub has 0 polygons
2026-03-28 23:11:29 +0100: Memory Usage (486824K) : norcx_m2sub has 0 polygons
2026-03-28 23:11:29 +0100: Memory Usage (486824K) : norcx_m3sub has 0 polygons
2026-03-28 23:11:29 +0100: Memory Usage (486952K) : norcx_m4sub has 0 polygons
2026-03-28 23:11:29 +0100: Memory Usage (486952K) : norcx_m5sub has 0 polygons
2026-03-28 23:11:29 +0100: Memory Usage (486952K) : norcx_tm1sub has 0 polygons
2026-03-28 23:11:29 +0100: Memory Usage (487080K) : norcx_tm2sub has 0 polygons
2026-03-28 23:11:29 +0100: Memory Usage (487080K) : snsbotvia_drw has 0 polygons
2026-03-28 23:11:29 +0100: Memory Usage (487208K) : snstopvia_drw has 0 polygons
2026-03-28 23:11:29 +0100: Memory Usage (487208K) : deepvia_drw has 0 polygons
2026-03-28 23:11:29 +0100: Memory Usage (487208K) : fgetch_drw has 0 polygons
2026-03-28 23:11:29 +0100: Memory Usage (487336K) : ctrgat_drw has 0 polygons
2026-03-28 23:11:29 +0100: Memory Usage (487336K) : fgimp_drw has 0 polygons
2026-03-28 23:11:29 +0100: Memory Usage (487464K) : emwihv_drw has 0 polygons
2026-03-28 23:11:29 +0100: Memory Usage (487464K) : lbe_drw has 0 polygons
2026-03-28 23:11:29 +0100: Memory Usage (487464K) : alcustop_drw has 0 polygons
2026-03-28 23:11:29 +0100: Memory Usage (487592K) : nometfiller_drw has 1 polygons
2026-03-28 23:11:29 +0100: Memory Usage (487592K) : prboundary_drw has 0 polygons
2026-03-28 23:11:29 +0100: Memory Usage (487720K) : exchange0_drw has 0 polygons
2026-03-28 23:11:29 +0100: Memory Usage (487720K) : exchange0_pin has 0 polygons
2026-03-28 23:11:29 +0100: Memory Usage (487848K) : exchange0_text has 0 polygons
2026-03-28 23:11:29 +0100: Memory Usage (487848K) : exchange1_drw has 0 polygons
2026-03-28 23:11:29 +0100: Memory Usage (487848K) : exchange1_pin has 0 polygons
2026-03-28 23:11:29 +0100: Memory Usage (487976K) : exchange1_text has 0 polygons
2026-03-28 23:11:29 +0100: Memory Usage (487976K) : exchange2_drw has 0 polygons
2026-03-28 23:11:29 +0100: Memory Usage (487976K) : exchange2_pin has 0 polygons
2026-03-28 23:11:29 +0100: Memory Usage (488104K) : exchange2_text has 0 polygons
2026-03-28 23:11:29 +0100: Memory Usage (488104K) : exchange3_drw has 0 polygons
2026-03-28 23:11:29 +0100: Memory Usage (488232K) : exchange3_pin has 0 polygons
2026-03-28 23:11:29 +0100: Memory Usage (488232K) : exchange3_text has 0 polygons
2026-03-28 23:11:29 +0100: Memory Usage (488232K) : exchange4_drw has 0 polygons
2026-03-28 23:11:29 +0100: Memory Usage (488360K) : exchange4_pin has 0 polygons
2026-03-28 23:11:29 +0100: Memory Usage (488360K) : exchange4_text has 0 polygons
2026-03-28 23:11:29 +0100: Memory Usage (488488K) : isonwell_drw has 0 polygons
2026-03-28 23:11:29 +0100: Memory Usage (488488K) : Total no. of polygons in the design is 2954916
2026-03-28 23:11:29 +0100: Memory Usage (488488K) : Loaded TECH DRC rules values from /foss/pdks/ihp-sg13g2/libs.tech/klayout/python/sg13g2_pycell_lib/sg13g2_tech_mod.json
2026-03-28 23:11:29 +0100: Memory Usage (488488K) : Loaded default DRC rules values from /foss/pdks/ihp-sg13g2/libs.tech/klayout/tech/drc/rule_decks/sg13g2_tech_default.json
2026-03-28 23:11:29 +0100: Memory Usage (488488K) : The following rules values were missing in tech json and default values were used:
2026-03-28 23:11:29 +0100: Memory Usage (488488K) :   - Cnt_c_digibnd
2026-03-28 23:11:29 +0100: Memory Usage (490664K) : Total area of the design is 1210000.0 um^2.
2026-03-28 23:11:29 +0100: Memory Usage (490664K) : The design dimensions are 1100.0 µm * 1100.0 µm.
2026-03-28 23:11:29 +0100: Memory Usage (490664K) : Starting general IHP-SG13G2 derivations.
2026-03-28 23:11:29 +0100: Memory Usage (490664K) : Starting Pwell derivations
2026-03-28 23:11:29 +0100: Memory Usage (498344K) : Starting n-Activ derivations
2026-03-28 23:11:29 +0100: Memory Usage (503464K) : Starting p-Activ derivations
2026-03-28 23:11:29 +0100: Memory Usage (503464K) : Starting ptap derivations
2026-03-28 23:11:29 +0100: Memory Usage (503464K) : Starting ntap derivations
2026-03-28 23:11:29 +0100: Memory Usage (503464K) : Starting pact FET derivations
2026-03-28 23:11:29 +0100: Memory Usage (503464K) : Starting nact FET derivations
2026-03-28 23:11:29 +0100: Memory Usage (503464K) : Starting Gate derivations
2026-03-28 23:11:29 +0100: Memory Usage (503464K) : Starting cont/contbar general derivations
2026-03-28 23:11:32 +0100: Memory Usage (677840K) : Starting pad general derivations
2026-03-28 23:11:32 +0100: Memory Usage (677840K) : Starting IHP-SG13G2 DRC connectivity related derivations.
2026-03-28 23:11:32 +0100: Memory Usage (677840K) : Starting IHP-SG13G2 DRC connectivity setup
2026-03-28 23:11:48 +0100: Memory Usage (678096K) : Starting IHP-SG13G2 DRC rules.
2026-03-28 23:11:48 +0100: Memory Usage (678096K) : Running all FEOL rules
2026-03-28 23:11:48 +0100: Memory Usage (678096K) : Running all BEOL rules
2026-03-28 23:11:48 +0100: Memory Usage (678096K) : Running all PIN rules
2026-03-28 23:11:48 +0100: Memory Usage (678096K) : Running all FORBIDDEN rules
2026-03-28 23:11:48 +0100: Memory Usage (678096K) : Starting 5.1 NWell table
2026-03-28 23:11:48 +0100: Memory Usage (678096K) : Executing rule NW.b
2026-03-28 23:11:48 +0100: Memory Usage (678608K) : Executing rule NW.b1
2026-03-28 23:11:48 +0100: Memory Usage (678736K) : Starting 5.2 PWell:block
2026-03-28 23:11:48 +0100: Memory Usage (678736K) : Executing rule PWB.e
2026-03-28 23:11:48 +0100: Memory Usage (678736K) : Executing rule PWB.e1
2026-03-28 23:11:48 +0100: Memory Usage (678736K) : Executing rule PWB.f
2026-03-28 23:11:48 +0100: Memory Usage (678736K) : Executing rule PWB.f1
2026-03-28 23:11:48 +0100: Memory Usage (678736K) : Starting 5.3 nBuLay table
2026-03-28 23:11:48 +0100: Memory Usage (678736K) : Executing rule NBL.b
2026-03-28 23:11:48 +0100: Memory Usage (678864K) : Executing rule NBL.c
2026-03-28 23:11:48 +0100: Memory Usage (678864K) : Executing rule NBL.d
2026-03-28 23:11:48 +0100: Memory Usage (678864K) : Executing rule NBL.e
2026-03-28 23:11:48 +0100: Memory Usage (678864K) : Executing rule NBL.f
2026-03-28 23:11:48 +0100: Memory Usage (678864K) : Starting 5.5. Activ table
2026-03-28 23:11:48 +0100: Memory Usage (678864K) : Executing rule Act.a
2026-03-28 23:11:48 +0100: Memory Usage (678864K) : Executing rule Act.b
2026-03-28 23:11:49 +0100: Memory Usage (680912K) : Starting 5.6 Activ:filler table
2026-03-28 23:11:49 +0100: Memory Usage (680912K) : Tiling mode is enabled for Activ:filler table.
2026-03-28 23:11:49 +0100: Memory Usage (680912K) : Executing rule AFil.c1
2026-03-28 23:11:49 +0100: Memory Usage (683728K) : Executing rule AFil.c
2026-03-28 23:11:55 +0100: Memory Usage (687832K) : Executing rule AFil.d
2026-03-28 23:11:56 +0100: Memory Usage (687832K) : Executing rule AFil.e
2026-03-28 23:11:56 +0100: Memory Usage (687832K) : Executing rule AFil.j
2026-03-28 23:11:56 +0100: Memory Usage (687832K) : deep mode is enabled after Activ:filler table.
2026-03-28 23:11:56 +0100: Memory Usage (687832K) : Starting 5.7. ThickGateOx table
2026-03-28 23:11:56 +0100: Memory Usage (687832K) : Executing rule TGO.f
2026-03-28 23:11:56 +0100: Memory Usage (687832K) : Starting 5.8. GatPoly table
2026-03-28 23:11:56 +0100: Memory Usage (687832K) : Executing rule Gat.a
2026-03-28 23:11:56 +0100: Memory Usage (687832K) : Executing rule Gat.b
2026-03-28 23:11:56 +0100: Memory Usage (687832K) : Executing rule Gat.d
2026-03-28 23:11:56 +0100: Memory Usage (687832K) : Executing rule Gat.a1
2026-03-28 23:11:56 +0100: Memory Usage (688344K) : Executing rule Gat.a2
2026-03-28 23:11:56 +0100: Memory Usage (688344K) : Executing rule Gat.g
2026-03-28 23:11:56 +0100: Memory Usage (688344K) : Starting 5.9 GatPoly:filler
2026-03-28 23:11:56 +0100: Memory Usage (709592K) : Tiling mode is enabled for GatPoly:filler table.
2026-03-28 23:11:56 +0100: Memory Usage (709592K) : Executing rule GFil.d
2026-03-28 23:12:01 +0100: Memory Usage (739048K) : Executing rule GFil.e
2026-03-28 23:12:01 +0100: Memory Usage (739048K) : Executing rule GFil.i
2026-03-28 23:12:01 +0100: Memory Usage (739048K) : deep mode is enabled after GatPoly:filler table.
2026-03-28 23:12:01 +0100: Memory Usage (739048K) : Starting 5.10 pSD table
2026-03-28 23:12:01 +0100: Memory Usage (739048K) : Executing rule pSD.c1
2026-03-28 23:12:01 +0100: Memory Usage (739048K) : Starting 5.14. Cont table
2026-03-28 23:12:01 +0100: Memory Usage (739048K) : Executing rule Cnt.a
2026-03-28 23:12:06 +0100: Memory Usage (988628K) : Executing rule Cnt.b
2026-03-28 23:12:08 +0100: Memory Usage (993876K) : Executing rule Cnt.c
2026-03-28 23:12:20 +0100: Memory Usage (1098236K) : Executing rule Cnt.c
2026-03-28 23:12:20 +0100: Memory Usage (1098236K) : Executing rule Cnt.d
2026-03-28 23:12:20 +0100: Memory Usage (1098236K) : Executing rule Cnt.e
2026-03-28 23:12:20 +0100: Memory Usage (1098236K) : Executing rule Cnt.g1
2026-03-28 23:12:24 +0100: Memory Usage (1055948K) : Executing rule Cnt.g2
2026-03-28 23:12:30 +0100: Memory Usage (1095116K) : Starting 5.15. ContBar table
2026-03-28 23:12:30 +0100: Memory Usage (1095116K) : Executing rule CntB.b1
2026-03-28 23:12:30 +0100: Memory Usage (1095116K) : Executing rule CntB.h1
2026-03-28 23:12:30 +0100: Memory Usage (1095116K) : Starting 6.1.3 NPN Substrate-Tie table
2026-03-28 23:12:30 +0100: Memory Usage (1095116K) : Executing rule npn13G2.bR 
2026-03-28 23:12:30 +0100: Memory Usage (1095116K) : Executing rule npn13G2L.cR 
2026-03-28 23:12:30 +0100: Memory Usage (1095116K) : Executing rule npn13G2V.cR 
2026-03-28 23:12:30 +0100: Memory Usage (1095116K) : Starting 6.7 Schottky diode table
2026-03-28 23:12:30 +0100: Memory Usage (1095116K) : Executing rule Sdiod.d
2026-03-28 23:12:30 +0100: Memory Usage (1095116K) : Executing rule Sdiod.e
2026-03-28 23:12:30 +0100: Memory Usage (1095116K) : Starting 7.2 Latch-up table
2026-03-28 23:12:30 +0100: Memory Usage (1095116K) : Executing rule LU.b
2026-03-28 23:12:31 +0100: Memory Usage (1095116K) : Starting 5.16. Metal1 table
2026-03-28 23:12:31 +0100: Memory Usage (1095116K) : Executing rule M1.a
2026-03-28 23:12:32 +0100: Memory Usage (1095116K) : Executing rule M1.b
2026-03-28 23:12:34 +0100: Memory Usage (1095116K) : Executing rule M1.e
2026-03-28 23:12:43 +0100: Memory Usage (1095116K) : Executing rule M1.f
2026-03-28 23:12:43 +0100: Memory Usage (1095116K) : Executing rule M1.g
2026-03-28 23:12:44 +0100: Memory Usage (1095116K) : Executing rule M1.i
2026-03-28 23:12:44 +0100: Memory Usage (1095116K) : Starting 5.17 Metaln table
2026-03-28 23:12:44 +0100: Memory Usage (1095116K) : Executing rule M2.a
2026-03-28 23:12:44 +0100: Memory Usage (1095116K) : Executing rule M2.b
2026-03-28 23:12:44 +0100: Memory Usage (1095116K) : Executing rule M2.e
2026-03-28 23:12:44 +0100: Memory Usage (1095116K) : Executing rule M2.f
2026-03-28 23:12:44 +0100: Memory Usage (1095116K) : Executing rule M2.g
2026-03-28 23:12:44 +0100: Memory Usage (1095116K) : Executing rule M2.i
2026-03-28 23:12:44 +0100: Memory Usage (1095116K) : Executing rule M3.a
2026-03-28 23:12:44 +0100: Memory Usage (1095116K) : Executing rule M3.b
2026-03-28 23:12:44 +0100: Memory Usage (1095116K) : Executing rule M3.e
2026-03-28 23:12:45 +0100: Memory Usage (1095116K) : Executing rule M3.f
2026-03-28 23:12:45 +0100: Memory Usage (1095116K) : Executing rule M3.g
2026-03-28 23:12:45 +0100: Memory Usage (1095116K) : Executing rule M3.i
2026-03-28 23:12:45 +0100: Memory Usage (1095116K) : Executing rule M4.a
2026-03-28 23:12:45 +0100: Memory Usage (1095116K) : Executing rule M4.b
2026-03-28 23:12:45 +0100: Memory Usage (1095116K) : Executing rule M4.e
2026-03-28 23:12:45 +0100: Memory Usage (1095116K) : Executing rule M4.f
2026-03-28 23:12:45 +0100: Memory Usage (1095116K) : Executing rule M4.g
2026-03-28 23:12:45 +0100: Memory Usage (1095116K) : Executing rule M4.i
2026-03-28 23:12:45 +0100: Memory Usage (1095116K) : Executing rule M5.a
2026-03-28 23:12:45 +0100: Memory Usage (1095116K) : Executing rule M5.b
2026-03-28 23:12:45 +0100: Memory Usage (1095116K) : Executing rule M5.e
2026-03-28 23:12:46 +0100: Memory Usage (1095116K) : Executing rule M5.f
2026-03-28 23:12:46 +0100: Memory Usage (1095116K) : Executing rule M5.g
2026-03-28 23:12:46 +0100: Memory Usage (1095116K) : Executing rule M5.i
2026-03-28 23:12:46 +0100: Memory Usage (1095116K) : Starting 5.18 Metaln:filler table
2026-03-28 23:12:46 +0100: Memory Usage (1095116K) : Tiling mode is enabled for Metaln:filler table.
2026-03-28 23:12:46 +0100: Memory Usage (1095116K) : Executing rule M1Fil.c
2026-03-28 23:12:46 +0100: Memory Usage (1095116K) : Executing rule M1Fil.a2
2026-03-28 23:12:46 +0100: Memory Usage (1095116K) : Executing rule M2Fil.c
2026-03-28 23:12:46 +0100: Memory Usage (1095116K) : Executing rule M2Fil.a2
2026-03-28 23:12:47 +0100: Memory Usage (1095116K) : Executing rule M3Fil.c
2026-03-28 23:12:47 +0100: Memory Usage (1095116K) : Executing rule M3Fil.a2
2026-03-28 23:12:47 +0100: Memory Usage (1095116K) : Executing rule M4Fil.c
2026-03-28 23:12:47 +0100: Memory Usage (1095116K) : Executing rule M4Fil.a2
2026-03-28 23:12:47 +0100: Memory Usage (1095116K) : Executing rule M5Fil.c
2026-03-28 23:12:47 +0100: Memory Usage (1095116K) : Executing rule M5Fil.a2
2026-03-28 23:12:47 +0100: Memory Usage (1095116K) : deep mode is enabled after Metaln:filler table.
2026-03-28 23:12:47 +0100: Memory Usage (1095116K) : Starting 5.19. Via1 table
2026-03-28 23:12:47 +0100: Memory Usage (1095116K) : Starting 5.19. Via1 table derivations
2026-03-28 23:12:47 +0100: Memory Usage (1095116K) : Executing rule V1.a
2026-03-28 23:12:47 +0100: Memory Usage (1095116K) : Executing rule V1.b
2026-03-28 23:12:47 +0100: Memory Usage (1095116K) : Executing rule V1.c
2026-03-28 23:12:48 +0100: Memory Usage (1095116K) : Starting 5.20. Vian table
2026-03-28 23:12:48 +0100: Memory Usage (1095116K) : Executing rule V2.a
2026-03-28 23:12:48 +0100: Memory Usage (1095116K) : Executing rule V2.b
2026-03-28 23:12:48 +0100: Memory Usage (1095116K) : Executing rule V2.c
2026-03-28 23:12:48 +0100: Memory Usage (1095116K) : Executing rule V3.a
2026-03-28 23:12:49 +0100: Memory Usage (1095116K) : Executing rule V3.b
2026-03-28 23:12:49 +0100: Memory Usage (1095116K) : Executing rule V3.c
2026-03-28 23:12:49 +0100: Memory Usage (1095116K) : Executing rule V4.a
2026-03-28 23:12:49 +0100: Memory Usage (1095116K) : Executing rule V4.b
2026-03-28 23:12:49 +0100: Memory Usage (1095116K) : Executing rule V4.c
2026-03-28 23:12:49 +0100: Memory Usage (1095116K) : Starting 5.21. TopVia1 table
2026-03-28 23:12:49 +0100: Memory Usage (1095116K) : Executing rule TV1.a
2026-03-28 23:12:49 +0100: Memory Usage (1095116K) : Executing rule TV1.b
2026-03-28 23:12:49 +0100: Memory Usage (1095116K) : Executing rule TV1.c
2026-03-28 23:12:49 +0100: Memory Usage (1095116K) : Executing rule TV1.d
2026-03-28 23:12:49 +0100: Memory Usage (1095116K) : Starting 5.22. TopMetal1 table
2026-03-28 23:12:49 +0100: Memory Usage (1095116K) : Executing rule TM1.a
2026-03-28 23:12:49 +0100: Memory Usage (1095116K) : Executing rule TM1.b
2026-03-28 23:12:49 +0100: Memory Usage (1095116K) : Starting 5.23 TopMetal1:filler table
2026-03-28 23:12:49 +0100: Memory Usage (1095116K) : Tiling mode is enabled for TopMetal1:filler table.
2026-03-28 23:12:49 +0100: Memory Usage (1095116K) : Executing rule TM1Fil.c
2026-03-28 23:12:49 +0100: Memory Usage (1095116K) : Executing rule TM1Fil.a1
2026-03-28 23:12:49 +0100: Memory Usage (1095116K) : deep mode is enabled after TopMetal1:filler table.
2026-03-28 23:12:49 +0100: Memory Usage (1095116K) : Starting 5.24. TopVia2 table
2026-03-28 23:12:49 +0100: Memory Usage (1095116K) : Executing rule TV2.a
2026-03-28 23:12:50 +0100: Memory Usage (1095116K) : Executing rule TV2.b
2026-03-28 23:12:50 +0100: Memory Usage (1095116K) : Executing rule TV2.c
2026-03-28 23:12:50 +0100: Memory Usage (1095116K) : Executing rule TV2.d
2026-03-28 23:12:50 +0100: Memory Usage (1095116K) : Starting 5.25. TopMetal2 table
2026-03-28 23:12:50 +0100: Memory Usage (1095116K) : Executing rule TM2.a
2026-03-28 23:12:50 +0100: Memory Usage (1095116K) : Executing rule TM2.b
2026-03-28 23:12:50 +0100: Memory Usage (1095116K) : Executing rule TM2.bR
2026-03-28 23:12:50 +0100: Memory Usage (1095116K) : Starting 5.26 TopMetal2:filler table
2026-03-28 23:12:50 +0100: Memory Usage (1095116K) : Tiling mode is enabled for TopMetal2:filler table.
2026-03-28 23:12:50 +0100: Memory Usage (1095116K) : Executing rule TM2Fil.c
2026-03-28 23:12:50 +0100: Memory Usage (1095116K) : Executing rule TM2Fil.a1
2026-03-28 23:12:50 +0100: Memory Usage (1095116K) : deep mode is enabled after TopMetal2:filler table.
2026-03-28 23:12:50 +0100: Memory Usage (1095116K) : Starting 5.27. Passiv table
2026-03-28 23:12:50 +0100: Memory Usage (1095116K) : Executing rule Pas.a
2026-03-28 23:12:50 +0100: Memory Usage (1095116K) : Executing rule Pas.b
2026-03-28 23:12:50 +0100: Memory Usage (1095116K) : Executing rule Pas.c
2026-03-28 23:12:50 +0100: Memory Usage (1095116K) : Starting 6.9.2 Copper Pillar table
2026-03-28 23:12:50 +0100: Memory Usage (1095116K) : Executing rule Padc.a
2026-03-28 23:12:50 +0100: Memory Usage (1095116K) : Executing rule Padc.b
2026-03-28 23:12:50 +0100: Memory Usage (1095116K) : Executing rule Padc.c
2026-03-28 23:12:50 +0100: Memory Usage (1095116K) : Executing rule Padb.f
2026-03-28 23:12:50 +0100: Memory Usage (1095116K) : Starting 6.9 Pad table
2026-03-28 23:12:50 +0100: Memory Usage (1095116K) : Executing rule Pad.m
2026-03-28 23:12:50 +0100: Memory Usage (1095116K) : Executing rule Pad.fR_M1
2026-03-28 23:12:50 +0100: Memory Usage (1095116K) : Executing rule Pad.fR_M2
2026-03-28 23:12:50 +0100: Memory Usage (1095116K) : Executing rule Pad.fR_M3
2026-03-28 23:12:50 +0100: Memory Usage (1095116K) : Executing rule Pad.fR_M4
2026-03-28 23:12:50 +0100: Memory Usage (1095116K) : Executing rule Pad.fR_M5
2026-03-28 23:12:50 +0100: Memory Usage (1095116K) : Executing rule Pad.fR_TM1
2026-03-28 23:12:50 +0100: Memory Usage (1095116K) : Executing rule Pad.fR_TM2
2026-03-28 23:12:50 +0100: Memory Usage (1095116K) : Executing rule Pad.i
2026-03-28 23:12:50 +0100: Memory Usage (1095116K) : Starting 6.9.1 Solder Bump
2026-03-28 23:12:50 +0100: Memory Usage (1095116K) : Executing rule Padb.a
2026-03-28 23:12:50 +0100: Memory Usage (1095116K) : Executing rule Padb.b
2026-03-28 23:12:50 +0100: Memory Usage (1095116K) : Executing rule Padb.c
2026-03-28 23:12:50 +0100: Memory Usage (1095116K) : Executing rule Padb.f
2026-03-28 23:12:50 +0100: Memory Usage (1095116K) : Executing rule Padb.d
2026-03-28 23:12:50 +0100: Memory Usage (1095116K) : Starting 6.10 Sealring table
2026-03-28 23:12:50 +0100: Memory Usage (1095116K) : Tiling mode is enabled for Seal.l rule.
2026-03-28 23:12:50 +0100: Memory Usage (1095116K) : Executing rule Seal.l
2026-03-28 23:12:57 +0100: Memory Usage (1096012K) : deep mode is enabled after Seal.l rule.
2026-03-28 23:12:57 +0100: Memory Usage (1096012K) : Executing rule Seal.n
2026-03-28 23:12:57 +0100: Memory Usage (1096012K) : Executing rule seal.b_metal1
2026-03-28 23:12:57 +0100: Memory Usage (1096012K) : Executing rule seal.b_metal2
2026-03-28 23:12:57 +0100: Memory Usage (1096012K) : Executing rule seal.b_metal3
2026-03-28 23:12:57 +0100: Memory Usage (1096012K) : Executing rule seal.b_metal4
2026-03-28 23:12:57 +0100: Memory Usage (1096012K) : Executing rule seal.b_metal5
2026-03-28 23:12:57 +0100: Memory Usage (1096012K) : Executing rule seal.b_topmetal1
2026-03-28 23:12:57 +0100: Memory Usage (1096012K) : Executing rule seal.b_topmetal2
2026-03-28 23:12:57 +0100: Memory Usage (1096012K) : Executing rule seal.b_activ
2026-03-28 23:12:57 +0100: Memory Usage (1096012K) : Executing rule seal.b_psd
2026-03-28 23:12:57 +0100: Memory Usage (1096012K) : Executing rule Seal.k
2026-03-28 23:12:57 +0100: Memory Usage (1096012K) : Executing rule Seal.m
2026-03-28 23:12:57 +0100: Memory Usage (1096012K) : Starting 6.11 MIM table
2026-03-28 23:12:57 +0100: Memory Usage (1096012K) : Executing rule MIM.c
2026-03-28 23:12:57 +0100: Memory Usage (1096012K) : Executing rule MIM.d
2026-03-28 23:12:57 +0100: Memory Usage (1096012K) : Executing rule MIM.gR
2026-03-28 23:12:57 +0100: Memory Usage (1096012K) : Starting 7.3 Metal Slits table
2026-03-28 23:12:57 +0100: Memory Usage (1096012K) : Executing rule Slt.e1_M1
2026-03-28 23:12:57 +0100: Memory Usage (1096012K) : Executing rule Slt.e1_M2
2026-03-28 23:12:57 +0100: Memory Usage (1096012K) : Executing rule Slt.e1_M3
2026-03-28 23:12:57 +0100: Memory Usage (1096012K) : Executing rule Slt.e1_M4
2026-03-28 23:12:57 +0100: Memory Usage (1096012K) : Executing rule Slt.e1_M5
2026-03-28 23:12:57 +0100: Memory Usage (1096012K) : Executing rule Slt.e1_TM1
2026-03-28 23:12:57 +0100: Memory Usage (1096012K) : Executing rule Slt.e1_TM2
2026-03-28 23:12:57 +0100: Memory Usage (1096012K) : Starting 9.1. LBE table
2026-03-28 23:12:57 +0100: Memory Usage (1096012K) : Executing rule LBE.a
2026-03-28 23:12:57 +0100: Memory Usage (1096012K) : Executing rule LBE.b
2026-03-28 23:12:57 +0100: Memory Usage (1096012K) : Executing rule LBE.b1
2026-03-28 23:12:57 +0100: Memory Usage (1096012K) : Executing rule LBE.c
2026-03-28 23:12:57 +0100: Memory Usage (1096012K) : Executing rule LBE.d
2026-03-28 23:12:57 +0100: Memory Usage (1096012K) : Executing rule LBE.h
2026-03-28 23:12:57 +0100: Memory Usage (1096012K) : Starting 7.4. PIN table
2026-03-28 23:12:57 +0100: Memory Usage (1096012K) : Executing rule Pin.a
2026-03-28 23:12:57 +0100: Memory Usage (1096012K) : Executing rule Pin.b
2026-03-28 23:12:57 +0100: Memory Usage (1096012K) : Executing rule Pin.e
2026-03-28 23:12:58 +0100: Memory Usage (1096012K) : Executing rule Pin.f_M2
2026-03-28 23:12:58 +0100: Memory Usage (1096012K) : Executing rule Pin.f_M3
2026-03-28 23:12:58 +0100: Memory Usage (1096012K) : Executing rule Pin.f_M4
2026-03-28 23:12:58 +0100: Memory Usage (1096012K) : Executing rule Pin.f_M5
2026-03-28 23:12:58 +0100: Memory Usage (1096012K) : Executing rule Pin.g
2026-03-28 23:12:58 +0100: Memory Usage (1096012K) : Executing rule Pin.h
2026-03-28 23:12:58 +0100: Memory Usage (1096012K) : Starting 3.2. FORBIDDEN table
2026-03-28 23:12:58 +0100: Memory Usage (1096012K) : Executing rule forbidden.biwind
2026-03-28 23:12:58 +0100: Memory Usage (1096012K) : Executing rule forbidden.pemwind
2026-03-28 23:12:58 +0100: Memory Usage (1096012K) : Executing rule forbidden.baspoly
2026-03-28 23:12:58 +0100: Memory Usage (1096012K) : Executing rule forbidden.deepco
2026-03-28 23:12:58 +0100: Memory Usage (1096012K) : Executing rule forbidden.pempoly
2026-03-28 23:12:58 +0100: Memory Usage (1096012K) : Executing rule forbidden.empoly
2026-03-28 23:12:58 +0100: Memory Usage (1096012K) : Executing rule forbidden.ldmos
2026-03-28 23:12:58 +0100: Memory Usage (1096012K) : Executing rule forbidden.pbiwind
2026-03-28 23:12:58 +0100: Memory Usage (1096012K) : Executing rule forbidden.nodrc
2026-03-28 23:12:58 +0100: Memory Usage (1096012K) : Executing rule forbidden.flash
2026-03-28 23:12:58 +0100: Memory Usage (1096012K) : Executing rule forbidden.colwind
2026-03-28 23:12:58 +0100: Memory Usage (1096012K) : KLayout DRC run for tables 'main' completed in 90.1 seconds
