# Logfile created on 2026-03-28 23:12:59 +0100 by logger.rb/v1.5.3
2026-03-28 23:12:59 +0100: Memory Usage (435392K) : Starting running IHP-SG13G2 Klayout DRC antenna runset on /foss/designs/top/final_gds.gds
2026-03-28 23:12:59 +0100: Memory Usage (435392K) : Ruby Version for klayout: 3.2.3
2026-03-28 23:12:59 +0100: Memory Usage (461376K) : Loading database to memory is complete.
2026-03-28 23:12:59 +0100: Memory Usage (461376K) : IHP-SG13G2 Klayout DRC antenna runset output at: /foss/designs/top/drc_run_top/final_gds_top_antenna.lyrdb
2026-03-28 23:12:59 +0100: Memory Usage (461376K) : Evaluate switches.
2026-03-28 23:12:59 +0100: Memory Usage (461376K) : KLayout will use 1 thread(s) in tiling mode.
2026-03-28 23:12:59 +0100: Memory Usage (461376K) : deep mode is enabled for antenna table.
2026-03-28 23:12:59 +0100: Memory Usage (461376K) : Read in polygons from layers.
2026-03-28 23:12:59 +0100: Memory Usage (464192K) : activ_drw has 25251 polygons
2026-03-28 23:12:59 +0100: Memory Usage (464320K) : gatpoly_drw has 23080 polygons
2026-03-28 23:12:59 +0100: Memory Usage (476864K) : cont_drw has 2239726 polygons
2026-03-28 23:12:59 +0100: Memory Usage (476864K) : nsd_block has 0 polygons
2026-03-28 23:12:59 +0100: Memory Usage (476992K) : metal1_drw has 44630 polygons
2026-03-28 23:12:59 +0100: Memory Usage (476992K) : metal2_drw has 20078 polygons
2026-03-28 23:12:59 +0100: Memory Usage (476992K) : psd_drw has 12036 polygons
2026-03-28 23:12:59 +0100: Memory Usage (476992K) : digisub_drw has 0 polygons
2026-03-28 23:12:59 +0100: Memory Usage (476992K) : via1_drw has 57652 polygons
2026-03-28 23:13:00 +0100: Memory Usage (476992K) : via2_drw has 80966 polygons
2026-03-28 23:13:00 +0100: Memory Usage (476992K) : metal3_drw has 8644 polygons
2026-03-28 23:13:00 +0100: Memory Usage (476992K) : nwell_drw has 6562 polygons
2026-03-28 23:13:00 +0100: Memory Usage (476992K) : pwell_block has 0 polygons
2026-03-28 23:13:00 +0100: Memory Usage (476992K) : via3_drw has 57654 polygons
2026-03-28 23:13:00 +0100: Memory Usage (476992K) : metal4_drw has 1391 polygons
2026-03-28 23:13:00 +0100: Memory Usage (477376K) : via4_drw has 62950 polygons
2026-03-28 23:13:00 +0100: Memory Usage (477504K) : metal5_drw has 2215 polygons
2026-03-28 23:13:00 +0100: Memory Usage (477504K) : recog_diode has 110 polygons
2026-03-28 23:13:00 +0100: Memory Usage (477504K) : recog_esd has 0 polygons
2026-03-28 23:13:00 +0100: Memory Usage (477888K) : topvia1_drw has 54193 polygons
2026-03-28 23:13:00 +0100: Memory Usage (477888K) : topmetal1_drw has 1821 polygons
2026-03-28 23:13:00 +0100: Memory Usage (477888K) : topvia2_drw has 32999 polygons
2026-03-28 23:13:00 +0100: Memory Usage (477888K) : topmetal2_drw has 658 polygons
2026-03-28 23:13:00 +0100: Memory Usage (477888K) : Total no. of polygons in the design is 2732616
2026-03-28 23:13:00 +0100: Memory Usage (477888K) : Loaded TECH DRC rules values from /foss/pdks/ihp-sg13g2/libs.tech/klayout/python/sg13g2_pycell_lib/sg13g2_tech_mod.json
2026-03-28 23:13:00 +0100: Memory Usage (477888K) : Loaded default DRC rules values from /foss/pdks/ihp-sg13g2/libs.tech/klayout/tech/drc/rule_decks/sg13g2_tech_default.json
2026-03-28 23:13:00 +0100: Memory Usage (477888K) : The following rules values were missing in tech json and default values were used:
2026-03-28 23:13:00 +0100: Memory Usage (477888K) :   - Cnt_c_digibnd
2026-03-28 23:13:00 +0100: Memory Usage (479296K) : Total area of the design is 1210000.0 um^2.
2026-03-28 23:13:00 +0100: Memory Usage (479296K) : The design dimensions are 1100.0 µm * 1100.0 µm.
2026-03-28 23:13:00 +0100: Memory Usage (479296K) : Starting general IHP-SG13G2 derivations.
2026-03-28 23:13:00 +0100: Memory Usage (486464K) : Starting IHP-SG13G2 DRC rules.
2026-03-28 23:13:00 +0100: Memory Usage (486464K) : Starting 7.1 Antenna Rules table
2026-03-28 23:13:00 +0100: Memory Usage (486592K) : Executing rule Ant.a
2026-03-28 23:13:01 +0100: Memory Usage (517312K) : Executing rule Ant.c
2026-03-28 23:13:01 +0100: Memory Usage (517312K) : Starting cumulative antenna ratio calculations
2026-03-28 23:13:01 +0100: Memory Usage (517312K) : Evaluating metal1_drw ratio
2026-03-28 23:13:03 +0100: Memory Usage (518180K) : Evaluating via1_drw ratio
2026-03-28 23:13:04 +0100: Memory Usage (521508K) : Evaluating metal2_drw ratio
2026-03-28 23:13:06 +0100: Memory Usage (524708K) : Evaluating via2_drw ratio
2026-03-28 23:13:09 +0100: Memory Usage (528676K) : Evaluating metal3_drw ratio
2026-03-28 23:13:11 +0100: Memory Usage (530340K) : Evaluating via3_drw ratio
2026-03-28 23:13:13 +0100: Memory Usage (530340K) : Evaluating metal4_drw ratio
2026-03-28 23:13:16 +0100: Memory Usage (531236K) : Evaluating via4_drw ratio
2026-03-28 23:13:19 +0100: Memory Usage (532772K) : Evaluating metal5_drw ratio
2026-03-28 23:13:22 +0100: Memory Usage (533668K) : Evaluating topvia1_drw ratio
2026-03-28 23:13:25 +0100: Memory Usage (536100K) : Evaluating topmetal1_drw ratio
2026-03-28 23:13:28 +0100: Memory Usage (536356K) : Evaluating topvia2_drw ratio
2026-03-28 23:13:31 +0100: Memory Usage (536484K) : Evaluating topmetal2_drw ratio
2026-03-28 23:13:35 +0100: Memory Usage (537380K) : Evaluating diode presence
2026-03-28 23:13:35 +0100: Memory Usage (537380K) : Creating base layer with all individual ratios and diode flag
2026-03-28 23:13:36 +0100: Memory Usage (629116K) : Executing rules Ant.b and Ant.e
2026-03-28 23:13:36 +0100: Memory Usage (629116K) : Executing Ant.b_Metal1
2026-03-28 23:13:36 +0100: Memory Usage (629116K) : Executing Ant.e_Metal1
2026-03-28 23:13:36 +0100: Memory Usage (629116K) : Evaluating cumulative ratio after Metal2
2026-03-28 23:13:36 +0100: Memory Usage (629116K) : Executing Ant.b_Metal2
2026-03-28 23:13:37 +0100: Memory Usage (629116K) : Executing Ant.e_Metal2
2026-03-28 23:13:37 +0100: Memory Usage (629116K) : Evaluating cumulative ratio after Metal3
2026-03-28 23:13:37 +0100: Memory Usage (629116K) : Executing Ant.b_Metal3
2026-03-28 23:13:37 +0100: Memory Usage (629116K) : Executing Ant.e_Metal3
2026-03-28 23:13:37 +0100: Memory Usage (629116K) : Evaluating cumulative ratio after Metal4
2026-03-28 23:13:37 +0100: Memory Usage (629116K) : Executing Ant.b_Metal4
2026-03-28 23:13:37 +0100: Memory Usage (629116K) : Executing Ant.e_Metal4
2026-03-28 23:13:37 +0100: Memory Usage (629116K) : Evaluating cumulative ratio after Metal5
2026-03-28 23:13:37 +0100: Memory Usage (629116K) : Executing Ant.b_Metal5
2026-03-28 23:13:37 +0100: Memory Usage (629116K) : Executing Ant.e_Metal5
2026-03-28 23:13:37 +0100: Memory Usage (629116K) : Evaluating cumulative ratio after TopMetal1
2026-03-28 23:13:37 +0100: Memory Usage (629116K) : Executing Ant.b_TopMetal1
2026-03-28 23:13:37 +0100: Memory Usage (629116K) : Executing Ant.e_TopMetal1
2026-03-28 23:13:37 +0100: Memory Usage (629116K) : Evaluating cumulative ratio after TopMetal2
2026-03-28 23:13:37 +0100: Memory Usage (629116K) : Executing Ant.b_TopMetal2
2026-03-28 23:13:37 +0100: Memory Usage (629116K) : Executing Ant.e_TopMetal2
2026-03-28 23:13:37 +0100: Memory Usage (629116K) : Executing rules Ant.d and Ant.f
2026-03-28 23:13:37 +0100: Memory Usage (629116K) : Evaluating cumulative ratio after Via1
2026-03-28 23:13:37 +0100: Memory Usage (630140K) : Executing Ant.d_Via1
2026-03-28 23:13:37 +0100: Memory Usage (630140K) : Executing Ant.f_Via1
2026-03-28 23:13:37 +0100: Memory Usage (630140K) : Evaluating cumulative ratio after Via2
2026-03-28 23:13:37 +0100: Memory Usage (630908K) : Executing Ant.d_Via2
2026-03-28 23:13:37 +0100: Memory Usage (630908K) : Executing Ant.f_Via2
2026-03-28 23:13:37 +0100: Memory Usage (630908K) : Evaluating cumulative ratio after Via3
2026-03-28 23:13:37 +0100: Memory Usage (630908K) : Executing Ant.d_Via3
2026-03-28 23:13:37 +0100: Memory Usage (630908K) : Executing Ant.f_Via3
2026-03-28 23:13:37 +0100: Memory Usage (630908K) : Evaluating cumulative ratio after Via4
2026-03-28 23:13:37 +0100: Memory Usage (630908K) : Executing Ant.d_Via4
2026-03-28 23:13:37 +0100: Memory Usage (630908K) : Executing Ant.f_Via4
2026-03-28 23:13:37 +0100: Memory Usage (630908K) : Evaluating cumulative ratio after TopVia1
2026-03-28 23:13:37 +0100: Memory Usage (630908K) : Executing Ant.d_TopVia1
2026-03-28 23:13:37 +0100: Memory Usage (630908K) : Executing Ant.f_TopVia1
2026-03-28 23:13:37 +0100: Memory Usage (630908K) : Evaluating cumulative ratio after TopVia2
2026-03-28 23:13:38 +0100: Memory Usage (636284K) : Executing Ant.d_TopVia2
2026-03-28 23:13:38 +0100: Memory Usage (636284K) : Executing Ant.f_TopVia2
2026-03-28 23:13:38 +0100: Memory Usage (636284K) : Executing rule Ant.g
2026-03-28 23:13:38 +0100: Memory Usage (636284K) : Executing rule Ant.h
2026-03-28 23:13:38 +0100: Memory Usage (636284K) : Executing rule Ant.i
