
==========================================================================
floorplan final report_tns
--------------------------------------------------------------------------
tns max 0.00

==========================================================================
floorplan final report_wns
--------------------------------------------------------------------------
wns max 0.00

==========================================================================
floorplan final report_worst_slack
--------------------------------------------------------------------------
worst slack max 78.73

==========================================================================
floorplan final report_clock_min_period
--------------------------------------------------------------------------
CLK period_min = 21.27 fmax = 47.01

==========================================================================
floorplan final report_checks -path_delay min
--------------------------------------------------------------------------
Startpoint: serializer_inst.piso.piso_flip_flops[4]$_SDFF_PP0_
            (rising edge-triggered flip-flop clocked by CLK)
Endpoint: serializer_inst.piso.piso_flip_flops[5]$_SDFF_PP0_
          (rising edge-triggered flip-flop clocked by CLK)
Path Group: CLK
Path Type: min

Fanout     Cap    Slew   Delay    Time   Description
-----------------------------------------------------------------------------
                  0.00    0.00    0.00   clock CLK (rise edge)
                          0.00    0.00   clock network delay (ideal)
                  0.00    0.00    0.00 ^ serializer_inst.piso.piso_flip_flops[4]$_SDFF_PP0_/CLK (sg13g2_dfrbpq_1)
     1    0.00    0.02    0.15    0.15 v serializer_inst.piso.piso_flip_flops[4]$_SDFF_PP0_/Q (sg13g2_dfrbpq_1)
                                         serializer_inst.piso.piso_flip_flops[4] (net)
                  0.02    0.00    0.15 v _2111_/A (sg13g2_inv_1)
     1    0.00    0.02    0.02    0.17 ^ _2111_/Y (sg13g2_inv_1)
                                         _0609_ (net)
                  0.02    0.00    0.17 ^ _2112_/C (sg13g2_nor3_1)
     1    0.00    0.01    0.02    0.20 v _2112_/Y (sg13g2_nor3_1)
                                         _0231_ (net)
                  0.01    0.00    0.20 v serializer_inst.piso.piso_flip_flops[5]$_SDFF_PP0_/D (sg13g2_dfrbpq_1)
                                  0.20   data arrival time

                  0.00    0.00    0.00   clock CLK (rise edge)
                          0.00    0.00   clock network delay (ideal)
                          0.00    0.00   clock reconvergence pessimism
                                  0.00 ^ serializer_inst.piso.piso_flip_flops[5]$_SDFF_PP0_/CLK (sg13g2_dfrbpq_1)
                         -0.04   -0.04   library hold time
                                 -0.04   data required time
-----------------------------------------------------------------------------
                                 -0.04   data required time
                                 -0.20   data arrival time
-----------------------------------------------------------------------------
                                  0.24   slack (MET)



==========================================================================
floorplan final report_checks -path_delay max
--------------------------------------------------------------------------
Startpoint: RESET (input port clocked by CLK)
Endpoint: serializer_inst.piso.DATA_IN[16]$_SDFF_PP0_
          (rising edge-triggered flip-flop clocked by CLK)
Path Group: CLK
Path Type: max

Fanout     Cap    Slew   Delay    Time   Description
-----------------------------------------------------------------------------
                  0.00    0.00    0.00   clock CLK (rise edge)
                          0.00    0.00   clock network delay (ideal)
                         20.00   20.00 v input external delay
     1    0.00    0.00    0.00   20.00 v RESET (in)
                                         RESET (net)
                  0.00    0.00   20.00 v _1088_/A (sg13g2_buf_1)
     7    0.03    0.09    0.11   20.11 v _1088_/X (sg13g2_buf_1)
                                         _0642_ (net)
                  0.09    0.00   20.11 v _1104_/A (sg13g2_nor3_2)
     4    0.02    0.19    0.20   20.31 ^ _1104_/Y (sg13g2_nor3_2)
                                         _0658_ (net)
                  0.19    0.00   20.31 ^ _1164_/S (sg13g2_mux2_2)
     2    0.01    0.04    0.23   20.54 v _1164_/X (sg13g2_mux2_2)
                                         _0714_ (net)
                  0.04    0.00   20.54 v _1172_/A2 (sg13g2_o21ai_1)
     1    0.01    0.11    0.11   20.65 ^ _1172_/Y (sg13g2_o21ai_1)
                                         _0722_ (net)
                  0.11    0.00   20.65 ^ _1175_/A2 (sg13g2_a21oi_2)
     6    0.05    0.17    0.19   20.84 v _1175_/Y (sg13g2_a21oi_2)
                                         _0724_ (net)
                  0.17    0.00   20.84 v _1176_/A (sg13g2_inv_8)
     9    0.03    0.05    0.06   20.90 ^ _1176_/Y (sg13g2_inv_8)
                                         _0144_ (net)
                  0.05    0.00   20.90 ^ _2089_/A (sg13g2_xnor2_1)
     1    0.00    0.06    0.09   20.99 ^ _2089_/Y (sg13g2_xnor2_1)
                                         _0593_ (net)
                  0.06    0.00   20.99 ^ _2090_/B (sg13g2_nand3b_1)
     1    0.00    0.06    0.08   21.07 v _2090_/Y (sg13g2_nand3b_1)
                                         _0594_ (net)
                  0.06    0.00   21.07 v _2091_/A2 (sg13g2_a21oi_1)
     1    0.00    0.05    0.07   21.15 ^ _2091_/Y (sg13g2_a21oi_1)
                                         _0225_ (net)
                  0.05    0.00   21.15 ^ serializer_inst.piso.DATA_IN[16]$_SDFF_PP0_/D (sg13g2_dfrbpq_1)
                                 21.15   data arrival time

                  0.00  100.00  100.00   clock CLK (rise edge)
                          0.00  100.00   clock network delay (ideal)
                          0.00  100.00   clock reconvergence pessimism
                                100.00 ^ serializer_inst.piso.DATA_IN[16]$_SDFF_PP0_/CLK (sg13g2_dfrbpq_1)
                         -0.13   99.87   library setup time
                                 99.87   data required time
-----------------------------------------------------------------------------
                                 99.87   data required time
                                -21.15   data arrival time
-----------------------------------------------------------------------------
                                 78.73   slack (MET)



==========================================================================
floorplan final report_checks -unconstrained
--------------------------------------------------------------------------
Startpoint: RESET (input port clocked by CLK)
Endpoint: serializer_inst.piso.DATA_IN[16]$_SDFF_PP0_
          (rising edge-triggered flip-flop clocked by CLK)
Path Group: CLK
Path Type: max

Fanout     Cap    Slew   Delay    Time   Description
-----------------------------------------------------------------------------
                  0.00    0.00    0.00   clock CLK (rise edge)
                          0.00    0.00   clock network delay (ideal)
                         20.00   20.00 v input external delay
     1    0.00    0.00    0.00   20.00 v RESET (in)
                                         RESET (net)
                  0.00    0.00   20.00 v _1088_/A (sg13g2_buf_1)
     7    0.03    0.09    0.11   20.11 v _1088_/X (sg13g2_buf_1)
                                         _0642_ (net)
                  0.09    0.00   20.11 v _1104_/A (sg13g2_nor3_2)
     4    0.02    0.19    0.20   20.31 ^ _1104_/Y (sg13g2_nor3_2)
                                         _0658_ (net)
                  0.19    0.00   20.31 ^ _1164_/S (sg13g2_mux2_2)
     2    0.01    0.04    0.23   20.54 v _1164_/X (sg13g2_mux2_2)
                                         _0714_ (net)
                  0.04    0.00   20.54 v _1172_/A2 (sg13g2_o21ai_1)
     1    0.01    0.11    0.11   20.65 ^ _1172_/Y (sg13g2_o21ai_1)
                                         _0722_ (net)
                  0.11    0.00   20.65 ^ _1175_/A2 (sg13g2_a21oi_2)
     6    0.05    0.17    0.19   20.84 v _1175_/Y (sg13g2_a21oi_2)
                                         _0724_ (net)
                  0.17    0.00   20.84 v _1176_/A (sg13g2_inv_8)
     9    0.03    0.05    0.06   20.90 ^ _1176_/Y (sg13g2_inv_8)
                                         _0144_ (net)
                  0.05    0.00   20.90 ^ _2089_/A (sg13g2_xnor2_1)
     1    0.00    0.06    0.09   20.99 ^ _2089_/Y (sg13g2_xnor2_1)
                                         _0593_ (net)
                  0.06    0.00   20.99 ^ _2090_/B (sg13g2_nand3b_1)
     1    0.00    0.06    0.08   21.07 v _2090_/Y (sg13g2_nand3b_1)
                                         _0594_ (net)
                  0.06    0.00   21.07 v _2091_/A2 (sg13g2_a21oi_1)
     1    0.00    0.05    0.07   21.15 ^ _2091_/Y (sg13g2_a21oi_1)
                                         _0225_ (net)
                  0.05    0.00   21.15 ^ serializer_inst.piso.DATA_IN[16]$_SDFF_PP0_/D (sg13g2_dfrbpq_1)
                                 21.15   data arrival time

                  0.00  100.00  100.00   clock CLK (rise edge)
                          0.00  100.00   clock network delay (ideal)
                          0.00  100.00   clock reconvergence pessimism
                                100.00 ^ serializer_inst.piso.DATA_IN[16]$_SDFF_PP0_/CLK (sg13g2_dfrbpq_1)
                         -0.13   99.87   library setup time
                                 99.87   data required time
-----------------------------------------------------------------------------
                                 99.87   data required time
                                -21.15   data arrival time
-----------------------------------------------------------------------------
                                 78.73   slack (MET)



==========================================================================
floorplan final report_power
--------------------------------------------------------------------------
Corner: typ
Group                  Internal  Switching    Leakage      Total
                          Power      Power      Power      Power (Watts)
----------------------------------------------------------------
Sequential             1.31e-04   3.85e-07   1.11e-07   1.31e-04  92.5%
Combinational          5.05e-06   5.39e-06   1.53e-07   1.06e-05   7.5%
Clock                  0.00e+00   0.00e+00   0.00e+00   0.00e+00   0.0%
Macro                  0.00e+00   0.00e+00   0.00e+00   0.00e+00   0.0%
Pad                    0.00e+00   0.00e+00   0.00e+00   0.00e+00   0.0%
----------------------------------------------------------------
Total                  1.36e-04   5.77e-06   2.65e-07   1.42e-04 100.0%
                          95.7%       4.1%       0.2%
