
==========================================================================
detailed place report_tns
--------------------------------------------------------------------------
tns max 0.00

==========================================================================
detailed place report_wns
--------------------------------------------------------------------------
wns max 0.00

==========================================================================
detailed place report_worst_slack
--------------------------------------------------------------------------
worst slack max 78.03

==========================================================================
detailed place report_clock_min_period
--------------------------------------------------------------------------
CLK period_min = 21.97 fmax = 45.52

==========================================================================
detailed place report_checks -path_delay min
--------------------------------------------------------------------------
Startpoint: serializer_inst.piso.piso_flip_flops[4]$_SDFF_PP0_
            (rising edge-triggered flip-flop clocked by CLK)
Endpoint: serializer_inst.piso.piso_flip_flops[5]$_SDFF_PP0_
          (rising edge-triggered flip-flop clocked by CLK)
Path Group: CLK
Path Type: min

Fanout     Cap    Slew   Delay    Time   Description
-----------------------------------------------------------------------------
                  0.00    0.00    0.00   clock CLK (rise edge)
                          0.00    0.00   clock network delay (ideal)
                  0.00    0.00    0.00 ^ serializer_inst.piso.piso_flip_flops[4]$_SDFF_PP0_/CLK (sg13g2_dfrbpq_1)
     1    0.00    0.02    0.15    0.15 v serializer_inst.piso.piso_flip_flops[4]$_SDFF_PP0_/Q (sg13g2_dfrbpq_1)
                                         serializer_inst.piso.piso_flip_flops[4] (net)
                  0.02    0.00    0.15 v _2111_/A (sg13g2_inv_1)
     1    0.00    0.02    0.03    0.18 ^ _2111_/Y (sg13g2_inv_1)
                                         _0609_ (net)
                  0.02    0.00    0.18 ^ _2112_/C (sg13g2_nor3_1)
     1    0.00    0.02    0.03    0.21 v _2112_/Y (sg13g2_nor3_1)
                                         _0231_ (net)
                  0.02    0.00    0.21 v serializer_inst.piso.piso_flip_flops[5]$_SDFF_PP0_/D (sg13g2_dfrbpq_1)
                                  0.21   data arrival time

                  0.00    0.00    0.00   clock CLK (rise edge)
                          0.00    0.00   clock network delay (ideal)
                          0.00    0.00   clock reconvergence pessimism
                                  0.00 ^ serializer_inst.piso.piso_flip_flops[5]$_SDFF_PP0_/CLK (sg13g2_dfrbpq_1)
                         -0.04   -0.04   library hold time
                                 -0.04   data required time
-----------------------------------------------------------------------------
                                 -0.04   data required time
                                 -0.21   data arrival time
-----------------------------------------------------------------------------
                                  0.25   slack (MET)



==========================================================================
detailed place report_checks -path_delay max
--------------------------------------------------------------------------
Startpoint: ADC_INPUT_VALID (input port clocked by CLK)
Endpoint: afe_controller_inst.fifo_in_sel[1]$_DFF_P_
          (rising edge-triggered flip-flop clocked by CLK)
Path Group: CLK
Path Type: max

Fanout     Cap    Slew   Delay    Time   Description
-----------------------------------------------------------------------------
                  0.00    0.00    0.00   clock CLK (rise edge)
                          0.00    0.00   clock network delay (ideal)
                         20.00   20.00 v input external delay
     1    0.03    0.00    0.00   20.00 v ADC_INPUT_VALID (in)
                                         ADC_INPUT_VALID (net)
                  0.01    0.00   20.00 v input239/A (sg13g2_buf_1)
     4    0.02    0.07    0.09   20.10 v input239/X (sg13g2_buf_1)
                                         net238 (net)
                  0.07    0.00   20.10 v _1118_/A (sg13g2_nor2b_1)
     3    0.03    0.29    0.25   20.34 ^ _1118_/Y (sg13g2_nor2b_1)
                                         _0671_ (net)
                  0.29    0.01   20.35 ^ _1148_/S (sg13g2_mux2_1)
     1    0.00    0.04    0.23   20.58 v _1148_/X (sg13g2_mux2_1)
                                         _0699_ (net)
                  0.04    0.00   20.58 v _1152_/B1 (sg13g2_a221oi_1)
     2    0.02    0.31    0.28   20.85 ^ _1152_/Y (sg13g2_a221oi_1)
                                         _0703_ (net)
                  0.31    0.00   20.85 ^ _1153_/B (sg13g2_nor4_1)
     1    0.00    0.08    0.12   20.97 v _1153_/Y (sg13g2_nor4_1)
                                         _0704_ (net)
                  0.08    0.00   20.97 v _1157_/A_N (sg13g2_nand2b_1)
     7    0.05    0.27    0.27   21.25 v _1157_/Y (sg13g2_nand2b_1)
                                         _0708_ (net)
                  0.27    0.00   21.25 v _1159_/A (sg13g2_inv_4)
     5    0.02    0.06    0.07   21.32 ^ _1159_/Y (sg13g2_inv_4)
                                         _0710_ (net)
                  0.06    0.00   21.32 ^ place473/A (sg13g2_buf_1)
     7    0.03    0.14    0.16   21.48 ^ place473/X (sg13g2_buf_1)
                                         net472 (net)
                  0.14    0.00   21.48 ^ _1188_/S (sg13g2_mux2_1)
     1    0.00    0.04    0.19   21.67 v _1188_/X (sg13g2_mux2_1)
                                         _0735_ (net)
                  0.04    0.00   21.67 v _1194_/A2 (sg13g2_a221oi_1)
     1    0.00    0.11    0.15   21.82 ^ _1194_/Y (sg13g2_a221oi_1)
                                         _0005_ (net)
                  0.11    0.00   21.82 ^ afe_controller_inst.fifo_in_sel[1]$_DFF_P_/D (sg13g2_dfrbpq_1)
                                 21.82   data arrival time

                  0.00  100.00  100.00   clock CLK (rise edge)
                          0.00  100.00   clock network delay (ideal)
                          0.00  100.00   clock reconvergence pessimism
                                100.00 ^ afe_controller_inst.fifo_in_sel[1]$_DFF_P_/CLK (sg13g2_dfrbpq_1)
                         -0.15   99.85   library setup time
                                 99.85   data required time
-----------------------------------------------------------------------------
                                 99.85   data required time
                                -21.82   data arrival time
-----------------------------------------------------------------------------
                                 78.03   slack (MET)



==========================================================================
detailed place report_checks -unconstrained
--------------------------------------------------------------------------
Startpoint: ADC_INPUT_VALID (input port clocked by CLK)
Endpoint: afe_controller_inst.fifo_in_sel[1]$_DFF_P_
          (rising edge-triggered flip-flop clocked by CLK)
Path Group: CLK
Path Type: max

Fanout     Cap    Slew   Delay    Time   Description
-----------------------------------------------------------------------------
                  0.00    0.00    0.00   clock CLK (rise edge)
                          0.00    0.00   clock network delay (ideal)
                         20.00   20.00 v input external delay
     1    0.03    0.00    0.00   20.00 v ADC_INPUT_VALID (in)
                                         ADC_INPUT_VALID (net)
                  0.01    0.00   20.00 v input239/A (sg13g2_buf_1)
     4    0.02    0.07    0.09   20.10 v input239/X (sg13g2_buf_1)
                                         net238 (net)
                  0.07    0.00   20.10 v _1118_/A (sg13g2_nor2b_1)
     3    0.03    0.29    0.25   20.34 ^ _1118_/Y (sg13g2_nor2b_1)
                                         _0671_ (net)
                  0.29    0.01   20.35 ^ _1148_/S (sg13g2_mux2_1)
     1    0.00    0.04    0.23   20.58 v _1148_/X (sg13g2_mux2_1)
                                         _0699_ (net)
                  0.04    0.00   20.58 v _1152_/B1 (sg13g2_a221oi_1)
     2    0.02    0.31    0.28   20.85 ^ _1152_/Y (sg13g2_a221oi_1)
                                         _0703_ (net)
                  0.31    0.00   20.85 ^ _1153_/B (sg13g2_nor4_1)
     1    0.00    0.08    0.12   20.97 v _1153_/Y (sg13g2_nor4_1)
                                         _0704_ (net)
                  0.08    0.00   20.97 v _1157_/A_N (sg13g2_nand2b_1)
     7    0.05    0.27    0.27   21.25 v _1157_/Y (sg13g2_nand2b_1)
                                         _0708_ (net)
                  0.27    0.00   21.25 v _1159_/A (sg13g2_inv_4)
     5    0.02    0.06    0.07   21.32 ^ _1159_/Y (sg13g2_inv_4)
                                         _0710_ (net)
                  0.06    0.00   21.32 ^ place473/A (sg13g2_buf_1)
     7    0.03    0.14    0.16   21.48 ^ place473/X (sg13g2_buf_1)
                                         net472 (net)
                  0.14    0.00   21.48 ^ _1188_/S (sg13g2_mux2_1)
     1    0.00    0.04    0.19   21.67 v _1188_/X (sg13g2_mux2_1)
                                         _0735_ (net)
                  0.04    0.00   21.67 v _1194_/A2 (sg13g2_a221oi_1)
     1    0.00    0.11    0.15   21.82 ^ _1194_/Y (sg13g2_a221oi_1)
                                         _0005_ (net)
                  0.11    0.00   21.82 ^ afe_controller_inst.fifo_in_sel[1]$_DFF_P_/D (sg13g2_dfrbpq_1)
                                 21.82   data arrival time

                  0.00  100.00  100.00   clock CLK (rise edge)
                          0.00  100.00   clock network delay (ideal)
                          0.00  100.00   clock reconvergence pessimism
                                100.00 ^ afe_controller_inst.fifo_in_sel[1]$_DFF_P_/CLK (sg13g2_dfrbpq_1)
                         -0.15   99.85   library setup time
                                 99.85   data required time
-----------------------------------------------------------------------------
                                 99.85   data required time
                                -21.82   data arrival time
-----------------------------------------------------------------------------
                                 78.03   slack (MET)



==========================================================================
detailed place report_check_types -max_slew -max_cap -max_fanout -violators
--------------------------------------------------------------------------

==========================================================================
detailed place max_slew_check_slack
--------------------------------------------------------------------------
1.905172348022461

==========================================================================
detailed place max_slew_check_limit
--------------------------------------------------------------------------
2.5074000358581543

==========================================================================
detailed place max_slew_check_slack_limit
--------------------------------------------------------------------------
0.7598

==========================================================================
detailed place max_fanout_check_slack
--------------------------------------------------------------------------
0.0

==========================================================================
detailed place max_fanout_check_limit
--------------------------------------------------------------------------
8.0

==========================================================================
detailed place max_fanout_check_slack_limit
--------------------------------------------------------------------------
0.0000

==========================================================================
detailed place max_capacitance_check_slack
--------------------------------------------------------------------------
0.1684121936559677

==========================================================================
detailed place max_capacitance_check_limit
--------------------------------------------------------------------------
0.30000001192092896

==========================================================================
detailed place max_capacitance_check_slack_limit
--------------------------------------------------------------------------
0.5614

==========================================================================
detailed place max_slew_violation_count
--------------------------------------------------------------------------
max slew violation count 0

==========================================================================
detailed place max_fanout_violation_count
--------------------------------------------------------------------------
max fanout violation count 0

==========================================================================
detailed place max_cap_violation_count
--------------------------------------------------------------------------
max cap violation count 0

==========================================================================
detailed place setup_violation_count
--------------------------------------------------------------------------
setup violation count 0

==========================================================================
detailed place hold_violation_count
--------------------------------------------------------------------------
hold violation count 0

==========================================================================
detailed place report_checks -path_delay max reg to reg
--------------------------------------------------------------------------
Startpoint: afe_controller_inst.fsm.state[0]$_SDFFE_PP0P_
            (rising edge-triggered flip-flop clocked by CLK)
Endpoint: afe_controller_inst.fifo_in_sel[1]$_DFF_P_
          (rising edge-triggered flip-flop clocked by CLK)
Path Group: CLK
Path Type: max

  Delay    Time   Description
---------------------------------------------------------
   0.00    0.00   clock CLK (rise edge)
   0.00    0.00   clock network delay (ideal)
   0.00    0.00 ^ afe_controller_inst.fsm.state[0]$_SDFFE_PP0P_/CLK (sg13g2_dfrbpq_1)
   0.21    0.21 v afe_controller_inst.fsm.state[0]$_SDFFE_PP0P_/Q (sg13g2_dfrbpq_1)
   0.17    0.37 v place527/X (sg13g2_buf_1)
   0.17    0.55 v place526/X (sg13g2_buf_1)
   0.13    0.67 ^ _1079_/Y (sg13g2_inv_1)
   0.09    0.77 v _1145_/Y (sg13g2_o21ai_1)
   0.30    1.07 ^ _1152_/Y (sg13g2_a221oi_1)
   0.12    1.19 v _1153_/Y (sg13g2_nor4_1)
   0.27    1.46 v _1157_/Y (sg13g2_nand2b_1)
   0.08    1.54 ^ _1159_/Y (sg13g2_inv_4)
   0.16    1.70 ^ place473/X (sg13g2_buf_1)
   0.19    1.89 v _1188_/X (sg13g2_mux2_1)
   0.15    2.04 ^ _1194_/Y (sg13g2_a221oi_1)
   0.00    2.04 ^ afe_controller_inst.fifo_in_sel[1]$_DFF_P_/D (sg13g2_dfrbpq_1)
           2.04   data arrival time

 100.00  100.00   clock CLK (rise edge)
   0.00  100.00   clock network delay (ideal)
   0.00  100.00   clock reconvergence pessimism
         100.00 ^ afe_controller_inst.fifo_in_sel[1]$_DFF_P_/CLK (sg13g2_dfrbpq_1)
  -0.15   99.85   library setup time
          99.85   data required time
---------------------------------------------------------
          99.85   data required time
          -2.04   data arrival time
---------------------------------------------------------
          97.81   slack (MET)



==========================================================================
detailed place report_checks -path_delay min reg to reg
--------------------------------------------------------------------------
Startpoint: serializer_inst.piso.piso_flip_flops[4]$_SDFF_PP0_
            (rising edge-triggered flip-flop clocked by CLK)
Endpoint: serializer_inst.piso.piso_flip_flops[5]$_SDFF_PP0_
          (rising edge-triggered flip-flop clocked by CLK)
Path Group: CLK
Path Type: min

  Delay    Time   Description
---------------------------------------------------------
   0.00    0.00   clock CLK (rise edge)
   0.00    0.00   clock network delay (ideal)
   0.00    0.00 ^ serializer_inst.piso.piso_flip_flops[4]$_SDFF_PP0_/CLK (sg13g2_dfrbpq_1)
   0.15    0.15 v serializer_inst.piso.piso_flip_flops[4]$_SDFF_PP0_/Q (sg13g2_dfrbpq_1)
   0.03    0.18 ^ _2111_/Y (sg13g2_inv_1)
   0.03    0.21 v _2112_/Y (sg13g2_nor3_1)
   0.00    0.21 v serializer_inst.piso.piso_flip_flops[5]$_SDFF_PP0_/D (sg13g2_dfrbpq_1)
           0.21   data arrival time

   0.00    0.00   clock CLK (rise edge)
   0.00    0.00   clock network delay (ideal)
   0.00    0.00   clock reconvergence pessimism
           0.00 ^ serializer_inst.piso.piso_flip_flops[5]$_SDFF_PP0_/CLK (sg13g2_dfrbpq_1)
  -0.04   -0.04   library hold time
          -0.04   data required time
---------------------------------------------------------
          -0.04   data required time
          -0.21   data arrival time
---------------------------------------------------------
           0.25   slack (MET)



==========================================================================
detailed place critical path target clock latency max path
--------------------------------------------------------------------------
0.0000

==========================================================================
detailed place critical path target clock latency min path
--------------------------------------------------------------------------
0.0000

==========================================================================
detailed place critical path source clock latency min path
--------------------------------------------------------------------------
0.0000

==========================================================================
detailed place critical path delay
--------------------------------------------------------------------------
21.8234

==========================================================================
detailed place critical path slack
--------------------------------------------------------------------------
78.0301

==========================================================================
detailed place slack div critical path delay
--------------------------------------------------------------------------
357.552444

==========================================================================
detailed place report_power
--------------------------------------------------------------------------
Corner: typ
Group                  Internal  Switching    Leakage      Total
                          Power      Power      Power      Power (Watts)
----------------------------------------------------------------
Sequential             1.31e-04   1.10e-06   1.11e-07   1.32e-04  90.9%
Combinational          4.86e-06   8.16e-06   1.42e-07   1.32e-05   9.1%
Clock                  0.00e+00   0.00e+00   0.00e+00   0.00e+00   0.0%
Macro                  0.00e+00   0.00e+00   0.00e+00   0.00e+00   0.0%
Pad                    0.00e+00   0.00e+00   0.00e+00   0.00e+00   0.0%
----------------------------------------------------------------
Total                  1.36e-04   9.26e-06   2.53e-07   1.45e-04 100.0%
                          93.4%       6.4%       0.2%
