
==========================================================================
finish report_tns
--------------------------------------------------------------------------
tns max 0.00

==========================================================================
finish report_wns
--------------------------------------------------------------------------
wns max 0.00

==========================================================================
finish report_worst_slack
--------------------------------------------------------------------------
worst slack max 78.35

==========================================================================
finish report_clock_min_period
--------------------------------------------------------------------------
CLK period_min = 21.65 fmax = 46.18

==========================================================================
finish report_clock_skew
--------------------------------------------------------------------------
Clock CLK
   0.28 source latency main_fsm_top_inst.main_fsm_inst.current_state[3]$_SDFFE_PP1P_/CLK ^
  -0.19 target latency main_fsm_top_inst.main_fsm_inst.fsm_data_rdy_flag$_SDFFE_PP0P_/CLK ^
  -0.00 CRPR
--------------
   0.09 setup skew


==========================================================================
finish report_checks -path_delay min
--------------------------------------------------------------------------
Startpoint: serializer_inst.piso.piso_flip_flops[4]$_SDFF_PP0_
            (rising edge-triggered flip-flop clocked by CLK)
Endpoint: serializer_inst.piso.piso_flip_flops[5]$_SDFF_PP0_
          (rising edge-triggered flip-flop clocked by CLK)
Path Group: CLK
Path Type: min

Fanout     Cap    Slew   Delay    Time   Description
-----------------------------------------------------------------------------
                          0.00    0.00   clock CLK (rise edge)
                          0.00    0.00   clock source latency
     1    0.03    0.00    0.00    0.00 ^ CLK (in)
                                         CLK (net)
                  0.01    0.00    0.00 ^ clkbuf_0_CLK/A (sg13g2_buf_16)
     8    0.18    0.06    0.08    0.08 ^ clkbuf_0_CLK/X (sg13g2_buf_16)
                                         clknet_0_CLK (net)
                  0.06    0.01    0.09 ^ clkbuf_3_5__f_CLK/A (sg13g2_buf_16)
     5    0.10    0.04    0.10    0.19 ^ clkbuf_3_5__f_CLK/X (sg13g2_buf_16)
                                         clknet_3_5__leaf_CLK (net)
                  0.04    0.00    0.19 ^ clkbuf_leaf_24_CLK/A (sg13g2_buf_16)
     8    0.03    0.02    0.07    0.26 ^ clkbuf_leaf_24_CLK/X (sg13g2_buf_16)
                                         clknet_leaf_24_CLK (net)
                  0.02    0.00    0.26 ^ serializer_inst.piso.piso_flip_flops[4]$_SDFF_PP0_/CLK (sg13g2_dfrbpq_1)
     1    0.00    0.02    0.16    0.43 v serializer_inst.piso.piso_flip_flops[4]$_SDFF_PP0_/Q (sg13g2_dfrbpq_1)
                                         serializer_inst.piso.piso_flip_flops[4] (net)
                  0.02    0.00    0.43 v _2111_/A (sg13g2_inv_1)
     1    0.00    0.02    0.03    0.46 ^ _2111_/Y (sg13g2_inv_1)
                                         _0609_ (net)
                  0.02    0.00    0.46 ^ _2112_/C (sg13g2_nor3_1)
     1    0.00    0.02    0.03    0.49 v _2112_/Y (sg13g2_nor3_1)
                                         _0231_ (net)
                  0.02    0.00    0.49 v serializer_inst.piso.piso_flip_flops[5]$_SDFF_PP0_/D (sg13g2_dfrbpq_1)
                                  0.49   data arrival time

                          0.00    0.00   clock CLK (rise edge)
                          0.00    0.00   clock source latency
     1    0.04    0.00    0.00    0.00 ^ CLK (in)
                                         CLK (net)
                  0.01    0.00    0.00 ^ clkbuf_0_CLK/A (sg13g2_buf_16)
     8    0.21    0.06    0.08    0.09 ^ clkbuf_0_CLK/X (sg13g2_buf_16)
                                         clknet_0_CLK (net)
                  0.07    0.01    0.10 ^ clkbuf_3_5__f_CLK/A (sg13g2_buf_16)
     5    0.11    0.04    0.10    0.20 ^ clkbuf_3_5__f_CLK/X (sg13g2_buf_16)
                                         clknet_3_5__leaf_CLK (net)
                  0.04    0.00    0.20 ^ clkbuf_leaf_24_CLK/A (sg13g2_buf_16)
     8    0.04    0.02    0.07    0.28 ^ clkbuf_leaf_24_CLK/X (sg13g2_buf_16)
                                         clknet_leaf_24_CLK (net)
                  0.02    0.00    0.28 ^ serializer_inst.piso.piso_flip_flops[5]$_SDFF_PP0_/CLK (sg13g2_dfrbpq_1)
                         -0.01    0.26   clock reconvergence pessimism
                         -0.03    0.23   library hold time
                                  0.23   data required time
-----------------------------------------------------------------------------
                                  0.23   data required time
                                 -0.49   data arrival time
-----------------------------------------------------------------------------
                                  0.26   slack (MET)



==========================================================================
finish report_checks -path_delay max
--------------------------------------------------------------------------
Startpoint: ADC_INPUT_VALID (input port clocked by CLK)
Endpoint: afe_controller_inst.fifo_in_sel[1]$_DFF_P_
          (rising edge-triggered flip-flop clocked by CLK)
Path Group: CLK
Path Type: max

Fanout     Cap    Slew   Delay    Time   Description
-----------------------------------------------------------------------------
                          0.00    0.00   clock CLK (rise edge)
                          0.00    0.00   clock network delay (propagated)
                         20.00   20.00 v input external delay
     1    0.01    0.00    0.00   20.00 v ADC_INPUT_VALID (in)
                                         ADC_INPUT_VALID (net)
                  0.00    0.00   20.00 v input239/A (sg13g2_buf_1)
     4    0.02    0.06    0.09   20.09 v input239/X (sg13g2_buf_1)
                                         net238 (net)
                  0.06    0.00   20.09 v _1118_/A (sg13g2_nor2b_1)
     3    0.03    0.27    0.23   20.32 ^ _1118_/Y (sg13g2_nor2b_1)
                                         _0671_ (net)
                  0.27    0.00   20.33 ^ _1148_/S (sg13g2_mux2_1)
     1    0.00    0.04    0.22   20.55 v _1148_/X (sg13g2_mux2_1)
                                         _0699_ (net)
                  0.04    0.00   20.55 v _1152_/B1 (sg13g2_a221oi_1)
     2    0.02    0.27    0.25   20.79 ^ _1152_/Y (sg13g2_a221oi_1)
                                         _0703_ (net)
                  0.27    0.00   20.80 ^ _1153_/B (sg13g2_nor4_1)
     1    0.00    0.07    0.11   20.91 v _1153_/Y (sg13g2_nor4_1)
                                         _0704_ (net)
                  0.07    0.00   20.91 v _1157_/A_N (sg13g2_nand2b_1)
     7    0.05    0.29    0.28   21.19 v _1157_/Y (sg13g2_nand2b_1)
                                         _0708_ (net)
                  0.29    0.01   21.20 v _1159_/A (sg13g2_inv_4)
     5    0.02    0.07    0.08   21.28 ^ _1159_/Y (sg13g2_inv_4)
                                         _0710_ (net)
                  0.07    0.00   21.28 ^ place473/A (sg13g2_buf_1)
     7    0.03    0.14    0.16   21.44 ^ place473/X (sg13g2_buf_1)
                                         net472 (net)
                  0.14    0.00   21.44 ^ _1188_/S (sg13g2_mux2_1)
     1    0.00    0.04    0.19   21.63 v _1188_/X (sg13g2_mux2_1)
                                         _0735_ (net)
                  0.04    0.00   21.63 v _1194_/A2 (sg13g2_a221oi_1)
     1    0.00    0.11    0.14   21.78 ^ _1194_/Y (sg13g2_a221oi_1)
                                         _0005_ (net)
                  0.11    0.00   21.78 ^ afe_controller_inst.fifo_in_sel[1]$_DFF_P_/D (sg13g2_dfrbpq_1)
                                 21.78   data arrival time

                        100.00  100.00   clock CLK (rise edge)
                          0.00  100.00   clock source latency
     1    0.03    0.00    0.00  100.00 ^ CLK (in)
                                         CLK (net)
                  0.01    0.00  100.00 ^ clkbuf_0_CLK/A (sg13g2_buf_16)
     8    0.18    0.06    0.08  100.08 ^ clkbuf_0_CLK/X (sg13g2_buf_16)
                                         clknet_0_CLK (net)
                  0.06    0.01  100.09 ^ clkbuf_3_4__f_CLK/A (sg13g2_buf_16)
     5    0.11    0.04    0.10  100.19 ^ clkbuf_3_4__f_CLK/X (sg13g2_buf_16)
                                         clknet_3_4__leaf_CLK (net)
                  0.04    0.00  100.19 ^ clkbuf_leaf_27_CLK/A (sg13g2_buf_16)
     5    0.03    0.02    0.07  100.27 ^ clkbuf_leaf_27_CLK/X (sg13g2_buf_16)
                                         clknet_leaf_27_CLK (net)
                  0.02    0.00  100.27 ^ afe_controller_inst.fifo_in_sel[1]$_DFF_P_/CLK (sg13g2_dfrbpq_1)
                          0.00  100.27   clock reconvergence pessimism
                         -0.14  100.12   library setup time
                                100.12   data required time
-----------------------------------------------------------------------------
                                100.12   data required time
                                -21.78   data arrival time
-----------------------------------------------------------------------------
                                 78.35   slack (MET)



==========================================================================
finish report_checks -unconstrained
--------------------------------------------------------------------------
Startpoint: ADC_INPUT_VALID (input port clocked by CLK)
Endpoint: afe_controller_inst.fifo_in_sel[1]$_DFF_P_
          (rising edge-triggered flip-flop clocked by CLK)
Path Group: CLK
Path Type: max

Fanout     Cap    Slew   Delay    Time   Description
-----------------------------------------------------------------------------
                          0.00    0.00   clock CLK (rise edge)
                          0.00    0.00   clock network delay (propagated)
                         20.00   20.00 v input external delay
     1    0.01    0.00    0.00   20.00 v ADC_INPUT_VALID (in)
                                         ADC_INPUT_VALID (net)
                  0.00    0.00   20.00 v input239/A (sg13g2_buf_1)
     4    0.02    0.06    0.09   20.09 v input239/X (sg13g2_buf_1)
                                         net238 (net)
                  0.06    0.00   20.09 v _1118_/A (sg13g2_nor2b_1)
     3    0.03    0.27    0.23   20.32 ^ _1118_/Y (sg13g2_nor2b_1)
                                         _0671_ (net)
                  0.27    0.00   20.33 ^ _1148_/S (sg13g2_mux2_1)
     1    0.00    0.04    0.22   20.55 v _1148_/X (sg13g2_mux2_1)
                                         _0699_ (net)
                  0.04    0.00   20.55 v _1152_/B1 (sg13g2_a221oi_1)
     2    0.02    0.27    0.25   20.79 ^ _1152_/Y (sg13g2_a221oi_1)
                                         _0703_ (net)
                  0.27    0.00   20.80 ^ _1153_/B (sg13g2_nor4_1)
     1    0.00    0.07    0.11   20.91 v _1153_/Y (sg13g2_nor4_1)
                                         _0704_ (net)
                  0.07    0.00   20.91 v _1157_/A_N (sg13g2_nand2b_1)
     7    0.05    0.29    0.28   21.19 v _1157_/Y (sg13g2_nand2b_1)
                                         _0708_ (net)
                  0.29    0.01   21.20 v _1159_/A (sg13g2_inv_4)
     5    0.02    0.07    0.08   21.28 ^ _1159_/Y (sg13g2_inv_4)
                                         _0710_ (net)
                  0.07    0.00   21.28 ^ place473/A (sg13g2_buf_1)
     7    0.03    0.14    0.16   21.44 ^ place473/X (sg13g2_buf_1)
                                         net472 (net)
                  0.14    0.00   21.44 ^ _1188_/S (sg13g2_mux2_1)
     1    0.00    0.04    0.19   21.63 v _1188_/X (sg13g2_mux2_1)
                                         _0735_ (net)
                  0.04    0.00   21.63 v _1194_/A2 (sg13g2_a221oi_1)
     1    0.00    0.11    0.14   21.78 ^ _1194_/Y (sg13g2_a221oi_1)
                                         _0005_ (net)
                  0.11    0.00   21.78 ^ afe_controller_inst.fifo_in_sel[1]$_DFF_P_/D (sg13g2_dfrbpq_1)
                                 21.78   data arrival time

                        100.00  100.00   clock CLK (rise edge)
                          0.00  100.00   clock source latency
     1    0.03    0.00    0.00  100.00 ^ CLK (in)
                                         CLK (net)
                  0.01    0.00  100.00 ^ clkbuf_0_CLK/A (sg13g2_buf_16)
     8    0.18    0.06    0.08  100.08 ^ clkbuf_0_CLK/X (sg13g2_buf_16)
                                         clknet_0_CLK (net)
                  0.06    0.01  100.09 ^ clkbuf_3_4__f_CLK/A (sg13g2_buf_16)
     5    0.11    0.04    0.10  100.19 ^ clkbuf_3_4__f_CLK/X (sg13g2_buf_16)
                                         clknet_3_4__leaf_CLK (net)
                  0.04    0.00  100.19 ^ clkbuf_leaf_27_CLK/A (sg13g2_buf_16)
     5    0.03    0.02    0.07  100.27 ^ clkbuf_leaf_27_CLK/X (sg13g2_buf_16)
                                         clknet_leaf_27_CLK (net)
                  0.02    0.00  100.27 ^ afe_controller_inst.fifo_in_sel[1]$_DFF_P_/CLK (sg13g2_dfrbpq_1)
                          0.00  100.27   clock reconvergence pessimism
                         -0.14  100.12   library setup time
                                100.12   data required time
-----------------------------------------------------------------------------
                                100.12   data required time
                                -21.78   data arrival time
-----------------------------------------------------------------------------
                                 78.35   slack (MET)



==========================================================================
finish report_check_types -max_slew -max_cap -max_fanout -violators
--------------------------------------------------------------------------

==========================================================================
finish max_slew_check_slack
--------------------------------------------------------------------------
1.9650579690933228

==========================================================================
finish max_slew_check_limit
--------------------------------------------------------------------------
2.5074000358581543

==========================================================================
finish max_slew_check_slack_limit
--------------------------------------------------------------------------
0.7837

==========================================================================
finish max_fanout_check_slack
--------------------------------------------------------------------------
0.0

==========================================================================
finish max_fanout_check_limit
--------------------------------------------------------------------------
8.0

==========================================================================
finish max_fanout_check_slack_limit
--------------------------------------------------------------------------
0.0000

==========================================================================
finish max_capacitance_check_slack
--------------------------------------------------------------------------
0.17206785082817078

==========================================================================
finish max_capacitance_check_limit
--------------------------------------------------------------------------
0.30000001192092896

==========================================================================
finish max_capacitance_check_slack_limit
--------------------------------------------------------------------------
0.5736

==========================================================================
finish max_slew_violation_count
--------------------------------------------------------------------------
max slew violation count 0

==========================================================================
finish max_fanout_violation_count
--------------------------------------------------------------------------
max fanout violation count 0

==========================================================================
finish max_cap_violation_count
--------------------------------------------------------------------------
max cap violation count 0

==========================================================================
finish setup_violation_count
--------------------------------------------------------------------------
setup violation count 0

==========================================================================
finish hold_violation_count
--------------------------------------------------------------------------
hold violation count 0

==========================================================================
finish report_checks -path_delay max reg to reg
--------------------------------------------------------------------------
Startpoint: afe_controller_inst.fsm.state[0]$_SDFFE_PP0P_
            (rising edge-triggered flip-flop clocked by CLK)
Endpoint: afe_controller_inst.fifo_in_sel[1]$_DFF_P_
          (rising edge-triggered flip-flop clocked by CLK)
Path Group: CLK
Path Type: max

  Delay    Time   Description
---------------------------------------------------------
   0.00    0.00   clock CLK (rise edge)
   0.00    0.00   clock source latency
   0.00    0.00 ^ CLK (in)
   0.09    0.09 ^ clkbuf_0_CLK/X (sg13g2_buf_16)
   0.11    0.20 ^ clkbuf_3_5__f_CLK/X (sg13g2_buf_16)
   0.08    0.28 ^ clkbuf_leaf_26_CLK/X (sg13g2_buf_16)
   0.00    0.28 ^ afe_controller_inst.fsm.state[0]$_SDFFE_PP0P_/CLK (sg13g2_dfrbpq_1)
   0.22    0.50 v afe_controller_inst.fsm.state[0]$_SDFFE_PP0P_/Q (sg13g2_dfrbpq_1)
   0.17    0.67 v place527/X (sg13g2_buf_1)
   0.18    0.84 v place526/X (sg13g2_buf_1)
   0.13    0.97 ^ _1079_/Y (sg13g2_inv_1)
   0.09    1.06 v _1145_/Y (sg13g2_o21ai_1)
   0.27    1.33 ^ _1152_/Y (sg13g2_a221oi_1)
   0.11    1.45 v _1153_/Y (sg13g2_nor4_1)
   0.28    1.73 v _1157_/Y (sg13g2_nand2b_1)
   0.09    1.82 ^ _1159_/Y (sg13g2_inv_4)
   0.16    1.98 ^ place473/X (sg13g2_buf_1)
   0.19    2.17 v _1188_/X (sg13g2_mux2_1)
   0.14    2.32 ^ _1194_/Y (sg13g2_a221oi_1)
   0.00    2.32 ^ afe_controller_inst.fifo_in_sel[1]$_DFF_P_/D (sg13g2_dfrbpq_1)
           2.32   data arrival time

 100.00  100.00   clock CLK (rise edge)
   0.00  100.00   clock source latency
   0.00  100.00 ^ CLK (in)
   0.08  100.08 ^ clkbuf_0_CLK/X (sg13g2_buf_16)
   0.10  100.19 ^ clkbuf_3_4__f_CLK/X (sg13g2_buf_16)
   0.08  100.27 ^ clkbuf_leaf_27_CLK/X (sg13g2_buf_16)
   0.00  100.27 ^ afe_controller_inst.fifo_in_sel[1]$_DFF_P_/CLK (sg13g2_dfrbpq_1)
   0.00  100.27   clock reconvergence pessimism
  -0.14  100.13   library setup time
         100.13   data required time
---------------------------------------------------------
         100.13   data required time
          -2.32   data arrival time
---------------------------------------------------------
          97.81   slack (MET)



==========================================================================
finish report_checks -path_delay min reg to reg
--------------------------------------------------------------------------
Startpoint: serializer_inst.piso.piso_flip_flops[4]$_SDFF_PP0_
            (rising edge-triggered flip-flop clocked by CLK)
Endpoint: serializer_inst.piso.piso_flip_flops[5]$_SDFF_PP0_
          (rising edge-triggered flip-flop clocked by CLK)
Path Group: CLK
Path Type: min

  Delay    Time   Description
---------------------------------------------------------
   0.00    0.00   clock CLK (rise edge)
   0.00    0.00   clock source latency
   0.00    0.00 ^ CLK (in)
   0.08    0.08 ^ clkbuf_0_CLK/X (sg13g2_buf_16)
   0.11    0.19 ^ clkbuf_3_5__f_CLK/X (sg13g2_buf_16)
   0.07    0.26 ^ clkbuf_leaf_24_CLK/X (sg13g2_buf_16)
   0.00    0.26 ^ serializer_inst.piso.piso_flip_flops[4]$_SDFF_PP0_/CLK (sg13g2_dfrbpq_1)
   0.16    0.43 v serializer_inst.piso.piso_flip_flops[4]$_SDFF_PP0_/Q (sg13g2_dfrbpq_1)
   0.03    0.46 ^ _2111_/Y (sg13g2_inv_1)
   0.03    0.49 v _2112_/Y (sg13g2_nor3_1)
   0.00    0.49 v serializer_inst.piso.piso_flip_flops[5]$_SDFF_PP0_/D (sg13g2_dfrbpq_1)
           0.49   data arrival time

   0.00    0.00   clock CLK (rise edge)
   0.00    0.00   clock source latency
   0.00    0.00 ^ CLK (in)
   0.09    0.09 ^ clkbuf_0_CLK/X (sg13g2_buf_16)
   0.11    0.20 ^ clkbuf_3_5__f_CLK/X (sg13g2_buf_16)
   0.08    0.28 ^ clkbuf_leaf_24_CLK/X (sg13g2_buf_16)
   0.00    0.28 ^ serializer_inst.piso.piso_flip_flops[5]$_SDFF_PP0_/CLK (sg13g2_dfrbpq_1)
  -0.01    0.26   clock reconvergence pessimism
  -0.03    0.23   library hold time
           0.23   data required time
---------------------------------------------------------
           0.23   data required time
          -0.49   data arrival time
---------------------------------------------------------
           0.26   slack (MET)



==========================================================================
finish critical path target clock latency max path
--------------------------------------------------------------------------
0.2664

==========================================================================
finish critical path target clock latency min path
--------------------------------------------------------------------------
0.2830

==========================================================================
finish critical path source clock latency min path
--------------------------------------------------------------------------
0.0000

==========================================================================
finish critical path delay
--------------------------------------------------------------------------
21.7787

==========================================================================
finish critical path slack
--------------------------------------------------------------------------
78.3462

==========================================================================
finish slack div critical path delay
--------------------------------------------------------------------------
359.737725

==========================================================================
finish report_power
--------------------------------------------------------------------------
Corner: typ
Group                  Internal  Switching    Leakage      Total
                          Power      Power      Power      Power (Watts)
----------------------------------------------------------------
Sequential             1.30e-04   1.03e-06   1.11e-07   1.31e-04  51.2%
Combinational          4.85e-06   7.83e-06   1.42e-07   1.28e-05   5.0%
Clock                  7.55e-05   3.43e-05   2.17e-06   1.12e-04  43.8%
Macro                  0.00e+00   0.00e+00   0.00e+00   0.00e+00   0.0%
Pad                    0.00e+00   0.00e+00   0.00e+00   0.00e+00   0.0%
----------------------------------------------------------------
Total                  2.10e-04   4.32e-05   2.42e-06   2.56e-04 100.0%
                          82.2%      16.9%       0.9%
