# Logfile created on 2026-03-29 00:59:57 +0100 by logger.rb/v1.5.3
2026-03-29 00:59:57 +0100: Memory Usage (435304K) : Starting running IHP-SG13G2 Klayout DRC antenna runset on /foss/designs/ota/layout/ota_layout.klay.gds
2026-03-29 00:59:57 +0100: Memory Usage (435304K) : Ruby Version for klayout: 3.2.3
2026-03-29 00:59:57 +0100: Memory Usage (436712K) : Loading database to memory is complete.
2026-03-29 00:59:57 +0100: Memory Usage (436712K) : IHP-SG13G2 Klayout DRC antenna runset output at: /foss/designs/top/drc_run_ota_layout/ota_layout.klay_ota_layout_antenna.lyrdb
2026-03-29 00:59:57 +0100: Memory Usage (436840K) : Evaluate switches.
2026-03-29 00:59:57 +0100: Memory Usage (436840K) : KLayout will use 1 thread(s) in tiling mode.
2026-03-29 00:59:57 +0100: Memory Usage (436840K) : deep mode is enabled for antenna table.
2026-03-29 00:59:57 +0100: Memory Usage (436840K) : Read in polygons from layers.
2026-03-29 00:59:57 +0100: Memory Usage (437736K) : activ_drw has 386 polygons
2026-03-29 00:59:57 +0100: Memory Usage (437864K) : gatpoly_drw has 90 polygons
2026-03-29 00:59:57 +0100: Memory Usage (437992K) : cont_drw has 2971 polygons
2026-03-29 00:59:57 +0100: Memory Usage (438120K) : nsd_block has 0 polygons
2026-03-29 00:59:57 +0100: Memory Usage (438248K) : metal1_drw has 654 polygons
2026-03-29 00:59:57 +0100: Memory Usage (438376K) : metal2_drw has 92 polygons
2026-03-29 00:59:57 +0100: Memory Usage (438376K) : psd_drw has 101 polygons
2026-03-29 00:59:57 +0100: Memory Usage (438376K) : digisub_drw has 0 polygons
2026-03-29 00:59:57 +0100: Memory Usage (438504K) : via1_drw has 410 polygons
2026-03-29 00:59:57 +0100: Memory Usage (438504K) : via2_drw has 289 polygons
2026-03-29 00:59:57 +0100: Memory Usage (438504K) : metal3_drw has 65 polygons
2026-03-29 00:59:57 +0100: Memory Usage (438632K) : nwell_drw has 461 polygons
2026-03-29 00:59:57 +0100: Memory Usage (438632K) : pwell_block has 0 polygons
2026-03-29 00:59:57 +0100: Memory Usage (438632K) : via3_drw has 193 polygons
2026-03-29 00:59:57 +0100: Memory Usage (438760K) : metal4_drw has 38 polygons
2026-03-29 00:59:57 +0100: Memory Usage (438760K) : via4_drw has 13 polygons
2026-03-29 00:59:57 +0100: Memory Usage (438888K) : metal5_drw has 5 polygons
2026-03-29 00:59:57 +0100: Memory Usage (438888K) : recog_diode has 0 polygons
2026-03-29 00:59:57 +0100: Memory Usage (438888K) : recog_esd has 0 polygons
2026-03-29 00:59:57 +0100: Memory Usage (439016K) : topvia1_drw has 1 polygons
2026-03-29 00:59:57 +0100: Memory Usage (439016K) : topmetal1_drw has 3 polygons
2026-03-29 00:59:57 +0100: Memory Usage (439016K) : topvia2_drw has 1 polygons
2026-03-29 00:59:57 +0100: Memory Usage (439144K) : topmetal2_drw has 1 polygons
2026-03-29 00:59:57 +0100: Memory Usage (439144K) : Total no. of polygons in the design is 5774
2026-03-29 00:59:57 +0100: Memory Usage (439144K) : Loaded TECH DRC rules values from /foss/pdks/ihp-sg13g2/libs.tech/klayout/python/sg13g2_pycell_lib/sg13g2_tech_mod.json
2026-03-29 00:59:57 +0100: Memory Usage (439144K) : Loaded default DRC rules values from /foss/pdks/ihp-sg13g2/libs.tech/klayout/tech/drc/rule_decks/sg13g2_tech_default.json
2026-03-29 00:59:57 +0100: Memory Usage (439144K) : The following rules values were missing in tech json and default values were used:
2026-03-29 00:59:57 +0100: Memory Usage (439144K) :   - Cnt_c_digibnd
2026-03-29 00:59:57 +0100: Memory Usage (440424K) : Total area of the design is 3566.5322 um^2.
2026-03-29 00:59:57 +0100: Memory Usage (440424K) : The design dimensions are 91.72 µm * 38.885000000000005 µm.
2026-03-29 00:59:57 +0100: Memory Usage (440424K) : Starting general IHP-SG13G2 derivations.
2026-03-29 00:59:57 +0100: Memory Usage (443240K) : Starting IHP-SG13G2 DRC rules.
2026-03-29 00:59:57 +0100: Memory Usage (443240K) : Starting 7.1 Antenna Rules table
2026-03-29 00:59:57 +0100: Memory Usage (443368K) : Executing rule Ant.a
2026-03-29 00:59:57 +0100: Memory Usage (444008K) : Executing rule Ant.c
2026-03-29 00:59:57 +0100: Memory Usage (444136K) : Starting cumulative antenna ratio calculations
2026-03-29 00:59:57 +0100: Memory Usage (444136K) : Evaluating metal1_drw ratio
2026-03-29 00:59:57 +0100: Memory Usage (444648K) : Evaluating via1_drw ratio
2026-03-29 00:59:57 +0100: Memory Usage (444776K) : Evaluating metal2_drw ratio
2026-03-29 00:59:57 +0100: Memory Usage (444904K) : Evaluating via2_drw ratio
2026-03-29 00:59:57 +0100: Memory Usage (445032K) : Evaluating metal3_drw ratio
2026-03-29 00:59:57 +0100: Memory Usage (445160K) : Evaluating via3_drw ratio
2026-03-29 00:59:57 +0100: Memory Usage (445160K) : Evaluating metal4_drw ratio
2026-03-29 00:59:57 +0100: Memory Usage (445288K) : Evaluating via4_drw ratio
2026-03-29 00:59:57 +0100: Memory Usage (445416K) : Evaluating metal5_drw ratio
2026-03-29 00:59:57 +0100: Memory Usage (445544K) : Evaluating topvia1_drw ratio
2026-03-29 00:59:57 +0100: Memory Usage (445672K) : Evaluating topmetal1_drw ratio
2026-03-29 00:59:57 +0100: Memory Usage (445800K) : Evaluating topvia2_drw ratio
2026-03-29 00:59:57 +0100: Memory Usage (445800K) : Evaluating topmetal2_drw ratio
2026-03-29 00:59:57 +0100: Memory Usage (445928K) : Evaluating diode presence
2026-03-29 00:59:57 +0100: Memory Usage (445928K) : Creating base layer with all individual ratios and diode flag
2026-03-29 00:59:57 +0100: Memory Usage (446824K) : Executing rules Ant.b and Ant.e
2026-03-29 00:59:57 +0100: Memory Usage (446824K) : Executing Ant.b_Metal1
2026-03-29 00:59:57 +0100: Memory Usage (447080K) : Executing Ant.e_Metal1
2026-03-29 00:59:57 +0100: Memory Usage (447080K) : Evaluating cumulative ratio after Metal2
2026-03-29 00:59:57 +0100: Memory Usage (447208K) : Executing Ant.b_Metal2
2026-03-29 00:59:57 +0100: Memory Usage (447336K) : Executing Ant.e_Metal2
2026-03-29 00:59:57 +0100: Memory Usage (447336K) : Evaluating cumulative ratio after Metal3
2026-03-29 00:59:57 +0100: Memory Usage (447336K) : Executing Ant.b_Metal3
2026-03-29 00:59:57 +0100: Memory Usage (447464K) : Executing Ant.e_Metal3
2026-03-29 00:59:57 +0100: Memory Usage (447592K) : Evaluating cumulative ratio after Metal4
2026-03-29 00:59:57 +0100: Memory Usage (447592K) : Executing Ant.b_Metal4
2026-03-29 00:59:57 +0100: Memory Usage (447720K) : Executing Ant.e_Metal4
2026-03-29 00:59:57 +0100: Memory Usage (447720K) : Evaluating cumulative ratio after Metal5
2026-03-29 00:59:57 +0100: Memory Usage (447720K) : Executing Ant.b_Metal5
2026-03-29 00:59:57 +0100: Memory Usage (447848K) : Executing Ant.e_Metal5
2026-03-29 00:59:57 +0100: Memory Usage (447976K) : Evaluating cumulative ratio after TopMetal1
2026-03-29 00:59:57 +0100: Memory Usage (447976K) : Executing Ant.b_TopMetal1
2026-03-29 00:59:57 +0100: Memory Usage (448104K) : Executing Ant.e_TopMetal1
2026-03-29 00:59:57 +0100: Memory Usage (448232K) : Evaluating cumulative ratio after TopMetal2
2026-03-29 00:59:57 +0100: Memory Usage (448232K) : Executing Ant.b_TopMetal2
2026-03-29 00:59:57 +0100: Memory Usage (448360K) : Executing Ant.e_TopMetal2
2026-03-29 00:59:57 +0100: Memory Usage (448488K) : Executing rules Ant.d and Ant.f
2026-03-29 00:59:57 +0100: Memory Usage (448488K) : Evaluating cumulative ratio after Via1
2026-03-29 00:59:57 +0100: Memory Usage (448488K) : Executing Ant.d_Via1
2026-03-29 00:59:57 +0100: Memory Usage (448616K) : Executing Ant.f_Via1
2026-03-29 00:59:57 +0100: Memory Usage (448872K) : Evaluating cumulative ratio after Via2
2026-03-29 00:59:57 +0100: Memory Usage (448872K) : Executing Ant.d_Via2
2026-03-29 00:59:57 +0100: Memory Usage (449000K) : Executing Ant.f_Via2
2026-03-29 00:59:57 +0100: Memory Usage (449000K) : Evaluating cumulative ratio after Via3
2026-03-29 00:59:57 +0100: Memory Usage (449128K) : Executing Ant.d_Via3
2026-03-29 00:59:57 +0100: Memory Usage (449256K) : Executing Ant.f_Via3
2026-03-29 00:59:57 +0100: Memory Usage (449256K) : Evaluating cumulative ratio after Via4
2026-03-29 00:59:57 +0100: Memory Usage (449384K) : Executing Ant.d_Via4
2026-03-29 00:59:57 +0100: Memory Usage (449512K) : Executing Ant.f_Via4
2026-03-29 00:59:57 +0100: Memory Usage (449512K) : Evaluating cumulative ratio after TopVia1
2026-03-29 00:59:57 +0100: Memory Usage (449640K) : Executing Ant.d_TopVia1
2026-03-29 00:59:57 +0100: Memory Usage (449896K) : Executing Ant.f_TopVia1
2026-03-29 00:59:57 +0100: Memory Usage (449896K) : Evaluating cumulative ratio after TopVia2
2026-03-29 00:59:57 +0100: Memory Usage (450024K) : Executing Ant.d_TopVia2
2026-03-29 00:59:57 +0100: Memory Usage (450152K) : Executing Ant.f_TopVia2
2026-03-29 00:59:57 +0100: Memory Usage (450152K) : Executing rule Ant.g
2026-03-29 00:59:57 +0100: Memory Usage (450408K) : Executing rule Ant.h
2026-03-29 00:59:57 +0100: Memory Usage (450664K) : Executing rule Ant.i
