# Logfile created on 2026-03-29 00:59:55 +0100 by logger.rb/v1.5.3
2026-03-29 00:59:55 +0100: Memory Usage (437812K) : Starting running IHP-SG13G2 KLayout DRC runset on /foss/designs/ota/layout/ota_layout.klay.gds
2026-03-29 00:59:55 +0100: Memory Usage (437812K) : Ruby Version for klayout: 3.2.3
2026-03-29 00:59:55 +0100: Memory Usage (438964K) : Loading database to memory is complete.
2026-03-29 00:59:55 +0100: Memory Usage (438964K) : IHP-SG13G2 KLayout DRC runset output at: /foss/designs/top/drc_run_ota_layout/ota_layout.klay_ota_layout_main.lyrdb
2026-03-29 00:59:55 +0100: Memory Usage (438964K) : Evaluate switches.
2026-03-29 00:59:55 +0100: Memory Usage (438964K) : tables selected: main
2026-03-29 00:59:55 +0100: Memory Usage (438964K) : KLayout will use 1 thread(s) in tiling mode.
2026-03-29 00:59:55 +0100: Memory Usage (438964K) : deep mode is enabled.
2026-03-29 00:59:55 +0100: Memory Usage (439092K) : FEOL enabled: true
2026-03-29 00:59:55 +0100: Memory Usage (439092K) : BEOL enabled: true
2026-03-29 00:59:55 +0100: Memory Usage (439092K) : OFFGRID enabled: true
2026-03-29 00:59:55 +0100: Memory Usage (439092K) : PIN enabled: true
2026-03-29 00:59:55 +0100: Memory Usage (439092K) : FORBIDDEN enabled: true
2026-03-29 00:59:55 +0100: Memory Usage (439092K) : RECOMMENDED enabled: true
2026-03-29 00:59:55 +0100: Memory Usage (439092K) : PreCheck DRC enabled: false
2026-03-29 00:59:55 +0100: Memory Usage (439092K) : CONNECTIVITY_RULES enabled: true.
2026-03-29 00:59:55 +0100: Memory Usage (439092K) : Read in polygons from layers.
2026-03-29 00:59:55 +0100: Memory Usage (439988K) : activ_drw has 386 polygons
2026-03-29 00:59:55 +0100: Memory Usage (439988K) : activ_pin has 0 polygons
2026-03-29 00:59:55 +0100: Memory Usage (439988K) : activ_mask has 0 polygons
2026-03-29 00:59:55 +0100: Memory Usage (439988K) : activ_filler has 0 polygons
2026-03-29 00:59:55 +0100: Memory Usage (439988K) : activ_nofill has 0 polygons
2026-03-29 00:59:55 +0100: Memory Usage (439988K) : activ_opc has 0 polygons
2026-03-29 00:59:55 +0100: Memory Usage (439988K) : activ_iopc has 0 polygons
2026-03-29 00:59:55 +0100: Memory Usage (439988K) : activ_noqrc has 0 polygons
2026-03-29 00:59:55 +0100: Memory Usage (439988K) : biwind_drw has 0 polygons
2026-03-29 00:59:55 +0100: Memory Usage (439988K) : biwind_opc has 0 polygons
2026-03-29 00:59:55 +0100: Memory Usage (439988K) : pemwind_drw has 0 polygons
2026-03-29 00:59:55 +0100: Memory Usage (439988K) : gatpoly_drw has 90 polygons
2026-03-29 00:59:55 +0100: Memory Usage (439988K) : gatpoly_pin has 23 polygons
2026-03-29 00:59:55 +0100: Memory Usage (439988K) : gatpoly_filler has 0 polygons
2026-03-29 00:59:55 +0100: Memory Usage (439988K) : gatpoly_nofill has 0 polygons
2026-03-29 00:59:55 +0100: Memory Usage (439988K) : gatpoly_opc has 0 polygons
2026-03-29 00:59:55 +0100: Memory Usage (439988K) : gatpoly_iopc has 0 polygons
2026-03-29 00:59:55 +0100: Memory Usage (439988K) : gatpoly_noqrc has 0 polygons
2026-03-29 00:59:55 +0100: Memory Usage (440116K) : cont_drw has 2971 polygons
2026-03-29 00:59:55 +0100: Memory Usage (440116K) : cont_opc has 0 polygons
2026-03-29 00:59:55 +0100: Memory Usage (440116K) : nsd_drw has 0 polygons
2026-03-29 00:59:55 +0100: Memory Usage (440116K) : nsd_block has 0 polygons
2026-03-29 00:59:55 +0100: Memory Usage (440372K) : metal1_drw has 654 polygons
2026-03-29 00:59:55 +0100: Memory Usage (440628K) : metal1_pin has 570 polygons
2026-03-29 00:59:55 +0100: Memory Usage (440628K) : metal1_mask has 0 polygons
2026-03-29 00:59:55 +0100: Memory Usage (440628K) : metal1_filler has 0 polygons
2026-03-29 00:59:55 +0100: Memory Usage (440628K) : metal1_nofill has 0 polygons
2026-03-29 00:59:55 +0100: Memory Usage (440628K) : metal1_slit has 0 polygons
2026-03-29 00:59:55 +0100: Memory Usage (441012K) : metal1_text has 2 polygons
2026-03-29 00:59:55 +0100: Memory Usage (441012K) : metal1_opc has 0 polygons
2026-03-29 00:59:55 +0100: Memory Usage (441012K) : metal1_noqrc has 0 polygons
2026-03-29 00:59:55 +0100: Memory Usage (441140K) : metal1_res has 0 polygons
2026-03-29 00:59:55 +0100: Memory Usage (441140K) : metal1_iprobe has 0 polygons
2026-03-29 00:59:55 +0100: Memory Usage (441268K) : metal1_diffprb has 0 polygons
2026-03-29 00:59:55 +0100: Memory Usage (441268K) : passiv_drw has 0 polygons
2026-03-29 00:59:55 +0100: Memory Usage (441396K) : passiv_pin has 0 polygons
2026-03-29 00:59:55 +0100: Memory Usage (441396K) : passiv_sbump has 0 polygons
2026-03-29 00:59:55 +0100: Memory Usage (441524K) : passiv_pillar has 0 polygons
2026-03-29 00:59:55 +0100: Memory Usage (441524K) : passiv_pdl has 0 polygons
2026-03-29 00:59:55 +0100: Memory Usage (441652K) : metal2_drw has 92 polygons
2026-03-29 00:59:55 +0100: Memory Usage (441652K) : metal2_pin has 1 polygons
2026-03-29 00:59:55 +0100: Memory Usage (441652K) : metal2_mask has 0 polygons
2026-03-29 00:59:55 +0100: Memory Usage (441780K) : metal2_filler has 0 polygons
2026-03-29 00:59:55 +0100: Memory Usage (441780K) : metal2_nofill has 0 polygons
2026-03-29 00:59:55 +0100: Memory Usage (441908K) : metal2_slit has 0 polygons
2026-03-29 00:59:55 +0100: Memory Usage (441908K) : metal2_text has 1 polygons
2026-03-29 00:59:55 +0100: Memory Usage (442036K) : metal2_opc has 0 polygons
2026-03-29 00:59:55 +0100: Memory Usage (442036K) : metal2_noqrc has 0 polygons
2026-03-29 00:59:55 +0100: Memory Usage (442164K) : metal2_res has 0 polygons
2026-03-29 00:59:55 +0100: Memory Usage (442164K) : metal2_iprobe has 0 polygons
2026-03-29 00:59:55 +0100: Memory Usage (442292K) : metal2_diffprb has 0 polygons
2026-03-29 00:59:55 +0100: Memory Usage (442292K) : baspoly_drw has 0 polygons
2026-03-29 00:59:55 +0100: Memory Usage (442420K) : baspoly_pin has 0 polygons
2026-03-29 00:59:55 +0100: Memory Usage (442420K) : psd_drw has 101 polygons
2026-03-29 00:59:55 +0100: Memory Usage (442548K) : nldb_drw has 0 polygons
2026-03-29 00:59:55 +0100: Memory Usage (442548K) : digibnd_drw has 0 polygons
2026-03-29 00:59:55 +0100: Memory Usage (442548K) : via1_drw has 410 polygons
2026-03-29 00:59:55 +0100: Memory Usage (442676K) : backmetal1_drw has 0 polygons
2026-03-29 00:59:55 +0100: Memory Usage (442676K) : backmetal1_pin has 0 polygons
2026-03-29 00:59:55 +0100: Memory Usage (442804K) : backmetal1_mask has 0 polygons
2026-03-29 00:59:55 +0100: Memory Usage (442804K) : backmetal1_filler has 0 polygons
2026-03-29 00:59:55 +0100: Memory Usage (442932K) : backmetal1_nofill has 0 polygons
2026-03-29 00:59:55 +0100: Memory Usage (442932K) : backmetal1_slit has 0 polygons
2026-03-29 00:59:55 +0100: Memory Usage (442932K) : backmetal1_text has 0 polygons
2026-03-29 00:59:55 +0100: Memory Usage (443060K) : backmetal1_opc has 0 polygons
2026-03-29 00:59:55 +0100: Memory Usage (443060K) : backmetal1_noqrc has 0 polygons
2026-03-29 00:59:55 +0100: Memory Usage (443188K) : backmetal1_res has 0 polygons
2026-03-29 00:59:55 +0100: Memory Usage (443188K) : backmetal1_iprobe has 0 polygons
2026-03-29 00:59:55 +0100: Memory Usage (443316K) : backmetal1_diffprb has 0 polygons
2026-03-29 00:59:55 +0100: Memory Usage (443316K) : backpassiv_drw has 0 polygons
2026-03-29 00:59:55 +0100: Memory Usage (443316K) : res_drw has 0 polygons
2026-03-29 00:59:55 +0100: Memory Usage (443444K) : sram_drw has 0 polygons
2026-03-29 00:59:55 +0100: Memory Usage (443444K) : trans_drw has 0 polygons
2026-03-29 00:59:55 +0100: Memory Usage (443572K) : ind_drw has 0 polygons
2026-03-29 00:59:55 +0100: Memory Usage (443700K) : ind_pin has 0 polygons
2026-03-29 00:59:55 +0100: Memory Usage (443700K) : ind_text has 0 polygons
2026-03-29 00:59:55 +0100: Memory Usage (443700K) : salblock_drw has 1 polygons
2026-03-29 00:59:55 +0100: Memory Usage (443828K) : via2_drw has 289 polygons
2026-03-29 00:59:55 +0100: Memory Usage (443956K) : metal3_drw has 65 polygons
2026-03-29 00:59:55 +0100: Memory Usage (443956K) : metal3_pin has 2 polygons
2026-03-29 00:59:55 +0100: Memory Usage (444084K) : metal3_mask has 0 polygons
2026-03-29 00:59:55 +0100: Memory Usage (444084K) : metal3_filler has 0 polygons
2026-03-29 00:59:55 +0100: Memory Usage (444212K) : metal3_nofill has 0 polygons
2026-03-29 00:59:55 +0100: Memory Usage (444212K) : metal3_slit has 0 polygons
2026-03-29 00:59:55 +0100: Memory Usage (444340K) : metal3_text has 2 polygons
2026-03-29 00:59:55 +0100: Memory Usage (444340K) : metal3_opc has 0 polygons
2026-03-29 00:59:55 +0100: Memory Usage (444340K) : metal3_noqrc has 0 polygons
2026-03-29 00:59:55 +0100: Memory Usage (444468K) : metal3_res has 0 polygons
2026-03-29 00:59:55 +0100: Memory Usage (444596K) : metal3_iprobe has 0 polygons
2026-03-29 00:59:55 +0100: Memory Usage (444596K) : metal3_diffprb has 0 polygons
2026-03-29 00:59:55 +0100: Memory Usage (444724K) : nwell_drw has 461 polygons
2026-03-29 00:59:55 +0100: Memory Usage (444724K) : nwell_pin has 220 polygons
2026-03-29 00:59:55 +0100: Memory Usage (444724K) : nbulay_drw has 220 polygons
2026-03-29 00:59:55 +0100: Memory Usage (444852K) : nbulay_pin has 0 polygons
2026-03-29 00:59:55 +0100: Memory Usage (444852K) : nbulay_block has 0 polygons
2026-03-29 00:59:55 +0100: Memory Usage (444980K) : emwind_drw has 0 polygons
2026-03-29 00:59:55 +0100: Memory Usage (445108K) : emwind_opc has 0 polygons
2026-03-29 00:59:55 +0100: Memory Usage (445108K) : deepco_drw has 0 polygons
2026-03-29 00:59:55 +0100: Memory Usage (445108K) : deepco_drw has 0 polygons
2026-03-29 00:59:55 +0100: Memory Usage (445236K) : mim_drw has 1 polygons
2026-03-29 00:59:55 +0100: Memory Usage (445364K) : edgeseal_drw has 0 polygons
2026-03-29 00:59:55 +0100: Memory Usage (445364K) : edgeseal_bound has 0 polygons
2026-03-29 00:59:55 +0100: Memory Usage (445492K) : substrate_drw has 98 polygons
2026-03-29 00:59:55 +0100: Memory Usage (445492K) : substrate_text has 0 polygons
2026-03-29 00:59:55 +0100: Memory Usage (445620K) : dfpad_drw has 0 polygons
2026-03-29 00:59:55 +0100: Memory Usage (445620K) : dfpad_pillar has 0 polygons
2026-03-29 00:59:55 +0100: Memory Usage (445620K) : dfpad_sbump has 0 polygons
2026-03-29 00:59:55 +0100: Memory Usage (445748K) : thickgateox_drw has 23 polygons
2026-03-29 00:59:55 +0100: Memory Usage (445748K) : pldb_drw has 0 polygons
2026-03-29 00:59:55 +0100: Memory Usage (445876K) : pwell_drw has 0 polygons
2026-03-29 00:59:55 +0100: Memory Usage (445876K) : pwell_pin has 0 polygons
2026-03-29 00:59:55 +0100: Memory Usage (446004K) : pwell_block has 0 polygons
2026-03-29 00:59:55 +0100: Memory Usage (446004K) : ic_drw has 0 polygons
2026-03-29 00:59:55 +0100: Memory Usage (446004K) : via3_drw has 193 polygons
2026-03-29 00:59:55 +0100: Memory Usage (446132K) : metal4_drw has 38 polygons
2026-03-29 00:59:55 +0100: Memory Usage (446260K) : metal4_pin has 1 polygons
2026-03-29 00:59:55 +0100: Memory Usage (446260K) : metal4_mask has 0 polygons
2026-03-29 00:59:55 +0100: Memory Usage (446388K) : metal4_filler has 0 polygons
2026-03-29 00:59:55 +0100: Memory Usage (446388K) : metal4_nofill has 0 polygons
2026-03-29 00:59:55 +0100: Memory Usage (446516K) : metal4_slit has 0 polygons
2026-03-29 00:59:55 +0100: Memory Usage (446516K) : metal4_text has 1 polygons
2026-03-29 00:59:55 +0100: Memory Usage (446516K) : metal4_opc has 0 polygons
2026-03-29 00:59:55 +0100: Memory Usage (446644K) : metal4_noqrc has 0 polygons
2026-03-29 00:59:55 +0100: Memory Usage (446644K) : metal4_res has 0 polygons
2026-03-29 00:59:55 +0100: Memory Usage (446772K) : metal4_iprobe has 0 polygons
2026-03-29 00:59:55 +0100: Memory Usage (446900K) : metal4_diffprb has 0 polygons
2026-03-29 00:59:55 +0100: Memory Usage (446900K) : heattrans_drw has 40 polygons
2026-03-29 00:59:55 +0100: Memory Usage (446900K) : heatres_drw has 1 polygons
2026-03-29 00:59:55 +0100: Memory Usage (447028K) : pempoly_drw has 0 polygons
2026-03-29 00:59:55 +0100: Memory Usage (447028K) : fbe_drw has 0 polygons
2026-03-29 00:59:55 +0100: Memory Usage (447156K) : empoly_drw has 0 polygons
2026-03-29 00:59:55 +0100: Memory Usage (447156K) : ldmos_drw has 0 polygons
2026-03-29 00:59:55 +0100: Memory Usage (447284K) : pbiwind_drw has 0 polygons
2026-03-29 00:59:55 +0100: Memory Usage (447412K) : digisub_drw has 0 polygons
2026-03-29 00:59:55 +0100: Memory Usage (447412K) : nodrc_drw has 0 polygons
2026-03-29 00:59:55 +0100: Memory Usage (447540K) : text_drw has 324 polygons
2026-03-29 00:59:55 +0100: Memory Usage (447540K) : via4_drw has 13 polygons
2026-03-29 00:59:55 +0100: Memory Usage (447540K) : metal5_drw has 5 polygons
2026-03-29 00:59:55 +0100: Memory Usage (447668K) : metal5_pin has 0 polygons
2026-03-29 00:59:55 +0100: Memory Usage (447668K) : metal5_mask has 0 polygons
2026-03-29 00:59:55 +0100: Memory Usage (447796K) : metal5_filler has 0 polygons
2026-03-29 00:59:55 +0100: Memory Usage (447796K) : metal5_nofill has 0 polygons
2026-03-29 00:59:55 +0100: Memory Usage (447924K) : metal5_slit has 0 polygons
2026-03-29 00:59:55 +0100: Memory Usage (447924K) : metal5_text has 0 polygons
2026-03-29 00:59:55 +0100: Memory Usage (447924K) : metal5_opc has 0 polygons
2026-03-29 00:59:55 +0100: Memory Usage (448052K) : metal5_noqrc has 0 polygons
2026-03-29 00:59:55 +0100: Memory Usage (448052K) : metal5_res has 0 polygons
2026-03-29 00:59:55 +0100: Memory Usage (448180K) : metal5_iprobe has 0 polygons
2026-03-29 00:59:55 +0100: Memory Usage (448180K) : metal5_diffprb has 0 polygons
2026-03-29 00:59:55 +0100: Memory Usage (448180K) : radhard_drw has 0 polygons
2026-03-29 00:59:55 +0100: Memory Usage (448308K) : memcap_drw has 0 polygons
2026-03-29 00:59:55 +0100: Memory Usage (448436K) : varicap_drw has 0 polygons
2026-03-29 00:59:55 +0100: Memory Usage (448564K) : flash_drw has 0 polygons
2026-03-29 00:59:55 +0100: Memory Usage (448564K) : intbondvia_drw has 0 polygons
2026-03-29 00:59:55 +0100: Memory Usage (448692K) : intbondmet_drw has 0 polygons
2026-03-29 00:59:55 +0100: Memory Usage (448692K) : devbondvia_drw has 0 polygons
2026-03-29 00:59:55 +0100: Memory Usage (448692K) : devbondmet_drw has 0 polygons
2026-03-29 00:59:55 +0100: Memory Usage (448820K) : devtrench_drw has 0 polygons
2026-03-29 00:59:55 +0100: Memory Usage (448820K) : redist_drw has 0 polygons
2026-03-29 00:59:55 +0100: Memory Usage (448948K) : graphbot_drw has 0 polygons
2026-03-29 00:59:55 +0100: Memory Usage (448948K) : graphtop_drw has 0 polygons
2026-03-29 00:59:55 +0100: Memory Usage (449076K) : antvia1_drw has 0 polygons
2026-03-29 00:59:55 +0100: Memory Usage (449076K) : antmetal2_drw has 0 polygons
2026-03-29 00:59:55 +0100: Memory Usage (449076K) : graphcont_drw has 0 polygons
2026-03-29 00:59:55 +0100: Memory Usage (449204K) : siwg_drw has 0 polygons
2026-03-29 00:59:55 +0100: Memory Usage (449204K) : siwg_filler has 0 polygons
2026-03-29 00:59:55 +0100: Memory Usage (449332K) : siwg_nofill has 0 polygons
2026-03-29 00:59:55 +0100: Memory Usage (449460K) : sigrating_drw has 0 polygons
2026-03-29 00:59:55 +0100: Memory Usage (449460K) : singrating_drw has 0 polygons
2026-03-29 00:59:55 +0100: Memory Usage (449588K) : graphpas_drw has 0 polygons
2026-03-29 00:59:55 +0100: Memory Usage (449588K) : emwind3_drw has 0 polygons
2026-03-29 00:59:55 +0100: Memory Usage (449588K) : emwihv3_drw has 0 polygons
2026-03-29 00:59:55 +0100: Memory Usage (449716K) : redbulay_drw has 0 polygons
2026-03-29 00:59:55 +0100: Memory Usage (449716K) : smos_drw has 0 polygons
2026-03-29 00:59:55 +0100: Memory Usage (449844K) : graphpad_drw has 0 polygons
2026-03-29 00:59:55 +0100: Memory Usage (449844K) : polimide_drw has 0 polygons
2026-03-29 00:59:55 +0100: Memory Usage (449972K) : polimide_pin has 0 polygons
2026-03-29 00:59:55 +0100: Memory Usage (449972K) : recog_drw has 0 polygons
2026-03-29 00:59:55 +0100: Memory Usage (450100K) : recog_pin has 0 polygons
2026-03-29 00:59:55 +0100: Memory Usage (450100K) : recog_esd has 0 polygons
2026-03-29 00:59:55 +0100: Memory Usage (450228K) : recog_diode has 0 polygons
2026-03-29 00:59:55 +0100: Memory Usage (450228K) : recog_tsv has 0 polygons
2026-03-29 00:59:55 +0100: Memory Usage (450356K) : recog_iprobe has 0 polygons
2026-03-29 00:59:55 +0100: Memory Usage (450356K) : recog_diffprb has 0 polygons
2026-03-29 00:59:55 +0100: Memory Usage (450356K) : recog_pillar has 0 polygons
2026-03-29 00:59:55 +0100: Memory Usage (450356K) : recog_sbump has 0 polygons
2026-03-29 00:59:55 +0100: Memory Usage (450484K) : recog_otp has 0 polygons
2026-03-29 00:59:55 +0100: Memory Usage (450484K) : recog_pdiode has 0 polygons
2026-03-29 00:59:55 +0100: Memory Usage (450484K) : recog_mom has 0 polygons
2026-03-29 00:59:55 +0100: Memory Usage (450612K) : recog_pcm has 0 polygons
2026-03-29 00:59:55 +0100: Memory Usage (450612K) : colopen_drw has 0 polygons
2026-03-29 00:59:55 +0100: Memory Usage (450612K) : graphmetal1_drw has 0 polygons
2026-03-29 00:59:55 +0100: Memory Usage (450612K) : graphmetal1_filler has 0 polygons
2026-03-29 00:59:55 +0100: Memory Usage (450740K) : graphmetal1_nofill has 0 polygons
2026-03-29 00:59:55 +0100: Memory Usage (450740K) : graphmetal1_slit has 0 polygons
2026-03-29 00:59:55 +0100: Memory Usage (450740K) : graphmetal1_opc has 0 polygons
2026-03-29 00:59:55 +0100: Memory Usage (450868K) : graphmet1l_drw has 0 polygons
2026-03-29 00:59:55 +0100: Memory Usage (450868K) : graphmet1l_filler has 0 polygons
2026-03-29 00:59:55 +0100: Memory Usage (450868K) : graphmet1l_nofill has 0 polygons
2026-03-29 00:59:55 +0100: Memory Usage (450996K) : graphmet1l_slit has 0 polygons
2026-03-29 00:59:55 +0100: Memory Usage (450996K) : graphmet1l_opc has 0 polygons
2026-03-29 00:59:55 +0100: Memory Usage (450996K) : extblock_drw has 3 polygons
2026-03-29 00:59:55 +0100: Memory Usage (451124K) : nldd_drw has 0 polygons
2026-03-29 00:59:55 +0100: Memory Usage (451124K) : pldd_drw has 0 polygons
2026-03-29 00:59:55 +0100: Memory Usage (451252K) : next_drw has 0 polygons
2026-03-29 00:59:55 +0100: Memory Usage (451252K) : pext_drw has 0 polygons
2026-03-29 00:59:55 +0100: Memory Usage (451252K) : nexthv_drw has 0 polygons
2026-03-29 00:59:55 +0100: Memory Usage (451380K) : pexthv_drw has 0 polygons
2026-03-29 00:59:55 +0100: Memory Usage (451380K) : graphgate_drw has 0 polygons
2026-03-29 00:59:55 +0100: Memory Usage (451508K) : sinwg_drw has 0 polygons
2026-03-29 00:59:55 +0100: Memory Usage (451508K) : sinwg_filler has 0 polygons
2026-03-29 00:59:55 +0100: Memory Usage (451636K) : sinwg_nofill has 0 polygons
2026-03-29 00:59:55 +0100: Memory Usage (451636K) : mempad_drw has 0 polygons
2026-03-29 00:59:55 +0100: Memory Usage (451636K) : topvia1_drw has 1 polygons
2026-03-29 00:59:55 +0100: Memory Usage (451764K) : topmetal1_drw has 3 polygons
2026-03-29 00:59:55 +0100: Memory Usage (451764K) : topmetal1_pin has 0 polygons
2026-03-29 00:59:55 +0100: Memory Usage (451892K) : topmetal1_mask has 0 polygons
2026-03-29 00:59:55 +0100: Memory Usage (451892K) : topmetal1_filler has 0 polygons
2026-03-29 00:59:55 +0100: Memory Usage (451892K) : topmetal1_nofill has 0 polygons
2026-03-29 00:59:55 +0100: Memory Usage (451892K) : topmetal1_slit has 0 polygons
2026-03-29 00:59:55 +0100: Memory Usage (452020K) : topmetal1_text has 0 polygons
2026-03-29 00:59:55 +0100: Memory Usage (452020K) : topmetal1_noqrc has 0 polygons
2026-03-29 00:59:55 +0100: Memory Usage (452020K) : topmetal1_res has 0 polygons
2026-03-29 00:59:55 +0100: Memory Usage (452148K) : topmetal1_iprobe has 0 polygons
2026-03-29 00:59:55 +0100: Memory Usage (452148K) : topmetal1_diffprb has 0 polygons
2026-03-29 00:59:55 +0100: Memory Usage (452148K) : inldpwl_drw has 0 polygons
2026-03-29 00:59:55 +0100: Memory Usage (452276K) : polyres_drw has 1 polygons
2026-03-29 00:59:55 +0100: Memory Usage (452276K) : polyres_pin has 0 polygons
2026-03-29 00:59:55 +0100: Memory Usage (452276K) : vmim_drw has 144 polygons
2026-03-29 00:59:55 +0100: Memory Usage (452404K) : nbulaycut_drw has 0 polygons
2026-03-29 00:59:55 +0100: Memory Usage (452404K) : antmetal1_drw has 0 polygons
2026-03-29 00:59:55 +0100: Memory Usage (452532K) : topvia2_drw has 1 polygons
2026-03-29 00:59:55 +0100: Memory Usage (452532K) : topmetal2_drw has 1 polygons
2026-03-29 00:59:55 +0100: Memory Usage (452532K) : topmetal2_pin has 0 polygons
2026-03-29 00:59:55 +0100: Memory Usage (452660K) : topmetal2_mask has 0 polygons
2026-03-29 00:59:55 +0100: Memory Usage (452660K) : topmetal2_filler has 0 polygons
2026-03-29 00:59:55 +0100: Memory Usage (452788K) : topmetal2_nofill has 0 polygons
2026-03-29 00:59:55 +0100: Memory Usage (452788K) : topmetal2_slit has 0 polygons
2026-03-29 00:59:55 +0100: Memory Usage (452788K) : topmetal2_text has 0 polygons
2026-03-29 00:59:55 +0100: Memory Usage (452916K) : topmetal2_noqrc has 0 polygons
2026-03-29 00:59:55 +0100: Memory Usage (452916K) : topmetal2_res has 0 polygons
2026-03-29 00:59:55 +0100: Memory Usage (453044K) : topmetal2_iprobe has 0 polygons
2026-03-29 00:59:55 +0100: Memory Usage (453044K) : topmetal2_diffprb has 0 polygons
2026-03-29 00:59:55 +0100: Memory Usage (453172K) : snsring_drw has 0 polygons
2026-03-29 00:59:55 +0100: Memory Usage (453172K) : sensor_drw has 0 polygons
2026-03-29 00:59:55 +0100: Memory Usage (453172K) : snsarms_drw has 0 polygons
2026-03-29 00:59:55 +0100: Memory Usage (453300K) : snscmosvia_drw has 0 polygons
2026-03-29 00:59:55 +0100: Memory Usage (453300K) : colwind_drw has 0 polygons
2026-03-29 00:59:55 +0100: Memory Usage (453428K) : flm_drw has 0 polygons
2026-03-29 00:59:55 +0100: Memory Usage (453428K) : hafniumox_drw has 0 polygons
2026-03-29 00:59:55 +0100: Memory Usage (453556K) : memvia_drw has 0 polygons
2026-03-29 00:59:55 +0100: Memory Usage (453556K) : thinfilmres_drw has 0 polygons
2026-03-29 00:59:55 +0100: Memory Usage (453556K) : rfmem_drw has 0 polygons
2026-03-29 00:59:55 +0100: Memory Usage (453684K) : norcx_drw has 0 polygons
2026-03-29 00:59:55 +0100: Memory Usage (453684K) : norcx_m2m3 has 0 polygons
2026-03-29 00:59:55 +0100: Memory Usage (453812K) : norcx_m2m4 has 0 polygons
2026-03-29 00:59:55 +0100: Memory Usage (453812K) : norcx_m2m5 has 0 polygons
2026-03-29 00:59:55 +0100: Memory Usage (453940K) : norcx_m2tm1 has 0 polygons
2026-03-29 00:59:55 +0100: Memory Usage (453940K) : norcx_m2tm2 has 0 polygons
2026-03-29 00:59:55 +0100: Memory Usage (454068K) : norcx_m3m4 has 0 polygons
2026-03-29 00:59:55 +0100: Memory Usage (454068K) : norcx_m3m5 has 0 polygons
2026-03-29 00:59:55 +0100: Memory Usage (454068K) : norcx_m3tm1 has 0 polygons
2026-03-29 00:59:55 +0100: Memory Usage (454196K) : norcx_m3tm2 has 0 polygons
2026-03-29 00:59:55 +0100: Memory Usage (454196K) : norcx_m4m5 has 0 polygons
2026-03-29 00:59:55 +0100: Memory Usage (454196K) : norcx_m4tm1 has 0 polygons
2026-03-29 00:59:55 +0100: Memory Usage (454196K) : norcx_m4tm2 has 0 polygons
2026-03-29 00:59:55 +0100: Memory Usage (454196K) : norcx_m5tm1 has 0 polygons
2026-03-29 00:59:55 +0100: Memory Usage (454196K) : norcx_m5tm2 has 0 polygons
2026-03-29 00:59:55 +0100: Memory Usage (454324K) : norcx_tm1tm2 has 0 polygons
2026-03-29 00:59:55 +0100: Memory Usage (454324K) : norcx_m1sub has 0 polygons
2026-03-29 00:59:55 +0100: Memory Usage (454324K) : norcx_m2sub has 0 polygons
2026-03-29 00:59:55 +0100: Memory Usage (454452K) : norcx_m3sub has 0 polygons
2026-03-29 00:59:55 +0100: Memory Usage (454452K) : norcx_m4sub has 0 polygons
2026-03-29 00:59:55 +0100: Memory Usage (454452K) : norcx_m5sub has 0 polygons
2026-03-29 00:59:55 +0100: Memory Usage (454580K) : norcx_tm1sub has 0 polygons
2026-03-29 00:59:55 +0100: Memory Usage (454580K) : norcx_tm2sub has 0 polygons
2026-03-29 00:59:55 +0100: Memory Usage (454580K) : snsbotvia_drw has 0 polygons
2026-03-29 00:59:55 +0100: Memory Usage (454580K) : snstopvia_drw has 0 polygons
2026-03-29 00:59:55 +0100: Memory Usage (454708K) : deepvia_drw has 0 polygons
2026-03-29 00:59:55 +0100: Memory Usage (454708K) : fgetch_drw has 0 polygons
2026-03-29 00:59:55 +0100: Memory Usage (454708K) : ctrgat_drw has 0 polygons
2026-03-29 00:59:55 +0100: Memory Usage (454836K) : fgimp_drw has 0 polygons
2026-03-29 00:59:55 +0100: Memory Usage (454836K) : emwihv_drw has 0 polygons
2026-03-29 00:59:55 +0100: Memory Usage (454836K) : lbe_drw has 0 polygons
2026-03-29 00:59:55 +0100: Memory Usage (454964K) : alcustop_drw has 0 polygons
2026-03-29 00:59:55 +0100: Memory Usage (454964K) : nometfiller_drw has 0 polygons
2026-03-29 00:59:55 +0100: Memory Usage (454964K) : prboundary_drw has 0 polygons
2026-03-29 00:59:55 +0100: Memory Usage (454964K) : exchange0_drw has 0 polygons
2026-03-29 00:59:55 +0100: Memory Usage (455092K) : exchange0_pin has 0 polygons
2026-03-29 00:59:55 +0100: Memory Usage (455092K) : exchange0_text has 0 polygons
2026-03-29 00:59:55 +0100: Memory Usage (455092K) : exchange1_drw has 0 polygons
2026-03-29 00:59:55 +0100: Memory Usage (455220K) : exchange1_pin has 0 polygons
2026-03-29 00:59:55 +0100: Memory Usage (455220K) : exchange1_text has 0 polygons
2026-03-29 00:59:55 +0100: Memory Usage (455220K) : exchange2_drw has 0 polygons
2026-03-29 00:59:55 +0100: Memory Usage (455348K) : exchange2_pin has 0 polygons
2026-03-29 00:59:55 +0100: Memory Usage (455348K) : exchange2_text has 0 polygons
2026-03-29 00:59:55 +0100: Memory Usage (455348K) : exchange3_drw has 0 polygons
2026-03-29 00:59:55 +0100: Memory Usage (455476K) : exchange3_pin has 0 polygons
2026-03-29 00:59:55 +0100: Memory Usage (455476K) : exchange3_text has 0 polygons
2026-03-29 00:59:55 +0100: Memory Usage (455476K) : exchange4_drw has 0 polygons
2026-03-29 00:59:55 +0100: Memory Usage (455604K) : exchange4_pin has 0 polygons
2026-03-29 00:59:55 +0100: Memory Usage (455604K) : exchange4_text has 0 polygons
2026-03-29 00:59:55 +0100: Memory Usage (455732K) : isonwell_drw has 0 polygons
2026-03-29 00:59:55 +0100: Memory Usage (455732K) : Total no. of polygons in the design is 7453
2026-03-29 00:59:55 +0100: Memory Usage (455732K) : Loaded TECH DRC rules values from /foss/pdks/ihp-sg13g2/libs.tech/klayout/python/sg13g2_pycell_lib/sg13g2_tech_mod.json
2026-03-29 00:59:55 +0100: Memory Usage (455732K) : Loaded default DRC rules values from /foss/pdks/ihp-sg13g2/libs.tech/klayout/tech/drc/rule_decks/sg13g2_tech_default.json
2026-03-29 00:59:55 +0100: Memory Usage (455732K) : The following rules values were missing in tech json and default values were used:
2026-03-29 00:59:55 +0100: Memory Usage (455732K) :   - Cnt_c_digibnd
2026-03-29 00:59:55 +0100: Memory Usage (456884K) : Total area of the design is 3566.5322 um^2.
2026-03-29 00:59:55 +0100: Memory Usage (456884K) : The design dimensions are 91.72 µm * 38.885000000000005 µm.
2026-03-29 00:59:55 +0100: Memory Usage (456884K) : Starting general IHP-SG13G2 derivations.
2026-03-29 00:59:55 +0100: Memory Usage (456884K) : Starting Pwell derivations
2026-03-29 00:59:55 +0100: Memory Usage (459444K) : Starting n-Activ derivations
2026-03-29 00:59:55 +0100: Memory Usage (459828K) : Starting p-Activ derivations
2026-03-29 00:59:55 +0100: Memory Usage (459956K) : Starting ptap derivations
2026-03-29 00:59:55 +0100: Memory Usage (460084K) : Starting ntap derivations
2026-03-29 00:59:55 +0100: Memory Usage (460084K) : Starting pact FET derivations
2026-03-29 00:59:55 +0100: Memory Usage (460084K) : Starting nact FET derivations
2026-03-29 00:59:55 +0100: Memory Usage (460340K) : Starting Gate derivations
2026-03-29 00:59:55 +0100: Memory Usage (460468K) : Starting cont/contbar general derivations
2026-03-29 00:59:55 +0100: Memory Usage (460724K) : Starting pad general derivations
2026-03-29 00:59:55 +0100: Memory Usage (460852K) : Starting IHP-SG13G2 DRC connectivity related derivations.
2026-03-29 00:59:55 +0100: Memory Usage (462004K) : Starting IHP-SG13G2 DRC connectivity setup
2026-03-29 00:59:55 +0100: Memory Usage (462900K) : Starting IHP-SG13G2 DRC rules.
2026-03-29 00:59:55 +0100: Memory Usage (462900K) : Running all FEOL rules
2026-03-29 00:59:55 +0100: Memory Usage (462900K) : Running all BEOL rules
2026-03-29 00:59:55 +0100: Memory Usage (462900K) : Running all PIN rules
2026-03-29 00:59:55 +0100: Memory Usage (462900K) : Running all FORBIDDEN rules
2026-03-29 00:59:55 +0100: Memory Usage (462900K) : Starting 5.1 NWell table
2026-03-29 00:59:55 +0100: Memory Usage (462900K) : Executing rule NW.b
2026-03-29 00:59:55 +0100: Memory Usage (463924K) : Executing rule NW.b1
2026-03-29 00:59:55 +0100: Memory Usage (464180K) : Starting 5.2 PWell:block
2026-03-29 00:59:55 +0100: Memory Usage (464180K) : Executing rule PWB.e
2026-03-29 00:59:55 +0100: Memory Usage (464308K) : Executing rule PWB.e1
2026-03-29 00:59:55 +0100: Memory Usage (464564K) : Executing rule PWB.f
2026-03-29 00:59:55 +0100: Memory Usage (464692K) : Executing rule PWB.f1
2026-03-29 00:59:55 +0100: Memory Usage (465204K) : Starting 5.3 nBuLay table
2026-03-29 00:59:55 +0100: Memory Usage (465332K) : Executing rule NBL.b
2026-03-29 00:59:55 +0100: Memory Usage (465332K) : Executing rule NBL.c
2026-03-29 00:59:55 +0100: Memory Usage (465332K) : Executing rule NBL.d
2026-03-29 00:59:55 +0100: Memory Usage (465332K) : Executing rule NBL.e
2026-03-29 00:59:55 +0100: Memory Usage (465332K) : Executing rule NBL.f
2026-03-29 00:59:55 +0100: Memory Usage (465332K) : Starting 5.5. Activ table
2026-03-29 00:59:55 +0100: Memory Usage (465332K) : Executing rule Act.a
2026-03-29 00:59:55 +0100: Memory Usage (465332K) : Executing rule Act.b
2026-03-29 00:59:55 +0100: Memory Usage (465460K) : Starting 5.6 Activ:filler table
2026-03-29 00:59:55 +0100: Memory Usage (465460K) : Executing rule AFil.c1
2026-03-29 00:59:55 +0100: Memory Usage (465460K) : Executing rule AFil.c
2026-03-29 00:59:55 +0100: Memory Usage (465460K) : Executing rule AFil.d
2026-03-29 00:59:55 +0100: Memory Usage (465460K) : Executing rule AFil.e
2026-03-29 00:59:55 +0100: Memory Usage (465460K) : Executing rule AFil.j
2026-03-29 00:59:55 +0100: Memory Usage (465460K) : Starting 5.7. ThickGateOx table
2026-03-29 00:59:55 +0100: Memory Usage (465460K) : Executing rule TGO.f
2026-03-29 00:59:55 +0100: Memory Usage (465460K) : Starting 5.8. GatPoly table
2026-03-29 00:59:55 +0100: Memory Usage (465460K) : Executing rule Gat.a
2026-03-29 00:59:55 +0100: Memory Usage (465460K) : Executing rule Gat.b
2026-03-29 00:59:55 +0100: Memory Usage (465460K) : Executing rule Gat.d
2026-03-29 00:59:55 +0100: Memory Usage (465460K) : Executing rule Gat.a1
2026-03-29 00:59:55 +0100: Memory Usage (465588K) : Executing rule Gat.a2
2026-03-29 00:59:55 +0100: Memory Usage (465588K) : Executing rule Gat.g
2026-03-29 00:59:55 +0100: Memory Usage (465716K) : Starting 5.9 GatPoly:filler
2026-03-29 00:59:55 +0100: Memory Usage (465716K) : Executing rule GFil.d
2026-03-29 00:59:55 +0100: Memory Usage (465716K) : Executing rule GFil.e
2026-03-29 00:59:55 +0100: Memory Usage (465716K) : Executing rule GFil.i
2026-03-29 00:59:55 +0100: Memory Usage (465716K) : Starting 5.10 pSD table
2026-03-29 00:59:55 +0100: Memory Usage (465716K) : Executing rule pSD.c1
2026-03-29 00:59:55 +0100: Memory Usage (465716K) : Starting 5.14. Cont table
2026-03-29 00:59:55 +0100: Memory Usage (465716K) : Executing rule Cnt.a
2026-03-29 00:59:55 +0100: Memory Usage (465716K) : Executing rule Cnt.b
2026-03-29 00:59:55 +0100: Memory Usage (465716K) : Executing rule Cnt.c
2026-03-29 00:59:55 +0100: Memory Usage (465716K) : Executing rule Cnt.c
2026-03-29 00:59:55 +0100: Memory Usage (465716K) : Executing rule Cnt.d
2026-03-29 00:59:55 +0100: Memory Usage (465716K) : Executing rule Cnt.e
2026-03-29 00:59:55 +0100: Memory Usage (465716K) : Executing rule Cnt.g1
2026-03-29 00:59:55 +0100: Memory Usage (465716K) : Executing rule Cnt.g2
2026-03-29 00:59:55 +0100: Memory Usage (465716K) : Starting 5.15. ContBar table
2026-03-29 00:59:55 +0100: Memory Usage (465716K) : Executing rule CntB.b1
2026-03-29 00:59:55 +0100: Memory Usage (465716K) : Executing rule CntB.h1
2026-03-29 00:59:55 +0100: Memory Usage (465716K) : Starting 6.1.3 NPN Substrate-Tie table
2026-03-29 00:59:55 +0100: Memory Usage (465716K) : Executing rule npn13G2.bR 
2026-03-29 00:59:55 +0100: Memory Usage (465716K) : Executing rule npn13G2L.cR 
2026-03-29 00:59:55 +0100: Memory Usage (465716K) : Executing rule npn13G2V.cR 
2026-03-29 00:59:55 +0100: Memory Usage (465716K) : Starting 6.7 Schottky diode table
2026-03-29 00:59:55 +0100: Memory Usage (465716K) : Executing rule Sdiod.d
2026-03-29 00:59:55 +0100: Memory Usage (465716K) : Executing rule Sdiod.e
2026-03-29 00:59:55 +0100: Memory Usage (465716K) : Starting 7.2 Latch-up table
2026-03-29 00:59:55 +0100: Memory Usage (465716K) : Executing rule LU.b
2026-03-29 00:59:55 +0100: Memory Usage (465716K) : Starting 5.16. Metal1 table
2026-03-29 00:59:55 +0100: Memory Usage (465716K) : Executing rule M1.a
2026-03-29 00:59:55 +0100: Memory Usage (466100K) : Executing rule M1.b
2026-03-29 00:59:55 +0100: Memory Usage (466228K) : Executing rule M1.e
2026-03-29 00:59:55 +0100: Memory Usage (466356K) : Executing rule M1.f
2026-03-29 00:59:55 +0100: Memory Usage (466612K) : Executing rule M1.g
2026-03-29 00:59:55 +0100: Memory Usage (466740K) : Executing rule M1.i
2026-03-29 00:59:55 +0100: Memory Usage (466996K) : Starting 5.17 Metaln table
2026-03-29 00:59:55 +0100: Memory Usage (466996K) : Executing rule M2.a
2026-03-29 00:59:55 +0100: Memory Usage (467124K) : Executing rule M2.b
2026-03-29 00:59:55 +0100: Memory Usage (467252K) : Executing rule M2.e
2026-03-29 00:59:55 +0100: Memory Usage (467508K) : Executing rule M2.f
2026-03-29 00:59:55 +0100: Memory Usage (467764K) : Executing rule M2.g
2026-03-29 00:59:55 +0100: Memory Usage (468020K) : Executing rule M2.i
2026-03-29 00:59:55 +0100: Memory Usage (468020K) : Executing rule M3.a
2026-03-29 00:59:55 +0100: Memory Usage (468020K) : Executing rule M3.b
2026-03-29 00:59:55 +0100: Memory Usage (468020K) : Executing rule M3.e
2026-03-29 00:59:55 +0100: Memory Usage (468020K) : Executing rule M3.f
2026-03-29 00:59:55 +0100: Memory Usage (468020K) : Executing rule M3.g
2026-03-29 00:59:55 +0100: Memory Usage (468020K) : Executing rule M3.i
2026-03-29 00:59:55 +0100: Memory Usage (468020K) : Executing rule M4.a
2026-03-29 00:59:55 +0100: Memory Usage (468020K) : Executing rule M4.b
2026-03-29 00:59:55 +0100: Memory Usage (468020K) : Executing rule M4.e
2026-03-29 00:59:55 +0100: Memory Usage (468020K) : Executing rule M4.f
2026-03-29 00:59:55 +0100: Memory Usage (468020K) : Executing rule M4.g
2026-03-29 00:59:55 +0100: Memory Usage (468020K) : Executing rule M4.i
2026-03-29 00:59:55 +0100: Memory Usage (468020K) : Executing rule M5.a
2026-03-29 00:59:55 +0100: Memory Usage (468020K) : Executing rule M5.b
2026-03-29 00:59:55 +0100: Memory Usage (468020K) : Executing rule M5.e
2026-03-29 00:59:55 +0100: Memory Usage (468020K) : Executing rule M5.f
2026-03-29 00:59:55 +0100: Memory Usage (468020K) : Executing rule M5.g
2026-03-29 00:59:55 +0100: Memory Usage (468020K) : Executing rule M5.i
2026-03-29 00:59:55 +0100: Memory Usage (468020K) : Starting 5.18 Metaln:filler table
2026-03-29 00:59:55 +0100: Memory Usage (468020K) : Executing rule M1Fil.c
2026-03-29 00:59:55 +0100: Memory Usage (468020K) : Executing rule M1Fil.a2
2026-03-29 00:59:55 +0100: Memory Usage (468020K) : Executing rule M2Fil.c
2026-03-29 00:59:55 +0100: Memory Usage (468020K) : Executing rule M2Fil.a2
2026-03-29 00:59:55 +0100: Memory Usage (468020K) : Executing rule M3Fil.c
2026-03-29 00:59:55 +0100: Memory Usage (468020K) : Executing rule M3Fil.a2
2026-03-29 00:59:55 +0100: Memory Usage (468020K) : Executing rule M4Fil.c
2026-03-29 00:59:55 +0100: Memory Usage (468020K) : Executing rule M4Fil.a2
2026-03-29 00:59:55 +0100: Memory Usage (468020K) : Executing rule M5Fil.c
2026-03-29 00:59:55 +0100: Memory Usage (468020K) : Executing rule M5Fil.a2
2026-03-29 00:59:55 +0100: Memory Usage (468020K) : Starting 5.19. Via1 table
2026-03-29 00:59:55 +0100: Memory Usage (468020K) : Starting 5.19. Via1 table derivations
2026-03-29 00:59:55 +0100: Memory Usage (468020K) : Executing rule V1.a
2026-03-29 00:59:55 +0100: Memory Usage (468020K) : Executing rule V1.b
2026-03-29 00:59:55 +0100: Memory Usage (468020K) : Executing rule V1.c
2026-03-29 00:59:55 +0100: Memory Usage (468020K) : Starting 5.20. Vian table
2026-03-29 00:59:55 +0100: Memory Usage (468020K) : Executing rule V2.a
2026-03-29 00:59:55 +0100: Memory Usage (468020K) : Executing rule V2.b
2026-03-29 00:59:55 +0100: Memory Usage (468020K) : Executing rule V2.c
2026-03-29 00:59:55 +0100: Memory Usage (468020K) : Executing rule V3.a
2026-03-29 00:59:55 +0100: Memory Usage (468020K) : Executing rule V3.b
2026-03-29 00:59:55 +0100: Memory Usage (468020K) : Executing rule V3.c
2026-03-29 00:59:55 +0100: Memory Usage (468020K) : Executing rule V4.a
2026-03-29 00:59:55 +0100: Memory Usage (468020K) : Executing rule V4.b
2026-03-29 00:59:55 +0100: Memory Usage (468020K) : Executing rule V4.c
2026-03-29 00:59:55 +0100: Memory Usage (468020K) : Starting 5.21. TopVia1 table
2026-03-29 00:59:55 +0100: Memory Usage (468020K) : Executing rule TV1.a
2026-03-29 00:59:55 +0100: Memory Usage (468020K) : Executing rule TV1.b
2026-03-29 00:59:55 +0100: Memory Usage (468020K) : Executing rule TV1.c
2026-03-29 00:59:55 +0100: Memory Usage (468020K) : Executing rule TV1.d
2026-03-29 00:59:55 +0100: Memory Usage (468020K) : Starting 5.22. TopMetal1 table
2026-03-29 00:59:55 +0100: Memory Usage (468020K) : Executing rule TM1.a
2026-03-29 00:59:55 +0100: Memory Usage (468020K) : Executing rule TM1.b
2026-03-29 00:59:55 +0100: Memory Usage (468020K) : Starting 5.23 TopMetal1:filler table
2026-03-29 00:59:55 +0100: Memory Usage (468020K) : Executing rule TM1Fil.c
2026-03-29 00:59:55 +0100: Memory Usage (468020K) : Executing rule TM1Fil.a1
2026-03-29 00:59:55 +0100: Memory Usage (468020K) : Starting 5.24. TopVia2 table
2026-03-29 00:59:55 +0100: Memory Usage (468020K) : Executing rule TV2.a
2026-03-29 00:59:55 +0100: Memory Usage (468020K) : Executing rule TV2.b
2026-03-29 00:59:55 +0100: Memory Usage (468020K) : Executing rule TV2.c
2026-03-29 00:59:55 +0100: Memory Usage (468020K) : Executing rule TV2.d
2026-03-29 00:59:55 +0100: Memory Usage (468020K) : Starting 5.25. TopMetal2 table
2026-03-29 00:59:55 +0100: Memory Usage (468020K) : Executing rule TM2.a
2026-03-29 00:59:55 +0100: Memory Usage (468020K) : Executing rule TM2.b
2026-03-29 00:59:55 +0100: Memory Usage (468020K) : Executing rule TM2.bR
2026-03-29 00:59:55 +0100: Memory Usage (468020K) : Starting 5.26 TopMetal2:filler table
2026-03-29 00:59:55 +0100: Memory Usage (468020K) : Executing rule TM2Fil.c
2026-03-29 00:59:55 +0100: Memory Usage (468020K) : Executing rule TM2Fil.a1
2026-03-29 00:59:55 +0100: Memory Usage (468020K) : Starting 5.27. Passiv table
2026-03-29 00:59:55 +0100: Memory Usage (468020K) : Executing rule Pas.a
2026-03-29 00:59:55 +0100: Memory Usage (468020K) : Executing rule Pas.b
2026-03-29 00:59:55 +0100: Memory Usage (468020K) : Executing rule Pas.c
2026-03-29 00:59:55 +0100: Memory Usage (468020K) : Starting 6.9.2 Copper Pillar table
2026-03-29 00:59:55 +0100: Memory Usage (468020K) : Executing rule Padc.a
2026-03-29 00:59:55 +0100: Memory Usage (468020K) : Executing rule Padc.b
2026-03-29 00:59:55 +0100: Memory Usage (468020K) : Executing rule Padc.c
2026-03-29 00:59:55 +0100: Memory Usage (468020K) : Executing rule Padb.f
2026-03-29 00:59:55 +0100: Memory Usage (468020K) : Starting 6.9 Pad table
2026-03-29 00:59:55 +0100: Memory Usage (468020K) : Executing rule Pad.m
2026-03-29 00:59:55 +0100: Memory Usage (468020K) : Executing rule Pad.fR_M1
2026-03-29 00:59:55 +0100: Memory Usage (468020K) : Executing rule Pad.fR_M2
2026-03-29 00:59:55 +0100: Memory Usage (468020K) : Executing rule Pad.fR_M3
2026-03-29 00:59:55 +0100: Memory Usage (468020K) : Executing rule Pad.fR_M4
2026-03-29 00:59:55 +0100: Memory Usage (468020K) : Executing rule Pad.fR_M5
2026-03-29 00:59:55 +0100: Memory Usage (468020K) : Executing rule Pad.fR_TM1
2026-03-29 00:59:55 +0100: Memory Usage (468020K) : Executing rule Pad.fR_TM2
2026-03-29 00:59:55 +0100: Memory Usage (468020K) : Executing rule Pad.i
2026-03-29 00:59:55 +0100: Memory Usage (468020K) : Starting 6.9.1 Solder Bump
2026-03-29 00:59:55 +0100: Memory Usage (468020K) : Executing rule Padb.a
2026-03-29 00:59:55 +0100: Memory Usage (468020K) : Executing rule Padb.b
2026-03-29 00:59:55 +0100: Memory Usage (468020K) : Executing rule Padb.c
2026-03-29 00:59:55 +0100: Memory Usage (468020K) : Executing rule Padb.f
2026-03-29 00:59:55 +0100: Memory Usage (468020K) : Executing rule Padb.d
2026-03-29 00:59:55 +0100: Memory Usage (468020K) : Starting 6.10 Sealring table
2026-03-29 00:59:55 +0100: Memory Usage (468020K) : Executing rule Seal.l
2026-03-29 00:59:55 +0100: Memory Usage (468020K) : Executing rule Seal.n
2026-03-29 00:59:55 +0100: Memory Usage (468020K) : Executing rule seal.b_metal1
2026-03-29 00:59:55 +0100: Memory Usage (468020K) : Executing rule seal.b_metal2
2026-03-29 00:59:55 +0100: Memory Usage (468020K) : Executing rule seal.b_metal3
2026-03-29 00:59:55 +0100: Memory Usage (468020K) : Executing rule seal.b_metal4
2026-03-29 00:59:55 +0100: Memory Usage (468020K) : Executing rule seal.b_metal5
2026-03-29 00:59:55 +0100: Memory Usage (468020K) : Executing rule seal.b_topmetal1
2026-03-29 00:59:55 +0100: Memory Usage (468020K) : Executing rule seal.b_topmetal2
2026-03-29 00:59:55 +0100: Memory Usage (468020K) : Executing rule seal.b_activ
2026-03-29 00:59:55 +0100: Memory Usage (468020K) : Executing rule seal.b_psd
2026-03-29 00:59:55 +0100: Memory Usage (468020K) : Executing rule Seal.k
2026-03-29 00:59:55 +0100: Memory Usage (468020K) : Executing rule Seal.m
2026-03-29 00:59:55 +0100: Memory Usage (468020K) : Starting 6.11 MIM table
2026-03-29 00:59:55 +0100: Memory Usage (468020K) : Executing rule MIM.c
2026-03-29 00:59:55 +0100: Memory Usage (468020K) : Executing rule MIM.d
2026-03-29 00:59:55 +0100: Memory Usage (468020K) : Executing rule MIM.gR
2026-03-29 00:59:55 +0100: Memory Usage (468020K) : Starting 7.3 Metal Slits table
2026-03-29 00:59:55 +0100: Memory Usage (468020K) : Executing rule Slt.e1_M1
2026-03-29 00:59:55 +0100: Memory Usage (468020K) : Executing rule Slt.e1_M2
2026-03-29 00:59:55 +0100: Memory Usage (468020K) : Executing rule Slt.e1_M3
2026-03-29 00:59:55 +0100: Memory Usage (468020K) : Executing rule Slt.e1_M4
2026-03-29 00:59:55 +0100: Memory Usage (468020K) : Executing rule Slt.e1_M5
2026-03-29 00:59:55 +0100: Memory Usage (468020K) : Executing rule Slt.e1_TM1
2026-03-29 00:59:55 +0100: Memory Usage (468020K) : Executing rule Slt.e1_TM2
2026-03-29 00:59:55 +0100: Memory Usage (468020K) : Starting 9.1. LBE table
2026-03-29 00:59:55 +0100: Memory Usage (468020K) : Executing rule LBE.a
2026-03-29 00:59:55 +0100: Memory Usage (468020K) : Executing rule LBE.b
2026-03-29 00:59:55 +0100: Memory Usage (468020K) : Executing rule LBE.b1
2026-03-29 00:59:55 +0100: Memory Usage (468020K) : Executing rule LBE.c
2026-03-29 00:59:55 +0100: Memory Usage (468020K) : Executing rule LBE.d
2026-03-29 00:59:55 +0100: Memory Usage (468020K) : Executing rule LBE.h
2026-03-29 00:59:55 +0100: Memory Usage (468020K) : Starting 7.4. PIN table
2026-03-29 00:59:55 +0100: Memory Usage (468020K) : Executing rule Pin.a
2026-03-29 00:59:55 +0100: Memory Usage (468020K) : Executing rule Pin.b
2026-03-29 00:59:55 +0100: Memory Usage (468020K) : Executing rule Pin.e
2026-03-29 00:59:55 +0100: Memory Usage (468020K) : Executing rule Pin.f_M2
2026-03-29 00:59:55 +0100: Memory Usage (468020K) : Executing rule Pin.f_M3
2026-03-29 00:59:55 +0100: Memory Usage (468020K) : Executing rule Pin.f_M4
2026-03-29 00:59:55 +0100: Memory Usage (468020K) : Executing rule Pin.f_M5
2026-03-29 00:59:55 +0100: Memory Usage (468020K) : Executing rule Pin.g
2026-03-29 00:59:55 +0100: Memory Usage (468020K) : Executing rule Pin.h
2026-03-29 00:59:55 +0100: Memory Usage (468020K) : Starting 3.2. FORBIDDEN table
2026-03-29 00:59:55 +0100: Memory Usage (468020K) : Executing rule forbidden.biwind
2026-03-29 00:59:55 +0100: Memory Usage (468020K) : Executing rule forbidden.pemwind
2026-03-29 00:59:55 +0100: Memory Usage (468020K) : Executing rule forbidden.baspoly
2026-03-29 00:59:55 +0100: Memory Usage (468020K) : Executing rule forbidden.deepco
2026-03-29 00:59:55 +0100: Memory Usage (468020K) : Executing rule forbidden.pempoly
2026-03-29 00:59:55 +0100: Memory Usage (468020K) : Executing rule forbidden.empoly
2026-03-29 00:59:55 +0100: Memory Usage (468020K) : Executing rule forbidden.ldmos
2026-03-29 00:59:55 +0100: Memory Usage (468020K) : Executing rule forbidden.pbiwind
2026-03-29 00:59:55 +0100: Memory Usage (468020K) : Executing rule forbidden.nodrc
2026-03-29 00:59:55 +0100: Memory Usage (468020K) : Executing rule forbidden.flash
2026-03-29 00:59:55 +0100: Memory Usage (468020K) : Executing rule forbidden.colwind
2026-03-29 00:59:55 +0100: Memory Usage (468020K) : KLayout DRC run for tables 'main' completed in 0.72 seconds
