[2026-03-17 14:45:43,515] [INFO]    GDS input file passed, running in LVS mode
[2026-03-17 14:45:43,516] [INFO]    No explicit top cell specified, using top cell 'ota_layout'
[2026-03-17 14:45:43,517] [INFO]    LVS input schematic not specified (argument --schematic), using dummy schematic
[2026-03-17 14:45:43,521] [INFO]    Calling MAGIC
[2026-03-17 14:45:43,522] [SUBPROCESS]    magic -dnull -noconsole -rcfile /foss/pdks/ihp-sg13g2/libs.tech/magic/ihp-sg13g2.magicrc output/ota_layout__ota_layout/magic_CC/ota_layout_MAGIC_CC_Script.tcl, output file: output/ota_layout__ota_layout/magic_CC/ota_layout_MAGIC_CC_Output.txt
[2026-03-17 14:45:43,534] [SUBPROCESS]    
[2026-03-17 14:45:43,534] [SUBPROCESS]    Magic 8.3 revision 603 - Compiled on Sat Feb 14 01:20:09 AM CET 2026.
[2026-03-17 14:45:43,535] [SUBPROCESS]    Starting magic under Tcl interpreter
[2026-03-17 14:45:43,535] [SUBPROCESS]    Using the terminal as the console.
[2026-03-17 14:45:43,535] [SUBPROCESS]    Using NULL graphics device.
[2026-03-17 14:45:43,559] [SUBPROCESS]    Processing system .magicrc file
[2026-03-17 14:45:43,564] [SUBPROCESS]    Switching to WIRING tool.
[2026-03-17 14:45:43,564] [SUBPROCESS]    Switching to NETLIST tool.
[2026-03-17 14:45:43,564] [SUBPROCESS]    Switching to PICK tool.
[2026-03-17 14:45:43,565] [SUBPROCESS]    Switching to BOX tool.
[2026-03-17 14:45:43,565] [SUBPROCESS]    Sourcing design .magicrc for technology ihp-sg13g2 ...
[2026-03-17 14:45:43,565] [SUBPROCESS]    2 Magic internal units = 1 Lambda
[2026-03-17 14:45:43,579] [SUBPROCESS]    Input style sg13g2(): scaleFactor=2, multiplier=2
[2026-03-17 14:45:43,647] [SUBPROCESS]    The following types are not handled by extraction and will be treated as non-electrical types:
[2026-03-17 14:45:43,648] [SUBPROCESS]        pblock sealcont difffill nemitter hvnemitter hvisodiffres sealvia1 sealvia2 sealvia3 sealvia4 sealvia5 sealvia6 pillar solder seal glass thruvia inductor 
[2026-03-17 14:45:43,650] [SUBPROCESS]    Scaled tech values by 2 / 1 to match internal grid scaling
[2026-03-17 14:45:43,651] [SUBPROCESS]    Loading ihp-sg13g2 Device Generator Menu ...
[2026-03-17 14:45:43,652] [SUBPROCESS]    Loading "output/ota_layout__ota_layout/magic_CC/ota_layout_MAGIC_CC_Script.tcl" from command line.
[2026-03-17 14:45:43,653] [SUBPROCESS]    Warning: Calma reading is not undoable!  I hope that's OK.
[2026-03-17 14:45:43,653] [SUBPROCESS]    Library written using GDS-II Release 6.0
[2026-03-17 14:45:43,653] [SUBPROCESS]    Library name: LIB
[2026-03-17 14:45:43,654] [SUBPROCESS]    Reading "$$$CONTEXT_INFO$$$".
[2026-03-17 14:45:43,654] [SUBPROCESS]    Error while reading cell "$$$CONTEXT_INFO$$$" (byte position 128): Unknown layer/datatype in boundary, layer=0 type=0
[2026-03-17 14:45:43,654] [SUBPROCESS]    Reading "via_stack$37".
[2026-03-17 14:45:43,654] [SUBPROCESS]    Reading "via_stack$35".
[2026-03-17 14:45:43,655] [SUBPROCESS]    Reading "via_stack$34".
[2026-03-17 14:45:43,655] [SUBPROCESS]    Reading "nmosHV$1".
[2026-03-17 14:45:43,655] [SUBPROCESS]    Reading "pmosHV$2".
[2026-03-17 14:45:43,655] [SUBPROCESS]    Reading "pmosHV$3".
[2026-03-17 14:45:43,657] [SUBPROCESS]    Reading "via_stack$29".
[2026-03-17 14:45:43,658] [SUBPROCESS]    Reading "via_stack$28".
[2026-03-17 14:45:43,658] [SUBPROCESS]    Reading "via_stack$26".
[2026-03-17 14:45:43,658] [SUBPROCESS]    Reading "via_stack$24".
[2026-03-17 14:45:43,659] [SUBPROCESS]    Reading "via_stack$19".
[2026-03-17 14:45:43,659] [SUBPROCESS]    Reading "via_stack$18".
[2026-03-17 14:45:43,659] [SUBPROCESS]    Reading "via_stack$23".
[2026-03-17 14:45:43,659] [SUBPROCESS]    Reading "cmim".
[2026-03-17 14:45:43,660] [SUBPROCESS]    Reading "rppd".
[2026-03-17 14:45:43,660] [SUBPROCESS]    Reading "via_stack$21".
[2026-03-17 14:45:43,661] [SUBPROCESS]    Reading "via_stack$17".
[2026-03-17 14:45:43,661] [SUBPROCESS]    Reading "via_stack$16".
[2026-03-17 14:45:43,661] [SUBPROCESS]    Reading "via_stack$15".
[2026-03-17 14:45:43,662] [SUBPROCESS]    Reading "via_stack$14".
[2026-03-17 14:45:43,662] [SUBPROCESS]    Reading "via_stack$13".
[2026-03-17 14:45:43,663] [SUBPROCESS]    Reading "ntap1".
[2026-03-17 14:45:43,663] [SUBPROCESS]    Reading "pmosHV".
[2026-03-17 14:45:43,664] [SUBPROCESS]    Reading "via_stack".
[2026-03-17 14:45:43,665] [SUBPROCESS]    Reading "via_stack$1".
[2026-03-17 14:45:43,665] [SUBPROCESS]    Reading "via_stack$2".
[2026-03-17 14:45:43,666] [SUBPROCESS]    Reading "via_stack$3".
[2026-03-17 14:45:43,666] [SUBPROCESS]    Reading "via_stack$4".
[2026-03-17 14:45:43,666] [SUBPROCESS]    Reading "via_stack$5".
[2026-03-17 14:45:43,667] [SUBPROCESS]    Reading "via_stack$6".
[2026-03-17 14:45:43,667] [SUBPROCESS]    Reading "via_stack$7".
[2026-03-17 14:45:43,667] [SUBPROCESS]    Reading "ptap1".
[2026-03-17 14:45:43,668] [SUBPROCESS]    Moving label "sub!" from space to ptapdiff in cell ptap1.
[2026-03-17 14:45:43,668] [SUBPROCESS]    Reading "via_stack$8".
[2026-03-17 14:45:43,668] [SUBPROCESS]    Reading "via_stack$9".
[2026-03-17 14:45:43,669] [SUBPROCESS]    Reading "via_stack$10".
[2026-03-17 14:45:43,669] [SUBPROCESS]    Reading "via_stack$11".
[2026-03-17 14:45:43,669] [SUBPROCESS]    Reading "via_stack$12".
[2026-03-17 14:45:43,670] [SUBPROCESS]    Reading "nmosHV".
[2026-03-17 14:45:43,671] [SUBPROCESS]    Reading "via_stack$33".
[2026-03-17 14:45:43,671] [SUBPROCESS]    Reading "via_stack$32".
[2026-03-17 14:45:43,671] [SUBPROCESS]    Reading "ota_layout".
[2026-03-17 14:45:43,680] [SUBPROCESS]    Extracting ota_layout into /foss/designs/ota/pex/output/ota_layout__ota_layout/magic_CC/ota_layout.ext:
[2026-03-17 14:45:43,719] [SUBPROCESS]    ota_layout: 4 warnings
[2026-03-17 14:45:43,719] [SUBPROCESS]    Total of 4 warnings.
[2026-03-17 14:45:43,723] [SUBPROCESS]    exttospice finished.
[2026-03-17 14:45:43,730] [INFO]    MAGIC succeeded after 0.2077s
[2026-03-17 14:45:43,734] [SUBPROCESS]    Report DB saved at: output/ota_layout__ota_layout/magic_CC/ota_layout_MAGIC_report.rdb.gz
[2026-03-17 14:45:43,734] [SUBPROCESS]    SPICE netlist saved at: output/ota_layout__ota_layout/magic_CC/ota_layout.pex.spice
[2026-03-17 14:45:43,735] [SUBPROCESS]    * NGSPICE file created from ota_layout.ext - technology: ihp-sg13g2

.subckt ota_layout vdd vss vinp vinn iout vout
X0 vout iout vdd vdd sg13_hv_pmos ad=1.14p pd=6.38u as=2.04p ps=12.68u w=6u l=3u
X1 vdd iout vout vdd sg13_hv_pmos ad=1.14p pd=6.38u as=1.14p ps=6.38u w=6u l=3u
X2 vout iout vdd vdd sg13_hv_pmos ad=1.14p pd=6.38u as=1.14p ps=6.38u w=6u l=3u
X3 vdd iout iout vdd sg13_hv_pmos ad=1.14p pd=6.38u as=1.14p ps=6.38u w=6u l=3u
X4 vout iout vdd vdd sg13_hv_pmos ad=1.14p pd=6.38u as=1.14p ps=6.38u w=6u l=3u
X5 vdd vdd vdd vdd sg13_hv_pmos ad=2.04p pd=12.68u as=0.40607n ps=0.91316m w=6u l=3u
X6 vout iout vdd vdd sg13_hv_pmos ad=1.14p pd=6.38u as=1.14p ps=6.38u w=6u l=3u
X7 vdd vdd a_n8547_1983# vdd sg13_hv_pmos ad=4.08p pd=24.68u as=4.08p ps=24.68u w=12u l=1u
X8 iout iout vdd vdd sg13_hv_pmos ad=1.14p pd=6.38u as=2.04p ps=12.68u w=6u l=3u
X9 a_n9131_n1107# vdd vdd vdd sg13_hv_pmos ad=4.08p pd=24.68u as=4.08p ps=24.68u w=12u l=1u
X10 a_n9131_n1107# vdd vdd vdd sg13_hv_pmos ad=4.08p pd=24.68u as=4.08p ps=24.68u w=12u l=1u
X11 a_n8547_n1107# vinn a_n9131_n1107# vdd sg13_hv_pmos ad=4.08p pd=24.68u as=4.08p ps=24.68u w=12u l=1u
X12 vdd iout a_n9131_n1107# vdd sg13_hv_pmos ad=2.04p pd=12.68u as=2.04p ps=12.68u w=6u l=3u
X13 vss vss vss vss sg13_hv_nmos ad=1.02p pd=6.68u as=70.40117p ps=0.19494m w=3u l=1u
X14 vdd iout iout vdd sg13_hv_pmos ad=1.14p pd=6.38u as=1.14p ps=6.38u w=6u l=3u
X15 iout iout vdd vdd sg13_hv_pmos ad=1.14p pd=6.38u as=1.14p ps=6.38u w=6u l=3u
X16 vdd iout vout vdd sg13_hv_pmos ad=1.14p pd=6.38u as=1.14p ps=6.38u w=6u l=3u
X17 vss a_n8547_1983# vout vss sg13_hv_nmos ad=1.14p pd=6.38u as=1.14p ps=6.38u w=6u l=1u
X18 a_n1818_1486# a_n8547_1983# vss rppd l=15u w=1u
X19 a_n8547_n1107# vinn a_n9131_n1107# vdd sg13_hv_pmos ad=4.08p pd=24.68u as=4.08p ps=24.68u w=12u l=1u
X20 iout iout vdd vdd sg13_hv_pmos ad=1.14p pd=6.38u as=1.14p ps=6.38u w=6u l=3u
X21 vss a_n8547_1983# vout vss sg13_hv_nmos ad=2.04p pd=12.68u as=1.14p ps=6.38u w=6u l=1u
X22 vdd vdd a_n8547_1983# vdd sg13_hv_pmos ad=4.08p pd=24.68u as=4.08p ps=24.68u w=12u l=1u
X23 vout a_n8547_1983# vss vss sg13_hv_nmos ad=1.14p pd=6.38u as=1.14p ps=6.38u w=6u l=1u
X24 vss vss vss vss sg13_hv_nmos ad=1.02p pd=6.68u as=0 ps=0 w=3u l=1u
X25 iout iout vdd vdd sg13_hv_pmos ad=1.14p pd=6.38u as=1.14p ps=6.38u w=6u l=3u
X26 vdd iout vout vdd sg13_hv_pmos ad=2.04p pd=12.68u as=1.14p ps=6.38u w=6u l=3u
X27 vss a_n8547_n1107# a_n8547_n1107# vss sg13_hv_nmos ad=1.02p pd=6.68u as=1.02p ps=6.68u w=3u l=1u
X28 a_n1818_1486# vout cap_cmim l=15u w=15u
X29 a_n8547_1983# a_n8547_n1107# vss vss sg13_hv_nmos ad=1.02p pd=6.68u as=1.02p ps=6.68u w=3u l=1u
X30 a_n8547_1983# vinp a_n9131_n1107# vdd sg13_hv_pmos ad=4.08p pd=24.68u as=4.08p ps=24.68u w=12u l=1u
X31 vdd iout iout vdd sg13_hv_pmos ad=1.14p pd=6.38u as=1.14p ps=6.38u w=6u l=3u
X32 vdd vdd a_n8547_n1107# vdd sg13_hv_pmos ad=4.08p pd=24.68u as=4.08p ps=24.68u w=12u l=1u
X33 a_n8547_1983# vinp a_n9131_n1107# vdd sg13_hv_pmos ad=4.08p pd=24.68u as=4.08p ps=24.68u w=12u l=1u
X34 vout a_n8547_1983# vss vss sg13_hv_nmos ad=1.14p pd=6.38u as=2.04p ps=12.68u w=6u l=1u
X35 a_n9131_n1107# vdd vdd vdd sg13_hv_pmos ad=4.08p pd=24.68u as=4.08p ps=24.68u w=12u l=1u
X36 vdd iout iout vdd sg13_hv_pmos ad=2.04p pd=12.68u as=1.14p ps=6.38u w=6u l=3u
X37 a_n9131_n1107# vdd vdd vdd sg13_hv_pmos ad=4.08p pd=24.68u as=4.08p ps=24.68u w=12u l=1u
X38 vdd iout vout vdd sg13_hv_pmos ad=1.14p pd=6.38u as=1.14p ps=6.38u w=6u l=3u
X39 vdd vdd a_n8547_n1107# vdd sg13_hv_pmos ad=4.08p pd=24.68u as=4.08p ps=24.68u w=12u l=1u
X40 a_n9131_n1107# iout vdd vdd sg13_hv_pmos ad=2.04p pd=12.68u as=2.04p ps=12.68u w=6u l=3u
X41 vdd vdd vdd vdd sg13_hv_pmos ad=2.04p pd=12.68u as=0 ps=0 w=6u l=3u
C0 a_n8547_1983# a_n9131_n1107# 2.38161f
C1 vinn a_n8547_n1107# 2.00916f
C2 a_n1818_1486# a_n1818_n1514# 0.33587f
C3 a_n8547_1983# vdd 7.34946f
C4 vinp a_n8547_n1107# 0.50861f
C5 vinp vinn 1.0914f
C6 iout vout 2.12803f
C7 a_n1818_1486# vdd 0.24012f
C8 a_n9131_n1107# vdd 7.32937f
C9 vout a_n8547_1983# 1.08995f
C10 a_n8547_n1107# a_n8547_1983# 1.91609f
C11 a_n1818_n1514# vout 0.16163f
C12 vinn a_n8547_1983# 0.28186f
C13 a_n1818_1486# vout 1.93713f
C14 vinp a_n8547_1983# 1.89305f
C15 vout a_n9131_n1107# 0.03437f
C16 a_n8547_n1107# a_n9131_n1107# 3.13722f
C17 vout vdd 2.19576f
C18 a_n8547_n1107# vdd 7.43597f
C19 vinn a_n9131_n1107# 1.92468f
C20 vinn vdd 3.61692f
C21 vinp a_n9131_n1107# 1.77245f
C22 vinp vdd 3.90655f
C23 a_n1818_1486# iout 0.06029f
C24 a_n1818_n1514# a_n8547_1983# 0.06962f
C25 iout a_n9131_n1107# 0.81239f
C26 iout vdd 53.4302f
C27 a_n1818_1486# a_n8547_1983# 0.01263f
C28 vout vss 7.88671f
C29 vinn vss 0.65874f
C30 vinp vss 0.46453f
C31 iout vss 4.95839f
C32 vdd vss 8.45177f
C33 a_n1818_n1514# vss 2.66076f
C34 a_n1818_1486# vss 0.34096p $ **FLOATING
C35 a_n8547_n1107# vss 3.56884f $ **FLOATING
C36 a_n8547_1983# vss 10.8405f $ **FLOATING
C37 a_n9131_n1107# vss 3.72508f $ **FLOATING
.ends

