[2026-03-17 14:45:15,338] [INFO]    GDS input file passed, running in LVS mode
[2026-03-17 14:45:15,362] [INFO]    No explicit top cell specified, using top cell 'ota_layout'
[2026-03-17 14:45:15,368] [INFO]    Calling MAGIC
[2026-03-17 14:45:15,369] [SUBPROCESS]    magic -dnull -noconsole -rcfile /foss/pdks/ihp-sg13g2/libs.tech/magic/ihp-sg13g2.magicrc output/ota_layout__ota_layout/magic_CC/ota_layout_MAGIC_CC_Script.tcl, output file: output/ota_layout__ota_layout/magic_CC/ota_layout_MAGIC_CC_Output.txt
[2026-03-17 14:45:15,412] [SUBPROCESS]    
[2026-03-17 14:45:15,413] [SUBPROCESS]    Magic 8.3 revision 603 - Compiled on Sat Feb 14 01:20:09 AM CET 2026.
[2026-03-17 14:45:15,413] [SUBPROCESS]    Starting magic under Tcl interpreter
[2026-03-17 14:45:15,414] [SUBPROCESS]    Using the terminal as the console.
[2026-03-17 14:45:15,414] [SUBPROCESS]    Using NULL graphics device.
[2026-03-17 14:45:15,455] [SUBPROCESS]    Processing system .magicrc file
[2026-03-17 14:45:15,462] [SUBPROCESS]    Switching to WIRING tool.
[2026-03-17 14:45:15,463] [SUBPROCESS]    Switching to NETLIST tool.
[2026-03-17 14:45:15,463] [SUBPROCESS]    Switching to PICK tool.
[2026-03-17 14:45:15,463] [SUBPROCESS]    Switching to BOX tool.
[2026-03-17 14:45:15,464] [SUBPROCESS]    Sourcing design .magicrc for technology ihp-sg13g2 ...
[2026-03-17 14:45:15,464] [SUBPROCESS]    2 Magic internal units = 1 Lambda
[2026-03-17 14:45:15,481] [SUBPROCESS]    Input style sg13g2(): scaleFactor=2, multiplier=2
[2026-03-17 14:45:15,553] [SUBPROCESS]    The following types are not handled by extraction and will be treated as non-electrical types:
[2026-03-17 14:45:15,553] [SUBPROCESS]        pblock sealcont difffill nemitter hvnemitter hvisodiffres sealvia1 sealvia2 sealvia3 sealvia4 sealvia5 sealvia6 pillar solder seal glass thruvia inductor 
[2026-03-17 14:45:15,556] [SUBPROCESS]    Scaled tech values by 2 / 1 to match internal grid scaling
[2026-03-17 14:45:15,557] [SUBPROCESS]    Loading ihp-sg13g2 Device Generator Menu ...
[2026-03-17 14:45:15,567] [SUBPROCESS]    Loading "output/ota_layout__ota_layout/magic_CC/ota_layout_MAGIC_CC_Script.tcl" from command line.
[2026-03-17 14:45:15,568] [SUBPROCESS]    Warning: Calma reading is not undoable!  I hope that's OK.
[2026-03-17 14:45:15,568] [SUBPROCESS]    Library written using GDS-II Release 6.0
[2026-03-17 14:45:15,568] [SUBPROCESS]    Library name: LIB
[2026-03-17 14:45:15,568] [SUBPROCESS]    Reading "$$$CONTEXT_INFO$$$".
[2026-03-17 14:45:15,569] [SUBPROCESS]    Error while reading cell "$$$CONTEXT_INFO$$$" (byte position 128): Unknown layer/datatype in boundary, layer=0 type=0
[2026-03-17 14:45:15,570] [SUBPROCESS]    Reading "via_stack$37".
[2026-03-17 14:45:15,570] [SUBPROCESS]    Reading "via_stack$35".
[2026-03-17 14:45:15,571] [SUBPROCESS]    Reading "via_stack$34".
[2026-03-17 14:45:15,571] [SUBPROCESS]    Reading "nmosHV$1".
[2026-03-17 14:45:15,572] [SUBPROCESS]    Reading "pmosHV$2".
[2026-03-17 14:45:15,572] [SUBPROCESS]    Reading "pmosHV$3".
[2026-03-17 14:45:15,574] [SUBPROCESS]    Reading "via_stack$29".
[2026-03-17 14:45:15,574] [SUBPROCESS]    Reading "via_stack$28".
[2026-03-17 14:45:15,575] [SUBPROCESS]    Reading "via_stack$26".
[2026-03-17 14:45:15,575] [SUBPROCESS]    Reading "via_stack$24".
[2026-03-17 14:45:15,575] [SUBPROCESS]    Reading "via_stack$19".
[2026-03-17 14:45:15,576] [SUBPROCESS]    Reading "via_stack$18".
[2026-03-17 14:45:15,576] [SUBPROCESS]    Reading "via_stack$23".
[2026-03-17 14:45:15,576] [SUBPROCESS]    Reading "cmim".
[2026-03-17 14:45:15,577] [SUBPROCESS]    Reading "rppd".
[2026-03-17 14:45:15,577] [SUBPROCESS]    Reading "via_stack$21".
[2026-03-17 14:45:15,578] [SUBPROCESS]    Reading "via_stack$17".
[2026-03-17 14:45:15,578] [SUBPROCESS]    Reading "via_stack$16".
[2026-03-17 14:45:15,578] [SUBPROCESS]    Reading "via_stack$15".
[2026-03-17 14:45:15,579] [SUBPROCESS]    Reading "via_stack$14".
[2026-03-17 14:45:15,579] [SUBPROCESS]    Reading "via_stack$13".
[2026-03-17 14:45:15,579] [SUBPROCESS]    Reading "ntap1".
[2026-03-17 14:45:15,580] [SUBPROCESS]    Reading "pmosHV".
[2026-03-17 14:45:15,581] [SUBPROCESS]    Reading "via_stack".
[2026-03-17 14:45:15,581] [SUBPROCESS]    Reading "via_stack$1".
[2026-03-17 14:45:15,582] [SUBPROCESS]    Reading "via_stack$2".
[2026-03-17 14:45:15,582] [SUBPROCESS]    Reading "via_stack$3".
[2026-03-17 14:45:15,583] [SUBPROCESS]    Reading "via_stack$4".
[2026-03-17 14:45:15,583] [SUBPROCESS]    Reading "via_stack$5".
[2026-03-17 14:45:15,583] [SUBPROCESS]    Reading "via_stack$6".
[2026-03-17 14:45:15,584] [SUBPROCESS]    Reading "via_stack$7".
[2026-03-17 14:45:15,584] [SUBPROCESS]    Reading "ptap1".
[2026-03-17 14:45:15,584] [SUBPROCESS]    Moving label "sub!" from space to ptapdiff in cell ptap1.
[2026-03-17 14:45:15,585] [SUBPROCESS]    Reading "via_stack$8".
[2026-03-17 14:45:15,585] [SUBPROCESS]    Reading "via_stack$9".
[2026-03-17 14:45:15,585] [SUBPROCESS]    Reading "via_stack$10".
[2026-03-17 14:45:15,586] [SUBPROCESS]    Reading "via_stack$11".
[2026-03-17 14:45:15,586] [SUBPROCESS]    Reading "via_stack$12".
[2026-03-17 14:45:15,586] [SUBPROCESS]    Reading "nmosHV".
[2026-03-17 14:45:15,587] [SUBPROCESS]    Reading "via_stack$33".
[2026-03-17 14:45:15,588] [SUBPROCESS]    Reading "via_stack$32".
[2026-03-17 14:45:15,588] [SUBPROCESS]    Reading "ota_layout".
[2026-03-17 14:45:15,597] [SUBPROCESS]    Extracting ota_layout into /foss/designs/ota/pex/output/ota_layout__ota_layout/magic_CC/ota_layout.ext:
[2026-03-17 14:45:15,635] [SUBPROCESS]    ota_layout: 4 warnings
[2026-03-17 14:45:15,636] [SUBPROCESS]    Total of 4 warnings.
[2026-03-17 14:45:15,640] [SUBPROCESS]    exttospice finished.
[2026-03-17 14:45:15,648] [INFO]    MAGIC succeeded after 0.2785s
[2026-03-17 14:45:15,657] [SUBPROCESS]    Report DB saved at: output/ota_layout__ota_layout/magic_CC/ota_layout_MAGIC_report.rdb.gz
[2026-03-17 14:45:15,658] [SUBPROCESS]    SPICE netlist saved at: output/ota_layout__ota_layout/magic_CC/ota_layout.pex.spice
[2026-03-17 14:45:15,658] [SUBPROCESS]    * NGSPICE file created from ota_layout.ext - technology: ihp-sg13g2

.subckt ota_layout vdd vss vinp vinn iout vout
X0 vout iout vdd vdd sg13_hv_pmos ad=1.14p pd=6.38u as=2.04p ps=12.68u w=6u l=3u
X1 vdd iout vout vdd sg13_hv_pmos ad=1.14p pd=6.38u as=1.14p ps=6.38u w=6u l=3u
X2 vout iout vdd vdd sg13_hv_pmos ad=1.14p pd=6.38u as=1.14p ps=6.38u w=6u l=3u
X3 vdd iout iout vdd sg13_hv_pmos ad=1.14p pd=6.38u as=1.14p ps=6.38u w=6u l=3u
X4 vout iout vdd vdd sg13_hv_pmos ad=1.14p pd=6.38u as=1.14p ps=6.38u w=6u l=3u
X5 vdd vdd vdd vdd sg13_hv_pmos ad=2.04p pd=12.68u as=0.40607n ps=0.91316m w=6u l=3u
X6 vout iout vdd vdd sg13_hv_pmos ad=1.14p pd=6.38u as=1.14p ps=6.38u w=6u l=3u
X7 vdd vdd a_n8547_1983# vdd sg13_hv_pmos ad=4.08p pd=24.68u as=4.08p ps=24.68u w=12u l=1u
X8 iout iout vdd vdd sg13_hv_pmos ad=1.14p pd=6.38u as=2.04p ps=12.68u w=6u l=3u
X9 a_n9131_n1107# vdd vdd vdd sg13_hv_pmos ad=4.08p pd=24.68u as=4.08p ps=24.68u w=12u l=1u
X10 a_n9131_n1107# vdd vdd vdd sg13_hv_pmos ad=4.08p pd=24.68u as=4.08p ps=24.68u w=12u l=1u
X11 a_n8547_n1107# vinn a_n9131_n1107# vdd sg13_hv_pmos ad=4.08p pd=24.68u as=4.08p ps=24.68u w=12u l=1u
X12 vdd iout a_n9131_n1107# vdd sg13_hv_pmos ad=2.04p pd=12.68u as=2.04p ps=12.68u w=6u l=3u
X13 vss vss vss vss sg13_hv_nmos ad=1.02p pd=6.68u as=70.40117p ps=0.19494m w=3u l=1u
X14 vdd iout iout vdd sg13_hv_pmos ad=1.14p pd=6.38u as=1.14p ps=6.38u w=6u l=3u
X15 iout iout vdd vdd sg13_hv_pmos ad=1.14p pd=6.38u as=1.14p ps=6.38u w=6u l=3u
X16 vdd iout vout vdd sg13_hv_pmos ad=1.14p pd=6.38u as=1.14p ps=6.38u w=6u l=3u
X17 vss a_n8547_1983# vout vss sg13_hv_nmos ad=1.14p pd=6.38u as=1.14p ps=6.38u w=6u l=1u
X18 a_n1818_1486# a_n8547_1983# vss rppd l=15u w=1u
X19 a_n8547_n1107# vinn a_n9131_n1107# vdd sg13_hv_pmos ad=4.08p pd=24.68u as=4.08p ps=24.68u w=12u l=1u
X20 iout iout vdd vdd sg13_hv_pmos ad=1.14p pd=6.38u as=1.14p ps=6.38u w=6u l=3u
X21 vss a_n8547_1983# vout vss sg13_hv_nmos ad=2.04p pd=12.68u as=1.14p ps=6.38u w=6u l=1u
X22 vdd vdd a_n8547_1983# vdd sg13_hv_pmos ad=4.08p pd=24.68u as=4.08p ps=24.68u w=12u l=1u
X23 vout a_n8547_1983# vss vss sg13_hv_nmos ad=1.14p pd=6.38u as=1.14p ps=6.38u w=6u l=1u
X24 vss vss vss vss sg13_hv_nmos ad=1.02p pd=6.68u as=0 ps=0 w=3u l=1u
X25 iout iout vdd vdd sg13_hv_pmos ad=1.14p pd=6.38u as=1.14p ps=6.38u w=6u l=3u
X26 vdd iout vout vdd sg13_hv_pmos ad=2.04p pd=12.68u as=1.14p ps=6.38u w=6u l=3u
X27 vss a_n8547_n1107# a_n8547_n1107# vss sg13_hv_nmos ad=1.02p pd=6.68u as=1.02p ps=6.68u w=3u l=1u
X28 a_n1818_1486# vout cap_cmim l=15u w=15u
X29 a_n8547_1983# a_n8547_n1107# vss vss sg13_hv_nmos ad=1.02p pd=6.68u as=1.02p ps=6.68u w=3u l=1u
X30 a_n8547_1983# vinp a_n9131_n1107# vdd sg13_hv_pmos ad=4.08p pd=24.68u as=4.08p ps=24.68u w=12u l=1u
X31 vdd iout iout vdd sg13_hv_pmos ad=1.14p pd=6.38u as=1.14p ps=6.38u w=6u l=3u
X32 vdd vdd a_n8547_n1107# vdd sg13_hv_pmos ad=4.08p pd=24.68u as=4.08p ps=24.68u w=12u l=1u
X33 a_n8547_1983# vinp a_n9131_n1107# vdd sg13_hv_pmos ad=4.08p pd=24.68u as=4.08p ps=24.68u w=12u l=1u
X34 vout a_n8547_1983# vss vss sg13_hv_nmos ad=1.14p pd=6.38u as=2.04p ps=12.68u w=6u l=1u
X35 a_n9131_n1107# vdd vdd vdd sg13_hv_pmos ad=4.08p pd=24.68u as=4.08p ps=24.68u w=12u l=1u
X36 vdd iout iout vdd sg13_hv_pmos ad=2.04p pd=12.68u as=1.14p ps=6.38u w=6u l=3u
X37 a_n9131_n1107# vdd vdd vdd sg13_hv_pmos ad=4.08p pd=24.68u as=4.08p ps=24.68u w=12u l=1u
X38 vdd iout vout vdd sg13_hv_pmos ad=1.14p pd=6.38u as=1.14p ps=6.38u w=6u l=3u
X39 vdd vdd a_n8547_n1107# vdd sg13_hv_pmos ad=4.08p pd=24.68u as=4.08p ps=24.68u w=12u l=1u
X40 a_n9131_n1107# iout vdd vdd sg13_hv_pmos ad=2.04p pd=12.68u as=2.04p ps=12.68u w=6u l=3u
X41 vdd vdd vdd vdd sg13_hv_pmos ad=2.04p pd=12.68u as=0 ps=0 w=6u l=3u
C0 vdd iout 53.4302f
C1 a_n8547_n1107# a_n8547_1983# 1.91609f
C2 vout a_n1818_1486# 1.93713f
C3 a_n1818_n1514# a_n8547_1983# 0.06962f
C4 a_n1818_1486# vdd 0.24012f
C5 vout a_n9131_n1107# 0.03437f
C6 vout vdd 2.19576f
C7 vinn a_n9131_n1107# 1.92468f
C8 vinn vdd 3.61692f
C9 vinn vinp 1.0914f
C10 vdd a_n9131_n1107# 7.32937f
C11 vinp a_n9131_n1107# 1.77245f
C12 vinp vdd 3.90655f
C13 a_n1818_n1514# a_n1818_1486# 0.33587f
C14 vinn a_n8547_n1107# 2.00916f
C15 a_n1818_1486# a_n8547_1983# 0.01263f
C16 a_n8547_n1107# a_n9131_n1107# 3.13722f
C17 a_n1818_n1514# vout 0.16163f
C18 a_n1818_1486# iout 0.06029f
C19 vdd a_n8547_n1107# 7.43597f
C20 vout a_n8547_1983# 1.08995f
C21 vinp a_n8547_n1107# 0.50861f
C22 vout iout 2.12803f
C23 vinn a_n8547_1983# 0.28186f
C24 a_n8547_1983# a_n9131_n1107# 2.38161f
C25 a_n9131_n1107# iout 0.81239f
C26 vdd a_n8547_1983# 7.34946f
C27 vinp a_n8547_1983# 1.89305f
C28 vout vss 7.88671f
C29 vinn vss 0.65874f
C30 vinp vss 0.46453f
C31 iout vss 4.95839f
C32 vdd vss 8.45177f
C33 a_n1818_n1514# vss 2.66076f
C34 a_n1818_1486# vss 0.34096p $ **FLOATING
C35 a_n8547_n1107# vss 3.56884f $ **FLOATING
C36 a_n8547_1983# vss 10.8405f $ **FLOATING
C37 a_n9131_n1107# vss 3.72508f $ **FLOATING
.ends

