GDS input file passed, running in LVS mode
No explicit top cell specified, using top cell 'ota_layout'
Calling MAGIC
magic -dnull -noconsole -rcfile /foss/pdks/ihp-sg13g2/libs.tech/magic/ihp-sg13g2.magicrc output/ota_layout__ota_layout/magic_CC/ota_layout_MAGIC_CC_Script.tcl, output file: output/ota_layout__ota_layout/magic_CC/ota_layout_MAGIC_CC_Output.txt

Magic 8.3 revision 603 - Compiled on Sat Feb 14 01:20:09 AM CET 2026.
Starting magic under Tcl interpreter
Using the terminal as the console.
Using NULL graphics device.
Processing system .magicrc file
Switching to WIRING tool.
Switching to NETLIST tool.
Switching to PICK tool.
Switching to BOX tool.
Sourcing design .magicrc for technology ihp-sg13g2 ...
2 Magic internal units = 1 Lambda
Input style sg13g2(): scaleFactor=2, multiplier=2
The following types are not handled by extraction and will be treated as non-electrical types:
    pblock sealcont difffill nemitter hvnemitter hvisodiffres sealvia1 sealvia2 sealvia3 sealvia4 sealvia5 sealvia6 pillar solder seal glass thruvia inductor 
Scaled tech values by 2 / 1 to match internal grid scaling
Loading ihp-sg13g2 Device Generator Menu ...
Loading "output/ota_layout__ota_layout/magic_CC/ota_layout_MAGIC_CC_Script.tcl" from command line.
Warning: Calma reading is not undoable!  I hope that's OK.
Library written using GDS-II Release 6.0
Library name: LIB
Reading "$$$CONTEXT_INFO$$$".
Error while reading cell "$$$CONTEXT_INFO$$$" (byte position 128): Unknown layer/datatype in boundary, layer=0 type=0
Reading "via_stack$35".
Reading "via_stack$34".
Reading "nmosHV$1".
Reading "pmosHV$2".
Reading "pmosHV$3".
Reading "via_stack$31".
Reading "via_stack$29".
Reading "via_stack$28".
Reading "via_stack$26".
Reading "via_stack$24".
Reading "via_stack$19".
Reading "via_stack$18".
Reading "via_stack$23".
Reading "cmim".
Reading "rppd".
Reading "via_stack$21".
Reading "via_stack$17".
Reading "via_stack$16".
Reading "via_stack$15".
Reading "via_stack$14".
Reading "via_stack$13".
Reading "ntap1".
Reading "pmosHV".
Reading "via_stack".
Reading "via_stack$1".
Reading "via_stack$2".
Reading "via_stack$3".
Reading "via_stack$4".
Reading "via_stack$5".
Reading "via_stack$6".
Reading "via_stack$7".
Reading "ptap1".
Moving label "sub!" from space to ptapdiff in cell ptap1.
Reading "via_stack$8".
Reading "via_stack$9".
Reading "via_stack$10".
Reading "via_stack$11".
Reading "via_stack$12".
Reading "nmosHV".
Reading "via_stack$33".
Reading "via_stack$32".
Reading "ota_layout".
Extracting ota_layout into /foss/designs/ota/pex/output/ota_layout__ota_layout/magic_CC/ota_layout.ext:
ota_layout: 4 warnings
Total of 4 warnings.
exttospice finished.
MAGIC succeeded after 0.2305s
Report DB saved at: output/ota_layout__ota_layout/magic_CC/ota_layout_MAGIC_report.rdb.gz
SPICE netlist saved at: output/ota_layout__ota_layout/magic_CC/ota_layout.pex.spice
* NGSPICE file created from ota_layout.ext - technology: ihp-sg13g2

.subckt ota_layout vdd vss vinp vinn iout vout
X0 vout iout vdd vdd sg13_hv_pmos ad=1.14p pd=6.38u as=2.04p ps=12.68u w=6u l=3u
X1 vdd iout vout vdd sg13_hv_pmos ad=1.14p pd=6.38u as=1.14p ps=6.38u w=6u l=3u
X2 vout iout vdd vdd sg13_hv_pmos ad=1.14p pd=6.38u as=1.14p ps=6.38u w=6u l=3u
X3 vdd iout iout vdd sg13_hv_pmos ad=1.14p pd=6.38u as=1.14p ps=6.38u w=6u l=3u
X4 vout iout vdd vdd sg13_hv_pmos ad=1.14p pd=6.38u as=1.14p ps=6.38u w=6u l=3u
X5 vdd vdd vdd vdd sg13_hv_pmos ad=2.04p pd=12.68u as=0.40607n ps=0.91316m w=6u l=3u
X6 vout iout vdd vdd sg13_hv_pmos ad=1.14p pd=6.38u as=1.14p ps=6.38u w=6u l=3u
X7 vdd vdd a_n8547_1983# vdd sg13_hv_pmos ad=4.08p pd=24.68u as=4.08p ps=24.68u w=12u l=1u
X8 iout iout vdd vdd sg13_hv_pmos ad=1.14p pd=6.38u as=2.04p ps=12.68u w=6u l=3u
X9 a_n9131_n1107# vdd vdd vdd sg13_hv_pmos ad=4.08p pd=24.68u as=4.08p ps=24.68u w=12u l=1u
X10 a_n9131_n1107# vdd vdd vdd sg13_hv_pmos ad=4.08p pd=24.68u as=4.08p ps=24.68u w=12u l=1u
X11 a_n8547_n1107# vinn a_n9131_n1107# vdd sg13_hv_pmos ad=4.08p pd=24.68u as=4.08p ps=24.68u w=12u l=1u
X12 vdd iout a_n9131_n1107# vdd sg13_hv_pmos ad=2.04p pd=12.68u as=2.04p ps=12.68u w=6u l=3u
X13 vss vss vss vss sg13_hv_nmos ad=1.02p pd=6.68u as=70.40117p ps=0.19494m w=3u l=1u
X14 vdd iout iout vdd sg13_hv_pmos ad=1.14p pd=6.38u as=1.14p ps=6.38u w=6u l=3u
X15 iout iout vdd vdd sg13_hv_pmos ad=1.14p pd=6.38u as=1.14p ps=6.38u w=6u l=3u
X16 vdd iout vout vdd sg13_hv_pmos ad=1.14p pd=6.38u as=1.14p ps=6.38u w=6u l=3u
X17 vss a_n8547_1983# vout vss sg13_hv_nmos ad=1.14p pd=6.38u as=1.14p ps=6.38u w=6u l=1u
X18 a_n1818_1486# a_n8547_1983# vss rppd l=15u w=1u
X19 a_n8547_n1107# vinn a_n9131_n1107# vdd sg13_hv_pmos ad=4.08p pd=24.68u as=4.08p ps=24.68u w=12u l=1u
X20 iout iout vdd vdd sg13_hv_pmos ad=1.14p pd=6.38u as=1.14p ps=6.38u w=6u l=3u
X21 vss a_n8547_1983# vout vss sg13_hv_nmos ad=2.04p pd=12.68u as=1.14p ps=6.38u w=6u l=1u
X22 vdd vdd a_n8547_1983# vdd sg13_hv_pmos ad=4.08p pd=24.68u as=4.08p ps=24.68u w=12u l=1u
X23 vout a_n8547_1983# vss vss sg13_hv_nmos ad=1.14p pd=6.38u as=1.14p ps=6.38u w=6u l=1u
X24 vss vss vss vss sg13_hv_nmos ad=1.02p pd=6.68u as=0 ps=0 w=3u l=1u
X25 iout iout vdd vdd sg13_hv_pmos ad=1.14p pd=6.38u as=1.14p ps=6.38u w=6u l=3u
X26 vdd iout vout vdd sg13_hv_pmos ad=2.04p pd=12.68u as=1.14p ps=6.38u w=6u l=3u
X27 vss a_n8547_n1107# a_n8547_n1107# vss sg13_hv_nmos ad=1.02p pd=6.68u as=1.02p ps=6.68u w=3u l=1u
X28 a_n1818_1486# vout cap_cmim l=15u w=15u
X29 a_n8547_1983# a_n8547_n1107# vss vss sg13_hv_nmos ad=1.02p pd=6.68u as=1.02p ps=6.68u w=3u l=1u
X30 a_n8547_1983# vinp a_n9131_n1107# vdd sg13_hv_pmos ad=4.08p pd=24.68u as=4.08p ps=24.68u w=12u l=1u
X31 vdd iout iout vdd sg13_hv_pmos ad=1.14p pd=6.38u as=1.14p ps=6.38u w=6u l=3u
X32 vdd vdd a_n8547_n1107# vdd sg13_hv_pmos ad=4.08p pd=24.68u as=4.08p ps=24.68u w=12u l=1u
X33 a_n8547_1983# vinp a_n9131_n1107# vdd sg13_hv_pmos ad=4.08p pd=24.68u as=4.08p ps=24.68u w=12u l=1u
X34 vout a_n8547_1983# vss vss sg13_hv_nmos ad=1.14p pd=6.38u as=2.04p ps=12.68u w=6u l=1u
X35 a_n9131_n1107# vdd vdd vdd sg13_hv_pmos ad=4.08p pd=24.68u as=4.08p ps=24.68u w=12u l=1u
X36 vdd iout iout vdd sg13_hv_pmos ad=2.04p pd=12.68u as=1.14p ps=6.38u w=6u l=3u
X37 a_n9131_n1107# vdd vdd vdd sg13_hv_pmos ad=4.08p pd=24.68u as=4.08p ps=24.68u w=12u l=1u
X38 vdd iout vout vdd sg13_hv_pmos ad=1.14p pd=6.38u as=1.14p ps=6.38u w=6u l=3u
X39 vdd vdd a_n8547_n1107# vdd sg13_hv_pmos ad=4.08p pd=24.68u as=4.08p ps=24.68u w=12u l=1u
X40 a_n9131_n1107# iout vdd vdd sg13_hv_pmos ad=2.04p pd=12.68u as=2.04p ps=12.68u w=6u l=3u
X41 vdd vdd vdd vdd sg13_hv_pmos ad=2.04p pd=12.68u as=0 ps=0 w=6u l=3u
C0 vinn vdd 3.61692f
C1 vinp a_n9131_n1107# 1.77245f
C2 vinp vdd 3.90655f
C3 a_n1818_1486# iout 0.06024f
C4 a_n1818_n1514# a_n8547_1983# 0.06963f
C5 iout a_n9131_n1107# 0.81239f
C6 iout vdd 53.4302f
C7 a_n1818_1486# a_n8547_1983# 0.01259f
C8 a_n8547_1983# a_n9131_n1107# 2.38161f
C9 vinn a_n8547_n1107# 2.00916f
C10 a_n1818_1486# a_n1818_n1514# 0.27921f
C11 a_n8547_1983# vdd 7.34946f
C12 vinp a_n8547_n1107# 0.50861f
C13 vinp vinn 1.0914f
C14 iout vout 2.12803f
C15 a_n1818_1486# vdd 0.23847f
C16 a_n9131_n1107# vdd 7.32937f
C17 vout a_n8547_1983# 1.08995f
C18 a_n8547_n1107# a_n8547_1983# 1.91609f
C19 a_n1818_n1514# vout 0.16606f
C20 vinn a_n8547_1983# 0.28186f
C21 a_n1818_1486# vout 1.90988f
C22 vinp a_n8547_1983# 1.89305f
C23 vout a_n9131_n1107# 0.03437f
C24 a_n8547_n1107# a_n9131_n1107# 3.13722f
C25 vout vdd 2.19576f
C26 a_n8547_n1107# vdd 7.43597f
C27 vinn a_n9131_n1107# 1.92468f
C28 vout vss 7.89528f
C29 vinn vss 0.65874f
C30 vinp vss 0.46453f
C31 iout vss 4.95839f
C32 vdd vss 8.45559f
C33 a_n1818_n1514# vss 2.66117f
C34 a_n1818_1486# vss 0.34058p $ **FLOATING
C35 a_n8547_n1107# vss 3.56884f $ **FLOATING
C36 a_n8547_1983# vss 10.8405f $ **FLOATING
C37 a_n9131_n1107# vss 3.72508f $ **FLOATING
.ends

