# Logfile created on 2026-03-29 00:18:37 +0100 by logger.rb/v1.5.3
2026-03-29 00:18:37 +0100: Memory Usage (435648K) : Starting running IHP-SG13G2 Klayout DRC antenna runset on /foss/designs/bgr_ip/bgr_ip.klay.gds
2026-03-29 00:18:37 +0100: Memory Usage (435648K) : Ruby Version for klayout: 3.2.3
2026-03-29 00:18:37 +0100: Memory Usage (437696K) : Loading database to memory is complete.
2026-03-29 00:18:37 +0100: Memory Usage (437696K) : IHP-SG13G2 Klayout DRC antenna runset output at: /foss/designs/top/drc_run_bgr_ip/bgr_ip.klay_bgr_ip_antenna.lyrdb
2026-03-29 00:18:37 +0100: Memory Usage (437696K) : Evaluate switches.
2026-03-29 00:18:37 +0100: Memory Usage (437696K) : KLayout will use 1 thread(s) in tiling mode.
2026-03-29 00:18:37 +0100: Memory Usage (437696K) : deep mode is enabled for antenna table.
2026-03-29 00:18:37 +0100: Memory Usage (437696K) : Read in polygons from layers.
2026-03-29 00:18:37 +0100: Memory Usage (438976K) : activ_drw has 740 polygons
2026-03-29 00:18:37 +0100: Memory Usage (439104K) : gatpoly_drw has 391 polygons
2026-03-29 00:18:37 +0100: Memory Usage (439360K) : cont_drw has 5253 polygons
2026-03-29 00:18:37 +0100: Memory Usage (439360K) : nsd_block has 0 polygons
2026-03-29 00:18:37 +0100: Memory Usage (439360K) : metal1_drw has 1446 polygons
2026-03-29 00:18:37 +0100: Memory Usage (439488K) : metal2_drw has 153 polygons
2026-03-29 00:18:37 +0100: Memory Usage (439616K) : psd_drw has 456 polygons
2026-03-29 00:18:37 +0100: Memory Usage (439616K) : digisub_drw has 0 polygons
2026-03-29 00:18:37 +0100: Memory Usage (439616K) : via1_drw has 2413 polygons
2026-03-29 00:18:37 +0100: Memory Usage (439744K) : via2_drw has 531 polygons
2026-03-29 00:18:37 +0100: Memory Usage (439744K) : metal3_drw has 101 polygons
2026-03-29 00:18:37 +0100: Memory Usage (439872K) : nwell_drw has 694 polygons
2026-03-29 00:18:37 +0100: Memory Usage (439872K) : pwell_block has 0 polygons
2026-03-29 00:18:37 +0100: Memory Usage (440000K) : via3_drw has 390 polygons
2026-03-29 00:18:37 +0100: Memory Usage (440000K) : metal4_drw has 64 polygons
2026-03-29 00:18:37 +0100: Memory Usage (440000K) : via4_drw has 145 polygons
2026-03-29 00:18:37 +0100: Memory Usage (440128K) : metal5_drw has 353 polygons
2026-03-29 00:18:37 +0100: Memory Usage (440128K) : recog_diode has 0 polygons
2026-03-29 00:18:37 +0100: Memory Usage (440128K) : recog_esd has 0 polygons
2026-03-29 00:18:37 +0100: Memory Usage (440256K) : topvia1_drw has 305 polygons
2026-03-29 00:18:37 +0100: Memory Usage (440256K) : topmetal1_drw has 344 polygons
2026-03-29 00:18:37 +0100: Memory Usage (440256K) : topvia2_drw has 0 polygons
2026-03-29 00:18:37 +0100: Memory Usage (440384K) : topmetal2_drw has 0 polygons
2026-03-29 00:18:37 +0100: Memory Usage (440384K) : Total no. of polygons in the design is 13779
2026-03-29 00:18:37 +0100: Memory Usage (440384K) : Loaded TECH DRC rules values from /foss/pdks/ihp-sg13g2/libs.tech/klayout/python/sg13g2_pycell_lib/sg13g2_tech_mod.json
2026-03-29 00:18:37 +0100: Memory Usage (440384K) : Loaded default DRC rules values from /foss/pdks/ihp-sg13g2/libs.tech/klayout/tech/drc/rule_decks/sg13g2_tech_default.json
2026-03-29 00:18:37 +0100: Memory Usage (440384K) : The following rules values were missing in tech json and default values were used:
2026-03-29 00:18:37 +0100: Memory Usage (440384K) :   - Cnt_c_digibnd
2026-03-29 00:18:37 +0100: Memory Usage (441792K) : Total area of the design is 8468.6002 um^2.
2026-03-29 00:18:37 +0100: Memory Usage (441792K) : The design dimensions are 104.12 µm * 81.335 µm.
2026-03-29 00:18:37 +0100: Memory Usage (441792K) : Starting general IHP-SG13G2 derivations.
2026-03-29 00:18:37 +0100: Memory Usage (444480K) : Starting IHP-SG13G2 DRC rules.
2026-03-29 00:18:37 +0100: Memory Usage (444480K) : Starting 7.1 Antenna Rules table
2026-03-29 00:18:37 +0100: Memory Usage (444608K) : Executing rule Ant.a
2026-03-29 00:18:37 +0100: Memory Usage (445376K) : Executing rule Ant.c
2026-03-29 00:18:37 +0100: Memory Usage (445376K) : Starting cumulative antenna ratio calculations
2026-03-29 00:18:37 +0100: Memory Usage (445376K) : Evaluating metal1_drw ratio
2026-03-29 00:18:37 +0100: Memory Usage (446272K) : Evaluating via1_drw ratio
2026-03-29 00:18:37 +0100: Memory Usage (446400K) : Evaluating metal2_drw ratio
2026-03-29 00:18:37 +0100: Memory Usage (446528K) : Evaluating via2_drw ratio
2026-03-29 00:18:37 +0100: Memory Usage (446656K) : Evaluating metal3_drw ratio
2026-03-29 00:18:37 +0100: Memory Usage (446784K) : Evaluating via3_drw ratio
2026-03-29 00:18:37 +0100: Memory Usage (446912K) : Evaluating metal4_drw ratio
2026-03-29 00:18:37 +0100: Memory Usage (447040K) : Evaluating via4_drw ratio
2026-03-29 00:18:37 +0100: Memory Usage (447168K) : Evaluating metal5_drw ratio
2026-03-29 00:18:37 +0100: Memory Usage (447424K) : Evaluating topvia1_drw ratio
2026-03-29 00:18:37 +0100: Memory Usage (447552K) : Evaluating topmetal1_drw ratio
2026-03-29 00:18:37 +0100: Memory Usage (447808K) : Evaluating topvia2_drw ratio
2026-03-29 00:18:37 +0100: Memory Usage (447808K) : Evaluating topmetal2_drw ratio
2026-03-29 00:18:38 +0100: Memory Usage (447936K) : Evaluating diode presence
2026-03-29 00:18:38 +0100: Memory Usage (447936K) : Creating base layer with all individual ratios and diode flag
2026-03-29 00:18:38 +0100: Memory Usage (448960K) : Executing rules Ant.b and Ant.e
2026-03-29 00:18:38 +0100: Memory Usage (448960K) : Executing Ant.b_Metal1
2026-03-29 00:18:38 +0100: Memory Usage (449088K) : Executing Ant.e_Metal1
2026-03-29 00:18:38 +0100: Memory Usage (449216K) : Evaluating cumulative ratio after Metal2
2026-03-29 00:18:38 +0100: Memory Usage (449216K) : Executing Ant.b_Metal2
2026-03-29 00:18:38 +0100: Memory Usage (449344K) : Executing Ant.e_Metal2
2026-03-29 00:18:38 +0100: Memory Usage (449344K) : Evaluating cumulative ratio after Metal3
2026-03-29 00:18:38 +0100: Memory Usage (449472K) : Executing Ant.b_Metal3
2026-03-29 00:18:38 +0100: Memory Usage (449472K) : Executing Ant.e_Metal3
2026-03-29 00:18:38 +0100: Memory Usage (449600K) : Evaluating cumulative ratio after Metal4
2026-03-29 00:18:38 +0100: Memory Usage (449600K) : Executing Ant.b_Metal4
2026-03-29 00:18:38 +0100: Memory Usage (449728K) : Executing Ant.e_Metal4
2026-03-29 00:18:38 +0100: Memory Usage (449728K) : Evaluating cumulative ratio after Metal5
2026-03-29 00:18:38 +0100: Memory Usage (449856K) : Executing Ant.b_Metal5
2026-03-29 00:18:38 +0100: Memory Usage (449984K) : Executing Ant.e_Metal5
2026-03-29 00:18:38 +0100: Memory Usage (449984K) : Evaluating cumulative ratio after TopMetal1
2026-03-29 00:18:38 +0100: Memory Usage (450112K) : Executing Ant.b_TopMetal1
2026-03-29 00:18:38 +0100: Memory Usage (450240K) : Executing Ant.e_TopMetal1
2026-03-29 00:18:38 +0100: Memory Usage (450240K) : Evaluating cumulative ratio after TopMetal2
2026-03-29 00:18:38 +0100: Memory Usage (450368K) : Executing Ant.b_TopMetal2
2026-03-29 00:18:38 +0100: Memory Usage (450496K) : Executing Ant.e_TopMetal2
2026-03-29 00:18:38 +0100: Memory Usage (450624K) : Executing rules Ant.d and Ant.f
2026-03-29 00:18:38 +0100: Memory Usage (450624K) : Evaluating cumulative ratio after Via1
2026-03-29 00:18:38 +0100: Memory Usage (450624K) : Executing Ant.d_Via1
2026-03-29 00:18:38 +0100: Memory Usage (450752K) : Executing Ant.f_Via1
2026-03-29 00:18:38 +0100: Memory Usage (451008K) : Evaluating cumulative ratio after Via2
2026-03-29 00:18:38 +0100: Memory Usage (451008K) : Executing Ant.d_Via2
2026-03-29 00:18:38 +0100: Memory Usage (451136K) : Executing Ant.f_Via2
2026-03-29 00:18:38 +0100: Memory Usage (451264K) : Evaluating cumulative ratio after Via3
2026-03-29 00:18:38 +0100: Memory Usage (451264K) : Executing Ant.d_Via3
2026-03-29 00:18:38 +0100: Memory Usage (451392K) : Executing Ant.f_Via3
2026-03-29 00:18:38 +0100: Memory Usage (451520K) : Evaluating cumulative ratio after Via4
2026-03-29 00:18:38 +0100: Memory Usage (451520K) : Executing Ant.d_Via4
2026-03-29 00:18:38 +0100: Memory Usage (451648K) : Executing Ant.f_Via4
2026-03-29 00:18:38 +0100: Memory Usage (451776K) : Evaluating cumulative ratio after TopVia1
2026-03-29 00:18:38 +0100: Memory Usage (451776K) : Executing Ant.d_TopVia1
2026-03-29 00:18:38 +0100: Memory Usage (452160K) : Executing Ant.f_TopVia1
2026-03-29 00:18:38 +0100: Memory Usage (452160K) : Evaluating cumulative ratio after TopVia2
2026-03-29 00:18:38 +0100: Memory Usage (452288K) : Executing Ant.d_TopVia2
2026-03-29 00:18:38 +0100: Memory Usage (452416K) : Executing Ant.f_TopVia2
2026-03-29 00:18:38 +0100: Memory Usage (452416K) : Executing rule Ant.g
2026-03-29 00:18:38 +0100: Memory Usage (452672K) : Executing rule Ant.h
2026-03-29 00:18:38 +0100: Memory Usage (452928K) : Executing rule Ant.i
