# Logfile created on 2026-03-29 00:07:45 +0100 by logger.rb/v1.5.3
2026-03-29 00:07:45 +0100: Memory Usage (438144K) : Starting running IHP-SG13G2 KLayout DRC runset on /foss/designs/top/final_gds.gds
2026-03-29 00:07:45 +0100: Memory Usage (438144K) : Ruby Version for klayout: 3.2.3
2026-03-29 00:07:45 +0100: Memory Usage (462464K) : Loading database to memory is complete.
2026-03-29 00:07:45 +0100: Memory Usage (462464K) : IHP-SG13G2 KLayout DRC runset output at: /foss/designs/top/drc_run_pmu_ip/final_gds_pmu_ip_main.lyrdb
2026-03-29 00:07:45 +0100: Memory Usage (462464K) : Evaluate switches.
2026-03-29 00:07:45 +0100: Memory Usage (462464K) : tables selected: main
2026-03-29 00:07:45 +0100: Memory Usage (462464K) : KLayout will use 1 thread(s) in tiling mode.
2026-03-29 00:07:45 +0100: Memory Usage (462464K) : deep mode is enabled.
2026-03-29 00:07:45 +0100: Memory Usage (462592K) : FEOL enabled: true
2026-03-29 00:07:45 +0100: Memory Usage (462592K) : BEOL enabled: true
2026-03-29 00:07:45 +0100: Memory Usage (462592K) : OFFGRID enabled: true
2026-03-29 00:07:45 +0100: Memory Usage (462592K) : PIN enabled: true
2026-03-29 00:07:45 +0100: Memory Usage (462592K) : FORBIDDEN enabled: true
2026-03-29 00:07:45 +0100: Memory Usage (462592K) : RECOMMENDED enabled: true
2026-03-29 00:07:45 +0100: Memory Usage (462592K) : PreCheck DRC enabled: false
2026-03-29 00:07:45 +0100: Memory Usage (462592K) : CONNECTIVITY_RULES enabled: true.
2026-03-29 00:07:45 +0100: Memory Usage (462592K) : Read in polygons from layers.
2026-03-29 00:07:45 +0100: Memory Usage (464128K) : activ_drw has 1019 polygons
2026-03-29 00:07:45 +0100: Memory Usage (464256K) : activ_pin has 0 polygons
2026-03-29 00:07:45 +0100: Memory Usage (464384K) : activ_mask has 0 polygons
2026-03-29 00:07:45 +0100: Memory Usage (464384K) : activ_filler has 0 polygons
2026-03-29 00:07:45 +0100: Memory Usage (464512K) : activ_nofill has 0 polygons
2026-03-29 00:07:45 +0100: Memory Usage (464512K) : activ_opc has 0 polygons
2026-03-29 00:07:45 +0100: Memory Usage (464640K) : activ_iopc has 0 polygons
2026-03-29 00:07:45 +0100: Memory Usage (464640K) : activ_noqrc has 0 polygons
2026-03-29 00:07:45 +0100: Memory Usage (464640K) : biwind_drw has 0 polygons
2026-03-29 00:07:45 +0100: Memory Usage (464768K) : biwind_opc has 0 polygons
2026-03-29 00:07:45 +0100: Memory Usage (464768K) : pemwind_drw has 0 polygons
2026-03-29 00:07:45 +0100: Memory Usage (464896K) : gatpoly_drw has 760 polygons
2026-03-29 00:07:45 +0100: Memory Usage (464896K) : gatpoly_pin has 98 polygons
2026-03-29 00:07:45 +0100: Memory Usage (465024K) : gatpoly_filler has 0 polygons
2026-03-29 00:07:45 +0100: Memory Usage (465024K) : gatpoly_nofill has 0 polygons
2026-03-29 00:07:45 +0100: Memory Usage (465152K) : gatpoly_opc has 0 polygons
2026-03-29 00:07:45 +0100: Memory Usage (465152K) : gatpoly_iopc has 0 polygons
2026-03-29 00:07:45 +0100: Memory Usage (465152K) : gatpoly_noqrc has 0 polygons
2026-03-29 00:07:45 +0100: Memory Usage (465280K) : cont_drw has 10508 polygons
2026-03-29 00:07:45 +0100: Memory Usage (465408K) : cont_opc has 0 polygons
2026-03-29 00:07:45 +0100: Memory Usage (465536K) : nsd_drw has 84 polygons
2026-03-29 00:07:45 +0100: Memory Usage (465536K) : nsd_block has 0 polygons
2026-03-29 00:07:45 +0100: Memory Usage (465664K) : metal1_drw has 2130 polygons
2026-03-29 00:07:45 +0100: Memory Usage (465792K) : metal1_pin has 1331 polygons
2026-03-29 00:07:45 +0100: Memory Usage (465920K) : metal1_mask has 0 polygons
2026-03-29 00:07:45 +0100: Memory Usage (465920K) : metal1_filler has 0 polygons
2026-03-29 00:07:45 +0100: Memory Usage (466048K) : metal1_nofill has 0 polygons
2026-03-29 00:07:45 +0100: Memory Usage (466048K) : metal1_slit has 0 polygons
2026-03-29 00:07:45 +0100: Memory Usage (466432K) : metal1_text has 13 polygons
2026-03-29 00:07:45 +0100: Memory Usage (466432K) : metal1_opc has 0 polygons
2026-03-29 00:07:45 +0100: Memory Usage (466432K) : metal1_noqrc has 0 polygons
2026-03-29 00:07:45 +0100: Memory Usage (466560K) : metal1_res has 0 polygons
2026-03-29 00:07:45 +0100: Memory Usage (466560K) : metal1_iprobe has 0 polygons
2026-03-29 00:07:45 +0100: Memory Usage (466688K) : metal1_diffprb has 0 polygons
2026-03-29 00:07:45 +0100: Memory Usage (466688K) : passiv_drw has 0 polygons
2026-03-29 00:07:45 +0100: Memory Usage (466816K) : passiv_pin has 0 polygons
2026-03-29 00:07:45 +0100: Memory Usage (466816K) : passiv_sbump has 0 polygons
2026-03-29 00:07:45 +0100: Memory Usage (466816K) : passiv_pillar has 0 polygons
2026-03-29 00:07:45 +0100: Memory Usage (466944K) : passiv_pdl has 0 polygons
2026-03-29 00:07:45 +0100: Memory Usage (466944K) : metal2_drw has 364 polygons
2026-03-29 00:07:45 +0100: Memory Usage (467072K) : metal2_pin has 10 polygons
2026-03-29 00:07:45 +0100: Memory Usage (467072K) : metal2_mask has 0 polygons
2026-03-29 00:07:45 +0100: Memory Usage (467200K) : metal2_filler has 0 polygons
2026-03-29 00:07:45 +0100: Memory Usage (467200K) : metal2_nofill has 0 polygons
2026-03-29 00:07:45 +0100: Memory Usage (467328K) : metal2_slit has 0 polygons
2026-03-29 00:07:45 +0100: Memory Usage (467328K) : metal2_text has 11 polygons
2026-03-29 00:07:45 +0100: Memory Usage (467456K) : metal2_opc has 0 polygons
2026-03-29 00:07:45 +0100: Memory Usage (467456K) : metal2_noqrc has 0 polygons
2026-03-29 00:07:45 +0100: Memory Usage (467584K) : metal2_res has 0 polygons
2026-03-29 00:07:45 +0100: Memory Usage (467584K) : metal2_iprobe has 0 polygons
2026-03-29 00:07:45 +0100: Memory Usage (467712K) : metal2_diffprb has 0 polygons
2026-03-29 00:07:45 +0100: Memory Usage (467712K) : baspoly_drw has 0 polygons
2026-03-29 00:07:45 +0100: Memory Usage (467840K) : baspoly_pin has 0 polygons
2026-03-29 00:07:45 +0100: Memory Usage (467840K) : psd_drw has 723 polygons
2026-03-29 00:07:45 +0100: Memory Usage (467968K) : nldb_drw has 0 polygons
2026-03-29 00:07:45 +0100: Memory Usage (467968K) : digibnd_drw has 0 polygons
2026-03-29 00:07:45 +0100: Memory Usage (467968K) : via1_drw has 4709 polygons
2026-03-29 00:07:45 +0100: Memory Usage (468096K) : backmetal1_drw has 0 polygons
2026-03-29 00:07:45 +0100: Memory Usage (468224K) : backmetal1_pin has 0 polygons
2026-03-29 00:07:45 +0100: Memory Usage (468224K) : backmetal1_mask has 0 polygons
2026-03-29 00:07:45 +0100: Memory Usage (468352K) : backmetal1_filler has 0 polygons
2026-03-29 00:07:45 +0100: Memory Usage (468352K) : backmetal1_nofill has 0 polygons
2026-03-29 00:07:45 +0100: Memory Usage (468480K) : backmetal1_slit has 0 polygons
2026-03-29 00:07:45 +0100: Memory Usage (468480K) : backmetal1_text has 0 polygons
2026-03-29 00:07:45 +0100: Memory Usage (468480K) : backmetal1_opc has 0 polygons
2026-03-29 00:07:45 +0100: Memory Usage (468608K) : backmetal1_noqrc has 0 polygons
2026-03-29 00:07:45 +0100: Memory Usage (468608K) : backmetal1_res has 0 polygons
2026-03-29 00:07:45 +0100: Memory Usage (468736K) : backmetal1_iprobe has 0 polygons
2026-03-29 00:07:45 +0100: Memory Usage (468736K) : backmetal1_diffprb has 0 polygons
2026-03-29 00:07:45 +0100: Memory Usage (468736K) : backpassiv_drw has 0 polygons
2026-03-29 00:07:45 +0100: Memory Usage (468864K) : res_drw has 0 polygons
2026-03-29 00:07:45 +0100: Memory Usage (468864K) : sram_drw has 0 polygons
2026-03-29 00:07:45 +0100: Memory Usage (468992K) : trans_drw has 0 polygons
2026-03-29 00:07:45 +0100: Memory Usage (468992K) : ind_drw has 0 polygons
2026-03-29 00:07:45 +0100: Memory Usage (469120K) : ind_pin has 0 polygons
2026-03-29 00:07:45 +0100: Memory Usage (469248K) : ind_text has 0 polygons
2026-03-29 00:07:45 +0100: Memory Usage (469248K) : salblock_drw has 116 polygons
2026-03-29 00:07:45 +0100: Memory Usage (469248K) : via2_drw has 878 polygons
2026-03-29 00:07:45 +0100: Memory Usage (469376K) : metal3_drw has 178 polygons
2026-03-29 00:07:45 +0100: Memory Usage (469504K) : metal3_pin has 11 polygons
2026-03-29 00:07:45 +0100: Memory Usage (469632K) : metal3_mask has 0 polygons
2026-03-29 00:07:45 +0100: Memory Usage (469632K) : metal3_filler has 0 polygons
2026-03-29 00:07:45 +0100: Memory Usage (469760K) : metal3_nofill has 0 polygons
2026-03-29 00:07:45 +0100: Memory Usage (469760K) : metal3_slit has 0 polygons
2026-03-29 00:07:45 +0100: Memory Usage (469760K) : metal3_text has 11 polygons
2026-03-29 00:07:45 +0100: Memory Usage (469888K) : metal3_opc has 0 polygons
2026-03-29 00:07:45 +0100: Memory Usage (469888K) : metal3_noqrc has 0 polygons
2026-03-29 00:07:45 +0100: Memory Usage (470016K) : metal3_res has 0 polygons
2026-03-29 00:07:45 +0100: Memory Usage (470144K) : metal3_iprobe has 0 polygons
2026-03-29 00:07:45 +0100: Memory Usage (470144K) : metal3_diffprb has 0 polygons
2026-03-29 00:07:45 +0100: Memory Usage (470144K) : nwell_drw has 723 polygons
2026-03-29 00:07:45 +0100: Memory Usage (470272K) : nwell_pin has 330 polygons
2026-03-29 00:07:45 +0100: Memory Usage (470272K) : nbulay_drw has 362 polygons
2026-03-29 00:07:45 +0100: Memory Usage (470400K) : nbulay_pin has 0 polygons
2026-03-29 00:07:45 +0100: Memory Usage (470400K) : nbulay_block has 0 polygons
2026-03-29 00:07:45 +0100: Memory Usage (470528K) : emwind_drw has 0 polygons
2026-03-29 00:07:45 +0100: Memory Usage (470656K) : emwind_opc has 0 polygons
2026-03-29 00:07:45 +0100: Memory Usage (470656K) : deepco_drw has 0 polygons
2026-03-29 00:07:45 +0100: Memory Usage (470656K) : deepco_drw has 0 polygons
2026-03-29 00:07:45 +0100: Memory Usage (470784K) : mim_drw has 22 polygons
2026-03-29 00:07:45 +0100: Memory Usage (470912K) : edgeseal_drw has 0 polygons
2026-03-29 00:07:45 +0100: Memory Usage (470912K) : edgeseal_bound has 0 polygons
2026-03-29 00:07:45 +0100: Memory Usage (471040K) : substrate_drw has 347 polygons
2026-03-29 00:07:45 +0100: Memory Usage (471040K) : substrate_text has 0 polygons
2026-03-29 00:07:45 +0100: Memory Usage (471168K) : dfpad_drw has 0 polygons
2026-03-29 00:07:45 +0100: Memory Usage (471168K) : dfpad_pillar has 0 polygons
2026-03-29 00:07:45 +0100: Memory Usage (471168K) : dfpad_sbump has 0 polygons
2026-03-29 00:07:45 +0100: Memory Usage (471296K) : thickgateox_drw has 98 polygons
2026-03-29 00:07:45 +0100: Memory Usage (471296K) : pldb_drw has 0 polygons
2026-03-29 00:07:45 +0100: Memory Usage (471424K) : pwell_drw has 0 polygons
2026-03-29 00:07:45 +0100: Memory Usage (471424K) : pwell_pin has 0 polygons
2026-03-29 00:07:45 +0100: Memory Usage (471552K) : pwell_block has 0 polygons
2026-03-29 00:07:45 +0100: Memory Usage (471552K) : ic_drw has 0 polygons
2026-03-29 00:07:45 +0100: Memory Usage (471552K) : via3_drw has 520 polygons
2026-03-29 00:07:45 +0100: Memory Usage (471680K) : metal4_drw has 84 polygons
2026-03-29 00:07:45 +0100: Memory Usage (471808K) : metal4_pin has 4 polygons
2026-03-29 00:07:45 +0100: Memory Usage (471808K) : metal4_mask has 0 polygons
2026-03-29 00:07:45 +0100: Memory Usage (471936K) : metal4_filler has 0 polygons
2026-03-29 00:07:45 +0100: Memory Usage (471936K) : metal4_nofill has 0 polygons
2026-03-29 00:07:45 +0100: Memory Usage (472064K) : metal4_slit has 0 polygons
2026-03-29 00:07:45 +0100: Memory Usage (472064K) : metal4_text has 4 polygons
2026-03-29 00:07:45 +0100: Memory Usage (472192K) : metal4_opc has 0 polygons
2026-03-29 00:07:45 +0100: Memory Usage (472192K) : metal4_noqrc has 0 polygons
2026-03-29 00:07:45 +0100: Memory Usage (472192K) : metal4_res has 0 polygons
2026-03-29 00:07:45 +0100: Memory Usage (472320K) : metal4_iprobe has 0 polygons
2026-03-29 00:07:45 +0100: Memory Usage (472448K) : metal4_diffprb has 0 polygons
2026-03-29 00:07:45 +0100: Memory Usage (472448K) : heattrans_drw has 164 polygons
2026-03-29 00:07:45 +0100: Memory Usage (472576K) : heatres_drw has 116 polygons
2026-03-29 00:07:45 +0100: Memory Usage (472576K) : pempoly_drw has 0 polygons
2026-03-29 00:07:45 +0100: Memory Usage (472704K) : fbe_drw has 0 polygons
2026-03-29 00:07:45 +0100: Memory Usage (472704K) : empoly_drw has 0 polygons
2026-03-29 00:07:45 +0100: Memory Usage (472704K) : ldmos_drw has 0 polygons
2026-03-29 00:07:45 +0100: Memory Usage (472832K) : pbiwind_drw has 0 polygons
2026-03-29 00:07:45 +0100: Memory Usage (472960K) : digisub_drw has 0 polygons
2026-03-29 00:07:45 +0100: Memory Usage (472960K) : nodrc_drw has 0 polygons
2026-03-29 00:07:45 +0100: Memory Usage (473088K) : text_drw has 799 polygons
2026-03-29 00:07:45 +0100: Memory Usage (473088K) : via4_drw has 253 polygons
2026-03-29 00:07:45 +0100: Memory Usage (473216K) : metal5_drw has 656 polygons
2026-03-29 00:07:45 +0100: Memory Usage (473216K) : metal5_pin has 0 polygons
2026-03-29 00:07:45 +0100: Memory Usage (473344K) : metal5_mask has 0 polygons
2026-03-29 00:07:45 +0100: Memory Usage (473344K) : metal5_filler has 0 polygons
2026-03-29 00:07:45 +0100: Memory Usage (473344K) : metal5_nofill has 0 polygons
2026-03-29 00:07:45 +0100: Memory Usage (473472K) : metal5_slit has 0 polygons
2026-03-29 00:07:45 +0100: Memory Usage (473472K) : metal5_text has 0 polygons
2026-03-29 00:07:45 +0100: Memory Usage (473600K) : metal5_opc has 0 polygons
2026-03-29 00:07:45 +0100: Memory Usage (473600K) : metal5_noqrc has 0 polygons
2026-03-29 00:07:45 +0100: Memory Usage (473600K) : metal5_res has 0 polygons
2026-03-29 00:07:45 +0100: Memory Usage (473728K) : metal5_iprobe has 0 polygons
2026-03-29 00:07:45 +0100: Memory Usage (473728K) : metal5_diffprb has 0 polygons
2026-03-29 00:07:45 +0100: Memory Usage (473856K) : radhard_drw has 0 polygons
2026-03-29 00:07:45 +0100: Memory Usage (473984K) : memcap_drw has 0 polygons
2026-03-29 00:07:45 +0100: Memory Usage (474112K) : varicap_drw has 0 polygons
2026-03-29 00:07:45 +0100: Memory Usage (474112K) : flash_drw has 0 polygons
2026-03-29 00:07:45 +0100: Memory Usage (474240K) : intbondvia_drw has 0 polygons
2026-03-29 00:07:45 +0100: Memory Usage (474240K) : intbondmet_drw has 0 polygons
2026-03-29 00:07:45 +0100: Memory Usage (474240K) : devbondvia_drw has 0 polygons
2026-03-29 00:07:45 +0100: Memory Usage (474368K) : devbondmet_drw has 0 polygons
2026-03-29 00:07:45 +0100: Memory Usage (474368K) : devtrench_drw has 0 polygons
2026-03-29 00:07:45 +0100: Memory Usage (474496K) : redist_drw has 0 polygons
2026-03-29 00:07:45 +0100: Memory Usage (474496K) : graphbot_drw has 0 polygons
2026-03-29 00:07:45 +0100: Memory Usage (474624K) : graphtop_drw has 0 polygons
2026-03-29 00:07:45 +0100: Memory Usage (474624K) : antvia1_drw has 0 polygons
2026-03-29 00:07:45 +0100: Memory Usage (474624K) : antmetal2_drw has 0 polygons
2026-03-29 00:07:45 +0100: Memory Usage (474752K) : graphcont_drw has 0 polygons
2026-03-29 00:07:45 +0100: Memory Usage (474752K) : siwg_drw has 0 polygons
2026-03-29 00:07:45 +0100: Memory Usage (474880K) : siwg_filler has 0 polygons
2026-03-29 00:07:45 +0100: Memory Usage (474880K) : siwg_nofill has 0 polygons
2026-03-29 00:07:45 +0100: Memory Usage (475008K) : sigrating_drw has 0 polygons
2026-03-29 00:07:45 +0100: Memory Usage (475008K) : singrating_drw has 0 polygons
2026-03-29 00:07:45 +0100: Memory Usage (475136K) : graphpas_drw has 0 polygons
2026-03-29 00:07:45 +0100: Memory Usage (475136K) : emwind3_drw has 0 polygons
2026-03-29 00:07:45 +0100: Memory Usage (475264K) : emwihv3_drw has 0 polygons
2026-03-29 00:07:45 +0100: Memory Usage (475264K) : redbulay_drw has 0 polygons
2026-03-29 00:07:45 +0100: Memory Usage (475392K) : smos_drw has 0 polygons
2026-03-29 00:07:45 +0100: Memory Usage (475392K) : graphpad_drw has 0 polygons
2026-03-29 00:07:45 +0100: Memory Usage (475392K) : polimide_drw has 0 polygons
2026-03-29 00:07:45 +0100: Memory Usage (475520K) : polimide_pin has 0 polygons
2026-03-29 00:07:45 +0100: Memory Usage (475648K) : recog_drw has 0 polygons
2026-03-29 00:07:45 +0100: Memory Usage (475648K) : recog_pin has 0 polygons
2026-03-29 00:07:45 +0100: Memory Usage (475776K) : recog_esd has 0 polygons
2026-03-29 00:07:45 +0100: Memory Usage (475776K) : recog_diode has 0 polygons
2026-03-29 00:07:45 +0100: Memory Usage (475904K) : recog_tsv has 0 polygons
2026-03-29 00:07:45 +0100: Memory Usage (475904K) : recog_iprobe has 0 polygons
2026-03-29 00:07:45 +0100: Memory Usage (475904K) : recog_diffprb has 0 polygons
2026-03-29 00:07:45 +0100: Memory Usage (476032K) : recog_pillar has 0 polygons
2026-03-29 00:07:45 +0100: Memory Usage (476032K) : recog_sbump has 0 polygons
2026-03-29 00:07:45 +0100: Memory Usage (476032K) : recog_otp has 0 polygons
2026-03-29 00:07:45 +0100: Memory Usage (476032K) : recog_pdiode has 0 polygons
2026-03-29 00:07:45 +0100: Memory Usage (476160K) : recog_mom has 0 polygons
2026-03-29 00:07:45 +0100: Memory Usage (476160K) : recog_pcm has 0 polygons
2026-03-29 00:07:45 +0100: Memory Usage (476160K) : colopen_drw has 0 polygons
2026-03-29 00:07:45 +0100: Memory Usage (476288K) : graphmetal1_drw has 0 polygons
2026-03-29 00:07:45 +0100: Memory Usage (476288K) : graphmetal1_filler has 0 polygons
2026-03-29 00:07:45 +0100: Memory Usage (476288K) : graphmetal1_nofill has 0 polygons
2026-03-29 00:07:45 +0100: Memory Usage (476416K) : graphmetal1_slit has 0 polygons
2026-03-29 00:07:45 +0100: Memory Usage (476416K) : graphmetal1_opc has 0 polygons
2026-03-29 00:07:45 +0100: Memory Usage (476416K) : graphmet1l_drw has 0 polygons
2026-03-29 00:07:45 +0100: Memory Usage (476416K) : graphmet1l_filler has 0 polygons
2026-03-29 00:07:45 +0100: Memory Usage (476544K) : graphmet1l_nofill has 0 polygons
2026-03-29 00:07:45 +0100: Memory Usage (476544K) : graphmet1l_slit has 0 polygons
2026-03-29 00:07:45 +0100: Memory Usage (476544K) : graphmet1l_opc has 0 polygons
2026-03-29 00:07:45 +0100: Memory Usage (476672K) : extblock_drw has 348 polygons
2026-03-29 00:07:45 +0100: Memory Usage (476672K) : nldd_drw has 0 polygons
2026-03-29 00:07:45 +0100: Memory Usage (476672K) : pldd_drw has 0 polygons
2026-03-29 00:07:45 +0100: Memory Usage (476800K) : next_drw has 0 polygons
2026-03-29 00:07:45 +0100: Memory Usage (476800K) : pext_drw has 0 polygons
2026-03-29 00:07:45 +0100: Memory Usage (476928K) : nexthv_drw has 0 polygons
2026-03-29 00:07:45 +0100: Memory Usage (476928K) : pexthv_drw has 0 polygons
2026-03-29 00:07:45 +0100: Memory Usage (477056K) : graphgate_drw has 0 polygons
2026-03-29 00:07:45 +0100: Memory Usage (477056K) : sinwg_drw has 0 polygons
2026-03-29 00:07:45 +0100: Memory Usage (477056K) : sinwg_filler has 0 polygons
2026-03-29 00:07:45 +0100: Memory Usage (477184K) : sinwg_nofill has 0 polygons
2026-03-29 00:07:45 +0100: Memory Usage (477184K) : mempad_drw has 0 polygons
2026-03-29 00:07:45 +0100: Memory Usage (477312K) : topvia1_drw has 595 polygons
2026-03-29 00:07:45 +0100: Memory Usage (477312K) : topmetal1_drw has 639 polygons
2026-03-29 00:07:45 +0100: Memory Usage (477440K) : topmetal1_pin has 1 polygons
2026-03-29 00:07:45 +0100: Memory Usage (477440K) : topmetal1_mask has 0 polygons
2026-03-29 00:07:45 +0100: Memory Usage (477440K) : topmetal1_filler has 0 polygons
2026-03-29 00:07:45 +0100: Memory Usage (477440K) : topmetal1_nofill has 0 polygons
2026-03-29 00:07:45 +0100: Memory Usage (477568K) : topmetal1_slit has 0 polygons
2026-03-29 00:07:45 +0100: Memory Usage (477568K) : topmetal1_text has 1 polygons
2026-03-29 00:07:45 +0100: Memory Usage (477568K) : topmetal1_noqrc has 0 polygons
2026-03-29 00:07:45 +0100: Memory Usage (477696K) : topmetal1_res has 0 polygons
2026-03-29 00:07:45 +0100: Memory Usage (477696K) : topmetal1_iprobe has 0 polygons
2026-03-29 00:07:45 +0100: Memory Usage (477696K) : topmetal1_diffprb has 0 polygons
2026-03-29 00:07:45 +0100: Memory Usage (477824K) : inldpwl_drw has 0 polygons
2026-03-29 00:07:45 +0100: Memory Usage (477824K) : polyres_drw has 116 polygons
2026-03-29 00:07:45 +0100: Memory Usage (477824K) : polyres_pin has 0 polygons
2026-03-29 00:07:45 +0100: Memory Usage (477952K) : vmim_drw has 1850 polygons
2026-03-29 00:07:45 +0100: Memory Usage (478080K) : nbulaycut_drw has 0 polygons
2026-03-29 00:07:45 +0100: Memory Usage (478080K) : antmetal1_drw has 0 polygons
2026-03-29 00:07:45 +0100: Memory Usage (478080K) : topvia2_drw has 0 polygons
2026-03-29 00:07:45 +0100: Memory Usage (478208K) : topmetal2_drw has 0 polygons
2026-03-29 00:07:45 +0100: Memory Usage (478208K) : topmetal2_pin has 0 polygons
2026-03-29 00:07:45 +0100: Memory Usage (478336K) : topmetal2_mask has 0 polygons
2026-03-29 00:07:45 +0100: Memory Usage (478336K) : topmetal2_filler has 0 polygons
2026-03-29 00:07:45 +0100: Memory Usage (478336K) : topmetal2_nofill has 0 polygons
2026-03-29 00:07:45 +0100: Memory Usage (478464K) : topmetal2_slit has 0 polygons
2026-03-29 00:07:45 +0100: Memory Usage (478464K) : topmetal2_text has 0 polygons
2026-03-29 00:07:45 +0100: Memory Usage (478592K) : topmetal2_noqrc has 0 polygons
2026-03-29 00:07:45 +0100: Memory Usage (478592K) : topmetal2_res has 0 polygons
2026-03-29 00:07:45 +0100: Memory Usage (478592K) : topmetal2_iprobe has 0 polygons
2026-03-29 00:07:45 +0100: Memory Usage (478592K) : topmetal2_diffprb has 0 polygons
2026-03-29 00:07:45 +0100: Memory Usage (478592K) : snsring_drw has 0 polygons
2026-03-29 00:07:45 +0100: Memory Usage (478720K) : sensor_drw has 0 polygons
2026-03-29 00:07:45 +0100: Memory Usage (478720K) : snsarms_drw has 0 polygons
2026-03-29 00:07:45 +0100: Memory Usage (478848K) : snscmosvia_drw has 0 polygons
2026-03-29 00:07:45 +0100: Memory Usage (478848K) : colwind_drw has 0 polygons
2026-03-29 00:07:45 +0100: Memory Usage (478848K) : flm_drw has 0 polygons
2026-03-29 00:07:45 +0100: Memory Usage (478976K) : hafniumox_drw has 0 polygons
2026-03-29 00:07:45 +0100: Memory Usage (478976K) : memvia_drw has 0 polygons
2026-03-29 00:07:45 +0100: Memory Usage (479104K) : thinfilmres_drw has 0 polygons
2026-03-29 00:07:45 +0100: Memory Usage (479104K) : rfmem_drw has 0 polygons
2026-03-29 00:07:45 +0100: Memory Usage (479232K) : norcx_drw has 0 polygons
2026-03-29 00:07:45 +0100: Memory Usage (479232K) : norcx_m2m3 has 0 polygons
2026-03-29 00:07:45 +0100: Memory Usage (479232K) : norcx_m2m4 has 0 polygons
2026-03-29 00:07:45 +0100: Memory Usage (479360K) : norcx_m2m5 has 0 polygons
2026-03-29 00:07:45 +0100: Memory Usage (479360K) : norcx_m2tm1 has 0 polygons
2026-03-29 00:07:45 +0100: Memory Usage (479488K) : norcx_m2tm2 has 0 polygons
2026-03-29 00:07:45 +0100: Memory Usage (479488K) : norcx_m3m4 has 0 polygons
2026-03-29 00:07:45 +0100: Memory Usage (479616K) : norcx_m3m5 has 0 polygons
2026-03-29 00:07:45 +0100: Memory Usage (479616K) : norcx_m3tm1 has 0 polygons
2026-03-29 00:07:45 +0100: Memory Usage (479744K) : norcx_m3tm2 has 0 polygons
2026-03-29 00:07:45 +0100: Memory Usage (479744K) : norcx_m4m5 has 0 polygons
2026-03-29 00:07:45 +0100: Memory Usage (479744K) : norcx_m4tm1 has 0 polygons
2026-03-29 00:07:45 +0100: Memory Usage (479744K) : norcx_m4tm2 has 0 polygons
2026-03-29 00:07:45 +0100: Memory Usage (479744K) : norcx_m5tm1 has 0 polygons
2026-03-29 00:07:45 +0100: Memory Usage (479744K) : norcx_m5tm2 has 0 polygons
2026-03-29 00:07:45 +0100: Memory Usage (479872K) : norcx_tm1tm2 has 0 polygons
2026-03-29 00:07:45 +0100: Memory Usage (479872K) : norcx_m1sub has 0 polygons
2026-03-29 00:07:45 +0100: Memory Usage (479872K) : norcx_m2sub has 0 polygons
2026-03-29 00:07:45 +0100: Memory Usage (479872K) : norcx_m3sub has 0 polygons
2026-03-29 00:07:45 +0100: Memory Usage (480000K) : norcx_m4sub has 0 polygons
2026-03-29 00:07:45 +0100: Memory Usage (480000K) : norcx_m5sub has 0 polygons
2026-03-29 00:07:45 +0100: Memory Usage (480000K) : norcx_tm1sub has 0 polygons
2026-03-29 00:07:45 +0100: Memory Usage (480128K) : norcx_tm2sub has 0 polygons
2026-03-29 00:07:45 +0100: Memory Usage (480128K) : snsbotvia_drw has 0 polygons
2026-03-29 00:07:45 +0100: Memory Usage (480128K) : snstopvia_drw has 0 polygons
2026-03-29 00:07:45 +0100: Memory Usage (480256K) : deepvia_drw has 0 polygons
2026-03-29 00:07:45 +0100: Memory Usage (480256K) : fgetch_drw has 0 polygons
2026-03-29 00:07:45 +0100: Memory Usage (480256K) : ctrgat_drw has 0 polygons
2026-03-29 00:07:45 +0100: Memory Usage (480256K) : fgimp_drw has 0 polygons
2026-03-29 00:07:45 +0100: Memory Usage (480384K) : emwihv_drw has 0 polygons
2026-03-29 00:07:45 +0100: Memory Usage (480384K) : lbe_drw has 0 polygons
2026-03-29 00:07:45 +0100: Memory Usage (480384K) : alcustop_drw has 0 polygons
2026-03-29 00:07:45 +0100: Memory Usage (480512K) : nometfiller_drw has 0 polygons
2026-03-29 00:07:45 +0100: Memory Usage (480512K) : prboundary_drw has 0 polygons
2026-03-29 00:07:45 +0100: Memory Usage (480512K) : exchange0_drw has 0 polygons
2026-03-29 00:07:45 +0100: Memory Usage (480512K) : exchange0_pin has 0 polygons
2026-03-29 00:07:45 +0100: Memory Usage (480640K) : exchange0_text has 0 polygons
2026-03-29 00:07:45 +0100: Memory Usage (480640K) : exchange1_drw has 0 polygons
2026-03-29 00:07:45 +0100: Memory Usage (480640K) : exchange1_pin has 0 polygons
2026-03-29 00:07:45 +0100: Memory Usage (480768K) : exchange1_text has 0 polygons
2026-03-29 00:07:45 +0100: Memory Usage (480768K) : exchange2_drw has 0 polygons
2026-03-29 00:07:45 +0100: Memory Usage (480768K) : exchange2_pin has 0 polygons
2026-03-29 00:07:45 +0100: Memory Usage (480896K) : exchange2_text has 0 polygons
2026-03-29 00:07:45 +0100: Memory Usage (480896K) : exchange3_drw has 0 polygons
2026-03-29 00:07:45 +0100: Memory Usage (480896K) : exchange3_pin has 0 polygons
2026-03-29 00:07:45 +0100: Memory Usage (481024K) : exchange3_text has 0 polygons
2026-03-29 00:07:45 +0100: Memory Usage (481024K) : exchange4_drw has 0 polygons
2026-03-29 00:07:45 +0100: Memory Usage (481152K) : exchange4_pin has 0 polygons
2026-03-29 00:07:45 +0100: Memory Usage (481152K) : exchange4_text has 0 polygons
2026-03-29 00:07:45 +0100: Memory Usage (481280K) : isonwell_drw has 0 polygons
2026-03-29 00:07:45 +0100: Memory Usage (481280K) : Total no. of polygons in the design is 30986
2026-03-29 00:07:45 +0100: Memory Usage (481280K) : Loaded TECH DRC rules values from /foss/pdks/ihp-sg13g2/libs.tech/klayout/python/sg13g2_pycell_lib/sg13g2_tech_mod.json
2026-03-29 00:07:45 +0100: Memory Usage (481280K) : Loaded default DRC rules values from /foss/pdks/ihp-sg13g2/libs.tech/klayout/tech/drc/rule_decks/sg13g2_tech_default.json
2026-03-29 00:07:45 +0100: Memory Usage (481280K) : The following rules values were missing in tech json and default values were used:
2026-03-29 00:07:45 +0100: Memory Usage (481280K) :   - Cnt_c_digibnd
2026-03-29 00:07:45 +0100: Memory Usage (482432K) : Total area of the design is 24147.0033 um^2.
2026-03-29 00:07:45 +0100: Memory Usage (482432K) : The design dimensions are 208.11 µm * 116.03 µm.
2026-03-29 00:07:45 +0100: Memory Usage (482432K) : Starting general IHP-SG13G2 derivations.
2026-03-29 00:07:45 +0100: Memory Usage (482432K) : Starting Pwell derivations
2026-03-29 00:07:45 +0100: Memory Usage (485376K) : Starting n-Activ derivations
2026-03-29 00:07:45 +0100: Memory Usage (486144K) : Starting p-Activ derivations
2026-03-29 00:07:45 +0100: Memory Usage (486144K) : Starting ptap derivations
2026-03-29 00:07:45 +0100: Memory Usage (486272K) : Starting ntap derivations
2026-03-29 00:07:45 +0100: Memory Usage (486272K) : Starting pact FET derivations
2026-03-29 00:07:45 +0100: Memory Usage (486400K) : Starting nact FET derivations
2026-03-29 00:07:45 +0100: Memory Usage (486400K) : Starting Gate derivations
2026-03-29 00:07:45 +0100: Memory Usage (486528K) : Starting cont/contbar general derivations
2026-03-29 00:07:45 +0100: Memory Usage (489344K) : Starting pad general derivations
2026-03-29 00:07:45 +0100: Memory Usage (489344K) : Starting IHP-SG13G2 DRC connectivity related derivations.
2026-03-29 00:07:45 +0100: Memory Usage (489344K) : Starting IHP-SG13G2 DRC connectivity setup
2026-03-29 00:07:45 +0100: Memory Usage (491392K) : Starting IHP-SG13G2 DRC rules.
2026-03-29 00:07:45 +0100: Memory Usage (491392K) : Running all FEOL rules
2026-03-29 00:07:45 +0100: Memory Usage (491392K) : Running all BEOL rules
2026-03-29 00:07:45 +0100: Memory Usage (491392K) : Running all PIN rules
2026-03-29 00:07:45 +0100: Memory Usage (491392K) : Running all FORBIDDEN rules
2026-03-29 00:07:45 +0100: Memory Usage (491392K) : Starting 5.1 NWell table
2026-03-29 00:07:45 +0100: Memory Usage (491392K) : Executing rule NW.b
2026-03-29 00:07:45 +0100: Memory Usage (492160K) : Executing rule NW.b1
2026-03-29 00:07:45 +0100: Memory Usage (492416K) : Starting 5.2 PWell:block
2026-03-29 00:07:45 +0100: Memory Usage (492416K) : Executing rule PWB.e
2026-03-29 00:07:45 +0100: Memory Usage (492544K) : Executing rule PWB.e1
2026-03-29 00:07:45 +0100: Memory Usage (492672K) : Executing rule PWB.f
2026-03-29 00:07:46 +0100: Memory Usage (492800K) : Executing rule PWB.f1
2026-03-29 00:07:46 +0100: Memory Usage (493440K) : Starting 5.3 nBuLay table
2026-03-29 00:07:46 +0100: Memory Usage (493568K) : Executing rule NBL.b
2026-03-29 00:07:46 +0100: Memory Usage (493568K) : Executing rule NBL.c
2026-03-29 00:07:46 +0100: Memory Usage (493568K) : Executing rule NBL.d
2026-03-29 00:07:46 +0100: Memory Usage (493568K) : Executing rule NBL.e
2026-03-29 00:07:46 +0100: Memory Usage (493568K) : Executing rule NBL.f
2026-03-29 00:07:46 +0100: Memory Usage (493568K) : Starting 5.5. Activ table
2026-03-29 00:07:46 +0100: Memory Usage (493568K) : Executing rule Act.a
2026-03-29 00:07:46 +0100: Memory Usage (493568K) : Executing rule Act.b
2026-03-29 00:07:46 +0100: Memory Usage (493824K) : Starting 5.6 Activ:filler table
2026-03-29 00:07:46 +0100: Memory Usage (493824K) : Executing rule AFil.c1
2026-03-29 00:07:46 +0100: Memory Usage (493824K) : Executing rule AFil.c
2026-03-29 00:07:46 +0100: Memory Usage (493824K) : Executing rule AFil.d
2026-03-29 00:07:46 +0100: Memory Usage (493824K) : Executing rule AFil.e
2026-03-29 00:07:46 +0100: Memory Usage (493824K) : Executing rule AFil.j
2026-03-29 00:07:46 +0100: Memory Usage (493824K) : Starting 5.7. ThickGateOx table
2026-03-29 00:07:46 +0100: Memory Usage (493824K) : Executing rule TGO.f
2026-03-29 00:07:46 +0100: Memory Usage (493824K) : Starting 5.8. GatPoly table
2026-03-29 00:07:46 +0100: Memory Usage (493824K) : Executing rule Gat.a
2026-03-29 00:07:46 +0100: Memory Usage (493824K) : Executing rule Gat.b
2026-03-29 00:07:46 +0100: Memory Usage (493824K) : Executing rule Gat.d
2026-03-29 00:07:46 +0100: Memory Usage (493824K) : Executing rule Gat.a1
2026-03-29 00:07:46 +0100: Memory Usage (493952K) : Executing rule Gat.a2
2026-03-29 00:07:46 +0100: Memory Usage (493952K) : Executing rule Gat.g
2026-03-29 00:07:46 +0100: Memory Usage (493952K) : Starting 5.9 GatPoly:filler
2026-03-29 00:07:46 +0100: Memory Usage (493952K) : Executing rule GFil.d
2026-03-29 00:07:46 +0100: Memory Usage (493952K) : Executing rule GFil.e
2026-03-29 00:07:46 +0100: Memory Usage (493952K) : Executing rule GFil.i
2026-03-29 00:07:46 +0100: Memory Usage (493952K) : Starting 5.10 pSD table
2026-03-29 00:07:46 +0100: Memory Usage (493952K) : Executing rule pSD.c1
2026-03-29 00:07:46 +0100: Memory Usage (493952K) : Starting 5.14. Cont table
2026-03-29 00:07:46 +0100: Memory Usage (493952K) : Executing rule Cnt.a
2026-03-29 00:07:46 +0100: Memory Usage (493952K) : Executing rule Cnt.b
2026-03-29 00:07:46 +0100: Memory Usage (494080K) : Executing rule Cnt.c
2026-03-29 00:07:46 +0100: Memory Usage (494080K) : Executing rule Cnt.c
2026-03-29 00:07:46 +0100: Memory Usage (494080K) : Executing rule Cnt.d
2026-03-29 00:07:46 +0100: Memory Usage (494080K) : Executing rule Cnt.e
2026-03-29 00:07:46 +0100: Memory Usage (494080K) : Executing rule Cnt.g1
2026-03-29 00:07:46 +0100: Memory Usage (494208K) : Executing rule Cnt.g2
2026-03-29 00:07:46 +0100: Memory Usage (494208K) : Starting 5.15. ContBar table
2026-03-29 00:07:46 +0100: Memory Usage (494208K) : Executing rule CntB.b1
2026-03-29 00:07:46 +0100: Memory Usage (494208K) : Executing rule CntB.h1
2026-03-29 00:07:46 +0100: Memory Usage (494208K) : Starting 6.1.3 NPN Substrate-Tie table
2026-03-29 00:07:46 +0100: Memory Usage (494208K) : Executing rule npn13G2.bR 
2026-03-29 00:07:46 +0100: Memory Usage (494208K) : Executing rule npn13G2L.cR 
2026-03-29 00:07:46 +0100: Memory Usage (494208K) : Executing rule npn13G2V.cR 
2026-03-29 00:07:46 +0100: Memory Usage (494208K) : Starting 6.7 Schottky diode table
2026-03-29 00:07:46 +0100: Memory Usage (494208K) : Executing rule Sdiod.d
2026-03-29 00:07:46 +0100: Memory Usage (494208K) : Executing rule Sdiod.e
2026-03-29 00:07:46 +0100: Memory Usage (494208K) : Starting 7.2 Latch-up table
2026-03-29 00:07:46 +0100: Memory Usage (494208K) : Executing rule LU.b
2026-03-29 00:07:46 +0100: Memory Usage (494208K) : Starting 5.16. Metal1 table
2026-03-29 00:07:46 +0100: Memory Usage (494208K) : Executing rule M1.a
2026-03-29 00:07:46 +0100: Memory Usage (494208K) : Executing rule M1.b
2026-03-29 00:07:46 +0100: Memory Usage (494720K) : Executing rule M1.e
2026-03-29 00:07:46 +0100: Memory Usage (494720K) : Executing rule M1.f
2026-03-29 00:07:46 +0100: Memory Usage (494720K) : Executing rule M1.g
2026-03-29 00:07:46 +0100: Memory Usage (494720K) : Executing rule M1.i
2026-03-29 00:07:46 +0100: Memory Usage (494720K) : Starting 5.17 Metaln table
2026-03-29 00:07:46 +0100: Memory Usage (494720K) : Executing rule M2.a
2026-03-29 00:07:46 +0100: Memory Usage (494720K) : Executing rule M2.b
2026-03-29 00:07:46 +0100: Memory Usage (494720K) : Executing rule M2.e
2026-03-29 00:07:46 +0100: Memory Usage (494720K) : Executing rule M2.f
2026-03-29 00:07:46 +0100: Memory Usage (494720K) : Executing rule M2.g
2026-03-29 00:07:46 +0100: Memory Usage (494720K) : Executing rule M2.i
2026-03-29 00:07:46 +0100: Memory Usage (494720K) : Executing rule M3.a
2026-03-29 00:07:46 +0100: Memory Usage (494720K) : Executing rule M3.b
2026-03-29 00:07:46 +0100: Memory Usage (494720K) : Executing rule M3.e
2026-03-29 00:07:46 +0100: Memory Usage (494720K) : Executing rule M3.f
2026-03-29 00:07:46 +0100: Memory Usage (494720K) : Executing rule M3.g
2026-03-29 00:07:46 +0100: Memory Usage (494720K) : Executing rule M3.i
2026-03-29 00:07:46 +0100: Memory Usage (494720K) : Executing rule M4.a
2026-03-29 00:07:46 +0100: Memory Usage (494720K) : Executing rule M4.b
2026-03-29 00:07:46 +0100: Memory Usage (494720K) : Executing rule M4.e
2026-03-29 00:07:46 +0100: Memory Usage (494720K) : Executing rule M4.f
2026-03-29 00:07:46 +0100: Memory Usage (494720K) : Executing rule M4.g
2026-03-29 00:07:46 +0100: Memory Usage (494720K) : Executing rule M4.i
2026-03-29 00:07:46 +0100: Memory Usage (494720K) : Executing rule M5.a
2026-03-29 00:07:46 +0100: Memory Usage (494720K) : Executing rule M5.b
2026-03-29 00:07:46 +0100: Memory Usage (494720K) : Executing rule M5.e
2026-03-29 00:07:46 +0100: Memory Usage (494720K) : Executing rule M5.f
2026-03-29 00:07:46 +0100: Memory Usage (494720K) : Executing rule M5.g
2026-03-29 00:07:46 +0100: Memory Usage (494720K) : Executing rule M5.i
2026-03-29 00:07:46 +0100: Memory Usage (494720K) : Starting 5.18 Metaln:filler table
2026-03-29 00:07:46 +0100: Memory Usage (494720K) : Executing rule M1Fil.c
2026-03-29 00:07:46 +0100: Memory Usage (494720K) : Executing rule M1Fil.a2
2026-03-29 00:07:46 +0100: Memory Usage (494720K) : Executing rule M2Fil.c
2026-03-29 00:07:46 +0100: Memory Usage (494720K) : Executing rule M2Fil.a2
2026-03-29 00:07:46 +0100: Memory Usage (494720K) : Executing rule M3Fil.c
2026-03-29 00:07:46 +0100: Memory Usage (494720K) : Executing rule M3Fil.a2
2026-03-29 00:07:46 +0100: Memory Usage (494720K) : Executing rule M4Fil.c
2026-03-29 00:07:46 +0100: Memory Usage (494720K) : Executing rule M4Fil.a2
2026-03-29 00:07:46 +0100: Memory Usage (494720K) : Executing rule M5Fil.c
2026-03-29 00:07:46 +0100: Memory Usage (494720K) : Executing rule M5Fil.a2
2026-03-29 00:07:46 +0100: Memory Usage (494720K) : Starting 5.19. Via1 table
2026-03-29 00:07:46 +0100: Memory Usage (494720K) : Starting 5.19. Via1 table derivations
2026-03-29 00:07:46 +0100: Memory Usage (494720K) : Executing rule V1.a
2026-03-29 00:07:46 +0100: Memory Usage (494720K) : Executing rule V1.b
2026-03-29 00:07:46 +0100: Memory Usage (494720K) : Executing rule V1.c
2026-03-29 00:07:46 +0100: Memory Usage (494720K) : Starting 5.20. Vian table
2026-03-29 00:07:46 +0100: Memory Usage (494720K) : Executing rule V2.a
2026-03-29 00:07:46 +0100: Memory Usage (494720K) : Executing rule V2.b
2026-03-29 00:07:46 +0100: Memory Usage (494720K) : Executing rule V2.c
2026-03-29 00:07:46 +0100: Memory Usage (494720K) : Executing rule V3.a
2026-03-29 00:07:46 +0100: Memory Usage (494720K) : Executing rule V3.b
2026-03-29 00:07:46 +0100: Memory Usage (494720K) : Executing rule V3.c
2026-03-29 00:07:46 +0100: Memory Usage (494720K) : Executing rule V4.a
2026-03-29 00:07:46 +0100: Memory Usage (494720K) : Executing rule V4.b
2026-03-29 00:07:46 +0100: Memory Usage (494720K) : Executing rule V4.c
2026-03-29 00:07:46 +0100: Memory Usage (494720K) : Starting 5.21. TopVia1 table
2026-03-29 00:07:46 +0100: Memory Usage (494720K) : Executing rule TV1.a
2026-03-29 00:07:46 +0100: Memory Usage (494720K) : Executing rule TV1.b
2026-03-29 00:07:46 +0100: Memory Usage (494720K) : Executing rule TV1.c
2026-03-29 00:07:46 +0100: Memory Usage (494720K) : Executing rule TV1.d
2026-03-29 00:07:46 +0100: Memory Usage (494720K) : Starting 5.22. TopMetal1 table
2026-03-29 00:07:46 +0100: Memory Usage (494720K) : Executing rule TM1.a
2026-03-29 00:07:46 +0100: Memory Usage (494720K) : Executing rule TM1.b
2026-03-29 00:07:46 +0100: Memory Usage (494720K) : Starting 5.23 TopMetal1:filler table
2026-03-29 00:07:46 +0100: Memory Usage (494720K) : Executing rule TM1Fil.c
2026-03-29 00:07:46 +0100: Memory Usage (494720K) : Executing rule TM1Fil.a1
2026-03-29 00:07:46 +0100: Memory Usage (494720K) : Starting 5.24. TopVia2 table
2026-03-29 00:07:46 +0100: Memory Usage (494720K) : Executing rule TV2.a
2026-03-29 00:07:46 +0100: Memory Usage (494720K) : Executing rule TV2.b
2026-03-29 00:07:46 +0100: Memory Usage (494720K) : Executing rule TV2.c
2026-03-29 00:07:46 +0100: Memory Usage (494720K) : Executing rule TV2.d
2026-03-29 00:07:46 +0100: Memory Usage (494720K) : Starting 5.25. TopMetal2 table
2026-03-29 00:07:46 +0100: Memory Usage (494720K) : Executing rule TM2.a
2026-03-29 00:07:46 +0100: Memory Usage (494720K) : Executing rule TM2.b
2026-03-29 00:07:46 +0100: Memory Usage (494720K) : Executing rule TM2.bR
2026-03-29 00:07:46 +0100: Memory Usage (494720K) : Starting 5.26 TopMetal2:filler table
2026-03-29 00:07:46 +0100: Memory Usage (494720K) : Executing rule TM2Fil.c
2026-03-29 00:07:46 +0100: Memory Usage (494720K) : Executing rule TM2Fil.a1
2026-03-29 00:07:46 +0100: Memory Usage (494720K) : Starting 5.27. Passiv table
2026-03-29 00:07:46 +0100: Memory Usage (494720K) : Executing rule Pas.a
2026-03-29 00:07:46 +0100: Memory Usage (494720K) : Executing rule Pas.b
2026-03-29 00:07:46 +0100: Memory Usage (494720K) : Executing rule Pas.c
2026-03-29 00:07:46 +0100: Memory Usage (494720K) : Starting 6.9.2 Copper Pillar table
2026-03-29 00:07:46 +0100: Memory Usage (494720K) : Executing rule Padc.a
2026-03-29 00:07:46 +0100: Memory Usage (494720K) : Executing rule Padc.b
2026-03-29 00:07:46 +0100: Memory Usage (494720K) : Executing rule Padc.c
2026-03-29 00:07:46 +0100: Memory Usage (494720K) : Executing rule Padb.f
2026-03-29 00:07:46 +0100: Memory Usage (494720K) : Starting 6.9 Pad table
2026-03-29 00:07:46 +0100: Memory Usage (494720K) : Executing rule Pad.m
2026-03-29 00:07:46 +0100: Memory Usage (494720K) : Executing rule Pad.fR_M1
2026-03-29 00:07:46 +0100: Memory Usage (494720K) : Executing rule Pad.fR_M2
2026-03-29 00:07:46 +0100: Memory Usage (494720K) : Executing rule Pad.fR_M3
2026-03-29 00:07:46 +0100: Memory Usage (494720K) : Executing rule Pad.fR_M4
2026-03-29 00:07:46 +0100: Memory Usage (494720K) : Executing rule Pad.fR_M5
2026-03-29 00:07:46 +0100: Memory Usage (494720K) : Executing rule Pad.fR_TM1
2026-03-29 00:07:46 +0100: Memory Usage (494720K) : Executing rule Pad.fR_TM2
2026-03-29 00:07:46 +0100: Memory Usage (494720K) : Executing rule Pad.i
2026-03-29 00:07:46 +0100: Memory Usage (494720K) : Starting 6.9.1 Solder Bump
2026-03-29 00:07:46 +0100: Memory Usage (494720K) : Executing rule Padb.a
2026-03-29 00:07:46 +0100: Memory Usage (494720K) : Executing rule Padb.b
2026-03-29 00:07:46 +0100: Memory Usage (494720K) : Executing rule Padb.c
2026-03-29 00:07:46 +0100: Memory Usage (494720K) : Executing rule Padb.f
2026-03-29 00:07:46 +0100: Memory Usage (494720K) : Executing rule Padb.d
2026-03-29 00:07:46 +0100: Memory Usage (494720K) : Starting 6.10 Sealring table
2026-03-29 00:07:46 +0100: Memory Usage (494720K) : Executing rule Seal.l
2026-03-29 00:07:46 +0100: Memory Usage (494720K) : Executing rule Seal.n
2026-03-29 00:07:46 +0100: Memory Usage (494720K) : Executing rule seal.b_metal1
2026-03-29 00:07:46 +0100: Memory Usage (494720K) : Executing rule seal.b_metal2
2026-03-29 00:07:46 +0100: Memory Usage (494720K) : Executing rule seal.b_metal3
2026-03-29 00:07:46 +0100: Memory Usage (494720K) : Executing rule seal.b_metal4
2026-03-29 00:07:46 +0100: Memory Usage (494720K) : Executing rule seal.b_metal5
2026-03-29 00:07:46 +0100: Memory Usage (494720K) : Executing rule seal.b_topmetal1
2026-03-29 00:07:46 +0100: Memory Usage (494720K) : Executing rule seal.b_topmetal2
2026-03-29 00:07:46 +0100: Memory Usage (494720K) : Executing rule seal.b_activ
2026-03-29 00:07:46 +0100: Memory Usage (494720K) : Executing rule seal.b_psd
2026-03-29 00:07:46 +0100: Memory Usage (494720K) : Executing rule Seal.k
2026-03-29 00:07:46 +0100: Memory Usage (494720K) : Executing rule Seal.m
2026-03-29 00:07:46 +0100: Memory Usage (494720K) : Starting 6.11 MIM table
2026-03-29 00:07:46 +0100: Memory Usage (494720K) : Executing rule MIM.c
2026-03-29 00:07:46 +0100: Memory Usage (494720K) : Executing rule MIM.d
2026-03-29 00:07:46 +0100: Memory Usage (494720K) : Executing rule MIM.gR
2026-03-29 00:07:46 +0100: Memory Usage (494720K) : Starting 7.3 Metal Slits table
2026-03-29 00:07:46 +0100: Memory Usage (494720K) : Executing rule Slt.e1_M1
2026-03-29 00:07:46 +0100: Memory Usage (494720K) : Executing rule Slt.e1_M2
2026-03-29 00:07:46 +0100: Memory Usage (494720K) : Executing rule Slt.e1_M3
2026-03-29 00:07:46 +0100: Memory Usage (494720K) : Executing rule Slt.e1_M4
2026-03-29 00:07:46 +0100: Memory Usage (494720K) : Executing rule Slt.e1_M5
2026-03-29 00:07:46 +0100: Memory Usage (494720K) : Executing rule Slt.e1_TM1
2026-03-29 00:07:46 +0100: Memory Usage (494720K) : Executing rule Slt.e1_TM2
2026-03-29 00:07:46 +0100: Memory Usage (494720K) : Starting 9.1. LBE table
2026-03-29 00:07:46 +0100: Memory Usage (494720K) : Executing rule LBE.a
2026-03-29 00:07:46 +0100: Memory Usage (494720K) : Executing rule LBE.b
2026-03-29 00:07:46 +0100: Memory Usage (494720K) : Executing rule LBE.b1
2026-03-29 00:07:46 +0100: Memory Usage (494720K) : Executing rule LBE.c
2026-03-29 00:07:46 +0100: Memory Usage (494720K) : Executing rule LBE.d
2026-03-29 00:07:46 +0100: Memory Usage (494720K) : Executing rule LBE.h
2026-03-29 00:07:46 +0100: Memory Usage (494720K) : Starting 7.4. PIN table
2026-03-29 00:07:46 +0100: Memory Usage (494720K) : Executing rule Pin.a
2026-03-29 00:07:46 +0100: Memory Usage (494720K) : Executing rule Pin.b
2026-03-29 00:07:46 +0100: Memory Usage (494720K) : Executing rule Pin.e
2026-03-29 00:07:46 +0100: Memory Usage (494720K) : Executing rule Pin.f_M2
2026-03-29 00:07:46 +0100: Memory Usage (494720K) : Executing rule Pin.f_M3
2026-03-29 00:07:46 +0100: Memory Usage (494720K) : Executing rule Pin.f_M4
2026-03-29 00:07:46 +0100: Memory Usage (494720K) : Executing rule Pin.f_M5
2026-03-29 00:07:46 +0100: Memory Usage (494720K) : Executing rule Pin.g
2026-03-29 00:07:46 +0100: Memory Usage (494720K) : Executing rule Pin.h
2026-03-29 00:07:46 +0100: Memory Usage (494720K) : Starting 3.2. FORBIDDEN table
2026-03-29 00:07:46 +0100: Memory Usage (494720K) : Executing rule forbidden.biwind
2026-03-29 00:07:46 +0100: Memory Usage (494720K) : Executing rule forbidden.pemwind
2026-03-29 00:07:46 +0100: Memory Usage (494720K) : Executing rule forbidden.baspoly
2026-03-29 00:07:46 +0100: Memory Usage (494720K) : Executing rule forbidden.deepco
2026-03-29 00:07:46 +0100: Memory Usage (494720K) : Executing rule forbidden.pempoly
2026-03-29 00:07:46 +0100: Memory Usage (494720K) : Executing rule forbidden.empoly
2026-03-29 00:07:46 +0100: Memory Usage (494720K) : Executing rule forbidden.ldmos
2026-03-29 00:07:46 +0100: Memory Usage (494720K) : Executing rule forbidden.pbiwind
2026-03-29 00:07:46 +0100: Memory Usage (494720K) : Executing rule forbidden.nodrc
2026-03-29 00:07:46 +0100: Memory Usage (494720K) : Executing rule forbidden.flash
2026-03-29 00:07:46 +0100: Memory Usage (494720K) : Executing rule forbidden.colwind
2026-03-29 00:07:46 +0100: Memory Usage (494720K) : KLayout DRC run for tables 'main' completed in 1.38 seconds
